Started by user unknown or anonymous
ln builds/lastSuccessfulBuild /var/jenkins_home/jobs/spring-petclinic-microservices-end-to-end-tests/lastSuccessful failed
java.nio.file.DirectoryNotEmptyException: /var/jenkins_home/jobs/spring-petclinic-microservices-end-to-end-tests/lastSuccessful
	at sun.nio.fs.UnixFileSystemProvider.implDelete(UnixFileSystemProvider.java:242)
	at sun.nio.fs.AbstractFileSystemProvider.deleteIfExists(AbstractFileSystemProvider.java:108)
	at java.nio.file.Files.deleteIfExists(Files.java:1165)
	at hudson.Util.createSymlink(Util.java:1351)
	at hudson.model.Run.createSymlink(Run.java:1958)
	at hudson.model.Run.updateSymlinks(Run.java:1939)
	at hudson.model.Run.execute(Run.java:1817)
	at hudson.model.FreeStyleBuild.run(FreeStyleBuild.java:43)
	at hudson.model.ResourceController.execute(ResourceController.java:97)
	at hudson.model.Executor.run(Executor.java:429)
ln builds/lastStableBuild /var/jenkins_home/jobs/spring-petclinic-microservices-end-to-end-tests/lastStable failed
java.nio.file.DirectoryNotEmptyException: /var/jenkins_home/jobs/spring-petclinic-microservices-end-to-end-tests/lastStable
	at sun.nio.fs.UnixFileSystemProvider.implDelete(UnixFileSystemProvider.java:242)
	at sun.nio.fs.AbstractFileSystemProvider.deleteIfExists(AbstractFileSystemProvider.java:108)
	at java.nio.file.Files.deleteIfExists(Files.java:1165)
	at hudson.Util.createSymlink(Util.java:1351)
	at hudson.model.Run.createSymlink(Run.java:1958)
	at hudson.model.Run.updateSymlinks(Run.java:1940)
	at hudson.model.Run.execute(Run.java:1817)
	at hudson.model.FreeStyleBuild.run(FreeStyleBuild.java:43)
	at hudson.model.ResourceController.execute(ResourceController.java:97)
	at hudson.model.Executor.run(Executor.java:429)
Building in workspace /var/jenkins_home/jobs/spring-petclinic-microservices-end-to-end-tests/workspace
 > git rev-parse --is-inside-work-tree # timeout=10
Fetching changes from the remote Git repository
 > git config remote.origin.url https://github.com/sten711/spring-petclinic-microservices # timeout=10
Fetching upstream changes from https://github.com/sten711/spring-petclinic-microservices
 > git --version # timeout=10
 > git fetch --tags --progress https://github.com/sten711/spring-petclinic-microservices +refs/heads/*:refs/remotes/origin/*
 > git rev-parse origin/master^{commit} # timeout=10
Checking out Revision a1fd7a3da612abf03af80a6a61370452f903f4f7 (origin/master)
 > git config core.sparsecheckout # timeout=10
 > git checkout -f a1fd7a3da612abf03af80a6a61370452f903f4f7
Commit message: "PET-37 #Fix specialty not saved"
 > git rev-list --no-walk a1fd7a3da612abf03af80a6a61370452f903f4f7 # timeout=10
Build environment variables will be made available to the next build: QREBEL_AUTH_TOKEN=ae487773-386b-4508-8f1d-cac79497ed60:APP_VERSION=2.0.7:APP_BUILD=2.0.7RC15
[workspace] $ mvn clean install -PbuildDocker
[INFO] Scanning for projects...
[INFO] ------------------------------------------------------------------------
[INFO] Reactor Build Order:
[INFO] 
[INFO] spring-petclinic-microservices
[INFO] spring-petclinic-admin-server
[INFO] spring-petclinic-customers-service
[INFO] spring-petclinic-vets-service
[INFO] spring-petclinic-visits-service
[INFO] spring-petclinic-config-server
[INFO] spring-petclinic-discovery-server
[INFO] spring-petclinic-api-gateway
[INFO]                                                                         
[INFO] ------------------------------------------------------------------------
[INFO] Building spring-petclinic-microservices 2.0.5
[INFO] ------------------------------------------------------------------------
[INFO] 
[8mha:////4LY9qAbl0+xaq4stsC31wXaa51IICuI8DGD7yd5+vXM8AAAAYB+LCAAAAAAAAP9b85aBtbiIQSmjNKU4P0+vJLE4u1gvPjexLDVPzxdEGvvmZ+X75ZekLlOVfvTjc8FPJgaGiiIGKaiG5Py84vycVD1nCA1SyAABjCCFBQCV27OjYAAAAA==[0m[INFO] --- maven-clean-plugin:3.0.0:clean (default-clean) @ spring-petclinic-microservices ---
[INFO] 
[8mha:////4LY9qAbl0+xaq4stsC31wXaa51IICuI8DGD7yd5+vXM8AAAAYB+LCAAAAAAAAP9b85aBtbiIQSmjNKU4P0+vJLE4u1gvPjexLDVPzxdEGvvmZ+X75ZekLlOVfvTjc8FPJgaGiiIGKaiG5Py84vycVD1nCA1SyAABjCCFBQCV27OjYAAAAA==[0m[INFO] --- maven-install-plugin:2.5.2:install (default-install) @ spring-petclinic-microservices ---
[INFO] Installing /var/jenkins_home/jobs/spring-petclinic-microservices-end-to-end-tests/workspace/pom.xml to /var/jenkins_home/.m2/repository/org/springframework/samples/spring-petclinic-microservices/2.0.5/spring-petclinic-microservices-2.0.5.pom
[INFO]                                                                         
[INFO] ------------------------------------------------------------------------
[INFO] Building spring-petclinic-admin-server 2.0.5
[INFO] ------------------------------------------------------------------------
[INFO] 
[8mha:////4LY9qAbl0+xaq4stsC31wXaa51IICuI8DGD7yd5+vXM8AAAAYB+LCAAAAAAAAP9b85aBtbiIQSmjNKU4P0+vJLE4u1gvPjexLDVPzxdEGvvmZ+X75ZekLlOVfvTjc8FPJgaGiiIGKaiG5Py84vycVD1nCA1SyAABjCCFBQCV27OjYAAAAA==[0m[INFO] --- maven-clean-plugin:3.0.0:clean (default-clean) @ spring-petclinic-admin-server ---
[INFO] Deleting /var/jenkins_home/jobs/spring-petclinic-microservices-end-to-end-tests/workspace/spring-petclinic-admin-server/target
[INFO] 
[8mha:////4LY9qAbl0+xaq4stsC31wXaa51IICuI8DGD7yd5+vXM8AAAAYB+LCAAAAAAAAP9b85aBtbiIQSmjNKU4P0+vJLE4u1gvPjexLDVPzxdEGvvmZ+X75ZekLlOVfvTjc8FPJgaGiiIGKaiG5Py84vycVD1nCA1SyAABjCCFBQCV27OjYAAAAA==[0m[INFO] --- git-commit-id-plugin:2.2.5:revision (default) @ spring-petclinic-admin-server ---
[INFO] dotGitDirectory /var/jenkins_home/jobs/spring-petclinic-microservices-end-to-end-tests/workspace/.git
[INFO] git.build.user.name 
[INFO] git.build.user.email 
[INFO] Using environment variable based branch name. GIT_BRANCH = origin/master
[INFO] git.branch origin/master
[INFO] --always = true
[INFO] --dirty = -dirty
[INFO] --abbrev = 7
[INFO] Tag refs [[Ref[refs/tags/v1.5.9=387f824fd9f4ce6e1693b43eec9fc35867fc9f3e], Ref[refs/tags/v2.0.3=8fa041c08ec96e3079c0df4006b537f8c0b3ad85]]]
[INFO] Created map: [{}]
[INFO] evalCommit is [a1fd7a3da612abf03af80a6a61370452f903f4f7]
[INFO] git.commit.id.describe a1fd7a3
[INFO] git.commit.id a1fd7a3da612abf03af80a6a61370452f903f4f7
[INFO] git.commit.id.abbrev a1fd7a3
[INFO] git.dirty false
[INFO] git.commit.user.name Sten
[INFO] git.commit.user.email sten@Stens-MacBook.local
[INFO] git.commit.message.full PET-37 #Fix specialty not saved
[INFO] git.commit.message.short PET-37 #Fix specialty not saved
[INFO] git.commit.time 2018-12-07T17:04:53+0000
[INFO] git.remote.origin.url https://github.com/sten711/spring-petclinic-microservices
[INFO] git.tags 
[INFO] evalCommit is [a1fd7a3da612abf03af80a6a61370452f903f4f7]
[INFO] Tag refs [[Ref[refs/tags/v1.5.9=387f824fd9f4ce6e1693b43eec9fc35867fc9f3e], Ref[refs/tags/v2.0.3=8fa041c08ec96e3079c0df4006b537f8c0b3ad85]]]
[INFO] Created map: [{}]
[INFO] git.closest.tag.name 
[INFO] evalCommit is [a1fd7a3da612abf03af80a6a61370452f903f4f7]
[INFO] Tag refs [[Ref[refs/tags/v1.5.9=387f824fd9f4ce6e1693b43eec9fc35867fc9f3e], Ref[refs/tags/v2.0.3=8fa041c08ec96e3079c0df4006b537f8c0b3ad85]]]
[INFO] Created map: [{}]
[INFO] git.closest.tag.commit.count 
[INFO] git.total.commit.count 634
[INFO] git.build.time 2018-12-08T20:43:02+0000
[INFO] git.build.version 2.0.5
[INFO] git.build.host 7328c9c8bcb8
[INFO] git.build.number 85
[INFO] git.commit.id.describe-short a1fd7a3
[INFO] found property git.build.user.email
[INFO] found property git.build.host
[INFO] found property git.dirty
[INFO] found property git.remote.origin.url
[INFO] found property git.closest.tag.name
[INFO] found property git.total.commit.count
[INFO] found property git.commit.id.describe-short
[INFO] found property git.commit.user.email
[INFO] found property git.commit.time
[INFO] found property git.commit.message.full
[INFO] found property git.build.version
[INFO] found property git.commit.message.short
[INFO] found property git.commit.id.abbrev
[INFO] found property git.branch
[INFO] found property git.build.user.name
[INFO] found property git.build.number
[INFO] found property git.closest.tag.commit.count
[INFO] found property git.commit.id.describe
[INFO] found property git.commit.id
[INFO] found property git.tags
[INFO] found property git.build.time
[INFO] found property git.commit.user.name
[INFO] Writing properties file to [/var/jenkins_home/jobs/spring-petclinic-microservices-end-to-end-tests/workspace/spring-petclinic-admin-server/target/classes/git.properties] (for module spring-petclinic-admin-server)...
[INFO] 
[8mha:////4LY9qAbl0+xaq4stsC31wXaa51IICuI8DGD7yd5+vXM8AAAAYB+LCAAAAAAAAP9b85aBtbiIQSmjNKU4P0+vJLE4u1gvPjexLDVPzxdEGvvmZ+X75ZekLlOVfvTjc8FPJgaGiiIGKaiG5Py84vycVD1nCA1SyAABjCCFBQCV27OjYAAAAA==[0m[INFO] --- spring-boot-maven-plugin:2.0.5.RELEASE:build-info (default) @ spring-petclinic-admin-server ---
[INFO] 
[8mha:////4LY9qAbl0+xaq4stsC31wXaa51IICuI8DGD7yd5+vXM8AAAAYB+LCAAAAAAAAP9b85aBtbiIQSmjNKU4P0+vJLE4u1gvPjexLDVPzxdEGvvmZ+X75ZekLlOVfvTjc8FPJgaGiiIGKaiG5Py84vycVD1nCA1SyAABjCCFBQCV27OjYAAAAA==[0m[INFO] --- maven-resources-plugin:3.0.2:resources (default-resources) @ spring-petclinic-admin-server ---
[INFO] Using 'UTF-8' encoding to copy filtered resources.
[INFO] Copying 0 resource
[INFO] Copying 2 resources
[INFO] 
[8mha:////4LY9qAbl0+xaq4stsC31wXaa51IICuI8DGD7yd5+vXM8AAAAYB+LCAAAAAAAAP9b85aBtbiIQSmjNKU4P0+vJLE4u1gvPjexLDVPzxdEGvvmZ+X75ZekLlOVfvTjc8FPJgaGiiIGKaiG5Py84vycVD1nCA1SyAABjCCFBQCV27OjYAAAAA==[0m[INFO] --- maven-compiler-plugin:3.7.0:compile (default-compile) @ spring-petclinic-admin-server ---
[INFO] Changes detected - recompiling the module!
[INFO] Compiling 1 source file to /var/jenkins_home/jobs/spring-petclinic-microservices-end-to-end-tests/workspace/spring-petclinic-admin-server/target/classes
[INFO] 
[8mha:////4LY9qAbl0+xaq4stsC31wXaa51IICuI8DGD7yd5+vXM8AAAAYB+LCAAAAAAAAP9b85aBtbiIQSmjNKU4P0+vJLE4u1gvPjexLDVPzxdEGvvmZ+X75ZekLlOVfvTjc8FPJgaGiiIGKaiG5Py84vycVD1nCA1SyAABjCCFBQCV27OjYAAAAA==[0m[INFO] --- maven-resources-plugin:3.0.2:testResources (default-testResources) @ spring-petclinic-admin-server ---
[INFO] Not copying test resources
[INFO] 
[8mha:////4LY9qAbl0+xaq4stsC31wXaa51IICuI8DGD7yd5+vXM8AAAAYB+LCAAAAAAAAP9b85aBtbiIQSmjNKU4P0+vJLE4u1gvPjexLDVPzxdEGvvmZ+X75ZekLlOVfvTjc8FPJgaGiiIGKaiG5Py84vycVD1nCA1SyAABjCCFBQCV27OjYAAAAA==[0m[INFO] --- maven-compiler-plugin:3.7.0:testCompile (default-testCompile) @ spring-petclinic-admin-server ---
[INFO] Not compiling test sources
[INFO] 
[8mha:////4LY9qAbl0+xaq4stsC31wXaa51IICuI8DGD7yd5+vXM8AAAAYB+LCAAAAAAAAP9b85aBtbiIQSmjNKU4P0+vJLE4u1gvPjexLDVPzxdEGvvmZ+X75ZekLlOVfvTjc8FPJgaGiiIGKaiG5Py84vycVD1nCA1SyAABjCCFBQCV27OjYAAAAA==[0m[INFO] --- maven-surefire-plugin:2.22.0:test (default-test) @ spring-petclinic-admin-server ---
[INFO] Tests are skipped.
[INFO] 
[8mha:////4LY9qAbl0+xaq4stsC31wXaa51IICuI8DGD7yd5+vXM8AAAAYB+LCAAAAAAAAP9b85aBtbiIQSmjNKU4P0+vJLE4u1gvPjexLDVPzxdEGvvmZ+X75ZekLlOVfvTjc8FPJgaGiiIGKaiG5Py84vycVD1nCA1SyAABjCCFBQCV27OjYAAAAA==[0m[INFO] --- maven-jar-plugin:3.0.2:jar (default-jar) @ spring-petclinic-admin-server ---
[INFO] Building jar: /var/jenkins_home/jobs/spring-petclinic-microservices-end-to-end-tests/workspace/spring-petclinic-admin-server/target/spring-petclinic-admin-server-2.0.5.jar
[INFO] 
[8mha:////4LY9qAbl0+xaq4stsC31wXaa51IICuI8DGD7yd5+vXM8AAAAYB+LCAAAAAAAAP9b85aBtbiIQSmjNKU4P0+vJLE4u1gvPjexLDVPzxdEGvvmZ+X75ZekLlOVfvTjc8FPJgaGiiIGKaiG5Py84vycVD1nCA1SyAABjCCFBQCV27OjYAAAAA==[0m[INFO] --- spring-boot-maven-plugin:2.0.5.RELEASE:repackage (default) @ spring-petclinic-admin-server ---
[INFO] 
[8mha:////4LY9qAbl0+xaq4stsC31wXaa51IICuI8DGD7yd5+vXM8AAAAYB+LCAAAAAAAAP9b85aBtbiIQSmjNKU4P0+vJLE4u1gvPjexLDVPzxdEGvvmZ+X75ZekLlOVfvTjc8FPJgaGiiIGKaiG5Py84vycVD1nCA1SyAABjCCFBQCV27OjYAAAAA==[0m[INFO] --- maven-install-plugin:2.5.2:install (default-install) @ spring-petclinic-admin-server ---
[INFO] Installing /var/jenkins_home/jobs/spring-petclinic-microservices-end-to-end-tests/workspace/spring-petclinic-admin-server/target/spring-petclinic-admin-server-2.0.5.jar to /var/jenkins_home/.m2/repository/org/springframework/samples/petclinic/admin/spring-petclinic-admin-server/2.0.5/spring-petclinic-admin-server-2.0.5.jar
[INFO] Installing /var/jenkins_home/jobs/spring-petclinic-microservices-end-to-end-tests/workspace/spring-petclinic-admin-server/pom.xml to /var/jenkins_home/.m2/repository/org/springframework/samples/petclinic/admin/spring-petclinic-admin-server/2.0.5/spring-petclinic-admin-server-2.0.5.pom
[INFO] 
[8mha:////4LY9qAbl0+xaq4stsC31wXaa51IICuI8DGD7yd5+vXM8AAAAYB+LCAAAAAAAAP9b85aBtbiIQSmjNKU4P0+vJLE4u1gvPjexLDVPzxdEGvvmZ+X75ZekLlOVfvTjc8FPJgaGiiIGKaiG5Py84vycVD1nCA1SyAABjCCFBQCV27OjYAAAAA==[0m[INFO] --- docker-maven-plugin:1.1.1:build (default) @ spring-petclinic-admin-server ---
[INFO] Using authentication suppliers: [ConfigFileRegistryAuthSupplier]
[INFO] Copying /var/jenkins_home/jobs/spring-petclinic-microservices-end-to-end-tests/workspace/spring-petclinic-admin-server/target/spring-petclinic-admin-server-2.0.5.jar -> /var/jenkins_home/jobs/spring-petclinic-microservices-end-to-end-tests/workspace/spring-petclinic-admin-server/target/docker/spring-petclinic-admin-server-2.0.5.jar
[INFO] Copying /var/jenkins_home/jobs/spring-petclinic-microservices-end-to-end-tests/workspace/spring-petclinic-admin-server/../docker/Dockerfile -> /var/jenkins_home/jobs/spring-petclinic-microservices-end-to-end-tests/workspace/spring-petclinic-admin-server/target/docker/Dockerfile
[INFO] Building image mszarlinski/spring-petclinic-admin-server
Step 1/13 : FROM openjdk:8-jre-alpine

 ---> 2e01f547f003
Step 2/13 : VOLUME /tmp

 ---> Using cache
 ---> 6904023c293c
Step 3/13 : ARG DOCKERIZE_VERSION

 ---> Using cache
 ---> 608e773d8816
Step 4/13 : ARG ARTIFACT_NAME

 ---> Using cache
 ---> d19f1c993276
Step 5/13 : ARG EXPOSED_PORT

 ---> Using cache
 ---> c6ba086171e4
Step 6/13 : ENV SPRING_PROFILES_ACTIVE docker

 ---> Using cache
 ---> 22776da4e776
Step 7/13 : ADD https://github.com/jwilder/dockerize/releases/download/${DOCKERIZE_VERSION}/dockerize-alpine-linux-amd64-${DOCKERIZE_VERSION}.tar.gz dockerize.tar.gz

null: Downloading [>                                                  ]  33.31kB/3.006MB
[1A[2Knull: Downloading [=>                                                 ]  68.12kB/3.006MB
[0B[1A[2Knull: Downloading [=>                                                 ]  102.9kB/3.006MB
[0B[1A[2Knull: Downloading [====>                                              ]  242.2kB/3.006MB
[0B[1A[2Knull: Downloading [=======>                                           ]  451.1kB/3.006MB
[0B[1A[2Knull: Downloading [============>                                      ]  729.6kB/3.006MB
[0B[1A[2Knull: Downloading [====================>                              ]  1.252MB/3.006MB
[0B[1A[2Knull: Downloading [====================================>              ]  2.192MB/3.006MB
[0B[1A[2Knull: Downloading [==================================================>]  3.006MB/3.006MB
[0B
 ---> Using cache
 ---> eb188b06f9ee
Step 8/13 : RUN tar xzf dockerize.tar.gz

 ---> Using cache
 ---> 2b7f16308de7
Step 9/13 : RUN chmod +x dockerize

 ---> Using cache
 ---> 5129e97ffd42
Step 10/13 : ADD ${ARTIFACT_NAME}.jar /app.jar

 ---> 2b8617914282
Step 11/13 : RUN touch /app.jar

 ---> Running in 38bcd77f307a
Removing intermediate container 38bcd77f307a
 ---> 72fb353f01ba
Step 12/13 : EXPOSE ${EXPOSED_PORT}

 ---> Running in a5407552f25d
Removing intermediate container a5407552f25d
 ---> 4d99356e487d
Step 13/13 : RUN wget -O /qrebel-agent.jar https://hub.qrebel.com/getagent/qrebel-agent.jar

 ---> Running in e9e8a7e3efbe
[91mConnecting to hub.qrebel.com (54.173.254.10:443)
[0m
[91mqrebel-agent.jar       0% |                               |    85k  0:01:39 ETA
[0m
[91mqrebel-agent.jar       2% |                               |   229k  0:01:12 ETA
[0m
[91mqrebel-agent.jar       5% |*                              |   469k  0:00:51 ETA
[0m
[91mqrebel-agent.jar       9% |**                             |   773k  0:00:40 ETA
[0m
[91mqrebel-agent.jar      14% |****                           |  1205k  0:00:30 ETA
[0m
[91mqrebel-agent.jar      21% |******                         |  1877k  0:00:21 ETA
[0m
[91mqrebel-agent.jar      35% |**********                     |  3013k  0:00:12 ETA
[0m
[91mqrebel-agent.jar      54% |****************               |  4677k  0:00:06 ETA
[0m
[91mqrebel-agent.jar      83% |*************************      |  7141k  0:00:01 ETA
[0m
[91mqrebel-agent.jar     100% |*******************************|  8539k  0:00:00 ETA

[0m
Removing intermediate container e9e8a7e3efbe
 ---> c2bd30be28d5
ProgressMessage{id=null, status=null, stream=null, error=null, progress=null, progressDetail=null}
Successfully built c2bd30be28d5
Successfully tagged mszarlinski/spring-petclinic-admin-server:latest
[INFO] Built mszarlinski/spring-petclinic-admin-server
[INFO]                                                                         
[INFO] ------------------------------------------------------------------------
[INFO] Building spring-petclinic-customers-service 2.0.5
[INFO] ------------------------------------------------------------------------
[INFO] 
[8mha:////4LY9qAbl0+xaq4stsC31wXaa51IICuI8DGD7yd5+vXM8AAAAYB+LCAAAAAAAAP9b85aBtbiIQSmjNKU4P0+vJLE4u1gvPjexLDVPzxdEGvvmZ+X75ZekLlOVfvTjc8FPJgaGiiIGKaiG5Py84vycVD1nCA1SyAABjCCFBQCV27OjYAAAAA==[0m[INFO] --- maven-clean-plugin:3.0.0:clean (default-clean) @ spring-petclinic-customers-service ---
[INFO] Deleting /var/jenkins_home/jobs/spring-petclinic-microservices-end-to-end-tests/workspace/spring-petclinic-customers-service/target
[INFO] 
[8mha:////4LY9qAbl0+xaq4stsC31wXaa51IICuI8DGD7yd5+vXM8AAAAYB+LCAAAAAAAAP9b85aBtbiIQSmjNKU4P0+vJLE4u1gvPjexLDVPzxdEGvvmZ+X75ZekLlOVfvTjc8FPJgaGiiIGKaiG5Py84vycVD1nCA1SyAABjCCFBQCV27OjYAAAAA==[0m[INFO] --- git-commit-id-plugin:2.2.5:revision (default) @ spring-petclinic-customers-service ---
[INFO] dotGitDirectory /var/jenkins_home/jobs/spring-petclinic-microservices-end-to-end-tests/workspace/.git
[INFO] git.build.user.name 
[INFO] git.build.user.email 
[INFO] Using environment variable based branch name. GIT_BRANCH = origin/master
[INFO] git.branch origin/master
[INFO] --always = true
[INFO] --dirty = -dirty
[INFO] --abbrev = 7
[INFO] Tag refs [[Ref[refs/tags/v1.5.9=387f824fd9f4ce6e1693b43eec9fc35867fc9f3e], Ref[refs/tags/v2.0.3=8fa041c08ec96e3079c0df4006b537f8c0b3ad85]]]
[INFO] Created map: [{}]
[INFO] evalCommit is [a1fd7a3da612abf03af80a6a61370452f903f4f7]
[INFO] git.commit.id.describe a1fd7a3
[INFO] git.commit.id a1fd7a3da612abf03af80a6a61370452f903f4f7
[INFO] git.commit.id.abbrev a1fd7a3
[INFO] git.dirty false
[INFO] git.commit.user.name Sten
[INFO] git.commit.user.email sten@Stens-MacBook.local
[INFO] git.commit.message.full PET-37 #Fix specialty not saved
[INFO] git.commit.message.short PET-37 #Fix specialty not saved
[INFO] git.commit.time 2018-12-07T17:04:53+0000
[INFO] git.remote.origin.url https://github.com/sten711/spring-petclinic-microservices
[INFO] git.tags 
[INFO] evalCommit is [a1fd7a3da612abf03af80a6a61370452f903f4f7]
[INFO] Tag refs [[Ref[refs/tags/v1.5.9=387f824fd9f4ce6e1693b43eec9fc35867fc9f3e], Ref[refs/tags/v2.0.3=8fa041c08ec96e3079c0df4006b537f8c0b3ad85]]]
[INFO] Created map: [{}]
[INFO] git.closest.tag.name 
[INFO] evalCommit is [a1fd7a3da612abf03af80a6a61370452f903f4f7]
[INFO] Tag refs [[Ref[refs/tags/v1.5.9=387f824fd9f4ce6e1693b43eec9fc35867fc9f3e], Ref[refs/tags/v2.0.3=8fa041c08ec96e3079c0df4006b537f8c0b3ad85]]]
[INFO] Created map: [{}]
[INFO] git.closest.tag.commit.count 
[INFO] git.total.commit.count 634
[INFO] git.build.time 2018-12-08T20:43:31+0000
[INFO] git.build.version 2.0.5
[INFO] git.build.host 7328c9c8bcb8
[INFO] git.build.number 85
[INFO] git.commit.id.describe-short a1fd7a3
[INFO] found property git.build.user.email
[INFO] found property git.build.host
[INFO] found property git.dirty
[INFO] found property git.remote.origin.url
[INFO] found property git.closest.tag.name
[INFO] found property git.total.commit.count
[INFO] found property git.commit.id.describe-short
[INFO] found property git.commit.user.email
[INFO] found property git.commit.time
[INFO] found property git.commit.message.full
[INFO] found property git.build.version
[INFO] found property git.commit.message.short
[INFO] found property git.commit.id.abbrev
[INFO] found property git.branch
[INFO] found property git.build.user.name
[INFO] found property git.build.number
[INFO] found property git.closest.tag.commit.count
[INFO] found property git.commit.id.describe
[INFO] found property git.commit.id
[INFO] found property git.tags
[INFO] found property git.build.time
[INFO] found property git.commit.user.name
[INFO] Writing properties file to [/var/jenkins_home/jobs/spring-petclinic-microservices-end-to-end-tests/workspace/spring-petclinic-customers-service/target/classes/git.properties] (for module spring-petclinic-customers-service)...
[INFO] 
[8mha:////4LY9qAbl0+xaq4stsC31wXaa51IICuI8DGD7yd5+vXM8AAAAYB+LCAAAAAAAAP9b85aBtbiIQSmjNKU4P0+vJLE4u1gvPjexLDVPzxdEGvvmZ+X75ZekLlOVfvTjc8FPJgaGiiIGKaiG5Py84vycVD1nCA1SyAABjCCFBQCV27OjYAAAAA==[0m[INFO] --- spring-boot-maven-plugin:2.0.5.RELEASE:build-info (default) @ spring-petclinic-customers-service ---
[INFO] 
[8mha:////4LY9qAbl0+xaq4stsC31wXaa51IICuI8DGD7yd5+vXM8AAAAYB+LCAAAAAAAAP9b85aBtbiIQSmjNKU4P0+vJLE4u1gvPjexLDVPzxdEGvvmZ+X75ZekLlOVfvTjc8FPJgaGiiIGKaiG5Py84vycVD1nCA1SyAABjCCFBQCV27OjYAAAAA==[0m[INFO] --- maven-resources-plugin:3.0.2:resources (default-resources) @ spring-petclinic-customers-service ---
[INFO] Using 'UTF-8' encoding to copy filtered resources.
[INFO] Copying 1 resource
[INFO] Copying 6 resources
[INFO] 
[8mha:////4LY9qAbl0+xaq4stsC31wXaa51IICuI8DGD7yd5+vXM8AAAAYB+LCAAAAAAAAP9b85aBtbiIQSmjNKU4P0+vJLE4u1gvPjexLDVPzxdEGvvmZ+X75ZekLlOVfvTjc8FPJgaGiiIGKaiG5Py84vycVD1nCA1SyAABjCCFBQCV27OjYAAAAA==[0m[INFO] --- maven-compiler-plugin:3.7.0:compile (default-compile) @ spring-petclinic-customers-service ---
[INFO] Changes detected - recompiling the module!
[INFO] Compiling 11 source files to /var/jenkins_home/jobs/spring-petclinic-microservices-end-to-end-tests/workspace/spring-petclinic-customers-service/target/classes
[INFO] 
[8mha:////4LY9qAbl0+xaq4stsC31wXaa51IICuI8DGD7yd5+vXM8AAAAYB+LCAAAAAAAAP9b85aBtbiIQSmjNKU4P0+vJLE4u1gvPjexLDVPzxdEGvvmZ+X75ZekLlOVfvTjc8FPJgaGiiIGKaiG5Py84vycVD1nCA1SyAABjCCFBQCV27OjYAAAAA==[0m[INFO] --- maven-resources-plugin:3.0.2:testResources (default-testResources) @ spring-petclinic-customers-service ---
[INFO] Not copying test resources
[INFO] 
[8mha:////4LY9qAbl0+xaq4stsC31wXaa51IICuI8DGD7yd5+vXM8AAAAYB+LCAAAAAAAAP9b85aBtbiIQSmjNKU4P0+vJLE4u1gvPjexLDVPzxdEGvvmZ+X75ZekLlOVfvTjc8FPJgaGiiIGKaiG5Py84vycVD1nCA1SyAABjCCFBQCV27OjYAAAAA==[0m[INFO] --- maven-compiler-plugin:3.7.0:testCompile (default-testCompile) @ spring-petclinic-customers-service ---
[INFO] Not compiling test sources
[INFO] 
[8mha:////4LY9qAbl0+xaq4stsC31wXaa51IICuI8DGD7yd5+vXM8AAAAYB+LCAAAAAAAAP9b85aBtbiIQSmjNKU4P0+vJLE4u1gvPjexLDVPzxdEGvvmZ+X75ZekLlOVfvTjc8FPJgaGiiIGKaiG5Py84vycVD1nCA1SyAABjCCFBQCV27OjYAAAAA==[0m[INFO] --- maven-surefire-plugin:2.22.0:test (default-test) @ spring-petclinic-customers-service ---
[INFO] Tests are skipped.
[INFO] 
[8mha:////4LY9qAbl0+xaq4stsC31wXaa51IICuI8DGD7yd5+vXM8AAAAYB+LCAAAAAAAAP9b85aBtbiIQSmjNKU4P0+vJLE4u1gvPjexLDVPzxdEGvvmZ+X75ZekLlOVfvTjc8FPJgaGiiIGKaiG5Py84vycVD1nCA1SyAABjCCFBQCV27OjYAAAAA==[0m[INFO] --- maven-jar-plugin:2.1:jar (default-jar) @ spring-petclinic-customers-service ---
[INFO] Building jar: /var/jenkins_home/jobs/spring-petclinic-microservices-end-to-end-tests/workspace/spring-petclinic-customers-service/target/spring-petclinic-customers-service-2.0.5.jar
[INFO] 
[8mha:////4LY9qAbl0+xaq4stsC31wXaa51IICuI8DGD7yd5+vXM8AAAAYB+LCAAAAAAAAP9b85aBtbiIQSmjNKU4P0+vJLE4u1gvPjexLDVPzxdEGvvmZ+X75ZekLlOVfvTjc8FPJgaGiiIGKaiG5Py84vycVD1nCA1SyAABjCCFBQCV27OjYAAAAA==[0m[INFO] --- spring-boot-maven-plugin:2.0.5.RELEASE:repackage (default) @ spring-petclinic-customers-service ---
[INFO] 
[8mha:////4LY9qAbl0+xaq4stsC31wXaa51IICuI8DGD7yd5+vXM8AAAAYB+LCAAAAAAAAP9b85aBtbiIQSmjNKU4P0+vJLE4u1gvPjexLDVPzxdEGvvmZ+X75ZekLlOVfvTjc8FPJgaGiiIGKaiG5Py84vycVD1nCA1SyAABjCCFBQCV27OjYAAAAA==[0m[INFO] --- maven-install-plugin:2.5.2:install (default-install) @ spring-petclinic-customers-service ---
[INFO] Installing /var/jenkins_home/jobs/spring-petclinic-microservices-end-to-end-tests/workspace/spring-petclinic-customers-service/target/spring-petclinic-customers-service-2.0.5.jar to /var/jenkins_home/.m2/repository/org/springframework/samples/petclinic/client/spring-petclinic-customers-service/2.0.5/spring-petclinic-customers-service-2.0.5.jar
[INFO] Installing /var/jenkins_home/jobs/spring-petclinic-microservices-end-to-end-tests/workspace/spring-petclinic-customers-service/pom.xml to /var/jenkins_home/.m2/repository/org/springframework/samples/petclinic/client/spring-petclinic-customers-service/2.0.5/spring-petclinic-customers-service-2.0.5.pom
[INFO] 
[8mha:////4LY9qAbl0+xaq4stsC31wXaa51IICuI8DGD7yd5+vXM8AAAAYB+LCAAAAAAAAP9b85aBtbiIQSmjNKU4P0+vJLE4u1gvPjexLDVPzxdEGvvmZ+X75ZekLlOVfvTjc8FPJgaGiiIGKaiG5Py84vycVD1nCA1SyAABjCCFBQCV27OjYAAAAA==[0m[INFO] --- docker-maven-plugin:1.1.1:build (default) @ spring-petclinic-customers-service ---
[INFO] Using authentication suppliers: [ConfigFileRegistryAuthSupplier]
[INFO] Copying /var/jenkins_home/jobs/spring-petclinic-microservices-end-to-end-tests/workspace/spring-petclinic-customers-service/target/spring-petclinic-customers-service-2.0.5.jar -> /var/jenkins_home/jobs/spring-petclinic-microservices-end-to-end-tests/workspace/spring-petclinic-customers-service/target/docker/spring-petclinic-customers-service-2.0.5.jar
[INFO] Copying /var/jenkins_home/jobs/spring-petclinic-microservices-end-to-end-tests/workspace/spring-petclinic-customers-service/../docker/Dockerfile -> /var/jenkins_home/jobs/spring-petclinic-microservices-end-to-end-tests/workspace/spring-petclinic-customers-service/target/docker/Dockerfile
[INFO] Building image mszarlinski/spring-petclinic-customers-service
Step 1/13 : FROM openjdk:8-jre-alpine

 ---> 2e01f547f003
Step 2/13 : VOLUME /tmp

 ---> Using cache
 ---> 6904023c293c
Step 3/13 : ARG DOCKERIZE_VERSION

 ---> Using cache
 ---> 608e773d8816
Step 4/13 : ARG ARTIFACT_NAME

 ---> Using cache
 ---> d19f1c993276
Step 5/13 : ARG EXPOSED_PORT

 ---> Using cache
 ---> c6ba086171e4
Step 6/13 : ENV SPRING_PROFILES_ACTIVE docker

 ---> Using cache
 ---> 22776da4e776
Step 7/13 : ADD https://github.com/jwilder/dockerize/releases/download/${DOCKERIZE_VERSION}/dockerize-alpine-linux-amd64-${DOCKERIZE_VERSION}.tar.gz dockerize.tar.gz

null: Downloading [>                                                  ]  33.31kB/3.006MB
[1A[2Knull: Downloading [=>                                                 ]  68.12kB/3.006MB
[0B[1A[2Knull: Downloading [==>                                                ]  137.8kB/3.006MB
[0B[1A[2Knull: Downloading [=====>                                             ]  311.8kB/3.006MB
[0B[1A[2Knull: Downloading [=========>                                         ]  555.5kB/3.006MB
[0B[1A[2Knull: Downloading [=============>                                     ]  834.1kB/3.006MB
[0B[1A[2Knull: Downloading [======================>                            ]  1.356MB/3.006MB
[0B[1A[2Knull: Downloading [====================================>              ]  2.221MB/3.006MB
[0B[1A[2Knull: Downloading [==================================================>]  3.006MB/3.006MB
[0B
 ---> Using cache
 ---> eb188b06f9ee
Step 8/13 : RUN tar xzf dockerize.tar.gz

 ---> Using cache
 ---> 62612c5cf618
Step 9/13 : RUN chmod +x dockerize

 ---> Using cache
 ---> 093287232685
Step 10/13 : ADD ${ARTIFACT_NAME}.jar /app.jar

 ---> 65857d101a2b
Step 11/13 : RUN touch /app.jar

 ---> Running in c43ba916ed53
Removing intermediate container c43ba916ed53
 ---> 73a43f4d0744
Step 12/13 : EXPOSE ${EXPOSED_PORT}

 ---> Running in 20a4313a2a16
Removing intermediate container 20a4313a2a16
 ---> f776fc5c840a
Step 13/13 : RUN wget -O /qrebel-agent.jar https://hub.qrebel.com/getagent/qrebel-agent.jar

 ---> Running in d0de722a30f0
[91mConnecting to hub.qrebel.com (54.173.254.10:443)
[0m
[91mqrebel-agent.jar       3% |*                              |   325k  0:00:25 ETA
[0m
[91mqrebel-agent.jar      26% |********                       |  2229k  0:00:05 ETA
[0m
[91mqrebel-agent.jar      57% |*****************              |  4917k  0:00:02 ETA
[0m
[91mqrebel-agent.jar     100% |*******************************|  8539k  0:00:00 ETA

[0m
Removing intermediate container d0de722a30f0
 ---> 8bcb1fb7c4c7
ProgressMessage{id=null, status=null, stream=null, error=null, progress=null, progressDetail=null}
Successfully built 8bcb1fb7c4c7
Successfully tagged mszarlinski/spring-petclinic-customers-service:latest
[INFO] Built mszarlinski/spring-petclinic-customers-service
[INFO]                                                                         
[INFO] ------------------------------------------------------------------------
[INFO] Building spring-petclinic-vets-service 2.0.5
[INFO] ------------------------------------------------------------------------
[INFO] 
[8mha:////4LY9qAbl0+xaq4stsC31wXaa51IICuI8DGD7yd5+vXM8AAAAYB+LCAAAAAAAAP9b85aBtbiIQSmjNKU4P0+vJLE4u1gvPjexLDVPzxdEGvvmZ+X75ZekLlOVfvTjc8FPJgaGiiIGKaiG5Py84vycVD1nCA1SyAABjCCFBQCV27OjYAAAAA==[0m[INFO] --- maven-clean-plugin:3.0.0:clean (default-clean) @ spring-petclinic-vets-service ---
[INFO] Deleting /var/jenkins_home/jobs/spring-petclinic-microservices-end-to-end-tests/workspace/spring-petclinic-vets-service/target
[INFO] 
[8mha:////4LY9qAbl0+xaq4stsC31wXaa51IICuI8DGD7yd5+vXM8AAAAYB+LCAAAAAAAAP9b85aBtbiIQSmjNKU4P0+vJLE4u1gvPjexLDVPzxdEGvvmZ+X75ZekLlOVfvTjc8FPJgaGiiIGKaiG5Py84vycVD1nCA1SyAABjCCFBQCV27OjYAAAAA==[0m[INFO] --- git-commit-id-plugin:2.2.5:revision (default) @ spring-petclinic-vets-service ---
[INFO] dotGitDirectory /var/jenkins_home/jobs/spring-petclinic-microservices-end-to-end-tests/workspace/.git
[INFO] git.build.user.name 
[INFO] git.build.user.email 
[INFO] Using environment variable based branch name. GIT_BRANCH = origin/master
[INFO] git.branch origin/master
[INFO] --always = true
[INFO] --dirty = -dirty
[INFO] --abbrev = 7
[INFO] Tag refs [[Ref[refs/tags/v1.5.9=387f824fd9f4ce6e1693b43eec9fc35867fc9f3e], Ref[refs/tags/v2.0.3=8fa041c08ec96e3079c0df4006b537f8c0b3ad85]]]
[INFO] Created map: [{}]
[INFO] evalCommit is [a1fd7a3da612abf03af80a6a61370452f903f4f7]
[INFO] git.commit.id.describe a1fd7a3
[INFO] git.commit.id a1fd7a3da612abf03af80a6a61370452f903f4f7
[INFO] git.commit.id.abbrev a1fd7a3
[INFO] git.dirty false
[INFO] git.commit.user.name Sten
[INFO] git.commit.user.email sten@Stens-MacBook.local
[INFO] git.commit.message.full PET-37 #Fix specialty not saved
[INFO] git.commit.message.short PET-37 #Fix specialty not saved
[INFO] git.commit.time 2018-12-07T17:04:53+0000
[INFO] git.remote.origin.url https://github.com/sten711/spring-petclinic-microservices
[INFO] git.tags 
[INFO] evalCommit is [a1fd7a3da612abf03af80a6a61370452f903f4f7]
[INFO] Tag refs [[Ref[refs/tags/v1.5.9=387f824fd9f4ce6e1693b43eec9fc35867fc9f3e], Ref[refs/tags/v2.0.3=8fa041c08ec96e3079c0df4006b537f8c0b3ad85]]]
[INFO] Created map: [{}]
[INFO] git.closest.tag.name 
[INFO] evalCommit is [a1fd7a3da612abf03af80a6a61370452f903f4f7]
[INFO] Tag refs [[Ref[refs/tags/v1.5.9=387f824fd9f4ce6e1693b43eec9fc35867fc9f3e], Ref[refs/tags/v2.0.3=8fa041c08ec96e3079c0df4006b537f8c0b3ad85]]]
[INFO] Created map: [{}]
[INFO] git.closest.tag.commit.count 
[INFO] git.total.commit.count 634
[INFO] git.build.time 2018-12-08T20:43:48+0000
[INFO] git.build.version 2.0.5
[INFO] git.build.host 7328c9c8bcb8
[INFO] git.build.number 85
[INFO] git.commit.id.describe-short a1fd7a3
[INFO] found property git.build.user.email
[INFO] found property git.build.host
[INFO] found property git.dirty
[INFO] found property git.remote.origin.url
[INFO] found property git.closest.tag.name
[INFO] found property git.total.commit.count
[INFO] found property git.commit.id.describe-short
[INFO] found property git.commit.user.email
[INFO] found property git.commit.time
[INFO] found property git.commit.message.full
[INFO] found property git.build.version
[INFO] found property git.commit.message.short
[INFO] found property git.commit.id.abbrev
[INFO] found property git.branch
[INFO] found property git.build.user.name
[INFO] found property git.build.number
[INFO] found property git.closest.tag.commit.count
[INFO] found property git.commit.id.describe
[INFO] found property git.commit.id
[INFO] found property git.tags
[INFO] found property git.build.time
[INFO] found property git.commit.user.name
[INFO] Writing properties file to [/var/jenkins_home/jobs/spring-petclinic-microservices-end-to-end-tests/workspace/spring-petclinic-vets-service/target/classes/git.properties] (for module spring-petclinic-vets-service)...
[INFO] 
[8mha:////4LY9qAbl0+xaq4stsC31wXaa51IICuI8DGD7yd5+vXM8AAAAYB+LCAAAAAAAAP9b85aBtbiIQSmjNKU4P0+vJLE4u1gvPjexLDVPzxdEGvvmZ+X75ZekLlOVfvTjc8FPJgaGiiIGKaiG5Py84vycVD1nCA1SyAABjCCFBQCV27OjYAAAAA==[0m[INFO] --- spring-boot-maven-plugin:2.0.5.RELEASE:build-info (default) @ spring-petclinic-vets-service ---
[INFO] 
[8mha:////4LY9qAbl0+xaq4stsC31wXaa51IICuI8DGD7yd5+vXM8AAAAYB+LCAAAAAAAAP9b85aBtbiIQSmjNKU4P0+vJLE4u1gvPjexLDVPzxdEGvvmZ+X75ZekLlOVfvTjc8FPJgaGiiIGKaiG5Py84vycVD1nCA1SyAABjCCFBQCV27OjYAAAAA==[0m[INFO] --- maven-resources-plugin:3.0.2:resources (default-resources) @ spring-petclinic-vets-service ---
[INFO] Using 'UTF-8' encoding to copy filtered resources.
[INFO] Copying 1 resource
[INFO] Copying 6 resources
[INFO] 
[8mha:////4LY9qAbl0+xaq4stsC31wXaa51IICuI8DGD7yd5+vXM8AAAAYB+LCAAAAAAAAP9b85aBtbiIQSmjNKU4P0+vJLE4u1gvPjexLDVPzxdEGvvmZ+X75ZekLlOVfvTjc8FPJgaGiiIGKaiG5Py84vycVD1nCA1SyAABjCCFBQCV27OjYAAAAA==[0m[INFO] --- maven-compiler-plugin:3.7.0:compile (default-compile) @ spring-petclinic-vets-service ---
[INFO] Changes detected - recompiling the module!
[INFO] Compiling 8 source files to /var/jenkins_home/jobs/spring-petclinic-microservices-end-to-end-tests/workspace/spring-petclinic-vets-service/target/classes
[INFO] 
[8mha:////4LY9qAbl0+xaq4stsC31wXaa51IICuI8DGD7yd5+vXM8AAAAYB+LCAAAAAAAAP9b85aBtbiIQSmjNKU4P0+vJLE4u1gvPjexLDVPzxdEGvvmZ+X75ZekLlOVfvTjc8FPJgaGiiIGKaiG5Py84vycVD1nCA1SyAABjCCFBQCV27OjYAAAAA==[0m[INFO] --- maven-resources-plugin:3.0.2:testResources (default-testResources) @ spring-petclinic-vets-service ---
[INFO] Not copying test resources
[INFO] 
[8mha:////4LY9qAbl0+xaq4stsC31wXaa51IICuI8DGD7yd5+vXM8AAAAYB+LCAAAAAAAAP9b85aBtbiIQSmjNKU4P0+vJLE4u1gvPjexLDVPzxdEGvvmZ+X75ZekLlOVfvTjc8FPJgaGiiIGKaiG5Py84vycVD1nCA1SyAABjCCFBQCV27OjYAAAAA==[0m[INFO] --- maven-compiler-plugin:3.7.0:testCompile (default-testCompile) @ spring-petclinic-vets-service ---
[INFO] Not compiling test sources
[INFO] 
[8mha:////4LY9qAbl0+xaq4stsC31wXaa51IICuI8DGD7yd5+vXM8AAAAYB+LCAAAAAAAAP9b85aBtbiIQSmjNKU4P0+vJLE4u1gvPjexLDVPzxdEGvvmZ+X75ZekLlOVfvTjc8FPJgaGiiIGKaiG5Py84vycVD1nCA1SyAABjCCFBQCV27OjYAAAAA==[0m[INFO] --- maven-surefire-plugin:2.22.0:test (default-test) @ spring-petclinic-vets-service ---
[INFO] Tests are skipped.
[INFO] 
[8mha:////4LY9qAbl0+xaq4stsC31wXaa51IICuI8DGD7yd5+vXM8AAAAYB+LCAAAAAAAAP9b85aBtbiIQSmjNKU4P0+vJLE4u1gvPjexLDVPzxdEGvvmZ+X75ZekLlOVfvTjc8FPJgaGiiIGKaiG5Py84vycVD1nCA1SyAABjCCFBQCV27OjYAAAAA==[0m[INFO] --- maven-jar-plugin:2.1:jar (default-jar) @ spring-petclinic-vets-service ---
[INFO] Building jar: /var/jenkins_home/jobs/spring-petclinic-microservices-end-to-end-tests/workspace/spring-petclinic-vets-service/target/spring-petclinic-vets-service-2.0.5.jar
[INFO] 
[8mha:////4LY9qAbl0+xaq4stsC31wXaa51IICuI8DGD7yd5+vXM8AAAAYB+LCAAAAAAAAP9b85aBtbiIQSmjNKU4P0+vJLE4u1gvPjexLDVPzxdEGvvmZ+X75ZekLlOVfvTjc8FPJgaGiiIGKaiG5Py84vycVD1nCA1SyAABjCCFBQCV27OjYAAAAA==[0m[INFO] --- spring-boot-maven-plugin:2.0.5.RELEASE:repackage (default) @ spring-petclinic-vets-service ---
[INFO] 
[8mha:////4LY9qAbl0+xaq4stsC31wXaa51IICuI8DGD7yd5+vXM8AAAAYB+LCAAAAAAAAP9b85aBtbiIQSmjNKU4P0+vJLE4u1gvPjexLDVPzxdEGvvmZ+X75ZekLlOVfvTjc8FPJgaGiiIGKaiG5Py84vycVD1nCA1SyAABjCCFBQCV27OjYAAAAA==[0m[INFO] --- maven-install-plugin:2.5.2:install (default-install) @ spring-petclinic-vets-service ---
[INFO] Installing /var/jenkins_home/jobs/spring-petclinic-microservices-end-to-end-tests/workspace/spring-petclinic-vets-service/target/spring-petclinic-vets-service-2.0.5.jar to /var/jenkins_home/.m2/repository/org/springframework/samples/petclinic/vets/spring-petclinic-vets-service/2.0.5/spring-petclinic-vets-service-2.0.5.jar
[INFO] Installing /var/jenkins_home/jobs/spring-petclinic-microservices-end-to-end-tests/workspace/spring-petclinic-vets-service/pom.xml to /var/jenkins_home/.m2/repository/org/springframework/samples/petclinic/vets/spring-petclinic-vets-service/2.0.5/spring-petclinic-vets-service-2.0.5.pom
[INFO] 
[8mha:////4LY9qAbl0+xaq4stsC31wXaa51IICuI8DGD7yd5+vXM8AAAAYB+LCAAAAAAAAP9b85aBtbiIQSmjNKU4P0+vJLE4u1gvPjexLDVPzxdEGvvmZ+X75ZekLlOVfvTjc8FPJgaGiiIGKaiG5Py84vycVD1nCA1SyAABjCCFBQCV27OjYAAAAA==[0m[INFO] --- docker-maven-plugin:1.1.1:build (default) @ spring-petclinic-vets-service ---
[INFO] Using authentication suppliers: [ConfigFileRegistryAuthSupplier]
[INFO] Copying /var/jenkins_home/jobs/spring-petclinic-microservices-end-to-end-tests/workspace/spring-petclinic-vets-service/target/spring-petclinic-vets-service-2.0.5.jar -> /var/jenkins_home/jobs/spring-petclinic-microservices-end-to-end-tests/workspace/spring-petclinic-vets-service/target/docker/spring-petclinic-vets-service-2.0.5.jar
[INFO] Copying /var/jenkins_home/jobs/spring-petclinic-microservices-end-to-end-tests/workspace/spring-petclinic-vets-service/../docker/Dockerfile -> /var/jenkins_home/jobs/spring-petclinic-microservices-end-to-end-tests/workspace/spring-petclinic-vets-service/target/docker/Dockerfile
[INFO] Building image mszarlinski/spring-petclinic-vets-service
Step 1/13 : FROM openjdk:8-jre-alpine

 ---> 2e01f547f003
Step 2/13 : VOLUME /tmp

 ---> Using cache
 ---> 6904023c293c
Step 3/13 : ARG DOCKERIZE_VERSION

 ---> Using cache
 ---> 608e773d8816
Step 4/13 : ARG ARTIFACT_NAME

 ---> Using cache
 ---> d19f1c993276
Step 5/13 : ARG EXPOSED_PORT

 ---> Using cache
 ---> c6ba086171e4
Step 6/13 : ENV SPRING_PROFILES_ACTIVE docker

 ---> Using cache
 ---> 22776da4e776
Step 7/13 : ADD https://github.com/jwilder/dockerize/releases/download/${DOCKERIZE_VERSION}/dockerize-alpine-linux-amd64-${DOCKERIZE_VERSION}.tar.gz dockerize.tar.gz

null: Downloading [>                                                  ]  33.31kB/3.006MB
[1A[2Knull: Downloading [=>                                                 ]  68.12kB/3.006MB
[0B[1A[2Knull: Downloading [==>                                                ]  172.6kB/3.006MB
[0B[1A[2Knull: Downloading [=====>                                             ]  311.8kB/3.006MB
[0B[1A[2Knull: Downloading [=========>                                         ]  590.4kB/3.006MB
[0B[1A[2Knull: Downloading [==========>                                        ]  625.2kB/3.006MB
[0B[1A[2Knull: Downloading [===================>                               ]  1.182MB/3.006MB
[0B[1A[2Knull: Downloading [==============================>                    ]  1.809MB/3.006MB
[0B[1A[2Knull: Downloading [========================================>          ]  2.436MB/3.006MB
[0B[1A[2Knull: Downloading [==================================================>]  3.006MB/3.006MB
[0B
 ---> Using cache
 ---> eb188b06f9ee
Step 8/13 : RUN tar xzf dockerize.tar.gz

 ---> Using cache
 ---> 989f3ae4879e
Step 9/13 : RUN chmod +x dockerize

 ---> Using cache
 ---> db804c47d296
Step 10/13 : ADD ${ARTIFACT_NAME}.jar /app.jar

 ---> 7a06454f5d5e
Step 11/13 : RUN touch /app.jar

 ---> Running in 590d2197cf62
Removing intermediate container 590d2197cf62
 ---> 7e900542f99d
Step 12/13 : EXPOSE ${EXPOSED_PORT}

 ---> Running in 6bf692d19b03
Removing intermediate container 6bf692d19b03
 ---> 861653e2ae12
Step 13/13 : RUN wget -O /qrebel-agent.jar https://hub.qrebel.com/getagent/qrebel-agent.jar

 ---> Running in b5ca21c73d3c
[91mConnecting to hub.qrebel.com (54.173.254.10:443)
[0m
[91mqrebel-agent.jar       0% |                               |    35k  0:04:02 ETA
[0m
[91mqrebel-agent.jar      14% |****                           |  1223k  0:00:11 ETA
[0m
[91mqrebel-agent.jar      43% |*************                  |  3751k  0:00:03 ETA
[0m
[91mqrebel-agent.jar      94% |*****************************  |  8071k  0:00:00 ETA
[0m
[91mqrebel-agent.jar     100% |*******************************|  8539k  0:00:00 ETA

[0m
Removing intermediate container b5ca21c73d3c
 ---> 96060af8b7e6
ProgressMessage{id=null, status=null, stream=null, error=null, progress=null, progressDetail=null}
Successfully built 96060af8b7e6
Successfully tagged mszarlinski/spring-petclinic-vets-service:latest
[INFO] Built mszarlinski/spring-petclinic-vets-service
[INFO]                                                                         
[INFO] ------------------------------------------------------------------------
[INFO] Building spring-petclinic-visits-service 2.0.5
[INFO] ------------------------------------------------------------------------
[INFO] 
[8mha:////4LY9qAbl0+xaq4stsC31wXaa51IICuI8DGD7yd5+vXM8AAAAYB+LCAAAAAAAAP9b85aBtbiIQSmjNKU4P0+vJLE4u1gvPjexLDVPzxdEGvvmZ+X75ZekLlOVfvTjc8FPJgaGiiIGKaiG5Py84vycVD1nCA1SyAABjCCFBQCV27OjYAAAAA==[0m[INFO] --- maven-clean-plugin:3.0.0:clean (default-clean) @ spring-petclinic-visits-service ---
[INFO] Deleting /var/jenkins_home/jobs/spring-petclinic-microservices-end-to-end-tests/workspace/spring-petclinic-visits-service/target
[INFO] 
[8mha:////4LY9qAbl0+xaq4stsC31wXaa51IICuI8DGD7yd5+vXM8AAAAYB+LCAAAAAAAAP9b85aBtbiIQSmjNKU4P0+vJLE4u1gvPjexLDVPzxdEGvvmZ+X75ZekLlOVfvTjc8FPJgaGiiIGKaiG5Py84vycVD1nCA1SyAABjCCFBQCV27OjYAAAAA==[0m[INFO] --- git-commit-id-plugin:2.2.5:revision (default) @ spring-petclinic-visits-service ---
[INFO] dotGitDirectory /var/jenkins_home/jobs/spring-petclinic-microservices-end-to-end-tests/workspace/.git
[INFO] git.build.user.name 
[INFO] git.build.user.email 
[INFO] Using environment variable based branch name. GIT_BRANCH = origin/master
[INFO] git.branch origin/master
[INFO] --always = true
[INFO] --dirty = -dirty
[INFO] --abbrev = 7
[INFO] Tag refs [[Ref[refs/tags/v1.5.9=387f824fd9f4ce6e1693b43eec9fc35867fc9f3e], Ref[refs/tags/v2.0.3=8fa041c08ec96e3079c0df4006b537f8c0b3ad85]]]
[INFO] Created map: [{}]
[INFO] evalCommit is [a1fd7a3da612abf03af80a6a61370452f903f4f7]
[INFO] git.commit.id.describe a1fd7a3
[INFO] git.commit.id a1fd7a3da612abf03af80a6a61370452f903f4f7
[INFO] git.commit.id.abbrev a1fd7a3
[INFO] git.dirty false
[INFO] git.commit.user.name Sten
[INFO] git.commit.user.email sten@Stens-MacBook.local
[INFO] git.commit.message.full PET-37 #Fix specialty not saved
[INFO] git.commit.message.short PET-37 #Fix specialty not saved
[INFO] git.commit.time 2018-12-07T17:04:53+0000
[INFO] git.remote.origin.url https://github.com/sten711/spring-petclinic-microservices
[INFO] git.tags 
[INFO] evalCommit is [a1fd7a3da612abf03af80a6a61370452f903f4f7]
[INFO] Tag refs [[Ref[refs/tags/v1.5.9=387f824fd9f4ce6e1693b43eec9fc35867fc9f3e], Ref[refs/tags/v2.0.3=8fa041c08ec96e3079c0df4006b537f8c0b3ad85]]]
[INFO] Created map: [{}]
[INFO] git.closest.tag.name 
[INFO] evalCommit is [a1fd7a3da612abf03af80a6a61370452f903f4f7]
[INFO] Tag refs [[Ref[refs/tags/v1.5.9=387f824fd9f4ce6e1693b43eec9fc35867fc9f3e], Ref[refs/tags/v2.0.3=8fa041c08ec96e3079c0df4006b537f8c0b3ad85]]]
[INFO] Created map: [{}]
[INFO] git.closest.tag.commit.count 
[INFO] git.total.commit.count 634
[INFO] git.build.time 2018-12-08T20:44:04+0000
[INFO] git.build.version 2.0.5
[INFO] git.build.host 7328c9c8bcb8
[INFO] git.build.number 85
[INFO] git.commit.id.describe-short a1fd7a3
[INFO] found property git.build.user.email
[INFO] found property git.build.host
[INFO] found property git.dirty
[INFO] found property git.remote.origin.url
[INFO] found property git.closest.tag.name
[INFO] found property git.total.commit.count
[INFO] found property git.commit.id.describe-short
[INFO] found property git.commit.user.email
[INFO] found property git.commit.time
[INFO] found property git.commit.message.full
[INFO] found property git.build.version
[INFO] found property git.commit.message.short
[INFO] found property git.commit.id.abbrev
[INFO] found property git.branch
[INFO] found property git.build.user.name
[INFO] found property git.build.number
[INFO] found property git.closest.tag.commit.count
[INFO] found property git.commit.id.describe
[INFO] found property git.commit.id
[INFO] found property git.tags
[INFO] found property git.build.time
[INFO] found property git.commit.user.name
[INFO] Writing properties file to [/var/jenkins_home/jobs/spring-petclinic-microservices-end-to-end-tests/workspace/spring-petclinic-visits-service/target/classes/git.properties] (for module spring-petclinic-visits-service)...
[INFO] 
[8mha:////4LY9qAbl0+xaq4stsC31wXaa51IICuI8DGD7yd5+vXM8AAAAYB+LCAAAAAAAAP9b85aBtbiIQSmjNKU4P0+vJLE4u1gvPjexLDVPzxdEGvvmZ+X75ZekLlOVfvTjc8FPJgaGiiIGKaiG5Py84vycVD1nCA1SyAABjCCFBQCV27OjYAAAAA==[0m[INFO] --- spring-boot-maven-plugin:2.0.5.RELEASE:build-info (default) @ spring-petclinic-visits-service ---
[INFO] 
[8mha:////4LY9qAbl0+xaq4stsC31wXaa51IICuI8DGD7yd5+vXM8AAAAYB+LCAAAAAAAAP9b85aBtbiIQSmjNKU4P0+vJLE4u1gvPjexLDVPzxdEGvvmZ+X75ZekLlOVfvTjc8FPJgaGiiIGKaiG5Py84vycVD1nCA1SyAABjCCFBQCV27OjYAAAAA==[0m[INFO] --- maven-resources-plugin:3.0.2:resources (default-resources) @ spring-petclinic-visits-service ---
[INFO] Using 'UTF-8' encoding to copy filtered resources.
[INFO] Copying 1 resource
[INFO] Copying 6 resources
[INFO] 
[8mha:////4LY9qAbl0+xaq4stsC31wXaa51IICuI8DGD7yd5+vXM8AAAAYB+LCAAAAAAAAP9b85aBtbiIQSmjNKU4P0+vJLE4u1gvPjexLDVPzxdEGvvmZ+X75ZekLlOVfvTjc8FPJgaGiiIGKaiG5Py84vycVD1nCA1SyAABjCCFBQCV27OjYAAAAA==[0m[INFO] --- maven-compiler-plugin:3.7.0:compile (default-compile) @ spring-petclinic-visits-service ---
[INFO] Changes detected - recompiling the module!
[INFO] Compiling 4 source files to /var/jenkins_home/jobs/spring-petclinic-microservices-end-to-end-tests/workspace/spring-petclinic-visits-service/target/classes
[INFO] 
[8mha:////4LY9qAbl0+xaq4stsC31wXaa51IICuI8DGD7yd5+vXM8AAAAYB+LCAAAAAAAAP9b85aBtbiIQSmjNKU4P0+vJLE4u1gvPjexLDVPzxdEGvvmZ+X75ZekLlOVfvTjc8FPJgaGiiIGKaiG5Py84vycVD1nCA1SyAABjCCFBQCV27OjYAAAAA==[0m[INFO] --- maven-resources-plugin:3.0.2:testResources (default-testResources) @ spring-petclinic-visits-service ---
[INFO] Not copying test resources
[INFO] 
[8mha:////4LY9qAbl0+xaq4stsC31wXaa51IICuI8DGD7yd5+vXM8AAAAYB+LCAAAAAAAAP9b85aBtbiIQSmjNKU4P0+vJLE4u1gvPjexLDVPzxdEGvvmZ+X75ZekLlOVfvTjc8FPJgaGiiIGKaiG5Py84vycVD1nCA1SyAABjCCFBQCV27OjYAAAAA==[0m[INFO] --- maven-compiler-plugin:3.7.0:testCompile (default-testCompile) @ spring-petclinic-visits-service ---
[INFO] Not compiling test sources
[INFO] 
[8mha:////4LY9qAbl0+xaq4stsC31wXaa51IICuI8DGD7yd5+vXM8AAAAYB+LCAAAAAAAAP9b85aBtbiIQSmjNKU4P0+vJLE4u1gvPjexLDVPzxdEGvvmZ+X75ZekLlOVfvTjc8FPJgaGiiIGKaiG5Py84vycVD1nCA1SyAABjCCFBQCV27OjYAAAAA==[0m[INFO] --- maven-surefire-plugin:2.22.0:test (default-test) @ spring-petclinic-visits-service ---
[INFO] Tests are skipped.
[INFO] 
[8mha:////4LY9qAbl0+xaq4stsC31wXaa51IICuI8DGD7yd5+vXM8AAAAYB+LCAAAAAAAAP9b85aBtbiIQSmjNKU4P0+vJLE4u1gvPjexLDVPzxdEGvvmZ+X75ZekLlOVfvTjc8FPJgaGiiIGKaiG5Py84vycVD1nCA1SyAABjCCFBQCV27OjYAAAAA==[0m[INFO] --- maven-jar-plugin:2.1:jar (default-jar) @ spring-petclinic-visits-service ---
[INFO] Building jar: /var/jenkins_home/jobs/spring-petclinic-microservices-end-to-end-tests/workspace/spring-petclinic-visits-service/target/spring-petclinic-visits-service-2.0.5.jar
[INFO] 
[8mha:////4LY9qAbl0+xaq4stsC31wXaa51IICuI8DGD7yd5+vXM8AAAAYB+LCAAAAAAAAP9b85aBtbiIQSmjNKU4P0+vJLE4u1gvPjexLDVPzxdEGvvmZ+X75ZekLlOVfvTjc8FPJgaGiiIGKaiG5Py84vycVD1nCA1SyAABjCCFBQCV27OjYAAAAA==[0m[INFO] --- spring-boot-maven-plugin:2.0.5.RELEASE:repackage (default) @ spring-petclinic-visits-service ---
[INFO] 
[8mha:////4LY9qAbl0+xaq4stsC31wXaa51IICuI8DGD7yd5+vXM8AAAAYB+LCAAAAAAAAP9b85aBtbiIQSmjNKU4P0+vJLE4u1gvPjexLDVPzxdEGvvmZ+X75ZekLlOVfvTjc8FPJgaGiiIGKaiG5Py84vycVD1nCA1SyAABjCCFBQCV27OjYAAAAA==[0m[INFO] --- maven-install-plugin:2.5.2:install (default-install) @ spring-petclinic-visits-service ---
[INFO] Installing /var/jenkins_home/jobs/spring-petclinic-microservices-end-to-end-tests/workspace/spring-petclinic-visits-service/target/spring-petclinic-visits-service-2.0.5.jar to /var/jenkins_home/.m2/repository/org/springframework/samples/petclinic/visits/spring-petclinic-visits-service/2.0.5/spring-petclinic-visits-service-2.0.5.jar
[INFO] Installing /var/jenkins_home/jobs/spring-petclinic-microservices-end-to-end-tests/workspace/spring-petclinic-visits-service/pom.xml to /var/jenkins_home/.m2/repository/org/springframework/samples/petclinic/visits/spring-petclinic-visits-service/2.0.5/spring-petclinic-visits-service-2.0.5.pom
[INFO] 
[8mha:////4LY9qAbl0+xaq4stsC31wXaa51IICuI8DGD7yd5+vXM8AAAAYB+LCAAAAAAAAP9b85aBtbiIQSmjNKU4P0+vJLE4u1gvPjexLDVPzxdEGvvmZ+X75ZekLlOVfvTjc8FPJgaGiiIGKaiG5Py84vycVD1nCA1SyAABjCCFBQCV27OjYAAAAA==[0m[INFO] --- docker-maven-plugin:1.1.1:build (default) @ spring-petclinic-visits-service ---
[INFO] Using authentication suppliers: [ConfigFileRegistryAuthSupplier]
[INFO] Copying /var/jenkins_home/jobs/spring-petclinic-microservices-end-to-end-tests/workspace/spring-petclinic-visits-service/target/spring-petclinic-visits-service-2.0.5.jar -> /var/jenkins_home/jobs/spring-petclinic-microservices-end-to-end-tests/workspace/spring-petclinic-visits-service/target/docker/spring-petclinic-visits-service-2.0.5.jar
[INFO] Copying /var/jenkins_home/jobs/spring-petclinic-microservices-end-to-end-tests/workspace/spring-petclinic-visits-service/../docker/Dockerfile -> /var/jenkins_home/jobs/spring-petclinic-microservices-end-to-end-tests/workspace/spring-petclinic-visits-service/target/docker/Dockerfile
[INFO] Building image mszarlinski/spring-petclinic-visits-service
Step 1/13 : FROM openjdk:8-jre-alpine

 ---> 2e01f547f003
Step 2/13 : VOLUME /tmp

 ---> Using cache
 ---> 6904023c293c
Step 3/13 : ARG DOCKERIZE_VERSION

 ---> Using cache
 ---> 608e773d8816
Step 4/13 : ARG ARTIFACT_NAME

 ---> Using cache
 ---> d19f1c993276
Step 5/13 : ARG EXPOSED_PORT

 ---> Using cache
 ---> c6ba086171e4
Step 6/13 : ENV SPRING_PROFILES_ACTIVE docker

 ---> Using cache
 ---> 22776da4e776
Step 7/13 : ADD https://github.com/jwilder/dockerize/releases/download/${DOCKERIZE_VERSION}/dockerize-alpine-linux-amd64-${DOCKERIZE_VERSION}.tar.gz dockerize.tar.gz

null: Downloading [>                                                  ]  33.31kB/3.006MB
[1A[2Knull: Downloading [=>                                                 ]  68.12kB/3.006MB
[0B[1A[2Knull: Downloading [=>                                                 ]  102.9kB/3.006MB
[0B[1A[2Knull: Downloading [====>                                              ]  242.2kB/3.006MB
[0B[1A[2Knull: Downloading [=======>                                           ]  451.1kB/3.006MB
[0B[1A[2Knull: Downloading [============>                                      ]  729.6kB/3.006MB
[0B[1A[2Knull: Downloading [====================>                              ]  1.217MB/3.006MB
[0B[1A[2Knull: Downloading [=====================================>             ]  2.227MB/3.006MB
[0B[1A[2Knull: Downloading [==================================================>]  3.006MB/3.006MB
[0B
 ---> Using cache
 ---> eb188b06f9ee
Step 8/13 : RUN tar xzf dockerize.tar.gz

 ---> Using cache
 ---> 810b6917b84a
Step 9/13 : RUN chmod +x dockerize

 ---> Using cache
 ---> cb4da69dcd75
Step 10/13 : ADD ${ARTIFACT_NAME}.jar /app.jar

 ---> b27d97c24523
Step 11/13 : RUN touch /app.jar

 ---> Running in a136ff121836
Removing intermediate container a136ff121836
 ---> 7b0157cc66d5
Step 12/13 : EXPOSE ${EXPOSED_PORT}

 ---> Running in 83217e36262c
Removing intermediate container 83217e36262c
 ---> 523508cf67c8
Step 13/13 : RUN wget -O /qrebel-agent.jar https://hub.qrebel.com/getagent/qrebel-agent.jar

 ---> Running in 0c2a10cea040
[91mConnecting to hub.qrebel.com (54.173.254.10:443)
[0m
[91mqrebel-agent.jar       0% |                               |    85k  0:01:39 ETA
[0m
[91mqrebel-agent.jar      27%[0m
[91m |********                       |[0m
[91m  2309k  0:00:05 ETA
[0m
[91mqrebel-agent.jar      75% |***********************        |  6405k  0:00:00 ETA
[0m
[91mqrebel-agent.jar     100% |*******************************|  8539k  0:00:00 ETA
[0m
[91m
[0m
Removing intermediate container 0c2a10cea040
 ---> ee6f965bc08b
ProgressMessage{id=null, status=null, stream=null, error=null, progress=null, progressDetail=null}
Successfully built ee6f965bc08b
Successfully tagged mszarlinski/spring-petclinic-visits-service:latest
[INFO] Built mszarlinski/spring-petclinic-visits-service
[INFO]                                                                         
[INFO] ------------------------------------------------------------------------
[INFO] Building spring-petclinic-config-server 2.0.5
[INFO] ------------------------------------------------------------------------
[INFO] 
[8mha:////4LY9qAbl0+xaq4stsC31wXaa51IICuI8DGD7yd5+vXM8AAAAYB+LCAAAAAAAAP9b85aBtbiIQSmjNKU4P0+vJLE4u1gvPjexLDVPzxdEGvvmZ+X75ZekLlOVfvTjc8FPJgaGiiIGKaiG5Py84vycVD1nCA1SyAABjCCFBQCV27OjYAAAAA==[0m[INFO] --- maven-clean-plugin:3.0.0:clean (default-clean) @ spring-petclinic-config-server ---
[INFO] Deleting /var/jenkins_home/jobs/spring-petclinic-microservices-end-to-end-tests/workspace/spring-petclinic-config-server/target
[INFO] 
[8mha:////4LY9qAbl0+xaq4stsC31wXaa51IICuI8DGD7yd5+vXM8AAAAYB+LCAAAAAAAAP9b85aBtbiIQSmjNKU4P0+vJLE4u1gvPjexLDVPzxdEGvvmZ+X75ZekLlOVfvTjc8FPJgaGiiIGKaiG5Py84vycVD1nCA1SyAABjCCFBQCV27OjYAAAAA==[0m[INFO] --- git-commit-id-plugin:2.2.5:revision (default) @ spring-petclinic-config-server ---
[INFO] dotGitDirectory /var/jenkins_home/jobs/spring-petclinic-microservices-end-to-end-tests/workspace/.git
[INFO] git.build.user.name 
[INFO] git.build.user.email 
[INFO] Using environment variable based branch name. GIT_BRANCH = origin/master
[INFO] git.branch origin/master
[INFO] --always = true
[INFO] --dirty = -dirty
[INFO] --abbrev = 7
[INFO] Tag refs [[Ref[refs/tags/v1.5.9=387f824fd9f4ce6e1693b43eec9fc35867fc9f3e], Ref[refs/tags/v2.0.3=8fa041c08ec96e3079c0df4006b537f8c0b3ad85]]]
[INFO] Created map: [{}]
[INFO] evalCommit is [a1fd7a3da612abf03af80a6a61370452f903f4f7]
[INFO] git.commit.id.describe a1fd7a3
[INFO] git.commit.id a1fd7a3da612abf03af80a6a61370452f903f4f7
[INFO] git.commit.id.abbrev a1fd7a3
[INFO] git.dirty false
[INFO] git.commit.user.name Sten
[INFO] git.commit.user.email sten@Stens-MacBook.local
[INFO] git.commit.message.full PET-37 #Fix specialty not saved
[INFO] git.commit.message.short PET-37 #Fix specialty not saved
[INFO] git.commit.time 2018-12-07T17:04:53+0000
[INFO] git.remote.origin.url https://github.com/sten711/spring-petclinic-microservices
[INFO] git.tags 
[INFO] evalCommit is [a1fd7a3da612abf03af80a6a61370452f903f4f7]
[INFO] Tag refs [[Ref[refs/tags/v1.5.9=387f824fd9f4ce6e1693b43eec9fc35867fc9f3e], Ref[refs/tags/v2.0.3=8fa041c08ec96e3079c0df4006b537f8c0b3ad85]]]
[INFO] Created map: [{}]
[INFO] git.closest.tag.name 
[INFO] evalCommit is [a1fd7a3da612abf03af80a6a61370452f903f4f7]
[INFO] Tag refs [[Ref[refs/tags/v1.5.9=387f824fd9f4ce6e1693b43eec9fc35867fc9f3e], Ref[refs/tags/v2.0.3=8fa041c08ec96e3079c0df4006b537f8c0b3ad85]]]
[INFO] Created map: [{}]
[INFO] git.closest.tag.commit.count 
[INFO] git.total.commit.count 634
[INFO] git.build.time 2018-12-08T20:44:18+0000
[INFO] git.build.version 2.0.5
[INFO] git.build.host 7328c9c8bcb8
[INFO] git.build.number 85
[INFO] git.commit.id.describe-short a1fd7a3
[INFO] found property git.build.user.email
[INFO] found property git.build.host
[INFO] found property git.dirty
[INFO] found property git.remote.origin.url
[INFO] found property git.closest.tag.name
[INFO] found property git.total.commit.count
[INFO] found property git.commit.id.describe-short
[INFO] found property git.commit.user.email
[INFO] found property git.commit.time
[INFO] found property git.commit.message.full
[INFO] found property git.build.version
[INFO] found property git.commit.message.short
[INFO] found property git.commit.id.abbrev
[INFO] found property git.branch
[INFO] found property git.build.user.name
[INFO] found property git.build.number
[INFO] found property git.closest.tag.commit.count
[INFO] found property git.commit.id.describe
[INFO] found property git.commit.id
[INFO] found property git.tags
[INFO] found property git.build.time
[INFO] found property git.commit.user.name
[INFO] Writing properties file to [/var/jenkins_home/jobs/spring-petclinic-microservices-end-to-end-tests/workspace/spring-petclinic-config-server/target/classes/git.properties] (for module spring-petclinic-config-server)...
[INFO] 
[8mha:////4LY9qAbl0+xaq4stsC31wXaa51IICuI8DGD7yd5+vXM8AAAAYB+LCAAAAAAAAP9b85aBtbiIQSmjNKU4P0+vJLE4u1gvPjexLDVPzxdEGvvmZ+X75ZekLlOVfvTjc8FPJgaGiiIGKaiG5Py84vycVD1nCA1SyAABjCCFBQCV27OjYAAAAA==[0m[INFO] --- spring-boot-maven-plugin:2.0.5.RELEASE:build-info (default) @ spring-petclinic-config-server ---
[INFO] 
[8mha:////4LY9qAbl0+xaq4stsC31wXaa51IICuI8DGD7yd5+vXM8AAAAYB+LCAAAAAAAAP9b85aBtbiIQSmjNKU4P0+vJLE4u1gvPjexLDVPzxdEGvvmZ+X75ZekLlOVfvTjc8FPJgaGiiIGKaiG5Py84vycVD1nCA1SyAABjCCFBQCV27OjYAAAAA==[0m[INFO] --- maven-resources-plugin:3.0.2:resources (default-resources) @ spring-petclinic-config-server ---
[INFO] Using 'UTF-8' encoding to copy filtered resources.
[INFO] Copying 0 resource
[INFO] Copying 1 resource
[INFO] 
[8mha:////4LY9qAbl0+xaq4stsC31wXaa51IICuI8DGD7yd5+vXM8AAAAYB+LCAAAAAAAAP9b85aBtbiIQSmjNKU4P0+vJLE4u1gvPjexLDVPzxdEGvvmZ+X75ZekLlOVfvTjc8FPJgaGiiIGKaiG5Py84vycVD1nCA1SyAABjCCFBQCV27OjYAAAAA==[0m[INFO] --- maven-compiler-plugin:3.7.0:compile (default-compile) @ spring-petclinic-config-server ---
[INFO] Changes detected - recompiling the module!
[INFO] Compiling 1 source file to /var/jenkins_home/jobs/spring-petclinic-microservices-end-to-end-tests/workspace/spring-petclinic-config-server/target/classes
[INFO] 
[8mha:////4LY9qAbl0+xaq4stsC31wXaa51IICuI8DGD7yd5+vXM8AAAAYB+LCAAAAAAAAP9b85aBtbiIQSmjNKU4P0+vJLE4u1gvPjexLDVPzxdEGvvmZ+X75ZekLlOVfvTjc8FPJgaGiiIGKaiG5Py84vycVD1nCA1SyAABjCCFBQCV27OjYAAAAA==[0m[INFO] --- maven-resources-plugin:3.0.2:testResources (default-testResources) @ spring-petclinic-config-server ---
[INFO] Not copying test resources
[INFO] 
[8mha:////4LY9qAbl0+xaq4stsC31wXaa51IICuI8DGD7yd5+vXM8AAAAYB+LCAAAAAAAAP9b85aBtbiIQSmjNKU4P0+vJLE4u1gvPjexLDVPzxdEGvvmZ+X75ZekLlOVfvTjc8FPJgaGiiIGKaiG5Py84vycVD1nCA1SyAABjCCFBQCV27OjYAAAAA==[0m[INFO] --- maven-compiler-plugin:3.7.0:testCompile (default-testCompile) @ spring-petclinic-config-server ---
[INFO] Not compiling test sources
[INFO] 
[8mha:////4LY9qAbl0+xaq4stsC31wXaa51IICuI8DGD7yd5+vXM8AAAAYB+LCAAAAAAAAP9b85aBtbiIQSmjNKU4P0+vJLE4u1gvPjexLDVPzxdEGvvmZ+X75ZekLlOVfvTjc8FPJgaGiiIGKaiG5Py84vycVD1nCA1SyAABjCCFBQCV27OjYAAAAA==[0m[INFO] --- maven-surefire-plugin:2.22.0:test (default-test) @ spring-petclinic-config-server ---
[INFO] Tests are skipped.
[INFO] 
[8mha:////4LY9qAbl0+xaq4stsC31wXaa51IICuI8DGD7yd5+vXM8AAAAYB+LCAAAAAAAAP9b85aBtbiIQSmjNKU4P0+vJLE4u1gvPjexLDVPzxdEGvvmZ+X75ZekLlOVfvTjc8FPJgaGiiIGKaiG5Py84vycVD1nCA1SyAABjCCFBQCV27OjYAAAAA==[0m[INFO] --- maven-jar-plugin:2.1:jar (default-jar) @ spring-petclinic-config-server ---
[INFO] Building jar: /var/jenkins_home/jobs/spring-petclinic-microservices-end-to-end-tests/workspace/spring-petclinic-config-server/target/spring-petclinic-config-server-2.0.5.jar
[INFO] 
[8mha:////4LY9qAbl0+xaq4stsC31wXaa51IICuI8DGD7yd5+vXM8AAAAYB+LCAAAAAAAAP9b85aBtbiIQSmjNKU4P0+vJLE4u1gvPjexLDVPzxdEGvvmZ+X75ZekLlOVfvTjc8FPJgaGiiIGKaiG5Py84vycVD1nCA1SyAABjCCFBQCV27OjYAAAAA==[0m[INFO] --- spring-boot-maven-plugin:2.0.5.RELEASE:repackage (default) @ spring-petclinic-config-server ---
[INFO] 
[8mha:////4LY9qAbl0+xaq4stsC31wXaa51IICuI8DGD7yd5+vXM8AAAAYB+LCAAAAAAAAP9b85aBtbiIQSmjNKU4P0+vJLE4u1gvPjexLDVPzxdEGvvmZ+X75ZekLlOVfvTjc8FPJgaGiiIGKaiG5Py84vycVD1nCA1SyAABjCCFBQCV27OjYAAAAA==[0m[INFO] --- maven-install-plugin:2.5.2:install (default-install) @ spring-petclinic-config-server ---
[INFO] Installing /var/jenkins_home/jobs/spring-petclinic-microservices-end-to-end-tests/workspace/spring-petclinic-config-server/target/spring-petclinic-config-server-2.0.5.jar to /var/jenkins_home/.m2/repository/org/springframework/samples/petclinic/config/spring-petclinic-config-server/2.0.5/spring-petclinic-config-server-2.0.5.jar
[INFO] Installing /var/jenkins_home/jobs/spring-petclinic-microservices-end-to-end-tests/workspace/spring-petclinic-config-server/pom.xml to /var/jenkins_home/.m2/repository/org/springframework/samples/petclinic/config/spring-petclinic-config-server/2.0.5/spring-petclinic-config-server-2.0.5.pom
[INFO] 
[8mha:////4LY9qAbl0+xaq4stsC31wXaa51IICuI8DGD7yd5+vXM8AAAAYB+LCAAAAAAAAP9b85aBtbiIQSmjNKU4P0+vJLE4u1gvPjexLDVPzxdEGvvmZ+X75ZekLlOVfvTjc8FPJgaGiiIGKaiG5Py84vycVD1nCA1SyAABjCCFBQCV27OjYAAAAA==[0m[INFO] --- docker-maven-plugin:1.1.1:build (default) @ spring-petclinic-config-server ---
[INFO] Using authentication suppliers: [ConfigFileRegistryAuthSupplier]
[INFO] Copying /var/jenkins_home/jobs/spring-petclinic-microservices-end-to-end-tests/workspace/spring-petclinic-config-server/target/spring-petclinic-config-server-2.0.5.jar -> /var/jenkins_home/jobs/spring-petclinic-microservices-end-to-end-tests/workspace/spring-petclinic-config-server/target/docker/spring-petclinic-config-server-2.0.5.jar
[INFO] Copying /var/jenkins_home/jobs/spring-petclinic-microservices-end-to-end-tests/workspace/spring-petclinic-config-server/../docker/Dockerfile -> /var/jenkins_home/jobs/spring-petclinic-microservices-end-to-end-tests/workspace/spring-petclinic-config-server/target/docker/Dockerfile
[INFO] Building image mszarlinski/spring-petclinic-config-server
Step 1/13 : FROM openjdk:8-jre-alpine

 ---> 2e01f547f003
Step 2/13 : VOLUME /tmp

 ---> Using cache
 ---> 6904023c293c
Step 3/13 : ARG DOCKERIZE_VERSION

 ---> Using cache
 ---> 608e773d8816
Step 4/13 : ARG ARTIFACT_NAME

 ---> Using cache
 ---> d19f1c993276
Step 5/13 : ARG EXPOSED_PORT

 ---> Using cache
 ---> c6ba086171e4
Step 6/13 : ENV SPRING_PROFILES_ACTIVE docker

 ---> Using cache
 ---> 22776da4e776
Step 7/13 : ADD https://github.com/jwilder/dockerize/releases/download/${DOCKERIZE_VERSION}/dockerize-alpine-linux-amd64-${DOCKERIZE_VERSION}.tar.gz dockerize.tar.gz

null: Downloading [>                                                  ]  33.31kB/3.006MB
[1A[2Knull: Downloading [=>                                                 ]  68.12kB/3.006MB
[0B[1A[2Knull: Downloading [=>                                                 ]  102.9kB/3.006MB
[0B[1A[2Knull: Downloading [===>                                               ]  207.4kB/3.006MB
[0B[1A[2Knull: Downloading [======>                                            ]  381.5kB/3.006MB
[0B[1A[2Knull: Downloading [==========>                                        ]  625.2kB/3.006MB
[0B[1A[2Knull: Downloading [===============>                                   ]  938.5kB/3.006MB
[0B[1A[2Knull: Downloading [==========================>                        ]    1.6MB/3.006MB
[0B[1A[2Knull: Downloading [===================================>               ]  2.122MB/3.006MB
[0B[1A[2Knull: Downloading [===============================================>   ]  2.832MB/3.006MB
[0B[1A[2Knull: Downloading [==================================================>]  3.006MB/3.006MB
[0B
 ---> Using cache
 ---> eb188b06f9ee
Step 8/13 : RUN tar xzf dockerize.tar.gz

 ---> Using cache
 ---> 80dc241de4bc
Step 9/13 : RUN chmod +x dockerize

 ---> Using cache
 ---> 5faa27c85c85
Step 10/13 : ADD ${ARTIFACT_NAME}.jar /app.jar

 ---> ac93edbf102b
Step 11/13 : RUN touch /app.jar

 ---> Running in 70375e7b9c52
Removing intermediate container 70375e7b9c52
 ---> d14480b9a2fd
Step 12/13 : EXPOSE ${EXPOSED_PORT}

 ---> Running in 6941f2af9a37
Removing intermediate container 6941f2af9a37
 ---> fe76931cd0c6
Step 13/13 : RUN wget -O /qrebel-agent.jar https://hub.qrebel.com/getagent/qrebel-agent.jar

 ---> Running in 3342598c3f29
[91mConnecting to hub.qrebel.com (54.173.254.10:443)
[0m
[91mqrebel-agent.jar    [0m
[91m   2% |                               |   174k  0:00:48 ETA
[0m
[91mqrebel-agent.jar      30% |*********                      |  2638k  0:00:04 ETA
[0m
[91mqrebel-agent.jar      81% |*************************      |  6958k  0:00:00 ETA
[0m
[91mqrebel-agent.jar     100% |*******************************|  8539k  0:00:00 ETA[0m
[91m

[0m
Removing intermediate container 3342598c3f29
 ---> d5e9c4574278
ProgressMessage{id=null, status=null, stream=null, error=null, progress=null, progressDetail=null}
Successfully built d5e9c4574278
Successfully tagged mszarlinski/spring-petclinic-config-server:latest
[INFO] Built mszarlinski/spring-petclinic-config-server
[INFO]                                                                         
[INFO] ------------------------------------------------------------------------
[INFO] Building spring-petclinic-discovery-server 2.0.5
[INFO] ------------------------------------------------------------------------
[INFO] 
[8mha:////4LY9qAbl0+xaq4stsC31wXaa51IICuI8DGD7yd5+vXM8AAAAYB+LCAAAAAAAAP9b85aBtbiIQSmjNKU4P0+vJLE4u1gvPjexLDVPzxdEGvvmZ+X75ZekLlOVfvTjc8FPJgaGiiIGKaiG5Py84vycVD1nCA1SyAABjCCFBQCV27OjYAAAAA==[0m[INFO] --- maven-clean-plugin:3.0.0:clean (default-clean) @ spring-petclinic-discovery-server ---
[INFO] Deleting /var/jenkins_home/jobs/spring-petclinic-microservices-end-to-end-tests/workspace/spring-petclinic-discovery-server/target
[INFO] 
[8mha:////4LY9qAbl0+xaq4stsC31wXaa51IICuI8DGD7yd5+vXM8AAAAYB+LCAAAAAAAAP9b85aBtbiIQSmjNKU4P0+vJLE4u1gvPjexLDVPzxdEGvvmZ+X75ZekLlOVfvTjc8FPJgaGiiIGKaiG5Py84vycVD1nCA1SyAABjCCFBQCV27OjYAAAAA==[0m[INFO] --- git-commit-id-plugin:2.2.5:revision (default) @ spring-petclinic-discovery-server ---
[INFO] dotGitDirectory /var/jenkins_home/jobs/spring-petclinic-microservices-end-to-end-tests/workspace/.git
[INFO] git.build.user.name 
[INFO] git.build.user.email 
[INFO] Using environment variable based branch name. GIT_BRANCH = origin/master
[INFO] git.branch origin/master
[INFO] --always = true
[INFO] --dirty = -dirty
[INFO] --abbrev = 7
[INFO] Tag refs [[Ref[refs/tags/v1.5.9=387f824fd9f4ce6e1693b43eec9fc35867fc9f3e], Ref[refs/tags/v2.0.3=8fa041c08ec96e3079c0df4006b537f8c0b3ad85]]]
[INFO] Created map: [{}]
[INFO] evalCommit is [a1fd7a3da612abf03af80a6a61370452f903f4f7]
[INFO] git.commit.id.describe a1fd7a3
[INFO] git.commit.id a1fd7a3da612abf03af80a6a61370452f903f4f7
[INFO] git.commit.id.abbrev a1fd7a3
[INFO] git.dirty false
[INFO] git.commit.user.name Sten
[INFO] git.commit.user.email sten@Stens-MacBook.local
[INFO] git.commit.message.full PET-37 #Fix specialty not saved
[INFO] git.commit.message.short PET-37 #Fix specialty not saved
[INFO] git.commit.time 2018-12-07T17:04:53+0000
[INFO] git.remote.origin.url https://github.com/sten711/spring-petclinic-microservices
[INFO] git.tags 
[INFO] evalCommit is [a1fd7a3da612abf03af80a6a61370452f903f4f7]
[INFO] Tag refs [[Ref[refs/tags/v1.5.9=387f824fd9f4ce6e1693b43eec9fc35867fc9f3e], Ref[refs/tags/v2.0.3=8fa041c08ec96e3079c0df4006b537f8c0b3ad85]]]
[INFO] Created map: [{}]
[INFO] git.closest.tag.name 
[INFO] evalCommit is [a1fd7a3da612abf03af80a6a61370452f903f4f7]
[INFO] Tag refs [[Ref[refs/tags/v1.5.9=387f824fd9f4ce6e1693b43eec9fc35867fc9f3e], Ref[refs/tags/v2.0.3=8fa041c08ec96e3079c0df4006b537f8c0b3ad85]]]
[INFO] Created map: [{}]
[INFO] git.closest.tag.commit.count 
[INFO] git.total.commit.count 634
[INFO] git.build.time 2018-12-08T20:44:30+0000
[INFO] git.build.version 2.0.5
[INFO] git.build.host 7328c9c8bcb8
[INFO] git.build.number 85
[INFO] git.commit.id.describe-short a1fd7a3
[INFO] found property git.build.user.email
[INFO] found property git.build.host
[INFO] found property git.dirty
[INFO] found property git.remote.origin.url
[INFO] found property git.closest.tag.name
[INFO] found property git.total.commit.count
[INFO] found property git.commit.id.describe-short
[INFO] found property git.commit.user.email
[INFO] found property git.commit.time
[INFO] found property git.commit.message.full
[INFO] found property git.build.version
[INFO] found property git.commit.message.short
[INFO] found property git.commit.id.abbrev
[INFO] found property git.branch
[INFO] found property git.build.user.name
[INFO] found property git.build.number
[INFO] found property git.closest.tag.commit.count
[INFO] found property git.commit.id.describe
[INFO] found property git.commit.id
[INFO] found property git.tags
[INFO] found property git.build.time
[INFO] found property git.commit.user.name
[INFO] Writing properties file to [/var/jenkins_home/jobs/spring-petclinic-microservices-end-to-end-tests/workspace/spring-petclinic-discovery-server/target/classes/git.properties] (for module spring-petclinic-discovery-server)...
[INFO] 
[8mha:////4LY9qAbl0+xaq4stsC31wXaa51IICuI8DGD7yd5+vXM8AAAAYB+LCAAAAAAAAP9b85aBtbiIQSmjNKU4P0+vJLE4u1gvPjexLDVPzxdEGvvmZ+X75ZekLlOVfvTjc8FPJgaGiiIGKaiG5Py84vycVD1nCA1SyAABjCCFBQCV27OjYAAAAA==[0m[INFO] --- spring-boot-maven-plugin:2.0.5.RELEASE:build-info (default) @ spring-petclinic-discovery-server ---
[INFO] 
[8mha:////4LY9qAbl0+xaq4stsC31wXaa51IICuI8DGD7yd5+vXM8AAAAYB+LCAAAAAAAAP9b85aBtbiIQSmjNKU4P0+vJLE4u1gvPjexLDVPzxdEGvvmZ+X75ZekLlOVfvTjc8FPJgaGiiIGKaiG5Py84vycVD1nCA1SyAABjCCFBQCV27OjYAAAAA==[0m[INFO] --- maven-resources-plugin:3.0.2:resources (default-resources) @ spring-petclinic-discovery-server ---
[INFO] Using 'UTF-8' encoding to copy filtered resources.
[INFO] Copying 0 resource
[INFO] Copying 1 resource
[INFO] 
[8mha:////4LY9qAbl0+xaq4stsC31wXaa51IICuI8DGD7yd5+vXM8AAAAYB+LCAAAAAAAAP9b85aBtbiIQSmjNKU4P0+vJLE4u1gvPjexLDVPzxdEGvvmZ+X75ZekLlOVfvTjc8FPJgaGiiIGKaiG5Py84vycVD1nCA1SyAABjCCFBQCV27OjYAAAAA==[0m[INFO] --- maven-compiler-plugin:3.7.0:compile (default-compile) @ spring-petclinic-discovery-server ---
[INFO] Changes detected - recompiling the module!
[INFO] Compiling 1 source file to /var/jenkins_home/jobs/spring-petclinic-microservices-end-to-end-tests/workspace/spring-petclinic-discovery-server/target/classes
[INFO] 
[8mha:////4LY9qAbl0+xaq4stsC31wXaa51IICuI8DGD7yd5+vXM8AAAAYB+LCAAAAAAAAP9b85aBtbiIQSmjNKU4P0+vJLE4u1gvPjexLDVPzxdEGvvmZ+X75ZekLlOVfvTjc8FPJgaGiiIGKaiG5Py84vycVD1nCA1SyAABjCCFBQCV27OjYAAAAA==[0m[INFO] --- maven-resources-plugin:3.0.2:testResources (default-testResources) @ spring-petclinic-discovery-server ---
[INFO] Not copying test resources
[INFO] 
[8mha:////4LY9qAbl0+xaq4stsC31wXaa51IICuI8DGD7yd5+vXM8AAAAYB+LCAAAAAAAAP9b85aBtbiIQSmjNKU4P0+vJLE4u1gvPjexLDVPzxdEGvvmZ+X75ZekLlOVfvTjc8FPJgaGiiIGKaiG5Py84vycVD1nCA1SyAABjCCFBQCV27OjYAAAAA==[0m[INFO] --- maven-compiler-plugin:3.7.0:testCompile (default-testCompile) @ spring-petclinic-discovery-server ---
[INFO] Not compiling test sources
[INFO] 
[8mha:////4LY9qAbl0+xaq4stsC31wXaa51IICuI8DGD7yd5+vXM8AAAAYB+LCAAAAAAAAP9b85aBtbiIQSmjNKU4P0+vJLE4u1gvPjexLDVPzxdEGvvmZ+X75ZekLlOVfvTjc8FPJgaGiiIGKaiG5Py84vycVD1nCA1SyAABjCCFBQCV27OjYAAAAA==[0m[INFO] --- maven-surefire-plugin:2.22.0:test (default-test) @ spring-petclinic-discovery-server ---
[INFO] Tests are skipped.
[INFO] 
[8mha:////4LY9qAbl0+xaq4stsC31wXaa51IICuI8DGD7yd5+vXM8AAAAYB+LCAAAAAAAAP9b85aBtbiIQSmjNKU4P0+vJLE4u1gvPjexLDVPzxdEGvvmZ+X75ZekLlOVfvTjc8FPJgaGiiIGKaiG5Py84vycVD1nCA1SyAABjCCFBQCV27OjYAAAAA==[0m[INFO] --- maven-jar-plugin:2.1:jar (default-jar) @ spring-petclinic-discovery-server ---
[INFO] Building jar: /var/jenkins_home/jobs/spring-petclinic-microservices-end-to-end-tests/workspace/spring-petclinic-discovery-server/target/spring-petclinic-discovery-server-2.0.5.jar
[INFO] 
[8mha:////4LY9qAbl0+xaq4stsC31wXaa51IICuI8DGD7yd5+vXM8AAAAYB+LCAAAAAAAAP9b85aBtbiIQSmjNKU4P0+vJLE4u1gvPjexLDVPzxdEGvvmZ+X75ZekLlOVfvTjc8FPJgaGiiIGKaiG5Py84vycVD1nCA1SyAABjCCFBQCV27OjYAAAAA==[0m[INFO] --- spring-boot-maven-plugin:2.0.5.RELEASE:repackage (default) @ spring-petclinic-discovery-server ---
[INFO] 
[8mha:////4LY9qAbl0+xaq4stsC31wXaa51IICuI8DGD7yd5+vXM8AAAAYB+LCAAAAAAAAP9b85aBtbiIQSmjNKU4P0+vJLE4u1gvPjexLDVPzxdEGvvmZ+X75ZekLlOVfvTjc8FPJgaGiiIGKaiG5Py84vycVD1nCA1SyAABjCCFBQCV27OjYAAAAA==[0m[INFO] --- maven-install-plugin:2.5.2:install (default-install) @ spring-petclinic-discovery-server ---
[INFO] Installing /var/jenkins_home/jobs/spring-petclinic-microservices-end-to-end-tests/workspace/spring-petclinic-discovery-server/target/spring-petclinic-discovery-server-2.0.5.jar to /var/jenkins_home/.m2/repository/org/springframework/samples/petclinic/discovery/spring-petclinic-discovery-server/2.0.5/spring-petclinic-discovery-server-2.0.5.jar
[INFO] Installing /var/jenkins_home/jobs/spring-petclinic-microservices-end-to-end-tests/workspace/spring-petclinic-discovery-server/pom.xml to /var/jenkins_home/.m2/repository/org/springframework/samples/petclinic/discovery/spring-petclinic-discovery-server/2.0.5/spring-petclinic-discovery-server-2.0.5.pom
[INFO] 
[8mha:////4LY9qAbl0+xaq4stsC31wXaa51IICuI8DGD7yd5+vXM8AAAAYB+LCAAAAAAAAP9b85aBtbiIQSmjNKU4P0+vJLE4u1gvPjexLDVPzxdEGvvmZ+X75ZekLlOVfvTjc8FPJgaGiiIGKaiG5Py84vycVD1nCA1SyAABjCCFBQCV27OjYAAAAA==[0m[INFO] --- docker-maven-plugin:1.1.1:build (default) @ spring-petclinic-discovery-server ---
[INFO] Using authentication suppliers: [ConfigFileRegistryAuthSupplier]
[INFO] Copying /var/jenkins_home/jobs/spring-petclinic-microservices-end-to-end-tests/workspace/spring-petclinic-discovery-server/target/spring-petclinic-discovery-server-2.0.5.jar -> /var/jenkins_home/jobs/spring-petclinic-microservices-end-to-end-tests/workspace/spring-petclinic-discovery-server/target/docker/spring-petclinic-discovery-server-2.0.5.jar
[INFO] Copying /var/jenkins_home/jobs/spring-petclinic-microservices-end-to-end-tests/workspace/spring-petclinic-discovery-server/../docker/Dockerfile -> /var/jenkins_home/jobs/spring-petclinic-microservices-end-to-end-tests/workspace/spring-petclinic-discovery-server/target/docker/Dockerfile
[INFO] Building image mszarlinski/spring-petclinic-discovery-server
Step 1/13 : FROM openjdk:8-jre-alpine

 ---> 2e01f547f003
Step 2/13 : VOLUME /tmp

 ---> Using cache
 ---> 6904023c293c
Step 3/13 : ARG DOCKERIZE_VERSION

 ---> Using cache
 ---> 608e773d8816
Step 4/13 : ARG ARTIFACT_NAME

 ---> Using cache
 ---> d19f1c993276
Step 5/13 : ARG EXPOSED_PORT

 ---> Using cache
 ---> c6ba086171e4
Step 6/13 : ENV SPRING_PROFILES_ACTIVE docker

 ---> Using cache
 ---> 22776da4e776
Step 7/13 : ADD https://github.com/jwilder/dockerize/releases/download/${DOCKERIZE_VERSION}/dockerize-alpine-linux-amd64-${DOCKERIZE_VERSION}.tar.gz dockerize.tar.gz

null: Downloading [>                                                  ]  33.31kB/3.006MB
[1A[2Knull: Downloading [=>                                                 ]  68.12kB/3.006MB
[0B[1A[2Knull: Downloading [=>                                                 ]  102.9kB/3.006MB
[0B[1A[2Knull: Downloading [====>                                              ]  242.2kB/3.006MB
[0B[1A[2Knull: Downloading [=======>                                           ]  451.1kB/3.006MB
[0B[1A[2Knull: Downloading [============>                                      ]  729.6kB/3.006MB
[0B[1A[2Knull: Downloading [=======================>                           ]  1.426MB/3.006MB
[0B[1A[2Knull: Downloading [===============================>                   ]  1.913MB/3.006MB
[0B[1A[2Knull: Downloading [==========================================>        ]   2.54MB/3.006MB
[0B[1A[2Knull: Downloading [==================================================>]  3.006MB/3.006MB
[0B
 ---> Using cache
 ---> eb188b06f9ee
Step 8/13 : RUN tar xzf dockerize.tar.gz

 ---> Using cache
 ---> df588d9fe14d
Step 9/13 : RUN chmod +x dockerize

 ---> Using cache
 ---> 1ba976136f35
Step 10/13 : ADD ${ARTIFACT_NAME}.jar /app.jar

 ---> ad3bb0623deb
Step 11/13 : RUN touch /app.jar

 ---> Running in 18ac1c5387ec
Removing intermediate container 18ac1c5387ec
 ---> 2207cf717ac5
Step 12/13 : EXPOSE ${EXPOSED_PORT}

 ---> Running in 8b3fec1507d4
Removing intermediate container 8b3fec1507d4
 ---> e9f938ca1d81
Step 13/13 : RUN wget -O /qrebel-agent.jar https://hub.qrebel.com/getagent/qrebel-agent.jar

 ---> Running in 4b165e8efbfa
[91mConnecting to hub.qrebel.com (54.81.134.46:443)
[0m
[91mqrebel-agent.jar       0% |                               |    11k  0:12:55 ETA
[0m
[91mqrebel-agent.jar      12% |***                            |  1028k  0:00:14 ETA
[0m
[91mqrebel-agent.jar      36% |***********                    |  3108k  0:00:05 ETA
[0m
[91mqrebel-agent.jar      75% |***********************        |  6452k  0:00:01 ETA
[0m
[91mqrebel-agent.jar     100% |*******************************|  8539k  0:00:00 ETA

[0m
Removing intermediate container 4b165e8efbfa
 ---> ff17529c45e7
ProgressMessage{id=null, status=null, stream=null, error=null, progress=null, progressDetail=null}
Successfully built ff17529c45e7
Successfully tagged mszarlinski/spring-petclinic-discovery-server:latest
[INFO] Built mszarlinski/spring-petclinic-discovery-server
[INFO]                                                                         
[INFO] ------------------------------------------------------------------------
[INFO] Building spring-petclinic-api-gateway 2.0.5
[INFO] ------------------------------------------------------------------------
[INFO] 
[8mha:////4LY9qAbl0+xaq4stsC31wXaa51IICuI8DGD7yd5+vXM8AAAAYB+LCAAAAAAAAP9b85aBtbiIQSmjNKU4P0+vJLE4u1gvPjexLDVPzxdEGvvmZ+X75ZekLlOVfvTjc8FPJgaGiiIGKaiG5Py84vycVD1nCA1SyAABjCCFBQCV27OjYAAAAA==[0m[INFO] --- maven-clean-plugin:3.0.0:clean (default-clean) @ spring-petclinic-api-gateway ---
[INFO] Deleting /var/jenkins_home/jobs/spring-petclinic-microservices-end-to-end-tests/workspace/spring-petclinic-api-gateway/target
[INFO] 
[8mha:////4LY9qAbl0+xaq4stsC31wXaa51IICuI8DGD7yd5+vXM8AAAAYB+LCAAAAAAAAP9b85aBtbiIQSmjNKU4P0+vJLE4u1gvPjexLDVPzxdEGvvmZ+X75ZekLlOVfvTjc8FPJgaGiiIGKaiG5Py84vycVD1nCA1SyAABjCCFBQCV27OjYAAAAA==[0m[INFO] --- git-commit-id-plugin:2.2.5:revision (default) @ spring-petclinic-api-gateway ---
[INFO] dotGitDirectory /var/jenkins_home/jobs/spring-petclinic-microservices-end-to-end-tests/workspace/.git
[INFO] git.build.user.name 
[INFO] git.build.user.email 
[INFO] Using environment variable based branch name. GIT_BRANCH = origin/master
[INFO] git.branch origin/master
[INFO] --always = true
[INFO] --dirty = -dirty
[INFO] --abbrev = 7
[INFO] Tag refs [[Ref[refs/tags/v1.5.9=387f824fd9f4ce6e1693b43eec9fc35867fc9f3e], Ref[refs/tags/v2.0.3=8fa041c08ec96e3079c0df4006b537f8c0b3ad85]]]
[INFO] Created map: [{}]
[INFO] evalCommit is [a1fd7a3da612abf03af80a6a61370452f903f4f7]
[INFO] git.commit.id.describe a1fd7a3
[INFO] git.commit.id a1fd7a3da612abf03af80a6a61370452f903f4f7
[INFO] git.commit.id.abbrev a1fd7a3
[INFO] git.dirty false
[INFO] git.commit.user.name Sten
[INFO] git.commit.user.email sten@Stens-MacBook.local
[INFO] git.commit.message.full PET-37 #Fix specialty not saved
[INFO] git.commit.message.short PET-37 #Fix specialty not saved
[INFO] git.commit.time 2018-12-07T17:04:53+0000
[INFO] git.remote.origin.url https://github.com/sten711/spring-petclinic-microservices
[INFO] git.tags 
[INFO] evalCommit is [a1fd7a3da612abf03af80a6a61370452f903f4f7]
[INFO] Tag refs [[Ref[refs/tags/v1.5.9=387f824fd9f4ce6e1693b43eec9fc35867fc9f3e], Ref[refs/tags/v2.0.3=8fa041c08ec96e3079c0df4006b537f8c0b3ad85]]]
[INFO] Created map: [{}]
[INFO] git.closest.tag.name 
[INFO] evalCommit is [a1fd7a3da612abf03af80a6a61370452f903f4f7]
[INFO] Tag refs [[Ref[refs/tags/v1.5.9=387f824fd9f4ce6e1693b43eec9fc35867fc9f3e], Ref[refs/tags/v2.0.3=8fa041c08ec96e3079c0df4006b537f8c0b3ad85]]]
[INFO] Created map: [{}]
[INFO] git.closest.tag.commit.count 
[INFO] git.total.commit.count 634
[INFO] git.build.time 2018-12-08T20:44:44+0000
[INFO] git.build.version 2.0.5
[INFO] git.build.host 7328c9c8bcb8
[INFO] git.build.number 85
[INFO] git.commit.id.describe-short a1fd7a3
[INFO] found property git.build.user.email
[INFO] found property git.build.host
[INFO] found property git.dirty
[INFO] found property git.remote.origin.url
[INFO] found property git.closest.tag.name
[INFO] found property git.total.commit.count
[INFO] found property git.commit.id.describe-short
[INFO] found property git.commit.user.email
[INFO] found property git.commit.time
[INFO] found property git.commit.message.full
[INFO] found property git.build.version
[INFO] found property git.commit.message.short
[INFO] found property git.commit.id.abbrev
[INFO] found property git.branch
[INFO] found property git.build.user.name
[INFO] found property git.build.number
[INFO] found property git.closest.tag.commit.count
[INFO] found property git.commit.id.describe
[INFO] found property git.commit.id
[INFO] found property git.tags
[INFO] found property git.build.time
[INFO] found property git.commit.user.name
[INFO] Writing properties file to [/var/jenkins_home/jobs/spring-petclinic-microservices-end-to-end-tests/workspace/spring-petclinic-api-gateway/target/classes/git.properties] (for module spring-petclinic-api-gateway)...
[INFO] 
[8mha:////4LY9qAbl0+xaq4stsC31wXaa51IICuI8DGD7yd5+vXM8AAAAYB+LCAAAAAAAAP9b85aBtbiIQSmjNKU4P0+vJLE4u1gvPjexLDVPzxdEGvvmZ+X75ZekLlOVfvTjc8FPJgaGiiIGKaiG5Py84vycVD1nCA1SyAABjCCFBQCV27OjYAAAAA==[0m[INFO] --- spring-boot-maven-plugin:2.0.5.RELEASE:build-info (default) @ spring-petclinic-api-gateway ---
[INFO] 
[8mha:////4LY9qAbl0+xaq4stsC31wXaa51IICuI8DGD7yd5+vXM8AAAAYB+LCAAAAAAAAP9b85aBtbiIQSmjNKU4P0+vJLE4u1gvPjexLDVPzxdEGvvmZ+X75ZekLlOVfvTjc8FPJgaGiiIGKaiG5Py84vycVD1nCA1SyAABjCCFBQCV27OjYAAAAA==[0m[INFO] --- wro4j-maven-plugin:1.8.0:run (default) @ spring-petclinic-api-gateway ---
[INFO] /var/jenkins_home/jobs/spring-petclinic-microservices-end-to-end-tests/workspace/spring-petclinic-api-gateway/src/main/less
[INFO] Executing the mojo: 
[INFO] Wro4j Model path: /var/jenkins_home/jobs/spring-petclinic-microservices-end-to-end-tests/workspace/spring-petclinic-api-gateway/src/main/wro/wro.xml
[INFO] targetGroups: null
[INFO] minimize: true
[INFO] ignoreMissingResources: null
[INFO] parallelProcessing: false
[INFO] buildDirectory: /var/jenkins_home/jobs/spring-petclinic-microservices-end-to-end-tests/workspace/spring-petclinic-api-gateway/target
[INFO] destinationFolder: /var/jenkins_home/jobs/spring-petclinic-microservices-end-to-end-tests/workspace/spring-petclinic-api-gateway/target
[INFO] cssDestinationFolder: /var/jenkins_home/jobs/spring-petclinic-microservices-end-to-end-tests/workspace/spring-petclinic-api-gateway/target/classes/static/css
[INFO] The following groups will be processed: [petclinic]
[INFO] folder: /var/jenkins_home/jobs/spring-petclinic-microservices-end-to-end-tests/workspace/spring-petclinic-api-gateway/target/classes/static/css
[INFO] processing group: petclinic.css
[8mha:////4OTdWSVPjwWOiesBxje+vCOSu4SSYFGfDIEbjHNcXIjfAAAAYx+LCAAAAAAAAP9b85aBtbiIQSWjNKU4P0+vJLE4u1gvPjexLDVPzxdEhicW5WXmpfvll6S2fNly5fzGzauYGBgqihikoFqS8/OK83NS9ZwhNEghAwQwghQWAACwxA+XYgAAAA==[0m[WARNING] Less warnings are:
[8mha:////4OTdWSVPjwWOiesBxje+vCOSu4SSYFGfDIEbjHNcXIjfAAAAYx+LCAAAAAAAAP9b85aBtbiIQSWjNKU4P0+vJLE4u1gvPjexLDVPzxdEhicW5WXmpfvll6S2fNly5fzGzauYGBgqihikoFqS8/OK83NS9ZwhNEghAwQwghQWAACwxA+XYgAAAA==[0m[WARNING] 10:1 Cannot link source map. Css result location is not know and could not be deduced from input less source..
[INFO] file size: petclinic.css -> 152551 bytes
[INFO] /var/jenkins_home/jobs/spring-petclinic-microservices-end-to-end-tests/workspace/spring-petclinic-api-gateway/target/classes/static/css/petclinic.css (152551 bytes)
[INFO] folder: /var/jenkins_home/jobs/spring-petclinic-microservices-end-to-end-tests/workspace/spring-petclinic-api-gateway/target
[INFO] processing group: petclinic.js
[INFO] 
[8mha:////4LY9qAbl0+xaq4stsC31wXaa51IICuI8DGD7yd5+vXM8AAAAYB+LCAAAAAAAAP9b85aBtbiIQSmjNKU4P0+vJLE4u1gvPjexLDVPzxdEGvvmZ+X75ZekLlOVfvTjc8FPJgaGiiIGKaiG5Py84vycVD1nCA1SyAABjCCFBQCV27OjYAAAAA==[0m[INFO] --- maven-resources-plugin:3.0.2:resources (default-resources) @ spring-petclinic-api-gateway ---
[INFO] Using 'UTF-8' encoding to copy filtered resources.
[INFO] Copying 1 resource
[INFO] Copying 56 resources
[INFO] 
[8mha:////4LY9qAbl0+xaq4stsC31wXaa51IICuI8DGD7yd5+vXM8AAAAYB+LCAAAAAAAAP9b85aBtbiIQSmjNKU4P0+vJLE4u1gvPjexLDVPzxdEGvvmZ+X75ZekLlOVfvTjc8FPJgaGiiIGKaiG5Py84vycVD1nCA1SyAABjCCFBQCV27OjYAAAAA==[0m[INFO] --- maven-compiler-plugin:3.7.0:compile (default-compile) @ spring-petclinic-api-gateway ---
[INFO] Changes detected - recompiling the module!
[INFO] Compiling 9 source files to /var/jenkins_home/jobs/spring-petclinic-microservices-end-to-end-tests/workspace/spring-petclinic-api-gateway/target/classes
[INFO] 
[8mha:////4LY9qAbl0+xaq4stsC31wXaa51IICuI8DGD7yd5+vXM8AAAAYB+LCAAAAAAAAP9b85aBtbiIQSmjNKU4P0+vJLE4u1gvPjexLDVPzxdEGvvmZ+X75ZekLlOVfvTjc8FPJgaGiiIGKaiG5Py84vycVD1nCA1SyAABjCCFBQCV27OjYAAAAA==[0m[INFO] --- maven-resources-plugin:3.0.2:testResources (default-testResources) @ spring-petclinic-api-gateway ---
[INFO] Not copying test resources
[INFO] 
[8mha:////4LY9qAbl0+xaq4stsC31wXaa51IICuI8DGD7yd5+vXM8AAAAYB+LCAAAAAAAAP9b85aBtbiIQSmjNKU4P0+vJLE4u1gvPjexLDVPzxdEGvvmZ+X75ZekLlOVfvTjc8FPJgaGiiIGKaiG5Py84vycVD1nCA1SyAABjCCFBQCV27OjYAAAAA==[0m[INFO] --- maven-compiler-plugin:3.7.0:testCompile (default-testCompile) @ spring-petclinic-api-gateway ---
[INFO] Not compiling test sources
[INFO] 
[8mha:////4LY9qAbl0+xaq4stsC31wXaa51IICuI8DGD7yd5+vXM8AAAAYB+LCAAAAAAAAP9b85aBtbiIQSmjNKU4P0+vJLE4u1gvPjexLDVPzxdEGvvmZ+X75ZekLlOVfvTjc8FPJgaGiiIGKaiG5Py84vycVD1nCA1SyAABjCCFBQCV27OjYAAAAA==[0m[INFO] --- maven-surefire-plugin:2.22.0:test (default-test) @ spring-petclinic-api-gateway ---
[INFO] Tests are skipped.
[INFO] 
[8mha:////4LY9qAbl0+xaq4stsC31wXaa51IICuI8DGD7yd5+vXM8AAAAYB+LCAAAAAAAAP9b85aBtbiIQSmjNKU4P0+vJLE4u1gvPjexLDVPzxdEGvvmZ+X75ZekLlOVfvTjc8FPJgaGiiIGKaiG5Py84vycVD1nCA1SyAABjCCFBQCV27OjYAAAAA==[0m[INFO] --- maven-jar-plugin:2.1:jar (default-jar) @ spring-petclinic-api-gateway ---
[INFO] Building jar: /var/jenkins_home/jobs/spring-petclinic-microservices-end-to-end-tests/workspace/spring-petclinic-api-gateway/target/spring-petclinic-api-gateway-2.0.5.jar
[INFO] 
[8mha:////4LY9qAbl0+xaq4stsC31wXaa51IICuI8DGD7yd5+vXM8AAAAYB+LCAAAAAAAAP9b85aBtbiIQSmjNKU4P0+vJLE4u1gvPjexLDVPzxdEGvvmZ+X75ZekLlOVfvTjc8FPJgaGiiIGKaiG5Py84vycVD1nCA1SyAABjCCFBQCV27OjYAAAAA==[0m[INFO] --- spring-boot-maven-plugin:2.0.5.RELEASE:repackage (default) @ spring-petclinic-api-gateway ---
[INFO] 
[8mha:////4LY9qAbl0+xaq4stsC31wXaa51IICuI8DGD7yd5+vXM8AAAAYB+LCAAAAAAAAP9b85aBtbiIQSmjNKU4P0+vJLE4u1gvPjexLDVPzxdEGvvmZ+X75ZekLlOVfvTjc8FPJgaGiiIGKaiG5Py84vycVD1nCA1SyAABjCCFBQCV27OjYAAAAA==[0m[INFO] --- maven-install-plugin:2.5.2:install (default-install) @ spring-petclinic-api-gateway ---
[INFO] Installing /var/jenkins_home/jobs/spring-petclinic-microservices-end-to-end-tests/workspace/spring-petclinic-api-gateway/target/spring-petclinic-api-gateway-2.0.5.jar to /var/jenkins_home/.m2/repository/org/springframework/samples/petclinic/api/spring-petclinic-api-gateway/2.0.5/spring-petclinic-api-gateway-2.0.5.jar
[INFO] Installing /var/jenkins_home/jobs/spring-petclinic-microservices-end-to-end-tests/workspace/spring-petclinic-api-gateway/pom.xml to /var/jenkins_home/.m2/repository/org/springframework/samples/petclinic/api/spring-petclinic-api-gateway/2.0.5/spring-petclinic-api-gateway-2.0.5.pom
[INFO] 
[8mha:////4LY9qAbl0+xaq4stsC31wXaa51IICuI8DGD7yd5+vXM8AAAAYB+LCAAAAAAAAP9b85aBtbiIQSmjNKU4P0+vJLE4u1gvPjexLDVPzxdEGvvmZ+X75ZekLlOVfvTjc8FPJgaGiiIGKaiG5Py84vycVD1nCA1SyAABjCCFBQCV27OjYAAAAA==[0m[INFO] --- docker-maven-plugin:1.1.1:build (default) @ spring-petclinic-api-gateway ---
[INFO] Using authentication suppliers: [ConfigFileRegistryAuthSupplier]
[INFO] Copying /var/jenkins_home/jobs/spring-petclinic-microservices-end-to-end-tests/workspace/spring-petclinic-api-gateway/target/spring-petclinic-api-gateway-2.0.5.jar -> /var/jenkins_home/jobs/spring-petclinic-microservices-end-to-end-tests/workspace/spring-petclinic-api-gateway/target/docker/spring-petclinic-api-gateway-2.0.5.jar
[INFO] Copying /var/jenkins_home/jobs/spring-petclinic-microservices-end-to-end-tests/workspace/spring-petclinic-api-gateway/../docker/Dockerfile -> /var/jenkins_home/jobs/spring-petclinic-microservices-end-to-end-tests/workspace/spring-petclinic-api-gateway/target/docker/Dockerfile
[INFO] Building image mszarlinski/spring-petclinic-api-gateway
Step 1/13 : FROM openjdk:8-jre-alpine

 ---> 2e01f547f003
Step 2/13 : VOLUME /tmp

 ---> Using cache
 ---> 6904023c293c
Step 3/13 : ARG DOCKERIZE_VERSION

 ---> Using cache
 ---> 608e773d8816
Step 4/13 : ARG ARTIFACT_NAME

 ---> Using cache
 ---> d19f1c993276
Step 5/13 : ARG EXPOSED_PORT

 ---> Using cache
 ---> c6ba086171e4
Step 6/13 : ENV SPRING_PROFILES_ACTIVE docker

 ---> Using cache
 ---> 22776da4e776
Step 7/13 : ADD https://github.com/jwilder/dockerize/releases/download/${DOCKERIZE_VERSION}/dockerize-alpine-linux-amd64-${DOCKERIZE_VERSION}.tar.gz dockerize.tar.gz

null: Downloading [>                                                  ]  33.31kB/3.006MB
[1A[2Knull: Downloading [=>                                                 ]  68.12kB/3.006MB
[0B[1A[2Knull: Downloading [==>                                                ]  137.8kB/3.006MB
[0B[1A[2Knull: Downloading [=====>                                             ]  311.8kB/3.006MB
[0B[1A[2Knull: Downloading [=========>                                         ]  555.5kB/3.006MB
[0B[1A[2Knull: Downloading [=============>                                     ]  834.1kB/3.006MB
[0B[1A[2Knull: Downloading [=======================>                           ]  1.426MB/3.006MB
[0B[1A[2Knull: Downloading [===================================>               ]  2.122MB/3.006MB
[0B[1A[2Knull: Downloading [======================================>            ]  2.296MB/3.006MB
[0B[1A[2Knull: Downloading [==================================================>]  3.006MB/3.006MB
[0B
 ---> Using cache
 ---> eb188b06f9ee
Step 8/13 : RUN tar xzf dockerize.tar.gz

 ---> Using cache
 ---> 423dd9248303
Step 9/13 : RUN chmod +x dockerize

 ---> Using cache
 ---> 0f607ca1c7ba
Step 10/13 : ADD ${ARTIFACT_NAME}.jar /app.jar

 ---> 4926dfcd22e8
Step 11/13 : RUN touch /app.jar

 ---> Running in 3381a21a22e3
Removing intermediate container 3381a21a22e3
 ---> aa7ecc75482a
Step 12/13 : EXPOSE ${EXPOSED_PORT}

 ---> Running in e2ccae832b87
Removing intermediate container e2ccae832b87
 ---> b8b57188898e
Step 13/13 : RUN wget -O /qrebel-agent.jar https://hub.qrebel.com/getagent/qrebel-agent.jar

 ---> Running in 8552e627d904
[91mConnecting to hub.qrebel.com (54.81.134.46:443)
[0m
[91mqrebel-agent.jar       2% |                               |   195k  0:00:42 ETA
[0m
[91mqrebel-agent.jar      25% |*******                        |  2179k  0:00:05 ETA
[0m
[91mqrebel-agent.jar      59% |******************             |  5059k  0:00:02 ETA
[0m
[91mqrebel-agent.jar    [0m
[91m 100%[0m
[91m |*******************************|  8539k  0:00:00 ETA

[0m
Removing intermediate container 8552e627d904
 ---> 40f6e3ab26f1
ProgressMessage{id=null, status=null, stream=null, error=null, progress=null, progressDetail=null}
Successfully built 40f6e3ab26f1
Successfully tagged mszarlinski/spring-petclinic-api-gateway:latest
[INFO] Built mszarlinski/spring-petclinic-api-gateway
[INFO] ------------------------------------------------------------------------
[INFO] Reactor Summary:
[INFO] 
[INFO] spring-petclinic-microservices ..................... SUCCESS [  0.654 s]
[INFO] spring-petclinic-admin-server ...................... SUCCESS [ 31.138 s]
[INFO] spring-petclinic-customers-service ................. SUCCESS [ 16.695 s]
[INFO] spring-petclinic-vets-service ...................... SUCCESS [ 15.906 s]
[INFO] spring-petclinic-visits-service .................... SUCCESS [ 14.243 s]
[INFO] spring-petclinic-config-server ..................... SUCCESS [ 11.945 s]
[INFO] spring-petclinic-discovery-server .................. SUCCESS [ 14.102 s]
[INFO] spring-petclinic-api-gateway ....................... SUCCESS [ 20.306 s]
[INFO] ------------------------------------------------------------------------
[INFO] BUILD SUCCESS
[INFO] ------------------------------------------------------------------------
[INFO] Total time: 02:06 min
[INFO] Finished at: 2018-12-08T20:45:04+00:00
[INFO] Final Memory: 126M/461M
[INFO] ------------------------------------------------------------------------
[workspace] $ /bin/sh -xe /tmp/jenkins4736950534484813947.sh
+ docker-compose up -d
Creating config-server ... 
Creating tracing-server ... 
[1A[2KCreating tracing-server ... [32mdone[0m[1B[2A[2KCreating config-server  ... [32mdone[0m[2BCreating discovery-server ... 
[1A[2KCreating discovery-server ... [32mdone[0m[1BCreating admin-server     ... 
Creating api-gateway      ... 
Creating vets-service     ... 
Creating customers-service ... 
Creating visits-service    ... 
[5A[2KCreating admin-server      ... [32mdone[0m[5B[3A[2KCreating vets-service      ... [32mdone[0m[3B[1A[2KCreating visits-service    ... [32mdone[0m[1B[4A[2KCreating api-gateway       ... [32mdone[0m[4B[2A[2KCreating customers-service ... [32mdone[0m[2B+ wait-for-it api-gateway:8080 -t 1000
wait-for-it: waiting 1000 seconds for api-gateway:8080
wait-for-it: api-gateway:8080 is available after 135 seconds
+ wait-for-it customers-service:8081 -t 1000
wait-for-it: waiting 1000 seconds for customers-service:8081
wait-for-it: customers-service:8081 is available after 21 seconds
+ wait-for-it vets-service:8083 -t 1000
wait-for-it: waiting 1000 seconds for vets-service:8083
wait-for-it: vets-service:8083 is available after 0 seconds
+ wait-for-it visits-service:8082 -t 1000
wait-for-it: waiting 1000 seconds for visits-service:8082
wait-for-it: visits-service:8082 is available after 0 seconds
[workspace] $ mvn -f spring-petclinic-e2e-tests/pom.xml clean verify -P jenkins -Dmaven.test.failure.ignore=true
[INFO] Scanning for projects...
[INFO]                                                                         
[INFO] ------------------------------------------------------------------------
[INFO] Building spring-petclinic-e2e-tests 2.0.5
[INFO] ------------------------------------------------------------------------
Downloading: http://repo.spring.io/milestone/org/springframework/boot/spring-boot-starter/maven-metadata.xml
Downloading: https://repo.maven.apache.org/maven2/org/springframework/boot/spring-boot-starter/maven-metadata.xml
1/5 KB   5/5 KB            Downloaded: http://repo.spring.io/milestone/org/springframework/boot/spring-boot-starter/maven-metadata.xml (5 KB at 6.2 KB/sec)
3/4 KB   4/4 KB            Downloaded: https://repo.maven.apache.org/maven2/org/springframework/boot/spring-boot-starter/maven-metadata.xml (4 KB at 2.8 KB/sec)
Downloading: http://repo.spring.io/milestone/org/springframework/boot/spring-boot-starter-test/maven-metadata.xml
Downloading: https://repo.maven.apache.org/maven2/org/springframework/boot/spring-boot-starter-test/maven-metadata.xml
3/4 KB   4/4 KB            Downloaded: https://repo.maven.apache.org/maven2/org/springframework/boot/spring-boot-starter-test/maven-metadata.xml (4 KB at 27.5 KB/sec)
1/5 KB   5/5 KB            Downloaded: http://repo.spring.io/milestone/org/springframework/boot/spring-boot-starter-test/maven-metadata.xml (5 KB at 13.4 KB/sec)
[INFO] 
[8mha:////4LY9qAbl0+xaq4stsC31wXaa51IICuI8DGD7yd5+vXM8AAAAYB+LCAAAAAAAAP9b85aBtbiIQSmjNKU4P0+vJLE4u1gvPjexLDVPzxdEGvvmZ+X75ZekLlOVfvTjc8FPJgaGiiIGKaiG5Py84vycVD1nCA1SyAABjCCFBQCV27OjYAAAAA==[0m[INFO] --- maven-clean-plugin:3.0.0:clean (default-clean) @ spring-petclinic-e2e-tests ---
[INFO] Deleting /var/jenkins_home/jobs/spring-petclinic-microservices-end-to-end-tests/workspace/spring-petclinic-e2e-tests/target
[INFO] 
[8mha:////4LY9qAbl0+xaq4stsC31wXaa51IICuI8DGD7yd5+vXM8AAAAYB+LCAAAAAAAAP9b85aBtbiIQSmjNKU4P0+vJLE4u1gvPjexLDVPzxdEGvvmZ+X75ZekLlOVfvTjc8FPJgaGiiIGKaiG5Py84vycVD1nCA1SyAABjCCFBQCV27OjYAAAAA==[0m[INFO] --- maven-resources-plugin:3.0.2:resources (default-resources) @ spring-petclinic-e2e-tests ---
[INFO] Using 'UTF-8' encoding to copy filtered resources.
[INFO] skip non existing resourceDirectory /var/jenkins_home/jobs/spring-petclinic-microservices-end-to-end-tests/workspace/spring-petclinic-e2e-tests/src/main/resources
[INFO] skip non existing resourceDirectory /var/jenkins_home/jobs/spring-petclinic-microservices-end-to-end-tests/workspace/spring-petclinic-e2e-tests/src/main/resources
[INFO] 
[8mha:////4LY9qAbl0+xaq4stsC31wXaa51IICuI8DGD7yd5+vXM8AAAAYB+LCAAAAAAAAP9b85aBtbiIQSmjNKU4P0+vJLE4u1gvPjexLDVPzxdEGvvmZ+X75ZekLlOVfvTjc8FPJgaGiiIGKaiG5Py84vycVD1nCA1SyAABjCCFBQCV27OjYAAAAA==[0m[INFO] --- maven-compiler-plugin:3.7.0:compile (default-compile) @ spring-petclinic-e2e-tests ---
[INFO] No sources to compile
[INFO] 
[8mha:////4LY9qAbl0+xaq4stsC31wXaa51IICuI8DGD7yd5+vXM8AAAAYB+LCAAAAAAAAP9b85aBtbiIQSmjNKU4P0+vJLE4u1gvPjexLDVPzxdEGvvmZ+X75ZekLlOVfvTjc8FPJgaGiiIGKaiG5Py84vycVD1nCA1SyAABjCCFBQCV27OjYAAAAA==[0m[INFO] --- maven-resources-plugin:3.0.2:testResources (default-testResources) @ spring-petclinic-e2e-tests ---
[INFO] Using 'UTF-8' encoding to copy filtered resources.
[INFO] Copying 2 resources
[INFO] 
[8mha:////4LY9qAbl0+xaq4stsC31wXaa51IICuI8DGD7yd5+vXM8AAAAYB+LCAAAAAAAAP9b85aBtbiIQSmjNKU4P0+vJLE4u1gvPjexLDVPzxdEGvvmZ+X75ZekLlOVfvTjc8FPJgaGiiIGKaiG5Py84vycVD1nCA1SyAABjCCFBQCV27OjYAAAAA==[0m[INFO] --- maven-compiler-plugin:3.7.0:testCompile (default-testCompile) @ spring-petclinic-e2e-tests ---
[INFO] Changes detected - recompiling the module!
[INFO] Compiling 2 source files to /var/jenkins_home/jobs/spring-petclinic-microservices-end-to-end-tests/workspace/spring-petclinic-e2e-tests/target/test-classes
[INFO] 
[8mha:////4LY9qAbl0+xaq4stsC31wXaa51IICuI8DGD7yd5+vXM8AAAAYB+LCAAAAAAAAP9b85aBtbiIQSmjNKU4P0+vJLE4u1gvPjexLDVPzxdEGvvmZ+X75ZekLlOVfvTjc8FPJgaGiiIGKaiG5Py84vycVD1nCA1SyAABjCCFBQCV27OjYAAAAA==[0m[INFO] --- maven-surefire-plugin:2.22.0:test (default-test) @ spring-petclinic-e2e-tests ---
[INFO] 
[INFO] -------------------------------------------------------
[INFO]  T E S T S
[INFO] -------------------------------------------------------
[INFO] Running com.roguewave.petclinic.vets.tests.VetResourcesITest
20:48:00.876 [main] DEBUG org.springframework.test.context.BootstrapUtils - Instantiating CacheAwareContextLoaderDelegate from class [org.springframework.test.context.cache.DefaultCacheAwareContextLoaderDelegate]
20:48:00.924 [main] DEBUG org.springframework.test.context.BootstrapUtils - Instantiating BootstrapContext using constructor [public org.springframework.test.context.support.DefaultBootstrapContext(java.lang.Class,org.springframework.test.context.CacheAwareContextLoaderDelegate)]
20:48:00.964 [main] DEBUG org.springframework.test.context.BootstrapUtils - Instantiating TestContextBootstrapper for test class [com.roguewave.petclinic.vets.tests.VetResourcesITest] from class [org.springframework.boot.test.context.SpringBootTestContextBootstrapper]
20:48:01.008 [main] INFO org.springframework.boot.test.context.SpringBootTestContextBootstrapper - Neither @ContextConfiguration nor @ContextHierarchy found for test class [com.roguewave.petclinic.vets.tests.VetResourcesITest], using SpringBootContextLoader
20:48:01.018 [main] DEBUG org.springframework.test.context.support.AbstractContextLoader - Did not detect default resource location for test class [com.roguewave.petclinic.vets.tests.VetResourcesITest]: class path resource [com/roguewave/petclinic/vets/tests/VetResourcesITest-context.xml] does not exist
20:48:01.019 [main] DEBUG org.springframework.test.context.support.AbstractContextLoader - Did not detect default resource location for test class [com.roguewave.petclinic.vets.tests.VetResourcesITest]: class path resource [com/roguewave/petclinic/vets/tests/VetResourcesITestContext.groovy] does not exist
20:48:01.019 [main] INFO org.springframework.test.context.support.AbstractContextLoader - Could not detect default resource locations for test class [com.roguewave.petclinic.vets.tests.VetResourcesITest]: no resource found for suffixes {-context.xml, Context.groovy}.
20:48:01.021 [main] INFO org.springframework.test.context.support.AnnotationConfigContextLoaderUtils - Could not detect default configuration classes for test class [com.roguewave.petclinic.vets.tests.VetResourcesITest]: VetResourcesITest does not declare any static, non-private, non-final, nested classes annotated with @Configuration.
20:48:01.107 [main] DEBUG org.springframework.test.context.support.ActiveProfilesUtils - Could not find an 'annotation declaring class' for annotation type [org.springframework.test.context.ActiveProfiles] and class [com.roguewave.petclinic.vets.tests.VetResourcesITest]
20:48:01.124 [main] DEBUG org.springframework.core.env.StandardEnvironment - Adding PropertySource 'systemProperties' with lowest search precedence
20:48:01.125 [main] DEBUG org.springframework.core.env.StandardEnvironment - Adding PropertySource 'systemEnvironment' with lowest search precedence
20:48:01.129 [main] DEBUG org.springframework.core.env.StandardEnvironment - Initialized StandardEnvironment with PropertySources [MapPropertySource@2039810346 {name='systemProperties', properties={java.runtime.name=OpenJDK Runtime Environment, sun.boot.library.path=/usr/lib/jvm/java-8-openjdk-amd64/jre/lib/amd64, java.vm.version=25.181-b13, java.vm.vendor=Oracle Corporation, java.vendor.url=http://java.oracle.com/, path.separator=:, java.vm.name=OpenJDK 64-Bit Server VM, file.encoding.pkg=sun.io, sun.java.launcher=SUN_STANDARD, sun.os.patch.level=unknown, java.vm.specification.name=Java Virtual Machine Specification, user.dir=/var/jenkins_home/jobs/spring-petclinic-microservices-end-to-end-tests/workspace/spring-petclinic-e2e-tests, java.runtime.version=1.8.0_181-8u181-b13-2~deb9u1-b13, basedir=/var/jenkins_home/jobs/spring-petclinic-microservices-end-to-end-tests/workspace/spring-petclinic-e2e-tests, java.awt.graphicsenv=sun.awt.X11GraphicsEnvironment, java.endorsed.dirs=/usr/lib/jvm/java-8-openjdk-amd64/jre/lib/endorsed, os.arch=amd64, spring.profiles.active=jenkins, java.io.tmpdir=/tmp, line.separator=
, java.vm.specification.vendor=Oracle Corporation, selenide.headless=true, os.name=Linux, sun.jnu.encoding=UTF-8, java.library.path=/usr/java/packages/lib/amd64:/usr/lib/x86_64-linux-gnu/jni:/lib/x86_64-linux-gnu:/usr/lib/x86_64-linux-gnu:/usr/lib/jni:/lib:/usr/lib, surefire.test.class.path=/var/jenkins_home/jobs/spring-petclinic-microservices-end-to-end-tests/workspace/spring-petclinic-e2e-tests/target/test-classes:/var/jenkins_home/jobs/spring-petclinic-microservices-end-to-end-tests/workspace/spring-petclinic-e2e-tests/target/classes:/var/jenkins_home/.m2/repository/org/junit/jupiter/junit-jupiter-api/5.1.1/junit-jupiter-api-5.1.1.jar:/var/jenkins_home/.m2/repository/org/apiguardian/apiguardian-api/1.0.0/apiguardian-api-1.0.0.jar:/var/jenkins_home/.m2/repository/org/opentest4j/opentest4j/1.0.0/opentest4j-1.0.0.jar:/var/jenkins_home/.m2/repository/org/junit/platform/junit-platform-commons/1.1.1/junit-platform-commons-1.1.1.jar:/var/jenkins_home/.m2/repository/org/junit/jupiter/junit-jupiter-engine/5.1.1/junit-jupiter-engine-5.1.1.jar:/var/jenkins_home/.m2/repository/org/junit/platform/junit-platform-engine/1.1.1/junit-platform-engine-1.1.1.jar:/var/jenkins_home/.m2/repository/org/junit/platform/junit-platform-runner/1.1.0/junit-platform-runner-1.1.0.jar:/var/jenkins_home/.m2/repository/org/junit/platform/junit-platform-launcher/1.1.0/junit-platform-launcher-1.1.0.jar:/var/jenkins_home/.m2/repository/org/junit/platform/junit-platform-suite-api/1.1.0/junit-platform-suite-api-1.1.0.jar:/var/jenkins_home/.m2/repository/junit/junit/4.12/junit-4.12.jar:/var/jenkins_home/.m2/repository/com/codeborne/selenide/5.0.1/selenide-5.0.1.jar:/var/jenkins_home/.m2/repository/org/seleniumhq/selenium/selenium-java/3.14.0/selenium-java-3.14.0.jar:/var/jenkins_home/.m2/repository/org/seleniumhq/selenium/selenium-api/3.14.0/selenium-api-3.14.0.jar:/var/jenkins_home/.m2/repository/org/seleniumhq/selenium/selenium-chrome-driver/3.14.0/selenium-chrome-driver-3.14.0.jar:/var/jenkins_home/.m2/repository/org/seleniumhq/selenium/selenium-edge-driver/3.14.0/selenium-edge-driver-3.14.0.jar:/var/jenkins_home/.m2/repository/org/seleniumhq/selenium/selenium-firefox-driver/3.14.0/selenium-firefox-driver-3.14.0.jar:/var/jenkins_home/.m2/repository/org/seleniumhq/selenium/selenium-ie-driver/3.14.0/selenium-ie-driver-3.14.0.jar:/var/jenkins_home/.m2/repository/org/seleniumhq/selenium/selenium-opera-driver/3.14.0/selenium-opera-driver-3.14.0.jar:/var/jenkins_home/.m2/repository/org/seleniumhq/selenium/selenium-remote-driver/3.14.0/selenium-remote-driver-3.14.0.jar:/var/jenkins_home/.m2/repository/org/seleniumhq/selenium/selenium-safari-driver/3.14.0/selenium-safari-driver-3.14.0.jar:/var/jenkins_home/.m2/repository/org/seleniumhq/selenium/selenium-support/3.14.0/selenium-support-3.14.0.jar:/var/jenkins_home/.m2/repository/net/bytebuddy/byte-buddy/1.7.11/byte-buddy-1.7.11.jar:/var/jenkins_home/.m2/repository/org/apache/commons/commons-exec/1.3/commons-exec-1.3.jar:/var/jenkins_home/.m2/repository/commons-codec/commons-codec/1.11/commons-codec-1.11.jar:/var/jenkins_home/.m2/repository/commons-logging/commons-logging/1.2/commons-logging-1.2.jar:/var/jenkins_home/.m2/repository/com/google/guava/guava/25.0-jre/guava-25.0-jre.jar:/var/jenkins_home/.m2/repository/com/google/code/findbugs/jsr305/1.3.9/jsr305-1.3.9.jar:/var/jenkins_home/.m2/repository/org/checkerframework/checker-compat-qual/2.0.0/checker-compat-qual-2.0.0.jar:/var/jenkins_home/.m2/repository/com/google/errorprone/error_prone_annotations/2.1.3/error_prone_annotations-2.1.3.jar:/var/jenkins_home/.m2/repository/com/google/j2objc/j2objc-annotations/1.1/j2objc-annotations-1.1.jar:/var/jenkins_home/.m2/repository/org/codehaus/mojo/animal-sniffer-annotations/1.14/animal-sniffer-annotations-1.14.jar:/var/jenkins_home/.m2/repository/org/apache/httpcomponents/httpclient/4.5.6/httpclient-4.5.6.jar:/var/jenkins_home/.m2/repository/org/apache/httpcomponents/httpcore/4.4.10/httpcore-4.4.10.jar:/var/jenkins_home/.m2/repository/com/squareup/okhttp3/okhttp/3.8.1/okhttp-3.8.1.jar:/var/jenkins_home/.m2/repository/com/squareup/okio/okio/1.14.1/okio-1.14.1.jar:/var/jenkins_home/.m2/repository/io/github/bonigarcia/webdrivermanager/3.0.0/webdrivermanager-3.0.0.jar:/var/jenkins_home/.m2/repository/org/slf4j/slf4j-api/1.7.25/slf4j-api-1.7.25.jar:/var/jenkins_home/.m2/repository/commons-io/commons-io/2.6/commons-io-2.6.jar:/var/jenkins_home/.m2/repository/com/google/code/gson/gson/2.8.5/gson-2.8.5.jar:/var/jenkins_home/.m2/repository/org/apache/commons/commons-lang3/3.7/commons-lang3-3.7.jar:/var/jenkins_home/.m2/repository/org/rauschig/jarchivelib/0.8.0/jarchivelib-0.8.0.jar:/var/jenkins_home/.m2/repository/org/apache/commons/commons-compress/1.14/commons-compress-1.14.jar:/var/jenkins_home/.m2/repository/org/jsoup/jsoup/1.11.3/jsoup-1.11.3.jar:/var/jenkins_home/.m2/repository/net/lightbody/bmp/browsermob-core/2.1.5/browsermob-core-2.1.5.jar:/var/jenkins_home/.m2/repository/net/lightbody/bmp/littleproxy/1.1.0-beta-bmp-17/littleproxy-1.1.0-beta-bmp-17.jar:/var/jenkins_home/.m2/repository/com/fasterxml/jackson/core/jackson-core/2.9.6/jackson-core-2.9.6.jar:/var/jenkins_home/.m2/repository/com/fasterxml/jackson/core/jackson-databind/2.9.6/jackson-databind-2.9.6.jar:/var/jenkins_home/.m2/repository/com/fasterxml/jackson/core/jackson-annotations/2.9.0/jackson-annotations-2.9.0.jar:/var/jenkins_home/.m2/repository/dnsjava/dnsjava/2.1.8/dnsjava-2.1.8.jar:/var/jenkins_home/.m2/repository/org/slf4j/jcl-over-slf4j/1.7.25/jcl-over-slf4j-1.7.25.jar:/var/jenkins_home/.m2/repository/com/jcraft/jzlib/1.1.3/jzlib-1.1.3.jar:/var/jenkins_home/.m2/repository/io/netty/netty-all/4.1.29.Final/netty-all-4.1.29.Final.jar:/var/jenkins_home/.m2/repository/org/bouncycastle/bcprov-jdk15on/1.58/bcprov-jdk15on-1.58.jar:/var/jenkins_home/.m2/repository/org/bouncycastle/bcpkix-jdk15on/1.58/bcpkix-jdk15on-1.58.jar:/var/jenkins_home/.m2/repository/net/lightbody/bmp/mitm/2.1.5/mitm-2.1.5.jar:/var/jenkins_home/.m2/repository/org/springframework/boot/spring-boot-starter/2.1.1.RELEASE/spring-boot-starter-2.1.1.RELEASE.jar:/var/jenkins_home/.m2/repository/org/springframework/boot/spring-boot/2.0.5.RELEASE/spring-boot-2.0.5.RELEASE.jar:/var/jenkins_home/.m2/repository/org/springframework/spring-context/5.0.9.RELEASE/spring-context-5.0.9.RELEASE.jar:/var/jenkins_home/.m2/repository/org/springframework/spring-aop/5.0.9.RELEASE/spring-aop-5.0.9.RELEASE.jar:/var/jenkins_home/.m2/repository/org/springframework/spring-beans/5.0.9.RELEASE/spring-beans-5.0.9.RELEASE.jar:/var/jenkins_home/.m2/repository/org/springframework/spring-expression/5.0.9.RELEASE/spring-expression-5.0.9.RELEASE.jar:/var/jenkins_home/.m2/repository/org/springframework/boot/spring-boot-autoconfigure/2.0.5.RELEASE/spring-boot-autoconfigure-2.0.5.RELEASE.jar:/var/jenkins_home/.m2/repository/org/springframework/boot/spring-boot-starter-logging/2.0.5.RELEASE/spring-boot-starter-logging-2.0.5.RELEASE.jar:/var/jenkins_home/.m2/repository/ch/qos/logback/logback-classic/1.2.3/logback-classic-1.2.3.jar:/var/jenkins_home/.m2/repository/ch/qos/logback/logback-core/1.2.3/logback-core-1.2.3.jar:/var/jenkins_home/.m2/repository/org/apache/logging/log4j/log4j-to-slf4j/2.10.0/log4j-to-slf4j-2.10.0.jar:/var/jenkins_home/.m2/repository/org/apache/logging/log4j/log4j-api/2.10.0/log4j-api-2.10.0.jar:/var/jenkins_home/.m2/repository/org/slf4j/jul-to-slf4j/1.7.25/jul-to-slf4j-1.7.25.jar:/var/jenkins_home/.m2/repository/javax/annotation/javax.annotation-api/1.3.2/javax.annotation-api-1.3.2.jar:/var/jenkins_home/.m2/repository/org/springframework/spring-core/5.0.9.RELEASE/spring-core-5.0.9.RELEASE.jar:/var/jenkins_home/.m2/repository/org/springframework/spring-jcl/5.0.9.RELEASE/spring-jcl-5.0.9.RELEASE.jar:/var/jenkins_home/.m2/repository/org/yaml/snakeyaml/1.19/snakeyaml-1.19.jar:/var/jenkins_home/.m2/repository/org/springframework/boot/spring-boot-starter-test/2.1.1.RELEASE/spring-boot-starter-test-2.1.1.RELEASE.jar:/var/jenkins_home/.m2/repository/org/springframework/boot/spring-boot-test/2.0.5.RELEASE/spring-boot-test-2.0.5.RELEASE.jar:/var/jenkins_home/.m2/repository/org/springframework/boot/spring-boot-test-autoconfigure/2.0.5.RELEASE/spring-boot-test-autoconfigure-2.0.5.RELEASE.jar:/var/jenkins_home/.m2/repository/com/jayway/jsonpath/json-path/2.4.0/json-path-2.4.0.jar:/var/jenkins_home/.m2/repository/net/minidev/json-smart/2.3/json-smart-2.3.jar:/var/jenkins_home/.m2/repository/net/minidev/accessors-smart/1.2/accessors-smart-1.2.jar:/var/jenkins_home/.m2/repository/org/ow2/asm/asm/5.0.4/asm-5.0.4.jar:/var/jenkins_home/.m2/repository/org/assertj/assertj-core/3.11.1/assertj-core-3.11.1.jar:/var/jenkins_home/.m2/repository/org/mockito/mockito-core/2.15.0/mockito-core-2.15.0.jar:/var/jenkins_home/.m2/repository/net/bytebuddy/byte-buddy-agent/1.7.11/byte-buddy-agent-1.7.11.jar:/var/jenkins_home/.m2/repository/org/objenesis/objenesis/2.6/objenesis-2.6.jar:/var/jenkins_home/.m2/repository/org/hamcrest/hamcrest-core/1.3/hamcrest-core-1.3.jar:/var/jenkins_home/.m2/repository/org/hamcrest/hamcrest-library/1.3/hamcrest-library-1.3.jar:/var/jenkins_home/.m2/repository/org/skyscreamer/jsonassert/1.5.0/jsonassert-1.5.0.jar:/var/jenkins_home/.m2/repository/com/vaadin/external/google/android-json/0.0.20131108.vaadin1/android-json-0.0.20131108.vaadin1.jar:/var/jenkins_home/.m2/repository/org/springframework/spring-test/5.0.9.RELEASE/spring-test-5.0.9.RELEASE.jar:/var/jenkins_home/.m2/repository/org/xmlunit/xmlunit-core/2.5.1/xmlunit-core-2.5.1.jar:, selenide.browser=chrome, java.specification.name=Java Platform API Specification, java.class.version=52.0, sun.management.compiler=HotSpot 64-Bit Tiered Compilers, maven.test.failure.ignore=true, os.version=4.9.93-linuxkit-aufs, user.home=/var/jenkins_home, user.timezone=Etc/UTC, java.awt.printerjob=sun.print.PSPrinterJob, file.encoding=UTF-8, java.specification.version=1.8, java.class.path=/var/jenkins_home/.m2/repository/org/apache/maven/surefire/surefire-booter/2.22.0/surefire-booter-2.22.0.jar:/var/jenkins_home/.m2/repository/org/apache/maven/surefire/surefire-api/2.22.0/surefire-api-2.22.0.jar:/var/jenkins_home/.m2/repository/org/apache/maven/surefire/surefire-logger-api/2.22.0/surefire-logger-api-2.22.0.jar:/var/jenkins_home/jobs/spring-petclinic-microservices-end-to-end-tests/workspace/spring-petclinic-e2e-tests/target/test-classes:/var/jenkins_home/jobs/spring-petclinic-microservices-end-to-end-tests/workspace/spring-petclinic-e2e-tests/target/classes:/var/jenkins_home/.m2/repository/org/junit/jupiter/junit-jupiter-api/5.1.1/junit-jupiter-api-5.1.1.jar:/var/jenkins_home/.m2/repository/org/apiguardian/apiguardian-api/1.0.0/apiguardian-api-1.0.0.jar:/var/jenkins_home/.m2/repository/org/opentest4j/opentest4j/1.0.0/opentest4j-1.0.0.jar:/var/jenkins_home/.m2/repository/org/junit/platform/junit-platform-commons/1.1.1/junit-platform-commons-1.1.1.jar:/var/jenkins_home/.m2/repository/org/junit/jupiter/junit-jupiter-engine/5.1.1/junit-jupiter-engine-5.1.1.jar:/var/jenkins_home/.m2/repository/org/junit/platform/junit-platform-engine/1.1.1/junit-platform-engine-1.1.1.jar:/var/jenkins_home/.m2/repository/org/junit/platform/junit-platform-runner/1.1.0/junit-platform-runner-1.1.0.jar:/var/jenkins_home/.m2/repository/org/junit/platform/junit-platform-launcher/1.1.0/junit-platform-launcher-1.1.0.jar:/var/jenkins_home/.m2/repository/org/junit/platform/junit-platform-suite-api/1.1.0/junit-platform-suite-api-1.1.0.jar:/var/jenkins_home/.m2/repository/junit/junit/4.12/junit-4.12.jar:/var/jenkins_home/.m2/repository/com/codeborne/selenide/5.0.1/selenide-5.0.1.jar:/var/jenkins_home/.m2/repository/org/seleniumhq/selenium/selenium-java/3.14.0/selenium-java-3.14.0.jar:/var/jenkins_home/.m2/repository/org/seleniumhq/selenium/selenium-api/3.14.0/selenium-api-3.14.0.jar:/var/jenkins_home/.m2/repository/org/seleniumhq/selenium/selenium-chrome-driver/3.14.0/selenium-chrome-driver-3.14.0.jar:/var/jenkins_home/.m2/repository/org/seleniumhq/selenium/selenium-edge-driver/3.14.0/selenium-edge-driver-3.14.0.jar:/var/jenkins_home/.m2/repository/org/seleniumhq/selenium/selenium-firefox-driver/3.14.0/selenium-firefox-driver-3.14.0.jar:/var/jenkins_home/.m2/repository/org/seleniumhq/selenium/selenium-ie-driver/3.14.0/selenium-ie-driver-3.14.0.jar:/var/jenkins_home/.m2/repository/org/seleniumhq/selenium/selenium-opera-driver/3.14.0/selenium-opera-driver-3.14.0.jar:/var/jenkins_home/.m2/repository/org/seleniumhq/selenium/selenium-remote-driver/3.14.0/selenium-remote-driver-3.14.0.jar:/var/jenkins_home/.m2/repository/org/seleniumhq/selenium/selenium-safari-driver/3.14.0/selenium-safari-driver-3.14.0.jar:/var/jenkins_home/.m2/repository/org/seleniumhq/selenium/selenium-support/3.14.0/selenium-support-3.14.0.jar:/var/jenkins_home/.m2/repository/net/bytebuddy/byte-buddy/1.7.11/byte-buddy-1.7.11.jar:/var/jenkins_home/.m2/repository/org/apache/commons/commons-exec/1.3/commons-exec-1.3.jar:/var/jenkins_home/.m2/repository/commons-codec/commons-codec/1.11/commons-codec-1.11.jar:/var/jenkins_home/.m2/repository/commons-logging/commons-logging/1.2/commons-logging-1.2.jar:/var/jenkins_home/.m2/repository/com/google/guava/guava/25.0-jre/guava-25.0-jre.jar:/var/jenkins_home/.m2/repository/com/google/code/findbugs/jsr305/1.3.9/jsr305-1.3.9.jar:/var/jenkins_home/.m2/repository/org/checkerframework/checker-compat-qual/2.0.0/checker-compat-qual-2.0.0.jar:/var/jenkins_home/.m2/repository/com/google/errorprone/error_prone_annotations/2.1.3/error_prone_annotations-2.1.3.jar:/var/jenkins_home/.m2/repository/com/google/j2objc/j2objc-annotations/1.1/j2objc-annotations-1.1.jar:/var/jenkins_home/.m2/repository/org/codehaus/mojo/animal-sniffer-annotations/1.14/animal-sniffer-annotations-1.14.jar:/var/jenkins_home/.m2/repository/org/apache/httpcomponents/httpclient/4.5.6/httpclient-4.5.6.jar:/var/jenkins_home/.m2/repository/org/apache/httpcomponents/httpcore/4.4.10/httpcore-4.4.10.jar:/var/jenkins_home/.m2/repository/com/squareup/okhttp3/okhttp/3.8.1/okhttp-3.8.1.jar:/var/jenkins_home/.m2/repository/com/squareup/okio/okio/1.14.1/okio-1.14.1.jar:/var/jenkins_home/.m2/repository/io/github/bonigarcia/webdrivermanager/3.0.0/webdrivermanager-3.0.0.jar:/var/jenkins_home/.m2/repository/org/slf4j/slf4j-api/1.7.25/slf4j-api-1.7.25.jar:/var/jenkins_home/.m2/repository/commons-io/commons-io/2.6/commons-io-2.6.jar:/var/jenkins_home/.m2/repository/com/google/code/gson/gson/2.8.5/gson-2.8.5.jar:/var/jenkins_home/.m2/repository/org/apache/commons/commons-lang3/3.7/commons-lang3-3.7.jar:/var/jenkins_home/.m2/repository/org/rauschig/jarchivelib/0.8.0/jarchivelib-0.8.0.jar:/var/jenkins_home/.m2/repository/org/apache/commons/commons-compress/1.14/commons-compress-1.14.jar:/var/jenkins_home/.m2/repository/org/jsoup/jsoup/1.11.3/jsoup-1.11.3.jar:/var/jenkins_home/.m2/repository/net/lightbody/bmp/browsermob-core/2.1.5/browsermob-core-2.1.5.jar:/var/jenkins_home/.m2/repository/net/lightbody/bmp/littleproxy/1.1.0-beta-bmp-17/littleproxy-1.1.0-beta-bmp-17.jar:/var/jenkins_home/.m2/repository/com/fasterxml/jackson/core/jackson-core/2.9.6/jackson-core-2.9.6.jar:/var/jenkins_home/.m2/repository/com/fasterxml/jackson/core/jackson-databind/2.9.6/jackson-databind-2.9.6.jar:/var/jenkins_home/.m2/repository/com/fasterxml/jackson/core/jackson-annotations/2.9.0/jackson-annotations-2.9.0.jar:/var/jenkins_home/.m2/repository/dnsjava/dnsjava/2.1.8/dnsjava-2.1.8.jar:/var/jenkins_home/.m2/repository/org/slf4j/jcl-over-slf4j/1.7.25/jcl-over-slf4j-1.7.25.jar:/var/jenkins_home/.m2/repository/com/jcraft/jzlib/1.1.3/jzlib-1.1.3.jar:/var/jenkins_home/.m2/repository/io/netty/netty-all/4.1.29.Final/netty-all-4.1.29.Final.jar:/var/jenkins_home/.m2/repository/org/bouncycastle/bcprov-jdk15on/1.58/bcprov-jdk15on-1.58.jar:/var/jenkins_home/.m2/repository/org/bouncycastle/bcpkix-jdk15on/1.58/bcpkix-jdk15on-1.58.jar:/var/jenkins_home/.m2/repository/net/lightbody/bmp/mitm/2.1.5/mitm-2.1.5.jar:/var/jenkins_home/.m2/repository/org/springframework/boot/spring-boot-starter/2.1.1.RELEASE/spring-boot-starter-2.1.1.RELEASE.jar:/var/jenkins_home/.m2/repository/org/springframework/boot/spring-boot/2.0.5.RELEASE/spring-boot-2.0.5.RELEASE.jar:/var/jenkins_home/.m2/repository/org/springframework/spring-context/5.0.9.RELEASE/spring-context-5.0.9.RELEASE.jar:/var/jenkins_home/.m2/repository/org/springframework/spring-aop/5.0.9.RELEASE/spring-aop-5.0.9.RELEASE.jar:/var/jenkins_home/.m2/repository/org/springframework/spring-beans/5.0.9.RELEASE/spring-beans-5.0.9.RELEASE.jar:/var/jenkins_home/.m2/repository/org/springframework/spring-expression/5.0.9.RELEASE/spring-expression-5.0.9.RELEASE.jar:/var/jenkins_home/.m2/repository/org/springframework/boot/spring-boot-autoconfigure/2.0.5.RELEASE/spring-boot-autoconfigure-2.0.5.RELEASE.jar:/var/jenkins_home/.m2/repository/org/springframework/boot/spring-boot-starter-logging/2.0.5.RELEASE/spring-boot-starter-logging-2.0.5.RELEASE.jar:/var/jenkins_home/.m2/repository/ch/qos/logback/logback-classic/1.2.3/logback-classic-1.2.3.jar:/var/jenkins_home/.m2/repository/ch/qos/logback/logback-core/1.2.3/logback-core-1.2.3.jar:/var/jenkins_home/.m2/repository/org/apache/logging/log4j/log4j-to-slf4j/2.10.0/log4j-to-slf4j-2.10.0.jar:/var/jenkins_home/.m2/repository/org/apache/logging/log4j/log4j-api/2.10.0/log4j-api-2.10.0.jar:/var/jenkins_home/.m2/repository/org/slf4j/jul-to-slf4j/1.7.25/jul-to-slf4j-1.7.25.jar:/var/jenkins_home/.m2/repository/javax/annotation/javax.annotation-api/1.3.2/javax.annotation-api-1.3.2.jar:/var/jenkins_home/.m2/repository/org/springframework/spring-core/5.0.9.RELEASE/spring-core-5.0.9.RELEASE.jar:/var/jenkins_home/.m2/repository/org/springframework/spring-jcl/5.0.9.RELEASE/spring-jcl-5.0.9.RELEASE.jar:/var/jenkins_home/.m2/repository/org/yaml/snakeyaml/1.19/snakeyaml-1.19.jar:/var/jenkins_home/.m2/repository/org/springframework/boot/spring-boot-starter-test/2.1.1.RELEASE/spring-boot-starter-test-2.1.1.RELEASE.jar:/var/jenkins_home/.m2/repository/org/springframework/boot/spring-boot-test/2.0.5.RELEASE/spring-boot-test-2.0.5.RELEASE.jar:/var/jenkins_home/.m2/repository/org/springframework/boot/spring-boot-test-autoconfigure/2.0.5.RELEASE/spring-boot-test-autoconfigure-2.0.5.RELEASE.jar:/var/jenkins_home/.m2/repository/com/jayway/jsonpath/json-path/2.4.0/json-path-2.4.0.jar:/var/jenkins_home/.m2/repository/net/minidev/json-smart/2.3/json-smart-2.3.jar:/var/jenkins_home/.m2/repository/net/minidev/accessors-smart/1.2/accessors-smart-1.2.jar:/var/jenkins_home/.m2/repository/org/ow2/asm/asm/5.0.4/asm-5.0.4.jar:/var/jenkins_home/.m2/repository/org/assertj/assertj-core/3.11.1/assertj-core-3.11.1.jar:/var/jenkins_home/.m2/repository/org/mockito/mockito-core/2.15.0/mockito-core-2.15.0.jar:/var/jenkins_home/.m2/repository/net/bytebuddy/byte-buddy-agent/1.7.11/byte-buddy-agent-1.7.11.jar:/var/jenkins_home/.m2/repository/org/objenesis/objenesis/2.6/objenesis-2.6.jar:/var/jenkins_home/.m2/repository/org/hamcrest/hamcrest-core/1.3/hamcrest-core-1.3.jar:/var/jenkins_home/.m2/repository/org/hamcrest/hamcrest-library/1.3/hamcrest-library-1.3.jar:/var/jenkins_home/.m2/repository/org/skyscreamer/jsonassert/1.5.0/jsonassert-1.5.0.jar:/var/jenkins_home/.m2/repository/com/vaadin/external/google/android-json/0.0.20131108.vaadin1/android-json-0.0.20131108.vaadin1.jar:/var/jenkins_home/.m2/repository/org/springframework/spring-test/5.0.9.RELEASE/spring-test-5.0.9.RELEASE.jar:/var/jenkins_home/.m2/repository/org/xmlunit/xmlunit-core/2.5.1/xmlunit-core-2.5.1.jar:/var/jenkins_home/.m2/repository/org/apache/maven/surefire/surefire-junit-platform/2.22.0/surefire-junit-platform-2.22.0.jar:/var/jenkins_home/.m2/repository/org/junit/platform/junit-platform-launcher/1.2.0/junit-platform-launcher-1.2.0.jar:/var/jenkins_home/.m2/repository/org/junit/platform/junit-platform-engine/1.2.0/junit-platform-engine-1.2.0.jar:/var/jenkins_home/.m2/repository/org/junit/platform/junit-platform-commons/1.2.0/junit-platform-commons-1.2.0.jar:/var/jenkins_home/.m2/repository/org/opentest4j/opentest4j/1.1.0/opentest4j-1.1.0.jar, user.name=jenkins, java.vm.specification.version=1.8, sun.java.command=org.apache.maven.surefire.booter.ForkedBooter /var/jenkins_home/jobs/spring-petclinic-microservices-end-to-end-tests/workspace/spring-petclinic-e2e-tests/target/surefire 2018-12-08T20-47-58_811-jvmRun1 surefire7538512028611575740tmp surefire_063508081352902676tmp, java.home=/usr/lib/jvm/java-8-openjdk-amd64/jre, sun.arch.data.model=64, user.language=en, java.specification.vendor=Oracle Corporation, awt.toolkit=sun.awt.X11.XToolkit, java.vm.info=mixed mode, java.version=1.8.0_181, java.ext.dirs=/usr/lib/jvm/java-8-openjdk-amd64/jre/lib/ext:/usr/java/packages/lib/ext, sun.boot.class.path=/usr/lib/jvm/java-8-openjdk-amd64/jre/lib/resources.jar:/usr/lib/jvm/java-8-openjdk-amd64/jre/lib/rt.jar:/usr/lib/jvm/java-8-openjdk-amd64/jre/lib/sunrsasign.jar:/usr/lib/jvm/java-8-openjdk-amd64/jre/lib/jsse.jar:/usr/lib/jvm/java-8-openjdk-amd64/jre/lib/jce.jar:/usr/lib/jvm/java-8-openjdk-amd64/jre/lib/charsets.jar:/usr/lib/jvm/java-8-openjdk-amd64/jre/lib/jfr.jar:/usr/lib/jvm/java-8-openjdk-amd64/jre/classes, java.vendor=Oracle Corporation, localRepository=/var/jenkins_home/.m2/repository, file.separator=/, java.vendor.url.bug=http://bugreport.sun.com/bugreport/, sun.io.unicode.encoding=UnicodeLittle, sun.cpu.endian=little, sun.cpu.isalist=}}, SystemEnvironmentPropertySource@2143437117 {name='systemEnvironment', properties={PATH=/usr/local/sbin:/usr/local/bin:/usr/sbin:/usr/bin:/sbin:/bin, COPY_REFERENCE_FILE_LOG=/var/jenkins_home/copy_reference_file.log, RUN_DISPLAY_URL=http://unconfigured-jenkins-location/job/spring-petclinic-microservices-end-to-end-tests/85/display/redirect, HUDSON_HOME=/var/jenkins_home, APP_BUILD=2.0.7RC15, RUN_CHANGES_DISPLAY_URL=http://unconfigured-jenkins-location/job/spring-petclinic-microservices-end-to-end-tests/85/display/redirect?page=changes, HUDSON_COOKIE=85343a5a-ea54-4cb8-a159-4310e3684edf, JAVA_OPTS=-Djenkins.install.runSetupWizard=false, JENKINS_SERVER_COOKIE=b80d8f9b1c767ee8, PWD=/var/jenkins_home/jobs/spring-petclinic-microservices-end-to-end-tests/workspace/spring-petclinic-e2e-tests, BUILD_TAG=jenkins-spring-petclinic-microservices-end-to-end-tests-85, MAVEN_TERMINATE_CMD=on, OLDPWD=/var/jenkins_home/jobs/spring-petclinic-microservices-end-to-end-tests/workspace/spring-petclinic-e2e-tests, JENKINS_HOME=/var/jenkins_home, NODE_NAME=master, BUILD_DISPLAY_NAME=#85, JAVA_DEBIAN_VERSION=8u181-b13-2~deb9u1, JOB_DISPLAY_URL=http://unconfigured-jenkins-location/job/spring-petclinic-microservices-end-to-end-tests/display/redirect, GIT_BRANCH=origin/master, SHLVL=0, GIT_PREVIOUS_COMMIT=a1fd7a3da612abf03af80a6a61370452f903f4f7, QREBEL_AUTH_TOKEN=ae487773-386b-4508-8f1d-cac79497ed60, JAVA_HOME=/docker-java-home, CA_CERTIFICATES_JAVA_VERSION=20170531+nmu1, BUILD_ID=85, JENKINS_VERSION=2.138.3, APP_VERSION=2.0.7, LANG=C.UTF-8, JOB_NAME=spring-petclinic-microservices-end-to-end-tests, GIT_PREVIOUS_SUCCESSFUL_COMMIT=e7b2c6d41664508ae936c716d6ffd00579b64b1e, NODE_LABELS=master, WORKSPACE=/var/jenkins_home/jobs/spring-petclinic-microservices-end-to-end-tests/workspace, JENKINS_SLAVE_AGENT_PORT=50000, JAVA_VERSION=8u181, MAVEN_CMD_LINE_ARGS= -f spring-petclinic-e2e-tests/pom.xml clean verify -P jenkins -Dmaven.test.failure.ignore=true, JENKINS_OPTS=--httpPort=8088, GIT_COMMIT=a1fd7a3da612abf03af80a6a61370452f903f4f7, EXECUTOR_NUMBER=0, HUDSON_SERVER_COOKIE=b80d8f9b1c767ee8, JENKINS_UC=https://updates.jenkins.io, MAVEN_PROJECTBASEDIR=/var/jenkins_home/jobs/spring-petclinic-microservices-end-to-end-tests/workspace, JOB_BASE_NAME=spring-petclinic-microservices-end-to-end-tests, CLASSPATH=/var/jenkins_home/.m2/repository/org/apache/maven/surefire/surefire-booter/2.22.0/surefire-booter-2.22.0.jar:/var/jenkins_home/.m2/repository/org/apache/maven/surefire/surefire-api/2.22.0/surefire-api-2.22.0.jar:/var/jenkins_home/.m2/repository/org/apache/maven/surefire/surefire-logger-api/2.22.0/surefire-logger-api-2.22.0.jar:/var/jenkins_home/jobs/spring-petclinic-microservices-end-to-end-tests/workspace/spring-petclinic-e2e-tests/target/test-classes:/var/jenkins_home/jobs/spring-petclinic-microservices-end-to-end-tests/workspace/spring-petclinic-e2e-tests/target/classes:/var/jenkins_home/.m2/repository/org/junit/jupiter/junit-jupiter-api/5.1.1/junit-jupiter-api-5.1.1.jar:/var/jenkins_home/.m2/repository/org/apiguardian/apiguardian-api/1.0.0/apiguardian-api-1.0.0.jar:/var/jenkins_home/.m2/repository/org/opentest4j/opentest4j/1.0.0/opentest4j-1.0.0.jar:/var/jenkins_home/.m2/repository/org/junit/platform/junit-platform-commons/1.1.1/junit-platform-commons-1.1.1.jar:/var/jenkins_home/.m2/repository/org/junit/jupiter/junit-jupiter-engine/5.1.1/junit-jupiter-engine-5.1.1.jar:/var/jenkins_home/.m2/repository/org/junit/platform/junit-platform-engine/1.1.1/junit-platform-engine-1.1.1.jar:/var/jenkins_home/.m2/repository/org/junit/platform/junit-platform-runner/1.1.0/junit-platform-runner-1.1.0.jar:/var/jenkins_home/.m2/repository/org/junit/platform/junit-platform-launcher/1.1.0/junit-platform-launcher-1.1.0.jar:/var/jenkins_home/.m2/repository/org/junit/platform/junit-platform-suite-api/1.1.0/junit-platform-suite-api-1.1.0.jar:/var/jenkins_home/.m2/repository/junit/junit/4.12/junit-4.12.jar:/var/jenkins_home/.m2/repository/com/codeborne/selenide/5.0.1/selenide-5.0.1.jar:/var/jenkins_home/.m2/repository/org/seleniumhq/selenium/selenium-java/3.14.0/selenium-java-3.14.0.jar:/var/jenkins_home/.m2/repository/org/seleniumhq/selenium/selenium-api/3.14.0/selenium-api-3.14.0.jar:/var/jenkins_home/.m2/repository/org/seleniumhq/selenium/selenium-chrome-driver/3.14.0/selenium-chrome-driver-3.14.0.jar:/var/jenkins_home/.m2/repository/org/seleniumhq/selenium/selenium-edge-driver/3.14.0/selenium-edge-driver-3.14.0.jar:/var/jenkins_home/.m2/repository/org/seleniumhq/selenium/selenium-firefox-driver/3.14.0/selenium-firefox-driver-3.14.0.jar:/var/jenkins_home/.m2/repository/org/seleniumhq/selenium/selenium-ie-driver/3.14.0/selenium-ie-driver-3.14.0.jar:/var/jenkins_home/.m2/repository/org/seleniumhq/selenium/selenium-opera-driver/3.14.0/selenium-opera-driver-3.14.0.jar:/var/jenkins_home/.m2/repository/org/seleniumhq/selenium/selenium-remote-driver/3.14.0/selenium-remote-driver-3.14.0.jar:/var/jenkins_home/.m2/repository/org/seleniumhq/selenium/selenium-safari-driver/3.14.0/selenium-safari-driver-3.14.0.jar:/var/jenkins_home/.m2/repository/org/seleniumhq/selenium/selenium-support/3.14.0/selenium-support-3.14.0.jar:/var/jenkins_home/.m2/repository/net/bytebuddy/byte-buddy/1.7.11/byte-buddy-1.7.11.jar:/var/jenkins_home/.m2/repository/org/apache/commons/commons-exec/1.3/commons-exec-1.3.jar:/var/jenkins_home/.m2/repository/commons-codec/commons-codec/1.11/commons-codec-1.11.jar:/var/jenkins_home/.m2/repository/commons-logging/commons-logging/1.2/commons-logging-1.2.jar:/var/jenkins_home/.m2/repository/com/google/guava/guava/25.0-jre/guava-25.0-jre.jar:/var/jenkins_home/.m2/repository/com/google/code/findbugs/jsr305/1.3.9/jsr305-1.3.9.jar:/var/jenkins_home/.m2/repository/org/checkerframework/checker-compat-qual/2.0.0/checker-compat-qual-2.0.0.jar:/var/jenkins_home/.m2/repository/com/google/errorprone/error_prone_annotations/2.1.3/error_prone_annotations-2.1.3.jar:/var/jenkins_home/.m2/repository/com/google/j2objc/j2objc-annotations/1.1/j2objc-annotations-1.1.jar:/var/jenkins_home/.m2/repository/org/codehaus/mojo/animal-sniffer-annotations/1.14/animal-sniffer-annotations-1.14.jar:/var/jenkins_home/.m2/repository/org/apache/httpcomponents/httpclient/4.5.6/httpclient-4.5.6.jar:/var/jenkins_home/.m2/repository/org/apache/httpcomponents/httpcore/4.4.10/httpcore-4.4.10.jar:/var/jenkins_home/.m2/repository/com/squareup/okhttp3/okhttp/3.8.1/okhttp-3.8.1.jar:/var/jenkins_home/.m2/repository/com/squareup/okio/okio/1.14.1/okio-1.14.1.jar:/var/jenkins_home/.m2/repository/io/github/bonigarcia/webdrivermanager/3.0.0/webdrivermanager-3.0.0.jar:/var/jenkins_home/.m2/repository/org/slf4j/slf4j-api/1.7.25/slf4j-api-1.7.25.jar:/var/jenkins_home/.m2/repository/commons-io/commons-io/2.6/commons-io-2.6.jar:/var/jenkins_home/.m2/repository/com/google/code/gson/gson/2.8.5/gson-2.8.5.jar:/var/jenkins_home/.m2/repository/org/apache/commons/commons-lang3/3.7/commons-lang3-3.7.jar:/var/jenkins_home/.m2/repository/org/rauschig/jarchivelib/0.8.0/jarchivelib-0.8.0.jar:/var/jenkins_home/.m2/repository/org/apache/commons/commons-compress/1.14/commons-compress-1.14.jar:/var/jenkins_home/.m2/repository/org/jsoup/jsoup/1.11.3/jsoup-1.11.3.jar:/var/jenkins_home/.m2/repository/net/lightbody/bmp/browsermob-core/2.1.5/browsermob-core-2.1.5.jar:/var/jenkins_home/.m2/repository/net/lightbody/bmp/littleproxy/1.1.0-beta-bmp-17/littleproxy-1.1.0-beta-bmp-17.jar:/var/jenkins_home/.m2/repository/com/fasterxml/jackson/core/jackson-core/2.9.6/jackson-core-2.9.6.jar:/var/jenkins_home/.m2/repository/com/fasterxml/jackson/core/jackson-databind/2.9.6/jackson-databind-2.9.6.jar:/var/jenkins_home/.m2/repository/com/fasterxml/jackson/core/jackson-annotations/2.9.0/jackson-annotations-2.9.0.jar:/var/jenkins_home/.m2/repository/dnsjava/dnsjava/2.1.8/dnsjava-2.1.8.jar:/var/jenkins_home/.m2/repository/org/slf4j/jcl-over-slf4j/1.7.25/jcl-over-slf4j-1.7.25.jar:/var/jenkins_home/.m2/repository/com/jcraft/jzlib/1.1.3/jzlib-1.1.3.jar:/var/jenkins_home/.m2/repository/io/netty/netty-all/4.1.29.Final/netty-all-4.1.29.Final.jar:/var/jenkins_home/.m2/repository/org/bouncycastle/bcprov-jdk15on/1.58/bcprov-jdk15on-1.58.jar:/var/jenkins_home/.m2/repository/org/bouncycastle/bcpkix-jdk15on/1.58/bcpkix-jdk15on-1.58.jar:/var/jenkins_home/.m2/repository/net/lightbody/bmp/mitm/2.1.5/mitm-2.1.5.jar:/var/jenkins_home/.m2/repository/org/springframework/boot/spring-boot-starter/2.1.1.RELEASE/spring-boot-starter-2.1.1.RELEASE.jar:/var/jenkins_home/.m2/repository/org/springframework/boot/spring-boot/2.0.5.RELEASE/spring-boot-2.0.5.RELEASE.jar:/var/jenkins_home/.m2/repository/org/springframework/spring-context/5.0.9.RELEASE/spring-context-5.0.9.RELEASE.jar:/var/jenkins_home/.m2/repository/org/springframework/spring-aop/5.0.9.RELEASE/spring-aop-5.0.9.RELEASE.jar:/var/jenkins_home/.m2/repository/org/springframework/spring-beans/5.0.9.RELEASE/spring-beans-5.0.9.RELEASE.jar:/var/jenkins_home/.m2/repository/org/springframework/spring-expression/5.0.9.RELEASE/spring-expression-5.0.9.RELEASE.jar:/var/jenkins_home/.m2/repository/org/springframework/boot/spring-boot-autoconfigure/2.0.5.RELEASE/spring-boot-autoconfigure-2.0.5.RELEASE.jar:/var/jenkins_home/.m2/repository/org/springframework/boot/spring-boot-starter-logging/2.0.5.RELEASE/spring-boot-starter-logging-2.0.5.RELEASE.jar:/var/jenkins_home/.m2/repository/ch/qos/logback/logback-classic/1.2.3/logback-classic-1.2.3.jar:/var/jenkins_home/.m2/repository/ch/qos/logback/logback-core/1.2.3/logback-core-1.2.3.jar:/var/jenkins_home/.m2/repository/org/apache/logging/log4j/log4j-to-slf4j/2.10.0/log4j-to-slf4j-2.10.0.jar:/var/jenkins_home/.m2/repository/org/apache/logging/log4j/log4j-api/2.10.0/log4j-api-2.10.0.jar:/var/jenkins_home/.m2/repository/org/slf4j/jul-to-slf4j/1.7.25/jul-to-slf4j-1.7.25.jar:/var/jenkins_home/.m2/repository/javax/annotation/javax.annotation-api/1.3.2/javax.annotation-api-1.3.2.jar:/var/jenkins_home/.m2/repository/org/springframework/spring-core/5.0.9.RELEASE/spring-core-5.0.9.RELEASE.jar:/var/jenkins_home/.m2/repository/org/springframework/spring-jcl/5.0.9.RELEASE/spring-jcl-5.0.9.RELEASE.jar:/var/jenkins_home/.m2/repository/org/yaml/snakeyaml/1.19/snakeyaml-1.19.jar:/var/jenkins_home/.m2/repository/org/springframework/boot/spring-boot-starter-test/2.1.1.RELEASE/spring-boot-starter-test-2.1.1.RELEASE.jar:/var/jenkins_home/.m2/repository/org/springframework/boot/spring-boot-test/2.0.5.RELEASE/spring-boot-test-2.0.5.RELEASE.jar:/var/jenkins_home/.m2/repository/org/springframework/boot/spring-boot-test-autoconfigure/2.0.5.RELEASE/spring-boot-test-autoconfigure-2.0.5.RELEASE.jar:/var/jenkins_home/.m2/repository/com/jayway/jsonpath/json-path/2.4.0/json-path-2.4.0.jar:/var/jenkins_home/.m2/repository/net/minidev/json-smart/2.3/json-smart-2.3.jar:/var/jenkins_home/.m2/repository/net/minidev/accessors-smart/1.2/accessors-smart-1.2.jar:/var/jenkins_home/.m2/repository/org/ow2/asm/asm/5.0.4/asm-5.0.4.jar:/var/jenkins_home/.m2/repository/org/assertj/assertj-core/3.11.1/assertj-core-3.11.1.jar:/var/jenkins_home/.m2/repository/org/mockito/mockito-core/2.15.0/mockito-core-2.15.0.jar:/var/jenkins_home/.m2/repository/net/bytebuddy/byte-buddy-agent/1.7.11/byte-buddy-agent-1.7.11.jar:/var/jenkins_home/.m2/repository/org/objenesis/objenesis/2.6/objenesis-2.6.jar:/var/jenkins_home/.m2/repository/org/hamcrest/hamcrest-core/1.3/hamcrest-core-1.3.jar:/var/jenkins_home/.m2/repository/org/hamcrest/hamcrest-library/1.3/hamcrest-library-1.3.jar:/var/jenkins_home/.m2/repository/org/skyscreamer/jsonassert/1.5.0/jsonassert-1.5.0.jar:/var/jenkins_home/.m2/repository/com/vaadin/external/google/android-json/0.0.20131108.vaadin1/android-json-0.0.20131108.vaadin1.jar:/var/jenkins_home/.m2/repository/org/springframework/spring-test/5.0.9.RELEASE/spring-test-5.0.9.RELEASE.jar:/var/jenkins_home/.m2/repository/org/xmlunit/xmlunit-core/2.5.1/xmlunit-core-2.5.1.jar:/var/jenkins_home/.m2/repository/org/apache/maven/surefire/surefire-junit-platform/2.22.0/surefire-junit-platform-2.22.0.jar:/var/jenkins_home/.m2/repository/org/junit/platform/junit-platform-launcher/1.2.0/junit-platform-launcher-1.2.0.jar:/var/jenkins_home/.m2/repository/org/junit/platform/junit-platform-engine/1.2.0/junit-platform-engine-1.2.0.jar:/var/jenkins_home/.m2/repository/org/junit/platform/junit-platform-commons/1.2.0/junit-platform-commons-1.2.0.jar:/var/jenkins_home/.m2/repository/org/opentest4j/opentest4j/1.1.0/opentest4j-1.1.0.jar, JENKINS_INCREMENTALS_REPO_MIRROR=https://repo.jenkins-ci.org/incrementals, BUILD_NUMBER=85, HOSTNAME=7328c9c8bcb8, GIT_URL=https://github.com/sten711/spring-petclinic-microservices, JENKINS_UC_EXPERIMENTAL=https://updates.jenkins.io/experimental, HOME=/var/jenkins_home}}]
20:48:01.155 [main] DEBUG org.springframework.core.io.support.PathMatchingResourcePatternResolver - Resolved classpath location [com/roguewave/petclinic/vets/tests/] to resources [URL [file:/var/jenkins_home/jobs/spring-petclinic-microservices-end-to-end-tests/workspace/spring-petclinic-e2e-tests/target/test-classes/com/roguewave/petclinic/vets/tests/]]
20:48:01.156 [main] DEBUG org.springframework.core.io.support.PathMatchingResourcePatternResolver - Looking for matching resources in directory tree [/var/jenkins_home/jobs/spring-petclinic-microservices-end-to-end-tests/workspace/spring-petclinic-e2e-tests/target/test-classes/com/roguewave/petclinic/vets/tests]
20:48:01.156 [main] DEBUG org.springframework.core.io.support.PathMatchingResourcePatternResolver - Searching directory [/var/jenkins_home/jobs/spring-petclinic-microservices-end-to-end-tests/workspace/spring-petclinic-e2e-tests/target/test-classes/com/roguewave/petclinic/vets/tests] for files matching pattern [/var/jenkins_home/jobs/spring-petclinic-microservices-end-to-end-tests/workspace/spring-petclinic-e2e-tests/target/test-classes/com/roguewave/petclinic/vets/tests/*.class]
20:48:01.162 [main] DEBUG org.springframework.core.io.support.PathMatchingResourcePatternResolver - Resolved location pattern [classpath*:com/roguewave/petclinic/vets/tests/*.class] to resources [file [/var/jenkins_home/jobs/spring-petclinic-microservices-end-to-end-tests/workspace/spring-petclinic-e2e-tests/target/test-classes/com/roguewave/petclinic/vets/tests/VetResourcesApp.class], file [/var/jenkins_home/jobs/spring-petclinic-microservices-end-to-end-tests/workspace/spring-petclinic-e2e-tests/target/test-classes/com/roguewave/petclinic/vets/tests/VetResourcesITest.class]]
20:48:01.290 [main] DEBUG org.springframework.context.annotation.ClassPathScanningCandidateComponentProvider - Identified candidate component class: file [/var/jenkins_home/jobs/spring-petclinic-microservices-end-to-end-tests/workspace/spring-petclinic-e2e-tests/target/test-classes/com/roguewave/petclinic/vets/tests/VetResourcesApp.class]
20:48:01.297 [main] INFO org.springframework.boot.test.context.SpringBootTestContextBootstrapper - Found @SpringBootConfiguration com.roguewave.petclinic.vets.tests.VetResourcesApp for test class com.roguewave.petclinic.vets.tests.VetResourcesITest
20:48:01.552 [main] DEBUG org.springframework.boot.test.context.SpringBootTestContextBootstrapper - @TestExecutionListeners is not present for class [com.roguewave.petclinic.vets.tests.VetResourcesITest]: using defaults.
20:48:01.553 [main] INFO org.springframework.boot.test.context.SpringBootTestContextBootstrapper - Loaded default TestExecutionListener class names from location [META-INF/spring.factories]: [org.springframework.boot.test.mock.mockito.MockitoTestExecutionListener, org.springframework.boot.test.mock.mockito.ResetMocksTestExecutionListener, org.springframework.boot.test.autoconfigure.restdocs.RestDocsTestExecutionListener, org.springframework.boot.test.autoconfigure.web.client.MockRestServiceServerResetTestExecutionListener, org.springframework.boot.test.autoconfigure.web.servlet.MockMvcPrintOnlyOnFailureTestExecutionListener, org.springframework.boot.test.autoconfigure.web.servlet.WebDriverTestExecutionListener, org.springframework.test.context.web.ServletTestExecutionListener, org.springframework.test.context.support.DirtiesContextBeforeModesTestExecutionListener, org.springframework.test.context.support.DependencyInjectionTestExecutionListener, org.springframework.test.context.support.DirtiesContextTestExecutionListener, org.springframework.test.context.transaction.TransactionalTestExecutionListener, org.springframework.test.context.jdbc.SqlScriptsTestExecutionListener]
20:48:01.576 [main] DEBUG org.springframework.boot.test.context.SpringBootTestContextBootstrapper - Skipping candidate TestExecutionListener [org.springframework.test.context.web.ServletTestExecutionListener] due to a missing dependency. Specify custom listener classes or make the default listener classes and their required dependencies available. Offending class: [javax/servlet/ServletContext]
20:48:01.579 [main] DEBUG org.springframework.boot.test.context.SpringBootTestContextBootstrapper - Skipping candidate TestExecutionListener [org.springframework.test.context.transaction.TransactionalTestExecutionListener] due to a missing dependency. Specify custom listener classes or make the default listener classes and their required dependencies available. Offending class: [org/springframework/transaction/TransactionDefinition]
20:48:01.580 [main] DEBUG org.springframework.boot.test.context.SpringBootTestContextBootstrapper - Skipping candidate TestExecutionListener [org.springframework.test.context.jdbc.SqlScriptsTestExecutionListener] due to a missing dependency. Specify custom listener classes or make the default listener classes and their required dependencies available. Offending class: [org/springframework/transaction/interceptor/TransactionAttribute]
20:48:01.581 [main] INFO org.springframework.boot.test.context.SpringBootTestContextBootstrapper - Using TestExecutionListeners: [org.springframework.test.context.support.DirtiesContextBeforeModesTestExecutionListener@1356d4d4, org.springframework.boot.test.mock.mockito.MockitoTestExecutionListener@c03cf28, org.springframework.boot.test.autoconfigure.SpringBootDependencyInjectionTestExecutionListener@1329eff, org.springframework.test.context.support.DirtiesContextTestExecutionListener@6497b078, org.springframework.boot.test.mock.mockito.ResetMocksTestExecutionListener@41c2284a, org.springframework.boot.test.autoconfigure.restdocs.RestDocsTestExecutionListener@53aad5d5, org.springframework.boot.test.autoconfigure.web.client.MockRestServiceServerResetTestExecutionListener@46fa7c39, org.springframework.boot.test.autoconfigure.web.servlet.MockMvcPrintOnlyOnFailureTestExecutionListener@1fb700ee, org.springframework.boot.test.autoconfigure.web.servlet.WebDriverTestExecutionListener@4f67eb2a]
20:48:01.589 [main] DEBUG org.springframework.test.context.support.AbstractDirtiesContextTestExecutionListener - Before test class: context [DefaultTestContext@4ef37659 testClass = VetResourcesITest, testInstance = [null], testMethod = [null], testException = [null], mergedContextConfiguration = [MergedContextConfiguration@776b83cc testClass = VetResourcesITest, locations = '{}', classes = '{class com.roguewave.petclinic.vets.tests.VetResourcesApp}', contextInitializerClasses = '[]', activeProfiles = '{}', propertySourceLocations = '{}', propertySourceProperties = '{org.springframework.boot.test.context.SpringBootTestContextBootstrapper=true}', contextCustomizers = set[org.springframework.boot.test.context.filter.ExcludeFilterContextCustomizer@105fece7, org.springframework.boot.test.json.DuplicateJsonObjectContextCustomizerFactory$DuplicateJsonObjectContextCustomizer@123f1134, org.springframework.boot.test.mock.mockito.MockitoContextCustomizer@0, org.springframework.boot.test.web.client.TestRestTemplateContextCustomizer@17c1bced, org.springframework.boot.test.autoconfigure.properties.PropertyMappingContextCustomizer@0, org.springframework.boot.test.autoconfigure.web.servlet.WebDriverContextCustomizerFactory$Customizer@f2f2cc1], contextLoader = 'org.springframework.boot.test.context.SpringBootContextLoader', parent = [null]], attributes = map[[empty]]], class annotated with @DirtiesContext [false] with mode [null].
20:48:01.603 [main] DEBUG org.springframework.test.context.support.DependencyInjectionTestExecutionListener - Performing dependency injection for test context [[DefaultTestContext@4ef37659 testClass = VetResourcesITest, testInstance = com.roguewave.petclinic.vets.tests.VetResourcesITest@865dd6, testMethod = [null], testException = [null], mergedContextConfiguration = [MergedContextConfiguration@776b83cc testClass = VetResourcesITest, locations = '{}', classes = '{class com.roguewave.petclinic.vets.tests.VetResourcesApp}', contextInitializerClasses = '[]', activeProfiles = '{}', propertySourceLocations = '{}', propertySourceProperties = '{org.springframework.boot.test.context.SpringBootTestContextBootstrapper=true}', contextCustomizers = set[org.springframework.boot.test.context.filter.ExcludeFilterContextCustomizer@105fece7, org.springframework.boot.test.json.DuplicateJsonObjectContextCustomizerFactory$DuplicateJsonObjectContextCustomizer@123f1134, org.springframework.boot.test.mock.mockito.MockitoContextCustomizer@0, org.springframework.boot.test.web.client.TestRestTemplateContextCustomizer@17c1bced, org.springframework.boot.test.autoconfigure.properties.PropertyMappingContextCustomizer@0, org.springframework.boot.test.autoconfigure.web.servlet.WebDriverContextCustomizerFactory$Customizer@f2f2cc1], contextLoader = 'org.springframework.boot.test.context.SpringBootContextLoader', parent = [null]], attributes = map[[empty]]]].
20:48:01.642 [main] DEBUG org.springframework.core.env.StandardEnvironment - Adding PropertySource 'systemProperties' with lowest search precedence
20:48:01.642 [main] DEBUG org.springframework.core.env.StandardEnvironment - Adding PropertySource 'systemEnvironment' with lowest search precedence
20:48:01.643 [main] DEBUG org.springframework.core.env.StandardEnvironment - Initialized StandardEnvironment with PropertySources [MapPropertySource@1217875525 {name='systemProperties', properties={java.runtime.name=OpenJDK Runtime Environment, sun.boot.library.path=/usr/lib/jvm/java-8-openjdk-amd64/jre/lib/amd64, java.vm.version=25.181-b13, java.vm.vendor=Oracle Corporation, java.vendor.url=http://java.oracle.com/, path.separator=:, java.vm.name=OpenJDK 64-Bit Server VM, file.encoding.pkg=sun.io, sun.java.launcher=SUN_STANDARD, sun.os.patch.level=unknown, java.vm.specification.name=Java Virtual Machine Specification, user.dir=/var/jenkins_home/jobs/spring-petclinic-microservices-end-to-end-tests/workspace/spring-petclinic-e2e-tests, java.runtime.version=1.8.0_181-8u181-b13-2~deb9u1-b13, basedir=/var/jenkins_home/jobs/spring-petclinic-microservices-end-to-end-tests/workspace/spring-petclinic-e2e-tests, java.awt.graphicsenv=sun.awt.X11GraphicsEnvironment, java.endorsed.dirs=/usr/lib/jvm/java-8-openjdk-amd64/jre/lib/endorsed, os.arch=amd64, spring.profiles.active=jenkins, java.io.tmpdir=/tmp, line.separator=
, java.vm.specification.vendor=Oracle Corporation, selenide.headless=true, os.name=Linux, sun.jnu.encoding=UTF-8, java.library.path=/usr/java/packages/lib/amd64:/usr/lib/x86_64-linux-gnu/jni:/lib/x86_64-linux-gnu:/usr/lib/x86_64-linux-gnu:/usr/lib/jni:/lib:/usr/lib, surefire.test.class.path=/var/jenkins_home/jobs/spring-petclinic-microservices-end-to-end-tests/workspace/spring-petclinic-e2e-tests/target/test-classes:/var/jenkins_home/jobs/spring-petclinic-microservices-end-to-end-tests/workspace/spring-petclinic-e2e-tests/target/classes:/var/jenkins_home/.m2/repository/org/junit/jupiter/junit-jupiter-api/5.1.1/junit-jupiter-api-5.1.1.jar:/var/jenkins_home/.m2/repository/org/apiguardian/apiguardian-api/1.0.0/apiguardian-api-1.0.0.jar:/var/jenkins_home/.m2/repository/org/opentest4j/opentest4j/1.0.0/opentest4j-1.0.0.jar:/var/jenkins_home/.m2/repository/org/junit/platform/junit-platform-commons/1.1.1/junit-platform-commons-1.1.1.jar:/var/jenkins_home/.m2/repository/org/junit/jupiter/junit-jupiter-engine/5.1.1/junit-jupiter-engine-5.1.1.jar:/var/jenkins_home/.m2/repository/org/junit/platform/junit-platform-engine/1.1.1/junit-platform-engine-1.1.1.jar:/var/jenkins_home/.m2/repository/org/junit/platform/junit-platform-runner/1.1.0/junit-platform-runner-1.1.0.jar:/var/jenkins_home/.m2/repository/org/junit/platform/junit-platform-launcher/1.1.0/junit-platform-launcher-1.1.0.jar:/var/jenkins_home/.m2/repository/org/junit/platform/junit-platform-suite-api/1.1.0/junit-platform-suite-api-1.1.0.jar:/var/jenkins_home/.m2/repository/junit/junit/4.12/junit-4.12.jar:/var/jenkins_home/.m2/repository/com/codeborne/selenide/5.0.1/selenide-5.0.1.jar:/var/jenkins_home/.m2/repository/org/seleniumhq/selenium/selenium-java/3.14.0/selenium-java-3.14.0.jar:/var/jenkins_home/.m2/repository/org/seleniumhq/selenium/selenium-api/3.14.0/selenium-api-3.14.0.jar:/var/jenkins_home/.m2/repository/org/seleniumhq/selenium/selenium-chrome-driver/3.14.0/selenium-chrome-driver-3.14.0.jar:/var/jenkins_home/.m2/repository/org/seleniumhq/selenium/selenium-edge-driver/3.14.0/selenium-edge-driver-3.14.0.jar:/var/jenkins_home/.m2/repository/org/seleniumhq/selenium/selenium-firefox-driver/3.14.0/selenium-firefox-driver-3.14.0.jar:/var/jenkins_home/.m2/repository/org/seleniumhq/selenium/selenium-ie-driver/3.14.0/selenium-ie-driver-3.14.0.jar:/var/jenkins_home/.m2/repository/org/seleniumhq/selenium/selenium-opera-driver/3.14.0/selenium-opera-driver-3.14.0.jar:/var/jenkins_home/.m2/repository/org/seleniumhq/selenium/selenium-remote-driver/3.14.0/selenium-remote-driver-3.14.0.jar:/var/jenkins_home/.m2/repository/org/seleniumhq/selenium/selenium-safari-driver/3.14.0/selenium-safari-driver-3.14.0.jar:/var/jenkins_home/.m2/repository/org/seleniumhq/selenium/selenium-support/3.14.0/selenium-support-3.14.0.jar:/var/jenkins_home/.m2/repository/net/bytebuddy/byte-buddy/1.7.11/byte-buddy-1.7.11.jar:/var/jenkins_home/.m2/repository/org/apache/commons/commons-exec/1.3/commons-exec-1.3.jar:/var/jenkins_home/.m2/repository/commons-codec/commons-codec/1.11/commons-codec-1.11.jar:/var/jenkins_home/.m2/repository/commons-logging/commons-logging/1.2/commons-logging-1.2.jar:/var/jenkins_home/.m2/repository/com/google/guava/guava/25.0-jre/guava-25.0-jre.jar:/var/jenkins_home/.m2/repository/com/google/code/findbugs/jsr305/1.3.9/jsr305-1.3.9.jar:/var/jenkins_home/.m2/repository/org/checkerframework/checker-compat-qual/2.0.0/checker-compat-qual-2.0.0.jar:/var/jenkins_home/.m2/repository/com/google/errorprone/error_prone_annotations/2.1.3/error_prone_annotations-2.1.3.jar:/var/jenkins_home/.m2/repository/com/google/j2objc/j2objc-annotations/1.1/j2objc-annotations-1.1.jar:/var/jenkins_home/.m2/repository/org/codehaus/mojo/animal-sniffer-annotations/1.14/animal-sniffer-annotations-1.14.jar:/var/jenkins_home/.m2/repository/org/apache/httpcomponents/httpclient/4.5.6/httpclient-4.5.6.jar:/var/jenkins_home/.m2/repository/org/apache/httpcomponents/httpcore/4.4.10/httpcore-4.4.10.jar:/var/jenkins_home/.m2/repository/com/squareup/okhttp3/okhttp/3.8.1/okhttp-3.8.1.jar:/var/jenkins_home/.m2/repository/com/squareup/okio/okio/1.14.1/okio-1.14.1.jar:/var/jenkins_home/.m2/repository/io/github/bonigarcia/webdrivermanager/3.0.0/webdrivermanager-3.0.0.jar:/var/jenkins_home/.m2/repository/org/slf4j/slf4j-api/1.7.25/slf4j-api-1.7.25.jar:/var/jenkins_home/.m2/repository/commons-io/commons-io/2.6/commons-io-2.6.jar:/var/jenkins_home/.m2/repository/com/google/code/gson/gson/2.8.5/gson-2.8.5.jar:/var/jenkins_home/.m2/repository/org/apache/commons/commons-lang3/3.7/commons-lang3-3.7.jar:/var/jenkins_home/.m2/repository/org/rauschig/jarchivelib/0.8.0/jarchivelib-0.8.0.jar:/var/jenkins_home/.m2/repository/org/apache/commons/commons-compress/1.14/commons-compress-1.14.jar:/var/jenkins_home/.m2/repository/org/jsoup/jsoup/1.11.3/jsoup-1.11.3.jar:/var/jenkins_home/.m2/repository/net/lightbody/bmp/browsermob-core/2.1.5/browsermob-core-2.1.5.jar:/var/jenkins_home/.m2/repository/net/lightbody/bmp/littleproxy/1.1.0-beta-bmp-17/littleproxy-1.1.0-beta-bmp-17.jar:/var/jenkins_home/.m2/repository/com/fasterxml/jackson/core/jackson-core/2.9.6/jackson-core-2.9.6.jar:/var/jenkins_home/.m2/repository/com/fasterxml/jackson/core/jackson-databind/2.9.6/jackson-databind-2.9.6.jar:/var/jenkins_home/.m2/repository/com/fasterxml/jackson/core/jackson-annotations/2.9.0/jackson-annotations-2.9.0.jar:/var/jenkins_home/.m2/repository/dnsjava/dnsjava/2.1.8/dnsjava-2.1.8.jar:/var/jenkins_home/.m2/repository/org/slf4j/jcl-over-slf4j/1.7.25/jcl-over-slf4j-1.7.25.jar:/var/jenkins_home/.m2/repository/com/jcraft/jzlib/1.1.3/jzlib-1.1.3.jar:/var/jenkins_home/.m2/repository/io/netty/netty-all/4.1.29.Final/netty-all-4.1.29.Final.jar:/var/jenkins_home/.m2/repository/org/bouncycastle/bcprov-jdk15on/1.58/bcprov-jdk15on-1.58.jar:/var/jenkins_home/.m2/repository/org/bouncycastle/bcpkix-jdk15on/1.58/bcpkix-jdk15on-1.58.jar:/var/jenkins_home/.m2/repository/net/lightbody/bmp/mitm/2.1.5/mitm-2.1.5.jar:/var/jenkins_home/.m2/repository/org/springframework/boot/spring-boot-starter/2.1.1.RELEASE/spring-boot-starter-2.1.1.RELEASE.jar:/var/jenkins_home/.m2/repository/org/springframework/boot/spring-boot/2.0.5.RELEASE/spring-boot-2.0.5.RELEASE.jar:/var/jenkins_home/.m2/repository/org/springframework/spring-context/5.0.9.RELEASE/spring-context-5.0.9.RELEASE.jar:/var/jenkins_home/.m2/repository/org/springframework/spring-aop/5.0.9.RELEASE/spring-aop-5.0.9.RELEASE.jar:/var/jenkins_home/.m2/repository/org/springframework/spring-beans/5.0.9.RELEASE/spring-beans-5.0.9.RELEASE.jar:/var/jenkins_home/.m2/repository/org/springframework/spring-expression/5.0.9.RELEASE/spring-expression-5.0.9.RELEASE.jar:/var/jenkins_home/.m2/repository/org/springframework/boot/spring-boot-autoconfigure/2.0.5.RELEASE/spring-boot-autoconfigure-2.0.5.RELEASE.jar:/var/jenkins_home/.m2/repository/org/springframework/boot/spring-boot-starter-logging/2.0.5.RELEASE/spring-boot-starter-logging-2.0.5.RELEASE.jar:/var/jenkins_home/.m2/repository/ch/qos/logback/logback-classic/1.2.3/logback-classic-1.2.3.jar:/var/jenkins_home/.m2/repository/ch/qos/logback/logback-core/1.2.3/logback-core-1.2.3.jar:/var/jenkins_home/.m2/repository/org/apache/logging/log4j/log4j-to-slf4j/2.10.0/log4j-to-slf4j-2.10.0.jar:/var/jenkins_home/.m2/repository/org/apache/logging/log4j/log4j-api/2.10.0/log4j-api-2.10.0.jar:/var/jenkins_home/.m2/repository/org/slf4j/jul-to-slf4j/1.7.25/jul-to-slf4j-1.7.25.jar:/var/jenkins_home/.m2/repository/javax/annotation/javax.annotation-api/1.3.2/javax.annotation-api-1.3.2.jar:/var/jenkins_home/.m2/repository/org/springframework/spring-core/5.0.9.RELEASE/spring-core-5.0.9.RELEASE.jar:/var/jenkins_home/.m2/repository/org/springframework/spring-jcl/5.0.9.RELEASE/spring-jcl-5.0.9.RELEASE.jar:/var/jenkins_home/.m2/repository/org/yaml/snakeyaml/1.19/snakeyaml-1.19.jar:/var/jenkins_home/.m2/repository/org/springframework/boot/spring-boot-starter-test/2.1.1.RELEASE/spring-boot-starter-test-2.1.1.RELEASE.jar:/var/jenkins_home/.m2/repository/org/springframework/boot/spring-boot-test/2.0.5.RELEASE/spring-boot-test-2.0.5.RELEASE.jar:/var/jenkins_home/.m2/repository/org/springframework/boot/spring-boot-test-autoconfigure/2.0.5.RELEASE/spring-boot-test-autoconfigure-2.0.5.RELEASE.jar:/var/jenkins_home/.m2/repository/com/jayway/jsonpath/json-path/2.4.0/json-path-2.4.0.jar:/var/jenkins_home/.m2/repository/net/minidev/json-smart/2.3/json-smart-2.3.jar:/var/jenkins_home/.m2/repository/net/minidev/accessors-smart/1.2/accessors-smart-1.2.jar:/var/jenkins_home/.m2/repository/org/ow2/asm/asm/5.0.4/asm-5.0.4.jar:/var/jenkins_home/.m2/repository/org/assertj/assertj-core/3.11.1/assertj-core-3.11.1.jar:/var/jenkins_home/.m2/repository/org/mockito/mockito-core/2.15.0/mockito-core-2.15.0.jar:/var/jenkins_home/.m2/repository/net/bytebuddy/byte-buddy-agent/1.7.11/byte-buddy-agent-1.7.11.jar:/var/jenkins_home/.m2/repository/org/objenesis/objenesis/2.6/objenesis-2.6.jar:/var/jenkins_home/.m2/repository/org/hamcrest/hamcrest-core/1.3/hamcrest-core-1.3.jar:/var/jenkins_home/.m2/repository/org/hamcrest/hamcrest-library/1.3/hamcrest-library-1.3.jar:/var/jenkins_home/.m2/repository/org/skyscreamer/jsonassert/1.5.0/jsonassert-1.5.0.jar:/var/jenkins_home/.m2/repository/com/vaadin/external/google/android-json/0.0.20131108.vaadin1/android-json-0.0.20131108.vaadin1.jar:/var/jenkins_home/.m2/repository/org/springframework/spring-test/5.0.9.RELEASE/spring-test-5.0.9.RELEASE.jar:/var/jenkins_home/.m2/repository/org/xmlunit/xmlunit-core/2.5.1/xmlunit-core-2.5.1.jar:, selenide.browser=chrome, java.specification.name=Java Platform API Specification, java.class.version=52.0, sun.management.compiler=HotSpot 64-Bit Tiered Compilers, maven.test.failure.ignore=true, os.version=4.9.93-linuxkit-aufs, user.home=/var/jenkins_home, user.timezone=Etc/UTC, java.awt.printerjob=sun.print.PSPrinterJob, file.encoding=UTF-8, java.specification.version=1.8, java.class.path=/var/jenkins_home/.m2/repository/org/apache/maven/surefire/surefire-booter/2.22.0/surefire-booter-2.22.0.jar:/var/jenkins_home/.m2/repository/org/apache/maven/surefire/surefire-api/2.22.0/surefire-api-2.22.0.jar:/var/jenkins_home/.m2/repository/org/apache/maven/surefire/surefire-logger-api/2.22.0/surefire-logger-api-2.22.0.jar:/var/jenkins_home/jobs/spring-petclinic-microservices-end-to-end-tests/workspace/spring-petclinic-e2e-tests/target/test-classes:/var/jenkins_home/jobs/spring-petclinic-microservices-end-to-end-tests/workspace/spring-petclinic-e2e-tests/target/classes:/var/jenkins_home/.m2/repository/org/junit/jupiter/junit-jupiter-api/5.1.1/junit-jupiter-api-5.1.1.jar:/var/jenkins_home/.m2/repository/org/apiguardian/apiguardian-api/1.0.0/apiguardian-api-1.0.0.jar:/var/jenkins_home/.m2/repository/org/opentest4j/opentest4j/1.0.0/opentest4j-1.0.0.jar:/var/jenkins_home/.m2/repository/org/junit/platform/junit-platform-commons/1.1.1/junit-platform-commons-1.1.1.jar:/var/jenkins_home/.m2/repository/org/junit/jupiter/junit-jupiter-engine/5.1.1/junit-jupiter-engine-5.1.1.jar:/var/jenkins_home/.m2/repository/org/junit/platform/junit-platform-engine/1.1.1/junit-platform-engine-1.1.1.jar:/var/jenkins_home/.m2/repository/org/junit/platform/junit-platform-runner/1.1.0/junit-platform-runner-1.1.0.jar:/var/jenkins_home/.m2/repository/org/junit/platform/junit-platform-launcher/1.1.0/junit-platform-launcher-1.1.0.jar:/var/jenkins_home/.m2/repository/org/junit/platform/junit-platform-suite-api/1.1.0/junit-platform-suite-api-1.1.0.jar:/var/jenkins_home/.m2/repository/junit/junit/4.12/junit-4.12.jar:/var/jenkins_home/.m2/repository/com/codeborne/selenide/5.0.1/selenide-5.0.1.jar:/var/jenkins_home/.m2/repository/org/seleniumhq/selenium/selenium-java/3.14.0/selenium-java-3.14.0.jar:/var/jenkins_home/.m2/repository/org/seleniumhq/selenium/selenium-api/3.14.0/selenium-api-3.14.0.jar:/var/jenkins_home/.m2/repository/org/seleniumhq/selenium/selenium-chrome-driver/3.14.0/selenium-chrome-driver-3.14.0.jar:/var/jenkins_home/.m2/repository/org/seleniumhq/selenium/selenium-edge-driver/3.14.0/selenium-edge-driver-3.14.0.jar:/var/jenkins_home/.m2/repository/org/seleniumhq/selenium/selenium-firefox-driver/3.14.0/selenium-firefox-driver-3.14.0.jar:/var/jenkins_home/.m2/repository/org/seleniumhq/selenium/selenium-ie-driver/3.14.0/selenium-ie-driver-3.14.0.jar:/var/jenkins_home/.m2/repository/org/seleniumhq/selenium/selenium-opera-driver/3.14.0/selenium-opera-driver-3.14.0.jar:/var/jenkins_home/.m2/repository/org/seleniumhq/selenium/selenium-remote-driver/3.14.0/selenium-remote-driver-3.14.0.jar:/var/jenkins_home/.m2/repository/org/seleniumhq/selenium/selenium-safari-driver/3.14.0/selenium-safari-driver-3.14.0.jar:/var/jenkins_home/.m2/repository/org/seleniumhq/selenium/selenium-support/3.14.0/selenium-support-3.14.0.jar:/var/jenkins_home/.m2/repository/net/bytebuddy/byte-buddy/1.7.11/byte-buddy-1.7.11.jar:/var/jenkins_home/.m2/repository/org/apache/commons/commons-exec/1.3/commons-exec-1.3.jar:/var/jenkins_home/.m2/repository/commons-codec/commons-codec/1.11/commons-codec-1.11.jar:/var/jenkins_home/.m2/repository/commons-logging/commons-logging/1.2/commons-logging-1.2.jar:/var/jenkins_home/.m2/repository/com/google/guava/guava/25.0-jre/guava-25.0-jre.jar:/var/jenkins_home/.m2/repository/com/google/code/findbugs/jsr305/1.3.9/jsr305-1.3.9.jar:/var/jenkins_home/.m2/repository/org/checkerframework/checker-compat-qual/2.0.0/checker-compat-qual-2.0.0.jar:/var/jenkins_home/.m2/repository/com/google/errorprone/error_prone_annotations/2.1.3/error_prone_annotations-2.1.3.jar:/var/jenkins_home/.m2/repository/com/google/j2objc/j2objc-annotations/1.1/j2objc-annotations-1.1.jar:/var/jenkins_home/.m2/repository/org/codehaus/mojo/animal-sniffer-annotations/1.14/animal-sniffer-annotations-1.14.jar:/var/jenkins_home/.m2/repository/org/apache/httpcomponents/httpclient/4.5.6/httpclient-4.5.6.jar:/var/jenkins_home/.m2/repository/org/apache/httpcomponents/httpcore/4.4.10/httpcore-4.4.10.jar:/var/jenkins_home/.m2/repository/com/squareup/okhttp3/okhttp/3.8.1/okhttp-3.8.1.jar:/var/jenkins_home/.m2/repository/com/squareup/okio/okio/1.14.1/okio-1.14.1.jar:/var/jenkins_home/.m2/repository/io/github/bonigarcia/webdrivermanager/3.0.0/webdrivermanager-3.0.0.jar:/var/jenkins_home/.m2/repository/org/slf4j/slf4j-api/1.7.25/slf4j-api-1.7.25.jar:/var/jenkins_home/.m2/repository/commons-io/commons-io/2.6/commons-io-2.6.jar:/var/jenkins_home/.m2/repository/com/google/code/gson/gson/2.8.5/gson-2.8.5.jar:/var/jenkins_home/.m2/repository/org/apache/commons/commons-lang3/3.7/commons-lang3-3.7.jar:/var/jenkins_home/.m2/repository/org/rauschig/jarchivelib/0.8.0/jarchivelib-0.8.0.jar:/var/jenkins_home/.m2/repository/org/apache/commons/commons-compress/1.14/commons-compress-1.14.jar:/var/jenkins_home/.m2/repository/org/jsoup/jsoup/1.11.3/jsoup-1.11.3.jar:/var/jenkins_home/.m2/repository/net/lightbody/bmp/browsermob-core/2.1.5/browsermob-core-2.1.5.jar:/var/jenkins_home/.m2/repository/net/lightbody/bmp/littleproxy/1.1.0-beta-bmp-17/littleproxy-1.1.0-beta-bmp-17.jar:/var/jenkins_home/.m2/repository/com/fasterxml/jackson/core/jackson-core/2.9.6/jackson-core-2.9.6.jar:/var/jenkins_home/.m2/repository/com/fasterxml/jackson/core/jackson-databind/2.9.6/jackson-databind-2.9.6.jar:/var/jenkins_home/.m2/repository/com/fasterxml/jackson/core/jackson-annotations/2.9.0/jackson-annotations-2.9.0.jar:/var/jenkins_home/.m2/repository/dnsjava/dnsjava/2.1.8/dnsjava-2.1.8.jar:/var/jenkins_home/.m2/repository/org/slf4j/jcl-over-slf4j/1.7.25/jcl-over-slf4j-1.7.25.jar:/var/jenkins_home/.m2/repository/com/jcraft/jzlib/1.1.3/jzlib-1.1.3.jar:/var/jenkins_home/.m2/repository/io/netty/netty-all/4.1.29.Final/netty-all-4.1.29.Final.jar:/var/jenkins_home/.m2/repository/org/bouncycastle/bcprov-jdk15on/1.58/bcprov-jdk15on-1.58.jar:/var/jenkins_home/.m2/repository/org/bouncycastle/bcpkix-jdk15on/1.58/bcpkix-jdk15on-1.58.jar:/var/jenkins_home/.m2/repository/net/lightbody/bmp/mitm/2.1.5/mitm-2.1.5.jar:/var/jenkins_home/.m2/repository/org/springframework/boot/spring-boot-starter/2.1.1.RELEASE/spring-boot-starter-2.1.1.RELEASE.jar:/var/jenkins_home/.m2/repository/org/springframework/boot/spring-boot/2.0.5.RELEASE/spring-boot-2.0.5.RELEASE.jar:/var/jenkins_home/.m2/repository/org/springframework/spring-context/5.0.9.RELEASE/spring-context-5.0.9.RELEASE.jar:/var/jenkins_home/.m2/repository/org/springframework/spring-aop/5.0.9.RELEASE/spring-aop-5.0.9.RELEASE.jar:/var/jenkins_home/.m2/repository/org/springframework/spring-beans/5.0.9.RELEASE/spring-beans-5.0.9.RELEASE.jar:/var/jenkins_home/.m2/repository/org/springframework/spring-expression/5.0.9.RELEASE/spring-expression-5.0.9.RELEASE.jar:/var/jenkins_home/.m2/repository/org/springframework/boot/spring-boot-autoconfigure/2.0.5.RELEASE/spring-boot-autoconfigure-2.0.5.RELEASE.jar:/var/jenkins_home/.m2/repository/org/springframework/boot/spring-boot-starter-logging/2.0.5.RELEASE/spring-boot-starter-logging-2.0.5.RELEASE.jar:/var/jenkins_home/.m2/repository/ch/qos/logback/logback-classic/1.2.3/logback-classic-1.2.3.jar:/var/jenkins_home/.m2/repository/ch/qos/logback/logback-core/1.2.3/logback-core-1.2.3.jar:/var/jenkins_home/.m2/repository/org/apache/logging/log4j/log4j-to-slf4j/2.10.0/log4j-to-slf4j-2.10.0.jar:/var/jenkins_home/.m2/repository/org/apache/logging/log4j/log4j-api/2.10.0/log4j-api-2.10.0.jar:/var/jenkins_home/.m2/repository/org/slf4j/jul-to-slf4j/1.7.25/jul-to-slf4j-1.7.25.jar:/var/jenkins_home/.m2/repository/javax/annotation/javax.annotation-api/1.3.2/javax.annotation-api-1.3.2.jar:/var/jenkins_home/.m2/repository/org/springframework/spring-core/5.0.9.RELEASE/spring-core-5.0.9.RELEASE.jar:/var/jenkins_home/.m2/repository/org/springframework/spring-jcl/5.0.9.RELEASE/spring-jcl-5.0.9.RELEASE.jar:/var/jenkins_home/.m2/repository/org/yaml/snakeyaml/1.19/snakeyaml-1.19.jar:/var/jenkins_home/.m2/repository/org/springframework/boot/spring-boot-starter-test/2.1.1.RELEASE/spring-boot-starter-test-2.1.1.RELEASE.jar:/var/jenkins_home/.m2/repository/org/springframework/boot/spring-boot-test/2.0.5.RELEASE/spring-boot-test-2.0.5.RELEASE.jar:/var/jenkins_home/.m2/repository/org/springframework/boot/spring-boot-test-autoconfigure/2.0.5.RELEASE/spring-boot-test-autoconfigure-2.0.5.RELEASE.jar:/var/jenkins_home/.m2/repository/com/jayway/jsonpath/json-path/2.4.0/json-path-2.4.0.jar:/var/jenkins_home/.m2/repository/net/minidev/json-smart/2.3/json-smart-2.3.jar:/var/jenkins_home/.m2/repository/net/minidev/accessors-smart/1.2/accessors-smart-1.2.jar:/var/jenkins_home/.m2/repository/org/ow2/asm/asm/5.0.4/asm-5.0.4.jar:/var/jenkins_home/.m2/repository/org/assertj/assertj-core/3.11.1/assertj-core-3.11.1.jar:/var/jenkins_home/.m2/repository/org/mockito/mockito-core/2.15.0/mockito-core-2.15.0.jar:/var/jenkins_home/.m2/repository/net/bytebuddy/byte-buddy-agent/1.7.11/byte-buddy-agent-1.7.11.jar:/var/jenkins_home/.m2/repository/org/objenesis/objenesis/2.6/objenesis-2.6.jar:/var/jenkins_home/.m2/repository/org/hamcrest/hamcrest-core/1.3/hamcrest-core-1.3.jar:/var/jenkins_home/.m2/repository/org/hamcrest/hamcrest-library/1.3/hamcrest-library-1.3.jar:/var/jenkins_home/.m2/repository/org/skyscreamer/jsonassert/1.5.0/jsonassert-1.5.0.jar:/var/jenkins_home/.m2/repository/com/vaadin/external/google/android-json/0.0.20131108.vaadin1/android-json-0.0.20131108.vaadin1.jar:/var/jenkins_home/.m2/repository/org/springframework/spring-test/5.0.9.RELEASE/spring-test-5.0.9.RELEASE.jar:/var/jenkins_home/.m2/repository/org/xmlunit/xmlunit-core/2.5.1/xmlunit-core-2.5.1.jar:/var/jenkins_home/.m2/repository/org/apache/maven/surefire/surefire-junit-platform/2.22.0/surefire-junit-platform-2.22.0.jar:/var/jenkins_home/.m2/repository/org/junit/platform/junit-platform-launcher/1.2.0/junit-platform-launcher-1.2.0.jar:/var/jenkins_home/.m2/repository/org/junit/platform/junit-platform-engine/1.2.0/junit-platform-engine-1.2.0.jar:/var/jenkins_home/.m2/repository/org/junit/platform/junit-platform-commons/1.2.0/junit-platform-commons-1.2.0.jar:/var/jenkins_home/.m2/repository/org/opentest4j/opentest4j/1.1.0/opentest4j-1.1.0.jar, user.name=jenkins, java.vm.specification.version=1.8, sun.java.command=org.apache.maven.surefire.booter.ForkedBooter /var/jenkins_home/jobs/spring-petclinic-microservices-end-to-end-tests/workspace/spring-petclinic-e2e-tests/target/surefire 2018-12-08T20-47-58_811-jvmRun1 surefire7538512028611575740tmp surefire_063508081352902676tmp, java.home=/usr/lib/jvm/java-8-openjdk-amd64/jre, sun.arch.data.model=64, user.language=en, java.specification.vendor=Oracle Corporation, awt.toolkit=sun.awt.X11.XToolkit, java.vm.info=mixed mode, java.version=1.8.0_181, java.ext.dirs=/usr/lib/jvm/java-8-openjdk-amd64/jre/lib/ext:/usr/java/packages/lib/ext, sun.boot.class.path=/usr/lib/jvm/java-8-openjdk-amd64/jre/lib/resources.jar:/usr/lib/jvm/java-8-openjdk-amd64/jre/lib/rt.jar:/usr/lib/jvm/java-8-openjdk-amd64/jre/lib/sunrsasign.jar:/usr/lib/jvm/java-8-openjdk-amd64/jre/lib/jsse.jar:/usr/lib/jvm/java-8-openjdk-amd64/jre/lib/jce.jar:/usr/lib/jvm/java-8-openjdk-amd64/jre/lib/charsets.jar:/usr/lib/jvm/java-8-openjdk-amd64/jre/lib/jfr.jar:/usr/lib/jvm/java-8-openjdk-amd64/jre/classes, java.vendor=Oracle Corporation, localRepository=/var/jenkins_home/.m2/repository, file.separator=/, java.vendor.url.bug=http://bugreport.sun.com/bugreport/, sun.io.unicode.encoding=UnicodeLittle, sun.cpu.endian=little, sun.cpu.isalist=}}, SystemEnvironmentPropertySource@1787079037 {name='systemEnvironment', properties={PATH=/usr/local/sbin:/usr/local/bin:/usr/sbin:/usr/bin:/sbin:/bin, COPY_REFERENCE_FILE_LOG=/var/jenkins_home/copy_reference_file.log, RUN_DISPLAY_URL=http://unconfigured-jenkins-location/job/spring-petclinic-microservices-end-to-end-tests/85/display/redirect, HUDSON_HOME=/var/jenkins_home, APP_BUILD=2.0.7RC15, RUN_CHANGES_DISPLAY_URL=http://unconfigured-jenkins-location/job/spring-petclinic-microservices-end-to-end-tests/85/display/redirect?page=changes, HUDSON_COOKIE=85343a5a-ea54-4cb8-a159-4310e3684edf, JAVA_OPTS=-Djenkins.install.runSetupWizard=false, JENKINS_SERVER_COOKIE=b80d8f9b1c767ee8, PWD=/var/jenkins_home/jobs/spring-petclinic-microservices-end-to-end-tests/workspace/spring-petclinic-e2e-tests, BUILD_TAG=jenkins-spring-petclinic-microservices-end-to-end-tests-85, MAVEN_TERMINATE_CMD=on, OLDPWD=/var/jenkins_home/jobs/spring-petclinic-microservices-end-to-end-tests/workspace/spring-petclinic-e2e-tests, JENKINS_HOME=/var/jenkins_home, NODE_NAME=master, BUILD_DISPLAY_NAME=#85, JAVA_DEBIAN_VERSION=8u181-b13-2~deb9u1, JOB_DISPLAY_URL=http://unconfigured-jenkins-location/job/spring-petclinic-microservices-end-to-end-tests/display/redirect, GIT_BRANCH=origin/master, SHLVL=0, GIT_PREVIOUS_COMMIT=a1fd7a3da612abf03af80a6a61370452f903f4f7, QREBEL_AUTH_TOKEN=ae487773-386b-4508-8f1d-cac79497ed60, JAVA_HOME=/docker-java-home, CA_CERTIFICATES_JAVA_VERSION=20170531+nmu1, BUILD_ID=85, JENKINS_VERSION=2.138.3, APP_VERSION=2.0.7, LANG=C.UTF-8, JOB_NAME=spring-petclinic-microservices-end-to-end-tests, GIT_PREVIOUS_SUCCESSFUL_COMMIT=e7b2c6d41664508ae936c716d6ffd00579b64b1e, NODE_LABELS=master, WORKSPACE=/var/jenkins_home/jobs/spring-petclinic-microservices-end-to-end-tests/workspace, JENKINS_SLAVE_AGENT_PORT=50000, JAVA_VERSION=8u181, MAVEN_CMD_LINE_ARGS= -f spring-petclinic-e2e-tests/pom.xml clean verify -P jenkins -Dmaven.test.failure.ignore=true, JENKINS_OPTS=--httpPort=8088, GIT_COMMIT=a1fd7a3da612abf03af80a6a61370452f903f4f7, EXECUTOR_NUMBER=0, HUDSON_SERVER_COOKIE=b80d8f9b1c767ee8, JENKINS_UC=https://updates.jenkins.io, MAVEN_PROJECTBASEDIR=/var/jenkins_home/jobs/spring-petclinic-microservices-end-to-end-tests/workspace, JOB_BASE_NAME=spring-petclinic-microservices-end-to-end-tests, CLASSPATH=/var/jenkins_home/.m2/repository/org/apache/maven/surefire/surefire-booter/2.22.0/surefire-booter-2.22.0.jar:/var/jenkins_home/.m2/repository/org/apache/maven/surefire/surefire-api/2.22.0/surefire-api-2.22.0.jar:/var/jenkins_home/.m2/repository/org/apache/maven/surefire/surefire-logger-api/2.22.0/surefire-logger-api-2.22.0.jar:/var/jenkins_home/jobs/spring-petclinic-microservices-end-to-end-tests/workspace/spring-petclinic-e2e-tests/target/test-classes:/var/jenkins_home/jobs/spring-petclinic-microservices-end-to-end-tests/workspace/spring-petclinic-e2e-tests/target/classes:/var/jenkins_home/.m2/repository/org/junit/jupiter/junit-jupiter-api/5.1.1/junit-jupiter-api-5.1.1.jar:/var/jenkins_home/.m2/repository/org/apiguardian/apiguardian-api/1.0.0/apiguardian-api-1.0.0.jar:/var/jenkins_home/.m2/repository/org/opentest4j/opentest4j/1.0.0/opentest4j-1.0.0.jar:/var/jenkins_home/.m2/repository/org/junit/platform/junit-platform-commons/1.1.1/junit-platform-commons-1.1.1.jar:/var/jenkins_home/.m2/repository/org/junit/jupiter/junit-jupiter-engine/5.1.1/junit-jupiter-engine-5.1.1.jar:/var/jenkins_home/.m2/repository/org/junit/platform/junit-platform-engine/1.1.1/junit-platform-engine-1.1.1.jar:/var/jenkins_home/.m2/repository/org/junit/platform/junit-platform-runner/1.1.0/junit-platform-runner-1.1.0.jar:/var/jenkins_home/.m2/repository/org/junit/platform/junit-platform-launcher/1.1.0/junit-platform-launcher-1.1.0.jar:/var/jenkins_home/.m2/repository/org/junit/platform/junit-platform-suite-api/1.1.0/junit-platform-suite-api-1.1.0.jar:/var/jenkins_home/.m2/repository/junit/junit/4.12/junit-4.12.jar:/var/jenkins_home/.m2/repository/com/codeborne/selenide/5.0.1/selenide-5.0.1.jar:/var/jenkins_home/.m2/repository/org/seleniumhq/selenium/selenium-java/3.14.0/selenium-java-3.14.0.jar:/var/jenkins_home/.m2/repository/org/seleniumhq/selenium/selenium-api/3.14.0/selenium-api-3.14.0.jar:/var/jenkins_home/.m2/repository/org/seleniumhq/selenium/selenium-chrome-driver/3.14.0/selenium-chrome-driver-3.14.0.jar:/var/jenkins_home/.m2/repository/org/seleniumhq/selenium/selenium-edge-driver/3.14.0/selenium-edge-driver-3.14.0.jar:/var/jenkins_home/.m2/repository/org/seleniumhq/selenium/selenium-firefox-driver/3.14.0/selenium-firefox-driver-3.14.0.jar:/var/jenkins_home/.m2/repository/org/seleniumhq/selenium/selenium-ie-driver/3.14.0/selenium-ie-driver-3.14.0.jar:/var/jenkins_home/.m2/repository/org/seleniumhq/selenium/selenium-opera-driver/3.14.0/selenium-opera-driver-3.14.0.jar:/var/jenkins_home/.m2/repository/org/seleniumhq/selenium/selenium-remote-driver/3.14.0/selenium-remote-driver-3.14.0.jar:/var/jenkins_home/.m2/repository/org/seleniumhq/selenium/selenium-safari-driver/3.14.0/selenium-safari-driver-3.14.0.jar:/var/jenkins_home/.m2/repository/org/seleniumhq/selenium/selenium-support/3.14.0/selenium-support-3.14.0.jar:/var/jenkins_home/.m2/repository/net/bytebuddy/byte-buddy/1.7.11/byte-buddy-1.7.11.jar:/var/jenkins_home/.m2/repository/org/apache/commons/commons-exec/1.3/commons-exec-1.3.jar:/var/jenkins_home/.m2/repository/commons-codec/commons-codec/1.11/commons-codec-1.11.jar:/var/jenkins_home/.m2/repository/commons-logging/commons-logging/1.2/commons-logging-1.2.jar:/var/jenkins_home/.m2/repository/com/google/guava/guava/25.0-jre/guava-25.0-jre.jar:/var/jenkins_home/.m2/repository/com/google/code/findbugs/jsr305/1.3.9/jsr305-1.3.9.jar:/var/jenkins_home/.m2/repository/org/checkerframework/checker-compat-qual/2.0.0/checker-compat-qual-2.0.0.jar:/var/jenkins_home/.m2/repository/com/google/errorprone/error_prone_annotations/2.1.3/error_prone_annotations-2.1.3.jar:/var/jenkins_home/.m2/repository/com/google/j2objc/j2objc-annotations/1.1/j2objc-annotations-1.1.jar:/var/jenkins_home/.m2/repository/org/codehaus/mojo/animal-sniffer-annotations/1.14/animal-sniffer-annotations-1.14.jar:/var/jenkins_home/.m2/repository/org/apache/httpcomponents/httpclient/4.5.6/httpclient-4.5.6.jar:/var/jenkins_home/.m2/repository/org/apache/httpcomponents/httpcore/4.4.10/httpcore-4.4.10.jar:/var/jenkins_home/.m2/repository/com/squareup/okhttp3/okhttp/3.8.1/okhttp-3.8.1.jar:/var/jenkins_home/.m2/repository/com/squareup/okio/okio/1.14.1/okio-1.14.1.jar:/var/jenkins_home/.m2/repository/io/github/bonigarcia/webdrivermanager/3.0.0/webdrivermanager-3.0.0.jar:/var/jenkins_home/.m2/repository/org/slf4j/slf4j-api/1.7.25/slf4j-api-1.7.25.jar:/var/jenkins_home/.m2/repository/commons-io/commons-io/2.6/commons-io-2.6.jar:/var/jenkins_home/.m2/repository/com/google/code/gson/gson/2.8.5/gson-2.8.5.jar:/var/jenkins_home/.m2/repository/org/apache/commons/commons-lang3/3.7/commons-lang3-3.7.jar:/var/jenkins_home/.m2/repository/org/rauschig/jarchivelib/0.8.0/jarchivelib-0.8.0.jar:/var/jenkins_home/.m2/repository/org/apache/commons/commons-compress/1.14/commons-compress-1.14.jar:/var/jenkins_home/.m2/repository/org/jsoup/jsoup/1.11.3/jsoup-1.11.3.jar:/var/jenkins_home/.m2/repository/net/lightbody/bmp/browsermob-core/2.1.5/browsermob-core-2.1.5.jar:/var/jenkins_home/.m2/repository/net/lightbody/bmp/littleproxy/1.1.0-beta-bmp-17/littleproxy-1.1.0-beta-bmp-17.jar:/var/jenkins_home/.m2/repository/com/fasterxml/jackson/core/jackson-core/2.9.6/jackson-core-2.9.6.jar:/var/jenkins_home/.m2/repository/com/fasterxml/jackson/core/jackson-databind/2.9.6/jackson-databind-2.9.6.jar:/var/jenkins_home/.m2/repository/com/fasterxml/jackson/core/jackson-annotations/2.9.0/jackson-annotations-2.9.0.jar:/var/jenkins_home/.m2/repository/dnsjava/dnsjava/2.1.8/dnsjava-2.1.8.jar:/var/jenkins_home/.m2/repository/org/slf4j/jcl-over-slf4j/1.7.25/jcl-over-slf4j-1.7.25.jar:/var/jenkins_home/.m2/repository/com/jcraft/jzlib/1.1.3/jzlib-1.1.3.jar:/var/jenkins_home/.m2/repository/io/netty/netty-all/4.1.29.Final/netty-all-4.1.29.Final.jar:/var/jenkins_home/.m2/repository/org/bouncycastle/bcprov-jdk15on/1.58/bcprov-jdk15on-1.58.jar:/var/jenkins_home/.m2/repository/org/bouncycastle/bcpkix-jdk15on/1.58/bcpkix-jdk15on-1.58.jar:/var/jenkins_home/.m2/repository/net/lightbody/bmp/mitm/2.1.5/mitm-2.1.5.jar:/var/jenkins_home/.m2/repository/org/springframework/boot/spring-boot-starter/2.1.1.RELEASE/spring-boot-starter-2.1.1.RELEASE.jar:/var/jenkins_home/.m2/repository/org/springframework/boot/spring-boot/2.0.5.RELEASE/spring-boot-2.0.5.RELEASE.jar:/var/jenkins_home/.m2/repository/org/springframework/spring-context/5.0.9.RELEASE/spring-context-5.0.9.RELEASE.jar:/var/jenkins_home/.m2/repository/org/springframework/spring-aop/5.0.9.RELEASE/spring-aop-5.0.9.RELEASE.jar:/var/jenkins_home/.m2/repository/org/springframework/spring-beans/5.0.9.RELEASE/spring-beans-5.0.9.RELEASE.jar:/var/jenkins_home/.m2/repository/org/springframework/spring-expression/5.0.9.RELEASE/spring-expression-5.0.9.RELEASE.jar:/var/jenkins_home/.m2/repository/org/springframework/boot/spring-boot-autoconfigure/2.0.5.RELEASE/spring-boot-autoconfigure-2.0.5.RELEASE.jar:/var/jenkins_home/.m2/repository/org/springframework/boot/spring-boot-starter-logging/2.0.5.RELEASE/spring-boot-starter-logging-2.0.5.RELEASE.jar:/var/jenkins_home/.m2/repository/ch/qos/logback/logback-classic/1.2.3/logback-classic-1.2.3.jar:/var/jenkins_home/.m2/repository/ch/qos/logback/logback-core/1.2.3/logback-core-1.2.3.jar:/var/jenkins_home/.m2/repository/org/apache/logging/log4j/log4j-to-slf4j/2.10.0/log4j-to-slf4j-2.10.0.jar:/var/jenkins_home/.m2/repository/org/apache/logging/log4j/log4j-api/2.10.0/log4j-api-2.10.0.jar:/var/jenkins_home/.m2/repository/org/slf4j/jul-to-slf4j/1.7.25/jul-to-slf4j-1.7.25.jar:/var/jenkins_home/.m2/repository/javax/annotation/javax.annotation-api/1.3.2/javax.annotation-api-1.3.2.jar:/var/jenkins_home/.m2/repository/org/springframework/spring-core/5.0.9.RELEASE/spring-core-5.0.9.RELEASE.jar:/var/jenkins_home/.m2/repository/org/springframework/spring-jcl/5.0.9.RELEASE/spring-jcl-5.0.9.RELEASE.jar:/var/jenkins_home/.m2/repository/org/yaml/snakeyaml/1.19/snakeyaml-1.19.jar:/var/jenkins_home/.m2/repository/org/springframework/boot/spring-boot-starter-test/2.1.1.RELEASE/spring-boot-starter-test-2.1.1.RELEASE.jar:/var/jenkins_home/.m2/repository/org/springframework/boot/spring-boot-test/2.0.5.RELEASE/spring-boot-test-2.0.5.RELEASE.jar:/var/jenkins_home/.m2/repository/org/springframework/boot/spring-boot-test-autoconfigure/2.0.5.RELEASE/spring-boot-test-autoconfigure-2.0.5.RELEASE.jar:/var/jenkins_home/.m2/repository/com/jayway/jsonpath/json-path/2.4.0/json-path-2.4.0.jar:/var/jenkins_home/.m2/repository/net/minidev/json-smart/2.3/json-smart-2.3.jar:/var/jenkins_home/.m2/repository/net/minidev/accessors-smart/1.2/accessors-smart-1.2.jar:/var/jenkins_home/.m2/repository/org/ow2/asm/asm/5.0.4/asm-5.0.4.jar:/var/jenkins_home/.m2/repository/org/assertj/assertj-core/3.11.1/assertj-core-3.11.1.jar:/var/jenkins_home/.m2/repository/org/mockito/mockito-core/2.15.0/mockito-core-2.15.0.jar:/var/jenkins_home/.m2/repository/net/bytebuddy/byte-buddy-agent/1.7.11/byte-buddy-agent-1.7.11.jar:/var/jenkins_home/.m2/repository/org/objenesis/objenesis/2.6/objenesis-2.6.jar:/var/jenkins_home/.m2/repository/org/hamcrest/hamcrest-core/1.3/hamcrest-core-1.3.jar:/var/jenkins_home/.m2/repository/org/hamcrest/hamcrest-library/1.3/hamcrest-library-1.3.jar:/var/jenkins_home/.m2/repository/org/skyscreamer/jsonassert/1.5.0/jsonassert-1.5.0.jar:/var/jenkins_home/.m2/repository/com/vaadin/external/google/android-json/0.0.20131108.vaadin1/android-json-0.0.20131108.vaadin1.jar:/var/jenkins_home/.m2/repository/org/springframework/spring-test/5.0.9.RELEASE/spring-test-5.0.9.RELEASE.jar:/var/jenkins_home/.m2/repository/org/xmlunit/xmlunit-core/2.5.1/xmlunit-core-2.5.1.jar:/var/jenkins_home/.m2/repository/org/apache/maven/surefire/surefire-junit-platform/2.22.0/surefire-junit-platform-2.22.0.jar:/var/jenkins_home/.m2/repository/org/junit/platform/junit-platform-launcher/1.2.0/junit-platform-launcher-1.2.0.jar:/var/jenkins_home/.m2/repository/org/junit/platform/junit-platform-engine/1.2.0/junit-platform-engine-1.2.0.jar:/var/jenkins_home/.m2/repository/org/junit/platform/junit-platform-commons/1.2.0/junit-platform-commons-1.2.0.jar:/var/jenkins_home/.m2/repository/org/opentest4j/opentest4j/1.1.0/opentest4j-1.1.0.jar, JENKINS_INCREMENTALS_REPO_MIRROR=https://repo.jenkins-ci.org/incrementals, BUILD_NUMBER=85, HOSTNAME=7328c9c8bcb8, GIT_URL=https://github.com/sten711/spring-petclinic-microservices, JENKINS_UC_EXPERIMENTAL=https://updates.jenkins.io/experimental, HOME=/var/jenkins_home}}]
20:48:01.649 [main] DEBUG org.springframework.test.context.support.TestPropertySourceUtils - Adding inlined properties to environment: {spring.jmx.enabled=false, org.springframework.boot.test.context.SpringBootTestContextBootstrapper=true, server.port=-1}
20:48:01.650 [main] DEBUG org.springframework.core.env.StandardEnvironment - Adding PropertySource 'Inlined Test Properties' with highest search precedence

  .   ____          _            __ _ _
 /\\ / ___'_ __ _ _(_)_ __  __ _ \ \ \ \
( ( )\___ | '_ | '_| | '_ \/ _` | \ \ \ \
 \\/  ___)| |_)| | | | | || (_| |  ) ) ) )
  '  |____| .__|_| |_|_| |_\__, | / / / /
 =========|_|==============|___/=/_/_/_/
 :: Spring Boot ::        (v2.0.5.RELEASE)

2018-12-08 20:48:02.178  INFO 64545 --- [           main] c.r.p.vets.tests.VetResourcesITest       : Starting VetResourcesITest on 7328c9c8bcb8 with PID 64545 (started by jenkins in /var/jenkins_home/jobs/spring-petclinic-microservices-end-to-end-tests/workspace/spring-petclinic-e2e-tests)
2018-12-08 20:48:02.179  INFO 64545 --- [           main] c.r.p.vets.tests.VetResourcesITest       : The following profiles are active: jenkins
2018-12-08 20:48:02.244  INFO 64545 --- [           main] s.c.a.AnnotationConfigApplicationContext : Refreshing org.springframework.context.annotation.AnnotationConfigApplicationContext@15d49048: startup date [Sat Dec 08 20:48:02 UTC 2018]; root of context hierarchy
2018-12-08 20:48:03.279  INFO 64545 --- [           main] c.r.p.vets.tests.VetResourcesITest       : Started VetResourcesITest in 1.626 seconds (JVM running for 3.837)
2018-12-08 20:48:03.759  INFO 64545 --- [           main] c.c.selenide.drivercommands.LazyDriver   : No webdriver is bound to current thread: 1 - let's create a new webdriver
2018-12-08 20:48:05.138  INFO 64545 --- [           main] i.g.bonigarcia.wdm.WebDriverManager      : Using chromedriver 2.42 (since Google Chrome 70 is installed in your machine)
2018-12-08 20:48:05.174  INFO 64545 --- [           main] i.g.bonigarcia.wdm.WebDriverManager      : Exporting webdriver.chrome.driver as /var/jenkins_home/.m2/repository/webdriver/chromedriver/linux64/2.42/chromedriver
Starting ChromeDriver 2.42.591071 (0b695ff80972cc1a65a5cd643186d2ae582cd4ac) on port 1145
Only local connections are allowed.
[1544302085.545][SEVERE]: bind() returned an error, errno=99: Cannot assign requested address (99)
2018-12-08 20:48:06.995  INFO 64545 --- [ null to remote] o.o.selenium.remote.ProtocolHandshake    : Detected dialect: OSS
2018-12-08 20:48:07.049  INFO 64545 --- [           main] c.c.selenide.webdriver.BrowserResizer    : Set browser size to 1366x768
2018-12-08 20:48:07.181  INFO 64545 --- [           main] c.c.selenide.webdriver.WebDriverFactory  : BrowserName=chrome Version=70.0.3538.110 Platform=LINUX
2018-12-08 20:48:07.182  INFO 64545 --- [           main] c.c.selenide.webdriver.WebDriverFactory  : Selenide v. 5.0.1
2018-12-08 20:48:07.182  INFO 64545 --- [           main] c.c.selenide.webdriver.WebDriverFactory  : Selenium WebDriver v. 3.14.0 build time: 2018-08-02T20:19:58.91Z
2018-12-08 20:48:07.182  INFO 64545 --- [           main] c.c.s.d.CreateDriverCommand              : Create webdriver in current thread 1: ChromeDriver -> ChromeDriver: chrome on LINUX (7e26b9cc8ad831e2d0656f678b7d7763)

[8mha:////4LvaPO8NsRewfjQg5mk4puCcfxYp855QpVLqO2x4nZMAAAAAYB+LCAAAAAAAAP9b85aBtbiIQSmjNKU4P0+vJLE4u1gvPjexLDVPzxdEuhYV5Rf55ZekOlc7RKnPKH7IxMBQUcQgBdWQnJ9XnJ+TqucMoUEKGSCAEaSwAACsNFCqYAAAAA==[0m[ERROR] Tests run: 8, Failures: 4, Errors: 0, Skipped: 0, Time elapsed: 96.695 s <<< FAILURE! - in com.roguewave.petclinic.vets.tests.VetResourcesITest
[8mha:////4LvaPO8NsRewfjQg5mk4puCcfxYp855QpVLqO2x4nZMAAAAAYB+LCAAAAAAAAP9b85aBtbiIQSmjNKU4P0+vJLE4u1gvPjexLDVPzxdEuhYV5Rf55ZekOlc7RKnPKH7IxMBQUcQgBdWQnJ9XnJ+TqucMoUEKGSCAEaSwAACsNFCqYAAAAA==[0m[ERROR] testVetEditSpecialty  Time elapsed: 9.791 s  <<< FAILURE!
com.codeborne.selenide.ex.ElementNotFound: 
Element not found {by text: Henry Stevens}
Expected: exist
	at com.roguewave.petclinic.vets.tests.VetResourcesITest.findAndOpenVet(VetResourcesITest.java:196)
	at com.roguewave.petclinic.vets.tests.VetResourcesITest.testVetEditSpecialty(VetResourcesITest.java:158)
Caused by: org.openqa.selenium.NoSuchElementException: 
no such element: Unable to locate element: {"method":"xpath","selector":".//*/text()[normalize-space(translate(string(.), '	
 ', '    ')) = "Henry Stevens"]/parent::*"}
  (Session info: headless chrome=70.0.3538.110)
  (Driver info: chromedriver=2.42.591071 (0b695ff80972cc1a65a5cd643186d2ae582cd4ac),platform=Linux 4.9.93-linuxkit-aufs x86_64) (WARNING: The server did not provide any stacktrace information)
Command duration or timeout: 0 milliseconds
For documentation on this error, please visit: http://seleniumhq.org/exceptions/no_such_element.html
Build info: version: '3.14.0', revision: 'aacccce0', time: '2018-08-02T20:19:58.91Z'
System info: host: '7328c9c8bcb8', ip: '172.18.0.2', os.name: 'Linux', os.arch: 'amd64', os.version: '4.9.93-linuxkit-aufs', java.version: '1.8.0_181'
Driver info: org.openqa.selenium.chrome.ChromeDriver
Capabilities {acceptInsecureCerts: false, acceptSslCerts: false, applicationCacheEnabled: false, browserConnectionEnabled: false, browserName: chrome, chrome: {chromedriverVersion: 2.42.591071 (0b695ff80972cc..., userDataDir: /tmp/.org.chromium.Chromium...}, cssSelectorsEnabled: true, databaseEnabled: false, goog:chromeOptions: {debuggerAddress: localhost:33385}, handlesAlerts: true, hasTouchScreen: false, javascriptEnabled: true, locationContextEnabled: true, mobileEmulationEnabled: false, nativeEvents: true, networkConnectionEnabled: false, pageLoadStrategy: normal, platform: LINUX, platformName: LINUX, rotatable: false, setWindowRect: true, takesHeapSnapshot: true, takesScreenshot: true, unexpectedAlertBehaviour: , unhandledPromptBehavior: , version: 70.0.3538.110, webStorageEnabled: true}
Session ID: 7e26b9cc8ad831e2d0656f678b7d7763
*** Element info: {Using=xpath, value=.//*/text()[normalize-space(translate(string(.), '	
 ', '    ')) = "Henry Stevens"]/parent::*}
	at com.roguewave.petclinic.vets.tests.VetResourcesITest.findAndOpenVet(VetResourcesITest.java:196)
	at com.roguewave.petclinic.vets.tests.VetResourcesITest.testVetEditSpecialty(VetResourcesITest.java:158)

[8mha:////4LvaPO8NsRewfjQg5mk4puCcfxYp855QpVLqO2x4nZMAAAAAYB+LCAAAAAAAAP9b85aBtbiIQSmjNKU4P0+vJLE4u1gvPjexLDVPzxdEuhYV5Rf55ZekOlc7RKnPKH7IxMBQUcQgBdWQnJ9XnJ+TqucMoUEKGSCAEaSwAACsNFCqYAAAAA==[0m[ERROR] testVetDetails  Time elapsed: 4.2 s  <<< FAILURE!
com.codeborne.selenide.ex.ElementNotFound: 
Element not found {by text: James Carter}
Expected: exist
	at com.roguewave.petclinic.vets.tests.VetResourcesITest.findAndOpenVet(VetResourcesITest.java:196)
	at com.roguewave.petclinic.vets.tests.VetResourcesITest.testVetDetails(VetResourcesITest.java:130)
Caused by: org.openqa.selenium.NoSuchElementException: 
no such element: Unable to locate element: {"method":"xpath","selector":".//*/text()[normalize-space(translate(string(.), '	
 ', '    ')) = "James Carter"]/parent::*"}
  (Session info: headless chrome=70.0.3538.110)
  (Driver info: chromedriver=2.42.591071 (0b695ff80972cc1a65a5cd643186d2ae582cd4ac),platform=Linux 4.9.93-linuxkit-aufs x86_64) (WARNING: The server did not provide any stacktrace information)
Command duration or timeout: 0 milliseconds
For documentation on this error, please visit: http://seleniumhq.org/exceptions/no_such_element.html
Build info: version: '3.14.0', revision: 'aacccce0', time: '2018-08-02T20:19:58.91Z'
System info: host: '7328c9c8bcb8', ip: '172.18.0.2', os.name: 'Linux', os.arch: 'amd64', os.version: '4.9.93-linuxkit-aufs', java.version: '1.8.0_181'
Driver info: org.openqa.selenium.chrome.ChromeDriver
Capabilities {acceptInsecureCerts: false, acceptSslCerts: false, applicationCacheEnabled: false, browserConnectionEnabled: false, browserName: chrome, chrome: {chromedriverVersion: 2.42.591071 (0b695ff80972cc..., userDataDir: /tmp/.org.chromium.Chromium...}, cssSelectorsEnabled: true, databaseEnabled: false, goog:chromeOptions: {debuggerAddress: localhost:33385}, handlesAlerts: true, hasTouchScreen: false, javascriptEnabled: true, locationContextEnabled: true, mobileEmulationEnabled: false, nativeEvents: true, networkConnectionEnabled: false, pageLoadStrategy: normal, platform: LINUX, platformName: LINUX, rotatable: false, setWindowRect: true, takesHeapSnapshot: true, takesScreenshot: true, unexpectedAlertBehaviour: , unhandledPromptBehavior: , version: 70.0.3538.110, webStorageEnabled: true}
Session ID: 7e26b9cc8ad831e2d0656f678b7d7763
*** Element info: {Using=xpath, value=.//*/text()[normalize-space(translate(string(.), '	
 ', '    ')) = "James Carter"]/parent::*}
	at com.roguewave.petclinic.vets.tests.VetResourcesITest.findAndOpenVet(VetResourcesITest.java:196)
	at com.roguewave.petclinic.vets.tests.VetResourcesITest.testVetDetails(VetResourcesITest.java:130)

[8mha:////4LvaPO8NsRewfjQg5mk4puCcfxYp855QpVLqO2x4nZMAAAAAYB+LCAAAAAAAAP9b85aBtbiIQSmjNKU4P0+vJLE4u1gvPjexLDVPzxdEuhYV5Rf55ZekOlc7RKnPKH7IxMBQUcQgBdWQnJ9XnJ+TqucMoUEKGSCAEaSwAACsNFCqYAAAAA==[0m[ERROR] testVetEditAndAddNewSpecialty  Time elapsed: 4.203 s  <<< FAILURE!
com.codeborne.selenide.ex.ElementNotFound: 
Element not found {by text: Henry Stevens}
Expected: exist
	at com.roguewave.petclinic.vets.tests.VetResourcesITest.findAndOpenVet(VetResourcesITest.java:196)
	at com.roguewave.petclinic.vets.tests.VetResourcesITest.testVetEditAndAddNewSpecialty(VetResourcesITest.java:177)
Caused by: org.openqa.selenium.NoSuchElementException: 
no such element: Unable to locate element: {"method":"xpath","selector":".//*/text()[normalize-space(translate(string(.), '	
 ', '    ')) = "Henry Stevens"]/parent::*"}
  (Session info: headless chrome=70.0.3538.110)
  (Driver info: chromedriver=2.42.591071 (0b695ff80972cc1a65a5cd643186d2ae582cd4ac),platform=Linux 4.9.93-linuxkit-aufs x86_64) (WARNING: The server did not provide any stacktrace information)
Command duration or timeout: 0 milliseconds
For documentation on this error, please visit: http://seleniumhq.org/exceptions/no_such_element.html
Build info: version: '3.14.0', revision: 'aacccce0', time: '2018-08-02T20:19:58.91Z'
System info: host: '7328c9c8bcb8', ip: '172.18.0.2', os.name: 'Linux', os.arch: 'amd64', os.version: '4.9.93-linuxkit-aufs', java.version: '1.8.0_181'
Driver info: org.openqa.selenium.chrome.ChromeDriver
Capabilities {acceptInsecureCerts: false, acceptSslCerts: false, applicationCacheEnabled: false, browserConnectionEnabled: false, browserName: chrome, chrome: {chromedriverVersion: 2.42.591071 (0b695ff80972cc..., userDataDir: /tmp/.org.chromium.Chromium...}, cssSelectorsEnabled: true, databaseEnabled: false, goog:chromeOptions: {debuggerAddress: localhost:33385}, handlesAlerts: true, hasTouchScreen: false, javascriptEnabled: true, locationContextEnabled: true, mobileEmulationEnabled: false, nativeEvents: true, networkConnectionEnabled: false, pageLoadStrategy: normal, platform: LINUX, platformName: LINUX, rotatable: false, setWindowRect: true, takesHeapSnapshot: true, takesScreenshot: true, unexpectedAlertBehaviour: , unhandledPromptBehavior: , version: 70.0.3538.110, webStorageEnabled: true}
Session ID: 7e26b9cc8ad831e2d0656f678b7d7763
*** Element info: {Using=xpath, value=.//*/text()[normalize-space(translate(string(.), '	
 ', '    ')) = "Henry Stevens"]/parent::*}
	at com.roguewave.petclinic.vets.tests.VetResourcesITest.findAndOpenVet(VetResourcesITest.java:196)
	at com.roguewave.petclinic.vets.tests.VetResourcesITest.testVetEditAndAddNewSpecialty(VetResourcesITest.java:177)

[8mha:////4LvaPO8NsRewfjQg5mk4puCcfxYp855QpVLqO2x4nZMAAAAAYB+LCAAAAAAAAP9b85aBtbiIQSmjNKU4P0+vJLE4u1gvPjexLDVPzxdEuhYV5Rf55ZekOlc7RKnPKH7IxMBQUcQgBdWQnJ9XnJ+TqucMoUEKGSCAEaSwAACsNFCqYAAAAA==[0m[ERROR] testOwnersEdit  Time elapsed: 20.59 s  <<< FAILURE!
com.codeborne.selenide.ex.ElementNotFound: 
Element not found {by text: Submit}
Expected: exist
	at com.roguewave.petclinic.vets.tests.VetResourcesITest.testOwnersEdit(VetResourcesITest.java:108)
Caused by: org.openqa.selenium.NoSuchElementException: 
no such element: Unable to locate element: {"method":"xpath","selector":".//*/text()[normalize-space(translate(string(.), '	
 ', '    ')) = "Submit"]/parent::*"}
  (Session info: headless chrome=70.0.3538.110)
  (Driver info: chromedriver=2.42.591071 (0b695ff80972cc1a65a5cd643186d2ae582cd4ac),platform=Linux 4.9.93-linuxkit-aufs x86_64) (WARNING: The server did not provide any stacktrace information)
Command duration or timeout: 0 milliseconds
For documentation on this error, please visit: http://seleniumhq.org/exceptions/no_such_element.html
Build info: version: '3.14.0', revision: 'aacccce0', time: '2018-08-02T20:19:58.91Z'
System info: host: '7328c9c8bcb8', ip: '172.18.0.2', os.name: 'Linux', os.arch: 'amd64', os.version: '4.9.93-linuxkit-aufs', java.version: '1.8.0_181'
Driver info: org.openqa.selenium.chrome.ChromeDriver
Capabilities {acceptInsecureCerts: false, acceptSslCerts: false, applicationCacheEnabled: false, browserConnectionEnabled: false, browserName: chrome, chrome: {chromedriverVersion: 2.42.591071 (0b695ff80972cc..., userDataDir: /tmp/.org.chromium.Chromium...}, cssSelectorsEnabled: true, databaseEnabled: false, goog:chromeOptions: {debuggerAddress: localhost:33385}, handlesAlerts: true, hasTouchScreen: false, javascriptEnabled: true, locationContextEnabled: true, mobileEmulationEnabled: false, nativeEvents: true, networkConnectionEnabled: false, pageLoadStrategy: normal, platform: LINUX, platformName: LINUX, rotatable: false, setWindowRect: true, takesHeapSnapshot: true, takesScreenshot: true, unexpectedAlertBehaviour: , unhandledPromptBehavior: , version: 70.0.3538.110, webStorageEnabled: true}
Session ID: 7e26b9cc8ad831e2d0656f678b7d7763
*** Element info: {Using=xpath, value=.//*/text()[normalize-space(translate(string(.), '	
 ', '    ')) = "Submit"]/parent::*}
	at com.roguewave.petclinic.vets.tests.VetResourcesITest.testOwnersEdit(VetResourcesITest.java:108)

2018-12-08 20:49:37.557  INFO 64545 --- [       Thread-2] s.c.a.AnnotationConfigApplicationContext : Closing org.springframework.context.annotation.AnnotationConfigApplicationContext@15d49048: startup date [Sat Dec 08 20:48:02 UTC 2018]; root of context hierarchy
[INFO] 
[INFO] Results:
[INFO] 
[8mha:////4LvaPO8NsRewfjQg5mk4puCcfxYp855QpVLqO2x4nZMAAAAAYB+LCAAAAAAAAP9b85aBtbiIQSmjNKU4P0+vJLE4u1gvPjexLDVPzxdEuhYV5Rf55ZekOlc7RKnPKH7IxMBQUcQgBdWQnJ9XnJ+TqucMoUEKGSCAEaSwAACsNFCqYAAAAA==[0m[ERROR] Failures: 
[8mha:////4LvaPO8NsRewfjQg5mk4puCcfxYp855QpVLqO2x4nZMAAAAAYB+LCAAAAAAAAP9b85aBtbiIQSmjNKU4P0+vJLE4u1gvPjexLDVPzxdEuhYV5Rf55ZekOlc7RKnPKH7IxMBQUcQgBdWQnJ9XnJ+TqucMoUEKGSCAEaSwAACsNFCqYAAAAA==[0m[ERROR]   VetResourcesITest.testOwnersEdit:108 Element not found {by text: Submit}
Expected: exist
[8mha:////4LvaPO8NsRewfjQg5mk4puCcfxYp855QpVLqO2x4nZMAAAAAYB+LCAAAAAAAAP9b85aBtbiIQSmjNKU4P0+vJLE4u1gvPjexLDVPzxdEuhYV5Rf55ZekOlc7RKnPKH7IxMBQUcQgBdWQnJ9XnJ+TqucMoUEKGSCAEaSwAACsNFCqYAAAAA==[0m[ERROR]   VetResourcesITest.testVetDetails:130->findAndOpenVet:196 Element not found {by text: James Carter}
Expected: exist
[8mha:////4LvaPO8NsRewfjQg5mk4puCcfxYp855QpVLqO2x4nZMAAAAAYB+LCAAAAAAAAP9b85aBtbiIQSmjNKU4P0+vJLE4u1gvPjexLDVPzxdEuhYV5Rf55ZekOlc7RKnPKH7IxMBQUcQgBdWQnJ9XnJ+TqucMoUEKGSCAEaSwAACsNFCqYAAAAA==[0m[ERROR]   VetResourcesITest.testVetEditAndAddNewSpecialty:177->findAndOpenVet:196 Element not found {by text: Henry Stevens}
Expected: exist
[8mha:////4LvaPO8NsRewfjQg5mk4puCcfxYp855QpVLqO2x4nZMAAAAAYB+LCAAAAAAAAP9b85aBtbiIQSmjNKU4P0+vJLE4u1gvPjexLDVPzxdEuhYV5Rf55ZekOlc7RKnPKH7IxMBQUcQgBdWQnJ9XnJ+TqucMoUEKGSCAEaSwAACsNFCqYAAAAA==[0m[ERROR]   VetResourcesITest.testVetEditSpecialty:158->findAndOpenVet:196 Element not found {by text: Henry Stevens}
Expected: exist
[INFO] 
[8mha:////4LvaPO8NsRewfjQg5mk4puCcfxYp855QpVLqO2x4nZMAAAAAYB+LCAAAAAAAAP9b85aBtbiIQSmjNKU4P0+vJLE4u1gvPjexLDVPzxdEuhYV5Rf55ZekOlc7RKnPKH7IxMBQUcQgBdWQnJ9XnJ+TqucMoUEKGSCAEaSwAACsNFCqYAAAAA==[0m[ERROR] Tests run: 8, Failures: 4, Errors: 0, Skipped: 0
[INFO] 
[8mha:////4LvaPO8NsRewfjQg5mk4puCcfxYp855QpVLqO2x4nZMAAAAAYB+LCAAAAAAAAP9b85aBtbiIQSmjNKU4P0+vJLE4u1gvPjexLDVPzxdEuhYV5Rf55ZekOlc7RKnPKH7IxMBQUcQgBdWQnJ9XnJ+TqucMoUEKGSCAEaSwAACsNFCqYAAAAA==[0m[ERROR] There are test failures.

Please refer to /var/jenkins_home/jobs/spring-petclinic-microservices-end-to-end-tests/workspace/spring-petclinic-e2e-tests/target/surefire-reports for the individual test results.
Please refer to dump files (if any exist) [date]-jvmRun[N].dump, [date].dumpstream and [date]-jvmRun[N].dumpstream.
[INFO] 
[8mha:////4LY9qAbl0+xaq4stsC31wXaa51IICuI8DGD7yd5+vXM8AAAAYB+LCAAAAAAAAP9b85aBtbiIQSmjNKU4P0+vJLE4u1gvPjexLDVPzxdEGvvmZ+X75ZekLlOVfvTjc8FPJgaGiiIGKaiG5Py84vycVD1nCA1SyAABjCCFBQCV27OjYAAAAA==[0m[INFO] --- maven-jar-plugin:3.0.2:jar (default-jar) @ spring-petclinic-e2e-tests ---
[8mha:////4OTdWSVPjwWOiesBxje+vCOSu4SSYFGfDIEbjHNcXIjfAAAAYx+LCAAAAAAAAP9b85aBtbiIQSWjNKU4P0+vJLE4u1gvPjexLDVPzxdEhicW5WXmpfvll6S2fNly5fzGzauYGBgqihikoFqS8/OK83NS9ZwhNEghAwQwghQWAACwxA+XYgAAAA==[0m[WARNING] JAR will be empty - no content was marked for inclusion!
[INFO] Building jar: /var/jenkins_home/jobs/spring-petclinic-microservices-end-to-end-tests/workspace/spring-petclinic-e2e-tests/target/spring-petclinic-e2e-tests-2.0.5.jar
[INFO] ------------------------------------------------------------------------
[INFO] BUILD SUCCESS
[INFO] ------------------------------------------------------------------------
[INFO] Total time: 01:50 min
[INFO] Finished at: 2018-12-08T20:49:38+00:00
[INFO] Final Memory: 37M/222M
[INFO] ------------------------------------------------------------------------
AppNamespring-petclinic-api-gateway resolveAppName spring-petclinic-api-gateway
Baseline Build: 2.0.7RC3
Target Build: 2.0.7RC15 resolved: 2.0.7RC15
Going to perform QRebel API call..
Calling URL - https://hub.qrebel.com/api/applications/spring-petclinic-api-gateway/issues/?targetBuild=2.0.7RC15&defaultBaseline
Performance regression have been found in the current build. Failing build.
Slow Requests: 1
 Excessive IO: 0 
 Exceptions: 0  
 Threshold limit(ms): 200 ms | slowest endpoint time(ms): 575 ms
For more detail check your <a href="+ qRData.getViewUrl()/">dashboard</a>
Build step 'QRebel' changed build result to FAILURE
AppNamespring-petclinic-config-server resolveAppName spring-petclinic-config-server
Baseline Build: 2.0.7RC3
Target Build: 2.0.7RC15 resolved: 2.0.7RC15
Going to perform QRebel API call..
Calling URL - https://hub.qrebel.com/api/applications/spring-petclinic-config-server/issues/?targetBuild=2.0.7RC15&defaultBaseline
AppNamespring-petclinic-customers-service resolveAppName spring-petclinic-customers-service
Baseline Build: 2.0.7RC3
Target Build: 2.0.7RC15 resolved: 2.0.7RC15
Going to perform QRebel API call..
Calling URL - https://hub.qrebel.com/api/applications/spring-petclinic-customers-service/issues/?targetBuild=2.0.7RC15&defaultBaseline
AppNamespring-petclinic-visits-service resolveAppName spring-petclinic-visits-service
Baseline Build: 2.0.7RC3
Target Build: 2.0.7RC15 resolved: 2.0.7RC15
Going to perform QRebel API call..
Calling URL - https://hub.qrebel.com/api/applications/spring-petclinic-visits-service/issues/?targetBuild=2.0.7RC15&defaultBaseline
AppNamespring-petclinic-vets-service resolveAppName spring-petclinic-vets-service
Baseline Build: 2.0.7RC3
Target Build: 2.0.7RC15 resolved: 2.0.7RC15
Going to perform QRebel API call..
Calling URL - https://hub.qrebel.com/api/applications/spring-petclinic-vets-service/issues/?targetBuild=2.0.7RC15&defaultBaseline
Performance regression have been found in the current build. Failing build.
Slow Requests: 1
 Excessive IO: 0 
 Exceptions: 0  
 Threshold limit(ms): 100 ms | slowest endpoint time(ms): 561 ms
For more detail check your <a href="+ qRData.getViewUrl()/">dashboard</a>
AppNamespring-petclinic-discovery-server resolveAppName spring-petclinic-discovery-server
Baseline Build: 2.0.7RC3
Target Build: 2.0.7RC15 resolved: 2.0.7RC15
Going to perform QRebel API call..
Calling URL - https://hub.qrebel.com/api/applications/spring-petclinic-discovery-server/issues/?targetBuild=2.0.7RC15&defaultBaseline
Performance regression have been found in the current build. Failing build.
Slow Requests: 0
 Excessive IO: 0 
 Exceptions: 4  
 Threshold limit(ms): 0 ms | slowest endpoint time(ms): 0 ms
For more detail check your <a href="+ qRData.getViewUrl()/">dashboard</a>
Performing Post build task...
Match found for : : True
Logical operation result is TRUE
Running script  : docker-compose down
[workspace] $ /bin/sh -xe /tmp/jenkins5502172176943808409.sh
+ docker-compose down
Stopping customers-service ... 
Stopping visits-service    ... 
Stopping api-gateway       ... 
Stopping vets-service      ... 
Stopping admin-server      ... 
Stopping discovery-server  ... 
Stopping tracing-server    ... 
Stopping config-server     ... 
[2A[2KStopping tracing-server    ... [32mdone[0m[2B[4A[2KStopping admin-server      ... [32mdone[0m[4B[5A[2KStopping vets-service      ... [32mdone[0m[5B[7A[2KStopping visits-service    ... [32mdone[0m[7B[8A[2KStopping customers-service ... [32mdone[0m[8B[6A[2KStopping api-gateway       ... [32mdone[0m[6B[3A[2KStopping discovery-server  ... [32mdone[0m[3B[1A[2KStopping config-server     ... [32mdone[0m[1BRemoving customers-service ... 
Removing visits-service    ... 
Removing api-gateway       ... 
Removing vets-service      ... 
Removing admin-server      ... 
Removing discovery-server  ... 
Removing tracing-server    ... 
Removing config-server     ... 
[7A[2KRemoving visits-service    ... [32mdone[0m[7B[2A[2KRemoving tracing-server    ... [32mdone[0m[2B[1A[2KRemoving config-server     ... [32mdone[0m[1B[3A[2KRemoving discovery-server  ... [32mdone[0m[3B[4A[2KRemoving admin-server      ... [32mdone[0m[4B[8A[2KRemoving customers-service ... [32mdone[0m[8B[6A[2KRemoving api-gateway       ... [32mdone[0m[6B[5A[2KRemoving vets-service      ... [32mdone[0m[5BNetwork spring-petclinic-microservices_default is external, skipping
POST BUILD TASK : SUCCESS
END OF POST BUILD TASK : 0
Finished: FAILURE
