Started by user unknown or anonymous
ln builds/lastSuccessfulBuild /var/jenkins_home/jobs/spring-petclinic-microservices-end-to-end-tests/lastSuccessful failed
java.nio.file.DirectoryNotEmptyException: /var/jenkins_home/jobs/spring-petclinic-microservices-end-to-end-tests/lastSuccessful
	at sun.nio.fs.UnixFileSystemProvider.implDelete(UnixFileSystemProvider.java:242)
	at sun.nio.fs.AbstractFileSystemProvider.deleteIfExists(AbstractFileSystemProvider.java:108)
	at java.nio.file.Files.deleteIfExists(Files.java:1165)
	at hudson.Util.createSymlink(Util.java:1351)
	at hudson.model.Run.createSymlink(Run.java:1958)
	at hudson.model.Run.updateSymlinks(Run.java:1939)
	at hudson.model.Run.execute(Run.java:1817)
	at hudson.model.FreeStyleBuild.run(FreeStyleBuild.java:43)
	at hudson.model.ResourceController.execute(ResourceController.java:97)
	at hudson.model.Executor.run(Executor.java:429)
ln builds/lastStableBuild /var/jenkins_home/jobs/spring-petclinic-microservices-end-to-end-tests/lastStable failed
java.nio.file.DirectoryNotEmptyException: /var/jenkins_home/jobs/spring-petclinic-microservices-end-to-end-tests/lastStable
	at sun.nio.fs.UnixFileSystemProvider.implDelete(UnixFileSystemProvider.java:242)
	at sun.nio.fs.AbstractFileSystemProvider.deleteIfExists(AbstractFileSystemProvider.java:108)
	at java.nio.file.Files.deleteIfExists(Files.java:1165)
	at hudson.Util.createSymlink(Util.java:1351)
	at hudson.model.Run.createSymlink(Run.java:1958)
	at hudson.model.Run.updateSymlinks(Run.java:1940)
	at hudson.model.Run.execute(Run.java:1817)
	at hudson.model.FreeStyleBuild.run(FreeStyleBuild.java:43)
	at hudson.model.ResourceController.execute(ResourceController.java:97)
	at hudson.model.Executor.run(Executor.java:429)
Building in workspace /var/jenkins_home/jobs/spring-petclinic-microservices-end-to-end-tests/workspace
 > git rev-parse --is-inside-work-tree # timeout=10
Fetching changes from the remote Git repository
 > git config remote.origin.url https://github.com/sten711/spring-petclinic-microservices # timeout=10
Fetching upstream changes from https://github.com/sten711/spring-petclinic-microservices
 > git --version # timeout=10
 > git fetch --tags --progress https://github.com/sten711/spring-petclinic-microservices +refs/heads/*:refs/remotes/origin/*
 > git rev-parse origin/master^{commit} # timeout=10
Checking out Revision bc610d0b1e11eaac640f7d35819bce083a782191 (origin/master)
 > git config core.sparsecheckout # timeout=10
 > git checkout -f bc610d0b1e11eaac640f7d35819bce083a782191
Commit message: "Improve vet details loading"
 > git rev-list --no-walk bc610d0b1e11eaac640f7d35819bce083a782191 # timeout=10
Build environment variables will be made available to the next build: QREBEL_AUTH_TOKEN=ae487773-386b-4508-8f1d-cac79497ed60:APP_VERSION=2.0.7:APP_BUILD=2.0.7RC31
[workspace] $ mvn clean install -PbuildDocker
[INFO] Scanning for projects...
[INFO] ------------------------------------------------------------------------
[INFO] Reactor Build Order:
[INFO] 
[INFO] spring-petclinic-microservices
[INFO] spring-petclinic-admin-server
[INFO] spring-petclinic-customers-service
[INFO] spring-petclinic-vets-service
[INFO] spring-petclinic-visits-service
[INFO] spring-petclinic-config-server
[INFO] spring-petclinic-discovery-server
[INFO] spring-petclinic-api-gateway
[INFO]                                                                         
[INFO] ------------------------------------------------------------------------
[INFO] Building spring-petclinic-microservices 2.0.6
[INFO] ------------------------------------------------------------------------
[INFO] 
[8mha:////4LY9qAbl0+xaq4stsC31wXaa51IICuI8DGD7yd5+vXM8AAAAYB+LCAAAAAAAAP9b85aBtbiIQSmjNKU4P0+vJLE4u1gvPjexLDVPzxdEGvvmZ+X75ZekLlOVfvTjc8FPJgaGiiIGKaiG5Py84vycVD1nCA1SyAABjCCFBQCV27OjYAAAAA==[0m[INFO] --- maven-clean-plugin:3.0.0:clean (default-clean) @ spring-petclinic-microservices ---
[INFO] 
[8mha:////4LY9qAbl0+xaq4stsC31wXaa51IICuI8DGD7yd5+vXM8AAAAYB+LCAAAAAAAAP9b85aBtbiIQSmjNKU4P0+vJLE4u1gvPjexLDVPzxdEGvvmZ+X75ZekLlOVfvTjc8FPJgaGiiIGKaiG5Py84vycVD1nCA1SyAABjCCFBQCV27OjYAAAAA==[0m[INFO] --- maven-install-plugin:2.5.2:install (default-install) @ spring-petclinic-microservices ---
[INFO] Installing /var/jenkins_home/jobs/spring-petclinic-microservices-end-to-end-tests/workspace/pom.xml to /var/jenkins_home/.m2/repository/org/springframework/samples/spring-petclinic-microservices/2.0.6/spring-petclinic-microservices-2.0.6.pom
[INFO]                                                                         
[INFO] ------------------------------------------------------------------------
[INFO] Building spring-petclinic-admin-server 2.0.6
[INFO] ------------------------------------------------------------------------
[INFO] 
[8mha:////4LY9qAbl0+xaq4stsC31wXaa51IICuI8DGD7yd5+vXM8AAAAYB+LCAAAAAAAAP9b85aBtbiIQSmjNKU4P0+vJLE4u1gvPjexLDVPzxdEGvvmZ+X75ZekLlOVfvTjc8FPJgaGiiIGKaiG5Py84vycVD1nCA1SyAABjCCFBQCV27OjYAAAAA==[0m[INFO] --- maven-clean-plugin:3.0.0:clean (default-clean) @ spring-petclinic-admin-server ---
[INFO] Deleting /var/jenkins_home/jobs/spring-petclinic-microservices-end-to-end-tests/workspace/spring-petclinic-admin-server/target
[INFO] 
[8mha:////4LY9qAbl0+xaq4stsC31wXaa51IICuI8DGD7yd5+vXM8AAAAYB+LCAAAAAAAAP9b85aBtbiIQSmjNKU4P0+vJLE4u1gvPjexLDVPzxdEGvvmZ+X75ZekLlOVfvTjc8FPJgaGiiIGKaiG5Py84vycVD1nCA1SyAABjCCFBQCV27OjYAAAAA==[0m[INFO] --- git-commit-id-plugin:2.2.5:revision (default) @ spring-petclinic-admin-server ---
[INFO] dotGitDirectory /var/jenkins_home/jobs/spring-petclinic-microservices-end-to-end-tests/workspace/.git
[INFO] git.build.user.name 
[INFO] git.build.user.email 
[INFO] Using environment variable based branch name. GIT_BRANCH = origin/master
[INFO] git.branch origin/master
[INFO] --always = true
[INFO] --dirty = -dirty
[INFO] --abbrev = 7
[INFO] Tag refs [[Ref[refs/tags/v1.5.9=387f824fd9f4ce6e1693b43eec9fc35867fc9f3e], Ref[refs/tags/v2.0.3=8fa041c08ec96e3079c0df4006b537f8c0b3ad85]]]
[INFO] Created map: [{}]
[INFO] evalCommit is [bc610d0b1e11eaac640f7d35819bce083a782191]
[INFO] git.commit.id.describe bc610d0
[INFO] git.commit.id bc610d0b1e11eaac640f7d35819bce083a782191
[INFO] git.commit.id.abbrev bc610d0
[INFO] git.dirty false
[INFO] git.commit.user.name Sten
[INFO] git.commit.user.email sten@Stens-MacBook.local
[INFO] git.commit.message.full Improve vet details loading
[INFO] git.commit.message.short Improve vet details loading
[INFO] git.commit.time 2018-12-11T15:51:17+0000
[INFO] git.remote.origin.url https://github.com/sten711/spring-petclinic-microservices
[INFO] git.tags 
[INFO] evalCommit is [bc610d0b1e11eaac640f7d35819bce083a782191]
[INFO] Tag refs [[Ref[refs/tags/v1.5.9=387f824fd9f4ce6e1693b43eec9fc35867fc9f3e], Ref[refs/tags/v2.0.3=8fa041c08ec96e3079c0df4006b537f8c0b3ad85]]]
[INFO] Created map: [{}]
[INFO] git.closest.tag.name 
[INFO] evalCommit is [bc610d0b1e11eaac640f7d35819bce083a782191]
[INFO] Tag refs [[Ref[refs/tags/v1.5.9=387f824fd9f4ce6e1693b43eec9fc35867fc9f3e], Ref[refs/tags/v2.0.3=8fa041c08ec96e3079c0df4006b537f8c0b3ad85]]]
[INFO] Created map: [{}]
[INFO] git.closest.tag.commit.count 
[INFO] git.total.commit.count 649
[INFO] git.build.time 2018-12-11T16:20:03+0000
[INFO] git.build.version 2.0.6
[INFO] git.build.host 27bd21f57c65
[INFO] git.build.number 113
[INFO] git.commit.id.describe-short bc610d0
[INFO] found property git.build.user.email
[INFO] found property git.build.host
[INFO] found property git.dirty
[INFO] found property git.remote.origin.url
[INFO] found property git.closest.tag.name
[INFO] found property git.total.commit.count
[INFO] found property git.commit.id.describe-short
[INFO] found property git.commit.user.email
[INFO] found property git.commit.time
[INFO] found property git.commit.message.full
[INFO] found property git.build.version
[INFO] found property git.commit.message.short
[INFO] found property git.commit.id.abbrev
[INFO] found property git.branch
[INFO] found property git.build.user.name
[INFO] found property git.build.number
[INFO] found property git.closest.tag.commit.count
[INFO] found property git.commit.id.describe
[INFO] found property git.commit.id
[INFO] found property git.tags
[INFO] found property git.build.time
[INFO] found property git.commit.user.name
[INFO] Writing properties file to [/var/jenkins_home/jobs/spring-petclinic-microservices-end-to-end-tests/workspace/spring-petclinic-admin-server/target/classes/git.properties] (for module spring-petclinic-admin-server)...
[INFO] 
[8mha:////4LY9qAbl0+xaq4stsC31wXaa51IICuI8DGD7yd5+vXM8AAAAYB+LCAAAAAAAAP9b85aBtbiIQSmjNKU4P0+vJLE4u1gvPjexLDVPzxdEGvvmZ+X75ZekLlOVfvTjc8FPJgaGiiIGKaiG5Py84vycVD1nCA1SyAABjCCFBQCV27OjYAAAAA==[0m[INFO] --- spring-boot-maven-plugin:2.0.6.RELEASE:build-info (default) @ spring-petclinic-admin-server ---
[INFO] 
[8mha:////4LY9qAbl0+xaq4stsC31wXaa51IICuI8DGD7yd5+vXM8AAAAYB+LCAAAAAAAAP9b85aBtbiIQSmjNKU4P0+vJLE4u1gvPjexLDVPzxdEGvvmZ+X75ZekLlOVfvTjc8FPJgaGiiIGKaiG5Py84vycVD1nCA1SyAABjCCFBQCV27OjYAAAAA==[0m[INFO] --- maven-resources-plugin:3.0.2:resources (default-resources) @ spring-petclinic-admin-server ---
[INFO] Using 'UTF-8' encoding to copy filtered resources.
[INFO] Copying 0 resource
[INFO] Copying 2 resources
[INFO] 
[8mha:////4LY9qAbl0+xaq4stsC31wXaa51IICuI8DGD7yd5+vXM8AAAAYB+LCAAAAAAAAP9b85aBtbiIQSmjNKU4P0+vJLE4u1gvPjexLDVPzxdEGvvmZ+X75ZekLlOVfvTjc8FPJgaGiiIGKaiG5Py84vycVD1nCA1SyAABjCCFBQCV27OjYAAAAA==[0m[INFO] --- maven-compiler-plugin:3.7.0:compile (default-compile) @ spring-petclinic-admin-server ---
[INFO] Changes detected - recompiling the module!
[INFO] Compiling 1 source file to /var/jenkins_home/jobs/spring-petclinic-microservices-end-to-end-tests/workspace/spring-petclinic-admin-server/target/classes
[INFO] 
[8mha:////4LY9qAbl0+xaq4stsC31wXaa51IICuI8DGD7yd5+vXM8AAAAYB+LCAAAAAAAAP9b85aBtbiIQSmjNKU4P0+vJLE4u1gvPjexLDVPzxdEGvvmZ+X75ZekLlOVfvTjc8FPJgaGiiIGKaiG5Py84vycVD1nCA1SyAABjCCFBQCV27OjYAAAAA==[0m[INFO] --- maven-resources-plugin:3.0.2:testResources (default-testResources) @ spring-petclinic-admin-server ---
[INFO] Not copying test resources
[INFO] 
[8mha:////4LY9qAbl0+xaq4stsC31wXaa51IICuI8DGD7yd5+vXM8AAAAYB+LCAAAAAAAAP9b85aBtbiIQSmjNKU4P0+vJLE4u1gvPjexLDVPzxdEGvvmZ+X75ZekLlOVfvTjc8FPJgaGiiIGKaiG5Py84vycVD1nCA1SyAABjCCFBQCV27OjYAAAAA==[0m[INFO] --- maven-compiler-plugin:3.7.0:testCompile (default-testCompile) @ spring-petclinic-admin-server ---
[INFO] Not compiling test sources
[INFO] 
[8mha:////4LY9qAbl0+xaq4stsC31wXaa51IICuI8DGD7yd5+vXM8AAAAYB+LCAAAAAAAAP9b85aBtbiIQSmjNKU4P0+vJLE4u1gvPjexLDVPzxdEGvvmZ+X75ZekLlOVfvTjc8FPJgaGiiIGKaiG5Py84vycVD1nCA1SyAABjCCFBQCV27OjYAAAAA==[0m[INFO] --- maven-surefire-plugin:2.22.0:test (default-test) @ spring-petclinic-admin-server ---
[INFO] Tests are skipped.
[INFO] 
[8mha:////4LY9qAbl0+xaq4stsC31wXaa51IICuI8DGD7yd5+vXM8AAAAYB+LCAAAAAAAAP9b85aBtbiIQSmjNKU4P0+vJLE4u1gvPjexLDVPzxdEGvvmZ+X75ZekLlOVfvTjc8FPJgaGiiIGKaiG5Py84vycVD1nCA1SyAABjCCFBQCV27OjYAAAAA==[0m[INFO] --- maven-jar-plugin:3.0.2:jar (default-jar) @ spring-petclinic-admin-server ---
[INFO] Building jar: /var/jenkins_home/jobs/spring-petclinic-microservices-end-to-end-tests/workspace/spring-petclinic-admin-server/target/spring-petclinic-admin-server-2.0.6.jar
[INFO] 
[8mha:////4LY9qAbl0+xaq4stsC31wXaa51IICuI8DGD7yd5+vXM8AAAAYB+LCAAAAAAAAP9b85aBtbiIQSmjNKU4P0+vJLE4u1gvPjexLDVPzxdEGvvmZ+X75ZekLlOVfvTjc8FPJgaGiiIGKaiG5Py84vycVD1nCA1SyAABjCCFBQCV27OjYAAAAA==[0m[INFO] --- spring-boot-maven-plugin:2.0.6.RELEASE:repackage (default) @ spring-petclinic-admin-server ---
[INFO] 
[8mha:////4LY9qAbl0+xaq4stsC31wXaa51IICuI8DGD7yd5+vXM8AAAAYB+LCAAAAAAAAP9b85aBtbiIQSmjNKU4P0+vJLE4u1gvPjexLDVPzxdEGvvmZ+X75ZekLlOVfvTjc8FPJgaGiiIGKaiG5Py84vycVD1nCA1SyAABjCCFBQCV27OjYAAAAA==[0m[INFO] --- maven-install-plugin:2.5.2:install (default-install) @ spring-petclinic-admin-server ---
[INFO] Installing /var/jenkins_home/jobs/spring-petclinic-microservices-end-to-end-tests/workspace/spring-petclinic-admin-server/target/spring-petclinic-admin-server-2.0.6.jar to /var/jenkins_home/.m2/repository/org/springframework/samples/petclinic/admin/spring-petclinic-admin-server/2.0.6/spring-petclinic-admin-server-2.0.6.jar
[INFO] Installing /var/jenkins_home/jobs/spring-petclinic-microservices-end-to-end-tests/workspace/spring-petclinic-admin-server/pom.xml to /var/jenkins_home/.m2/repository/org/springframework/samples/petclinic/admin/spring-petclinic-admin-server/2.0.6/spring-petclinic-admin-server-2.0.6.pom
[INFO] 
[8mha:////4LY9qAbl0+xaq4stsC31wXaa51IICuI8DGD7yd5+vXM8AAAAYB+LCAAAAAAAAP9b85aBtbiIQSmjNKU4P0+vJLE4u1gvPjexLDVPzxdEGvvmZ+X75ZekLlOVfvTjc8FPJgaGiiIGKaiG5Py84vycVD1nCA1SyAABjCCFBQCV27OjYAAAAA==[0m[INFO] --- docker-maven-plugin:1.1.1:build (default) @ spring-petclinic-admin-server ---
[INFO] Using authentication suppliers: [ConfigFileRegistryAuthSupplier]
[INFO] Copying /var/jenkins_home/jobs/spring-petclinic-microservices-end-to-end-tests/workspace/spring-petclinic-admin-server/target/spring-petclinic-admin-server-2.0.6.jar -> /var/jenkins_home/jobs/spring-petclinic-microservices-end-to-end-tests/workspace/spring-petclinic-admin-server/target/docker/spring-petclinic-admin-server-2.0.6.jar
[INFO] Copying /var/jenkins_home/jobs/spring-petclinic-microservices-end-to-end-tests/workspace/spring-petclinic-admin-server/../docker/Dockerfile -> /var/jenkins_home/jobs/spring-petclinic-microservices-end-to-end-tests/workspace/spring-petclinic-admin-server/target/docker/Dockerfile
[INFO] Building image mszarlinski/spring-petclinic-admin-server
Step 1/13 : FROM openjdk:8-jre-alpine

 ---> 2e01f547f003
Step 2/13 : VOLUME /tmp

 ---> Using cache
 ---> 9fb156dda2d0
Step 3/13 : ARG DOCKERIZE_VERSION

 ---> Using cache
 ---> a71b0e5b8191
Step 4/13 : ARG ARTIFACT_NAME

 ---> Using cache
 ---> b5d9bee851d8
Step 5/13 : ARG EXPOSED_PORT

 ---> Using cache
 ---> a8aaa27cc23e
Step 6/13 : ENV SPRING_PROFILES_ACTIVE docker

 ---> Using cache
 ---> e4478287b9c3
Step 7/13 : ADD https://github.com/jwilder/dockerize/releases/download/${DOCKERIZE_VERSION}/dockerize-alpine-linux-amd64-${DOCKERIZE_VERSION}.tar.gz dockerize.tar.gz

null: Downloading [>                                                  ]  33.31kB/3.006MB
[1A[2Knull: Downloading [=>                                                 ]  68.12kB/3.006MB
[0B[1A[2Knull: Downloading [==>                                                ]  172.6kB/3.006MB
[0B[1A[2Knull: Downloading [=====>                                             ]  311.8kB/3.006MB
[0B[1A[2Knull: Downloading [=========>                                         ]  590.4kB/3.006MB
[0B[1A[2Knull: Downloading [=============>                                     ]  834.1kB/3.006MB
[0B[1A[2Knull: Downloading [==========================>                        ]  1.565MB/3.006MB
[0B[1A[2Knull: Downloading [===============================>                   ]  1.913MB/3.006MB
[0B[1A[2Knull: Downloading [====================================>              ]  2.192MB/3.006MB
[0B[1A[2Knull: Downloading [==========================================>        ]   2.54MB/3.006MB
[0B[1A[2Knull: Downloading [==================================================>]  3.006MB/3.006MB
[0B
 ---> Using cache
 ---> 00cb40651172
Step 8/13 : RUN tar xzf dockerize.tar.gz

 ---> Using cache
 ---> 0034c1f1f199
Step 9/13 : RUN chmod +x dockerize

 ---> Using cache
 ---> 565e06019beb
Step 10/13 : ADD ${ARTIFACT_NAME}.jar /app.jar

 ---> 3a926e4be0f7
Step 11/13 : RUN touch /app.jar

 ---> Running in 40c856b8a59b
Removing intermediate container 40c856b8a59b
 ---> 54585aefaaa1
Step 12/13 : EXPOSE ${EXPOSED_PORT}

 ---> Running in 71dbc25d5101
Removing intermediate container 71dbc25d5101
 ---> f9998c246efb
Step 13/13 : RUN wget -O /qrebel-agent.jar https://hub.qrebel.com/getagent/qrebel-agent.jar

 ---> Running in b18b86162793
[91mConnecting to hub.qrebel.com (54.173.254.10:443)
[0m
[91mqrebel-agent.jar       1% |                               |   197k  0:00:50 ETA
[0m
[91mqrebel-agent.jar      29% |*********                      |  2965k  0:00:04 ETA
[0m
[91mqrebel-agent.jar      58% |******************             |  5909k  0:00:02 ETA
[0m
[91mqrebel-agent.jar      87% |***************************    |  8789k  0:00:00 ETA
[0m
[91mqrebel-agent.jar     100% |*******************************| 10059k  0:00:00 ETA

[0m
Removing intermediate container b18b86162793
 ---> 3988db9b6fdc
ProgressMessage{id=null, status=null, stream=null, error=null, progress=null, progressDetail=null}
Successfully built 3988db9b6fdc
Successfully tagged mszarlinski/spring-petclinic-admin-server:latest
[INFO] Built mszarlinski/spring-petclinic-admin-server
[INFO]                                                                         
[INFO] ------------------------------------------------------------------------
[INFO] Building spring-petclinic-customers-service 2.0.6
[INFO] ------------------------------------------------------------------------
[INFO] 
[8mha:////4LY9qAbl0+xaq4stsC31wXaa51IICuI8DGD7yd5+vXM8AAAAYB+LCAAAAAAAAP9b85aBtbiIQSmjNKU4P0+vJLE4u1gvPjexLDVPzxdEGvvmZ+X75ZekLlOVfvTjc8FPJgaGiiIGKaiG5Py84vycVD1nCA1SyAABjCCFBQCV27OjYAAAAA==[0m[INFO] --- maven-clean-plugin:3.0.0:clean (default-clean) @ spring-petclinic-customers-service ---
[INFO] Deleting /var/jenkins_home/jobs/spring-petclinic-microservices-end-to-end-tests/workspace/spring-petclinic-customers-service/target
[INFO] 
[8mha:////4LY9qAbl0+xaq4stsC31wXaa51IICuI8DGD7yd5+vXM8AAAAYB+LCAAAAAAAAP9b85aBtbiIQSmjNKU4P0+vJLE4u1gvPjexLDVPzxdEGvvmZ+X75ZekLlOVfvTjc8FPJgaGiiIGKaiG5Py84vycVD1nCA1SyAABjCCFBQCV27OjYAAAAA==[0m[INFO] --- git-commit-id-plugin:2.2.5:revision (default) @ spring-petclinic-customers-service ---
[INFO] dotGitDirectory /var/jenkins_home/jobs/spring-petclinic-microservices-end-to-end-tests/workspace/.git
[INFO] git.build.user.name 
[INFO] git.build.user.email 
[INFO] Using environment variable based branch name. GIT_BRANCH = origin/master
[INFO] git.branch origin/master
[INFO] --always = true
[INFO] --dirty = -dirty
[INFO] --abbrev = 7
[INFO] Tag refs [[Ref[refs/tags/v1.5.9=387f824fd9f4ce6e1693b43eec9fc35867fc9f3e], Ref[refs/tags/v2.0.3=8fa041c08ec96e3079c0df4006b537f8c0b3ad85]]]
[INFO] Created map: [{}]
[INFO] evalCommit is [bc610d0b1e11eaac640f7d35819bce083a782191]
[INFO] git.commit.id.describe bc610d0
[INFO] git.commit.id bc610d0b1e11eaac640f7d35819bce083a782191
[INFO] git.commit.id.abbrev bc610d0
[INFO] git.dirty false
[INFO] git.commit.user.name Sten
[INFO] git.commit.user.email sten@Stens-MacBook.local
[INFO] git.commit.message.full Improve vet details loading
[INFO] git.commit.message.short Improve vet details loading
[INFO] git.commit.time 2018-12-11T15:51:17+0000
[INFO] git.remote.origin.url https://github.com/sten711/spring-petclinic-microservices
[INFO] git.tags 
[INFO] evalCommit is [bc610d0b1e11eaac640f7d35819bce083a782191]
[INFO] Tag refs [[Ref[refs/tags/v1.5.9=387f824fd9f4ce6e1693b43eec9fc35867fc9f3e], Ref[refs/tags/v2.0.3=8fa041c08ec96e3079c0df4006b537f8c0b3ad85]]]
[INFO] Created map: [{}]
[INFO] git.closest.tag.name 
[INFO] evalCommit is [bc610d0b1e11eaac640f7d35819bce083a782191]
[INFO] Tag refs [[Ref[refs/tags/v1.5.9=387f824fd9f4ce6e1693b43eec9fc35867fc9f3e], Ref[refs/tags/v2.0.3=8fa041c08ec96e3079c0df4006b537f8c0b3ad85]]]
[INFO] Created map: [{}]
[INFO] git.closest.tag.commit.count 
[INFO] git.total.commit.count 649
[INFO] git.build.time 2018-12-11T16:20:27+0000
[INFO] git.build.version 2.0.6
[INFO] git.build.host 27bd21f57c65
[INFO] git.build.number 113
[INFO] git.commit.id.describe-short bc610d0
[INFO] found property git.build.user.email
[INFO] found property git.build.host
[INFO] found property git.dirty
[INFO] found property git.remote.origin.url
[INFO] found property git.closest.tag.name
[INFO] found property git.total.commit.count
[INFO] found property git.commit.id.describe-short
[INFO] found property git.commit.user.email
[INFO] found property git.commit.time
[INFO] found property git.commit.message.full
[INFO] found property git.build.version
[INFO] found property git.commit.message.short
[INFO] found property git.commit.id.abbrev
[INFO] found property git.branch
[INFO] found property git.build.user.name
[INFO] found property git.build.number
[INFO] found property git.closest.tag.commit.count
[INFO] found property git.commit.id.describe
[INFO] found property git.commit.id
[INFO] found property git.tags
[INFO] found property git.build.time
[INFO] found property git.commit.user.name
[INFO] Writing properties file to [/var/jenkins_home/jobs/spring-petclinic-microservices-end-to-end-tests/workspace/spring-petclinic-customers-service/target/classes/git.properties] (for module spring-petclinic-customers-service)...
[INFO] 
[8mha:////4LY9qAbl0+xaq4stsC31wXaa51IICuI8DGD7yd5+vXM8AAAAYB+LCAAAAAAAAP9b85aBtbiIQSmjNKU4P0+vJLE4u1gvPjexLDVPzxdEGvvmZ+X75ZekLlOVfvTjc8FPJgaGiiIGKaiG5Py84vycVD1nCA1SyAABjCCFBQCV27OjYAAAAA==[0m[INFO] --- spring-boot-maven-plugin:2.0.6.RELEASE:build-info (default) @ spring-petclinic-customers-service ---
[INFO] 
[8mha:////4LY9qAbl0+xaq4stsC31wXaa51IICuI8DGD7yd5+vXM8AAAAYB+LCAAAAAAAAP9b85aBtbiIQSmjNKU4P0+vJLE4u1gvPjexLDVPzxdEGvvmZ+X75ZekLlOVfvTjc8FPJgaGiiIGKaiG5Py84vycVD1nCA1SyAABjCCFBQCV27OjYAAAAA==[0m[INFO] --- maven-resources-plugin:3.0.2:resources (default-resources) @ spring-petclinic-customers-service ---
[INFO] Using 'UTF-8' encoding to copy filtered resources.
[INFO] Copying 1 resource
[INFO] Copying 6 resources
[INFO] 
[8mha:////4LY9qAbl0+xaq4stsC31wXaa51IICuI8DGD7yd5+vXM8AAAAYB+LCAAAAAAAAP9b85aBtbiIQSmjNKU4P0+vJLE4u1gvPjexLDVPzxdEGvvmZ+X75ZekLlOVfvTjc8FPJgaGiiIGKaiG5Py84vycVD1nCA1SyAABjCCFBQCV27OjYAAAAA==[0m[INFO] --- maven-compiler-plugin:3.7.0:compile (default-compile) @ spring-petclinic-customers-service ---
[INFO] Changes detected - recompiling the module!
[INFO] Compiling 11 source files to /var/jenkins_home/jobs/spring-petclinic-microservices-end-to-end-tests/workspace/spring-petclinic-customers-service/target/classes
[INFO] 
[8mha:////4LY9qAbl0+xaq4stsC31wXaa51IICuI8DGD7yd5+vXM8AAAAYB+LCAAAAAAAAP9b85aBtbiIQSmjNKU4P0+vJLE4u1gvPjexLDVPzxdEGvvmZ+X75ZekLlOVfvTjc8FPJgaGiiIGKaiG5Py84vycVD1nCA1SyAABjCCFBQCV27OjYAAAAA==[0m[INFO] --- maven-resources-plugin:3.0.2:testResources (default-testResources) @ spring-petclinic-customers-service ---
[INFO] Not copying test resources
[INFO] 
[8mha:////4LY9qAbl0+xaq4stsC31wXaa51IICuI8DGD7yd5+vXM8AAAAYB+LCAAAAAAAAP9b85aBtbiIQSmjNKU4P0+vJLE4u1gvPjexLDVPzxdEGvvmZ+X75ZekLlOVfvTjc8FPJgaGiiIGKaiG5Py84vycVD1nCA1SyAABjCCFBQCV27OjYAAAAA==[0m[INFO] --- maven-compiler-plugin:3.7.0:testCompile (default-testCompile) @ spring-petclinic-customers-service ---
[INFO] Not compiling test sources
[INFO] 
[8mha:////4LY9qAbl0+xaq4stsC31wXaa51IICuI8DGD7yd5+vXM8AAAAYB+LCAAAAAAAAP9b85aBtbiIQSmjNKU4P0+vJLE4u1gvPjexLDVPzxdEGvvmZ+X75ZekLlOVfvTjc8FPJgaGiiIGKaiG5Py84vycVD1nCA1SyAABjCCFBQCV27OjYAAAAA==[0m[INFO] --- maven-surefire-plugin:2.22.0:test (default-test) @ spring-petclinic-customers-service ---
[INFO] Tests are skipped.
[INFO] 
[8mha:////4LY9qAbl0+xaq4stsC31wXaa51IICuI8DGD7yd5+vXM8AAAAYB+LCAAAAAAAAP9b85aBtbiIQSmjNKU4P0+vJLE4u1gvPjexLDVPzxdEGvvmZ+X75ZekLlOVfvTjc8FPJgaGiiIGKaiG5Py84vycVD1nCA1SyAABjCCFBQCV27OjYAAAAA==[0m[INFO] --- maven-jar-plugin:2.1:jar (default-jar) @ spring-petclinic-customers-service ---
[INFO] Building jar: /var/jenkins_home/jobs/spring-petclinic-microservices-end-to-end-tests/workspace/spring-petclinic-customers-service/target/spring-petclinic-customers-service-2.0.6.jar
[INFO] 
[8mha:////4LY9qAbl0+xaq4stsC31wXaa51IICuI8DGD7yd5+vXM8AAAAYB+LCAAAAAAAAP9b85aBtbiIQSmjNKU4P0+vJLE4u1gvPjexLDVPzxdEGvvmZ+X75ZekLlOVfvTjc8FPJgaGiiIGKaiG5Py84vycVD1nCA1SyAABjCCFBQCV27OjYAAAAA==[0m[INFO] --- spring-boot-maven-plugin:2.0.6.RELEASE:repackage (default) @ spring-petclinic-customers-service ---
[INFO] 
[8mha:////4LY9qAbl0+xaq4stsC31wXaa51IICuI8DGD7yd5+vXM8AAAAYB+LCAAAAAAAAP9b85aBtbiIQSmjNKU4P0+vJLE4u1gvPjexLDVPzxdEGvvmZ+X75ZekLlOVfvTjc8FPJgaGiiIGKaiG5Py84vycVD1nCA1SyAABjCCFBQCV27OjYAAAAA==[0m[INFO] --- maven-install-plugin:2.5.2:install (default-install) @ spring-petclinic-customers-service ---
[INFO] Installing /var/jenkins_home/jobs/spring-petclinic-microservices-end-to-end-tests/workspace/spring-petclinic-customers-service/target/spring-petclinic-customers-service-2.0.6.jar to /var/jenkins_home/.m2/repository/org/springframework/samples/petclinic/client/spring-petclinic-customers-service/2.0.6/spring-petclinic-customers-service-2.0.6.jar
[INFO] Installing /var/jenkins_home/jobs/spring-petclinic-microservices-end-to-end-tests/workspace/spring-petclinic-customers-service/pom.xml to /var/jenkins_home/.m2/repository/org/springframework/samples/petclinic/client/spring-petclinic-customers-service/2.0.6/spring-petclinic-customers-service-2.0.6.pom
[INFO] 
[8mha:////4LY9qAbl0+xaq4stsC31wXaa51IICuI8DGD7yd5+vXM8AAAAYB+LCAAAAAAAAP9b85aBtbiIQSmjNKU4P0+vJLE4u1gvPjexLDVPzxdEGvvmZ+X75ZekLlOVfvTjc8FPJgaGiiIGKaiG5Py84vycVD1nCA1SyAABjCCFBQCV27OjYAAAAA==[0m[INFO] --- docker-maven-plugin:1.1.1:build (default) @ spring-petclinic-customers-service ---
[INFO] Using authentication suppliers: [ConfigFileRegistryAuthSupplier]
[INFO] Copying /var/jenkins_home/jobs/spring-petclinic-microservices-end-to-end-tests/workspace/spring-petclinic-customers-service/target/spring-petclinic-customers-service-2.0.6.jar -> /var/jenkins_home/jobs/spring-petclinic-microservices-end-to-end-tests/workspace/spring-petclinic-customers-service/target/docker/spring-petclinic-customers-service-2.0.6.jar
[INFO] Copying /var/jenkins_home/jobs/spring-petclinic-microservices-end-to-end-tests/workspace/spring-petclinic-customers-service/../docker/Dockerfile -> /var/jenkins_home/jobs/spring-petclinic-microservices-end-to-end-tests/workspace/spring-petclinic-customers-service/target/docker/Dockerfile
[INFO] Building image mszarlinski/spring-petclinic-customers-service
Step 1/13 : FROM openjdk:8-jre-alpine

 ---> 2e01f547f003
Step 2/13 : VOLUME /tmp

 ---> Using cache
 ---> 9fb156dda2d0
Step 3/13 : ARG DOCKERIZE_VERSION

 ---> Using cache
 ---> a71b0e5b8191
Step 4/13 : ARG ARTIFACT_NAME

 ---> Using cache
 ---> b5d9bee851d8
Step 5/13 : ARG EXPOSED_PORT

 ---> Using cache
 ---> a8aaa27cc23e
Step 6/13 : ENV SPRING_PROFILES_ACTIVE docker

 ---> Using cache
 ---> e4478287b9c3
Step 7/13 : ADD https://github.com/jwilder/dockerize/releases/download/${DOCKERIZE_VERSION}/dockerize-alpine-linux-amd64-${DOCKERIZE_VERSION}.tar.gz dockerize.tar.gz

null: Downloading [>                                                  ]  33.31kB/3.006MB
[1A[2Knull: Downloading [=>                                                 ]  68.12kB/3.006MB
[0B[1A[2Knull: Downloading [=>                                                 ]  102.9kB/3.006MB
[0B[1A[2Knull: Downloading [====>                                              ]  242.2kB/3.006MB
[0B[1A[2Knull: Downloading [========>                                          ]  485.9kB/3.006MB
[0B[1A[2Knull: Downloading [============>                                      ]  729.6kB/3.006MB
[0B[1A[2Knull: Downloading [====================>                              ]  1.217MB/3.006MB
[0B[1A[2Knull: Downloading [===========================>                       ]  1.635MB/3.006MB
[0B[1A[2Knull: Downloading [================================>                  ]  1.948MB/3.006MB
[0B[1A[2Knull: Downloading [======================================>            ]  2.296MB/3.006MB
[0B[1A[2Knull: Downloading [=============================================>     ]  2.762MB/3.006MB
[0B[1A[2Knull: Downloading [==================================================>]  3.006MB/3.006MB
[0B
 ---> Using cache
 ---> 00cb40651172
Step 8/13 : RUN tar xzf dockerize.tar.gz

 ---> Using cache
 ---> 42fe4fb1e237
Step 9/13 : RUN chmod +x dockerize

 ---> Using cache
 ---> dc27b4182333
Step 10/13 : ADD ${ARTIFACT_NAME}.jar /app.jar

 ---> 2d27acc69cc2
Step 11/13 : RUN touch /app.jar

 ---> Running in 95b94b08e4a8
Removing intermediate container 95b94b08e4a8
 ---> 0f5ee4232185
Step 12/13 : EXPOSE ${EXPOSED_PORT}

 ---> Running in 55049b9fbbc1
Removing intermediate container 55049b9fbbc1
 ---> 4fcfbcd49e7d
Step 13/13 : RUN wget -O /qrebel-agent.jar https://hub.qrebel.com/getagent/qrebel-agent.jar

 ---> Running in f8ab70e3a86c
[91mConnecting to hub.qrebel.com (54.173.254.10:443)
[0m
[91mqrebel-agent.jar       7% |**                             |   725k  0:00:12 ETA
[0m
[91mqrebel-agent.jar      34% |**********                     |  3477k  0:00:03 ETA
[0m
[91mqrebel-agent.jar    [0m
[91m  72% |**********************         |  7301k  0:00:01 ETA
[0m
[91mqrebel-agent.jar     100% |*******************************| 10059k  0:00:00 ETA
[0m
[91m
[0m
Removing intermediate container f8ab70e3a86c
 ---> cf18671b7da6
ProgressMessage{id=null, status=null, stream=null, error=null, progress=null, progressDetail=null}
Successfully built cf18671b7da6
Successfully tagged mszarlinski/spring-petclinic-customers-service:latest
[INFO] Built mszarlinski/spring-petclinic-customers-service
[INFO]                                                                         
[INFO] ------------------------------------------------------------------------
[INFO] Building spring-petclinic-vets-service 2.0.6
[INFO] ------------------------------------------------------------------------
[INFO] 
[8mha:////4LY9qAbl0+xaq4stsC31wXaa51IICuI8DGD7yd5+vXM8AAAAYB+LCAAAAAAAAP9b85aBtbiIQSmjNKU4P0+vJLE4u1gvPjexLDVPzxdEGvvmZ+X75ZekLlOVfvTjc8FPJgaGiiIGKaiG5Py84vycVD1nCA1SyAABjCCFBQCV27OjYAAAAA==[0m[INFO] --- maven-clean-plugin:3.0.0:clean (default-clean) @ spring-petclinic-vets-service ---
[INFO] Deleting /var/jenkins_home/jobs/spring-petclinic-microservices-end-to-end-tests/workspace/spring-petclinic-vets-service/target
[INFO] 
[8mha:////4LY9qAbl0+xaq4stsC31wXaa51IICuI8DGD7yd5+vXM8AAAAYB+LCAAAAAAAAP9b85aBtbiIQSmjNKU4P0+vJLE4u1gvPjexLDVPzxdEGvvmZ+X75ZekLlOVfvTjc8FPJgaGiiIGKaiG5Py84vycVD1nCA1SyAABjCCFBQCV27OjYAAAAA==[0m[INFO] --- git-commit-id-plugin:2.2.5:revision (default) @ spring-petclinic-vets-service ---
[INFO] dotGitDirectory /var/jenkins_home/jobs/spring-petclinic-microservices-end-to-end-tests/workspace/.git
[INFO] git.build.user.name 
[INFO] git.build.user.email 
[INFO] Using environment variable based branch name. GIT_BRANCH = origin/master
[INFO] git.branch origin/master
[INFO] --always = true
[INFO] --dirty = -dirty
[INFO] --abbrev = 7
[INFO] Tag refs [[Ref[refs/tags/v1.5.9=387f824fd9f4ce6e1693b43eec9fc35867fc9f3e], Ref[refs/tags/v2.0.3=8fa041c08ec96e3079c0df4006b537f8c0b3ad85]]]
[INFO] Created map: [{}]
[INFO] evalCommit is [bc610d0b1e11eaac640f7d35819bce083a782191]
[INFO] git.commit.id.describe bc610d0
[INFO] git.commit.id bc610d0b1e11eaac640f7d35819bce083a782191
[INFO] git.commit.id.abbrev bc610d0
[INFO] git.dirty false
[INFO] git.commit.user.name Sten
[INFO] git.commit.user.email sten@Stens-MacBook.local
[INFO] git.commit.message.full Improve vet details loading
[INFO] git.commit.message.short Improve vet details loading
[INFO] git.commit.time 2018-12-11T15:51:17+0000
[INFO] git.remote.origin.url https://github.com/sten711/spring-petclinic-microservices
[INFO] git.tags 
[INFO] evalCommit is [bc610d0b1e11eaac640f7d35819bce083a782191]
[INFO] Tag refs [[Ref[refs/tags/v1.5.9=387f824fd9f4ce6e1693b43eec9fc35867fc9f3e], Ref[refs/tags/v2.0.3=8fa041c08ec96e3079c0df4006b537f8c0b3ad85]]]
[INFO] Created map: [{}]
[INFO] git.closest.tag.name 
[INFO] evalCommit is [bc610d0b1e11eaac640f7d35819bce083a782191]
[INFO] Tag refs [[Ref[refs/tags/v1.5.9=387f824fd9f4ce6e1693b43eec9fc35867fc9f3e], Ref[refs/tags/v2.0.3=8fa041c08ec96e3079c0df4006b537f8c0b3ad85]]]
[INFO] Created map: [{}]
[INFO] git.closest.tag.commit.count 
[INFO] git.total.commit.count 649
[INFO] git.build.time 2018-12-11T16:20:44+0000
[INFO] git.build.version 2.0.6
[INFO] git.build.host 27bd21f57c65
[INFO] git.build.number 113
[INFO] git.commit.id.describe-short bc610d0
[INFO] found property git.build.user.email
[INFO] found property git.build.host
[INFO] found property git.dirty
[INFO] found property git.remote.origin.url
[INFO] found property git.closest.tag.name
[INFO] found property git.total.commit.count
[INFO] found property git.commit.id.describe-short
[INFO] found property git.commit.user.email
[INFO] found property git.commit.time
[INFO] found property git.commit.message.full
[INFO] found property git.build.version
[INFO] found property git.commit.message.short
[INFO] found property git.commit.id.abbrev
[INFO] found property git.branch
[INFO] found property git.build.user.name
[INFO] found property git.build.number
[INFO] found property git.closest.tag.commit.count
[INFO] found property git.commit.id.describe
[INFO] found property git.commit.id
[INFO] found property git.tags
[INFO] found property git.build.time
[INFO] found property git.commit.user.name
[INFO] Writing properties file to [/var/jenkins_home/jobs/spring-petclinic-microservices-end-to-end-tests/workspace/spring-petclinic-vets-service/target/classes/git.properties] (for module spring-petclinic-vets-service)...
[INFO] 
[8mha:////4LY9qAbl0+xaq4stsC31wXaa51IICuI8DGD7yd5+vXM8AAAAYB+LCAAAAAAAAP9b85aBtbiIQSmjNKU4P0+vJLE4u1gvPjexLDVPzxdEGvvmZ+X75ZekLlOVfvTjc8FPJgaGiiIGKaiG5Py84vycVD1nCA1SyAABjCCFBQCV27OjYAAAAA==[0m[INFO] --- spring-boot-maven-plugin:2.0.6.RELEASE:build-info (default) @ spring-petclinic-vets-service ---
[INFO] 
[8mha:////4LY9qAbl0+xaq4stsC31wXaa51IICuI8DGD7yd5+vXM8AAAAYB+LCAAAAAAAAP9b85aBtbiIQSmjNKU4P0+vJLE4u1gvPjexLDVPzxdEGvvmZ+X75ZekLlOVfvTjc8FPJgaGiiIGKaiG5Py84vycVD1nCA1SyAABjCCFBQCV27OjYAAAAA==[0m[INFO] --- maven-resources-plugin:3.0.2:resources (default-resources) @ spring-petclinic-vets-service ---
[INFO] Using 'UTF-8' encoding to copy filtered resources.
[INFO] Copying 1 resource
[INFO] Copying 6 resources
[INFO] 
[8mha:////4LY9qAbl0+xaq4stsC31wXaa51IICuI8DGD7yd5+vXM8AAAAYB+LCAAAAAAAAP9b85aBtbiIQSmjNKU4P0+vJLE4u1gvPjexLDVPzxdEGvvmZ+X75ZekLlOVfvTjc8FPJgaGiiIGKaiG5Py84vycVD1nCA1SyAABjCCFBQCV27OjYAAAAA==[0m[INFO] --- maven-compiler-plugin:3.7.0:compile (default-compile) @ spring-petclinic-vets-service ---
[INFO] Changes detected - recompiling the module!
[INFO] Compiling 9 source files to /var/jenkins_home/jobs/spring-petclinic-microservices-end-to-end-tests/workspace/spring-petclinic-vets-service/target/classes
[INFO] 
[8mha:////4LY9qAbl0+xaq4stsC31wXaa51IICuI8DGD7yd5+vXM8AAAAYB+LCAAAAAAAAP9b85aBtbiIQSmjNKU4P0+vJLE4u1gvPjexLDVPzxdEGvvmZ+X75ZekLlOVfvTjc8FPJgaGiiIGKaiG5Py84vycVD1nCA1SyAABjCCFBQCV27OjYAAAAA==[0m[INFO] --- maven-resources-plugin:3.0.2:testResources (default-testResources) @ spring-petclinic-vets-service ---
[INFO] Not copying test resources
[INFO] 
[8mha:////4LY9qAbl0+xaq4stsC31wXaa51IICuI8DGD7yd5+vXM8AAAAYB+LCAAAAAAAAP9b85aBtbiIQSmjNKU4P0+vJLE4u1gvPjexLDVPzxdEGvvmZ+X75ZekLlOVfvTjc8FPJgaGiiIGKaiG5Py84vycVD1nCA1SyAABjCCFBQCV27OjYAAAAA==[0m[INFO] --- maven-compiler-plugin:3.7.0:testCompile (default-testCompile) @ spring-petclinic-vets-service ---
[INFO] Not compiling test sources
[INFO] 
[8mha:////4LY9qAbl0+xaq4stsC31wXaa51IICuI8DGD7yd5+vXM8AAAAYB+LCAAAAAAAAP9b85aBtbiIQSmjNKU4P0+vJLE4u1gvPjexLDVPzxdEGvvmZ+X75ZekLlOVfvTjc8FPJgaGiiIGKaiG5Py84vycVD1nCA1SyAABjCCFBQCV27OjYAAAAA==[0m[INFO] --- maven-surefire-plugin:2.22.0:test (default-test) @ spring-petclinic-vets-service ---
[INFO] Tests are skipped.
[INFO] 
[8mha:////4LY9qAbl0+xaq4stsC31wXaa51IICuI8DGD7yd5+vXM8AAAAYB+LCAAAAAAAAP9b85aBtbiIQSmjNKU4P0+vJLE4u1gvPjexLDVPzxdEGvvmZ+X75ZekLlOVfvTjc8FPJgaGiiIGKaiG5Py84vycVD1nCA1SyAABjCCFBQCV27OjYAAAAA==[0m[INFO] --- maven-jar-plugin:2.1:jar (default-jar) @ spring-petclinic-vets-service ---
[INFO] Building jar: /var/jenkins_home/jobs/spring-petclinic-microservices-end-to-end-tests/workspace/spring-petclinic-vets-service/target/spring-petclinic-vets-service-2.0.6.jar
[INFO] 
[8mha:////4LY9qAbl0+xaq4stsC31wXaa51IICuI8DGD7yd5+vXM8AAAAYB+LCAAAAAAAAP9b85aBtbiIQSmjNKU4P0+vJLE4u1gvPjexLDVPzxdEGvvmZ+X75ZekLlOVfvTjc8FPJgaGiiIGKaiG5Py84vycVD1nCA1SyAABjCCFBQCV27OjYAAAAA==[0m[INFO] --- spring-boot-maven-plugin:2.0.6.RELEASE:repackage (default) @ spring-petclinic-vets-service ---
[INFO] 
[8mha:////4LY9qAbl0+xaq4stsC31wXaa51IICuI8DGD7yd5+vXM8AAAAYB+LCAAAAAAAAP9b85aBtbiIQSmjNKU4P0+vJLE4u1gvPjexLDVPzxdEGvvmZ+X75ZekLlOVfvTjc8FPJgaGiiIGKaiG5Py84vycVD1nCA1SyAABjCCFBQCV27OjYAAAAA==[0m[INFO] --- maven-install-plugin:2.5.2:install (default-install) @ spring-petclinic-vets-service ---
[INFO] Installing /var/jenkins_home/jobs/spring-petclinic-microservices-end-to-end-tests/workspace/spring-petclinic-vets-service/target/spring-petclinic-vets-service-2.0.6.jar to /var/jenkins_home/.m2/repository/org/springframework/samples/petclinic/vets/spring-petclinic-vets-service/2.0.6/spring-petclinic-vets-service-2.0.6.jar
[INFO] Installing /var/jenkins_home/jobs/spring-petclinic-microservices-end-to-end-tests/workspace/spring-petclinic-vets-service/pom.xml to /var/jenkins_home/.m2/repository/org/springframework/samples/petclinic/vets/spring-petclinic-vets-service/2.0.6/spring-petclinic-vets-service-2.0.6.pom
[INFO] 
[8mha:////4LY9qAbl0+xaq4stsC31wXaa51IICuI8DGD7yd5+vXM8AAAAYB+LCAAAAAAAAP9b85aBtbiIQSmjNKU4P0+vJLE4u1gvPjexLDVPzxdEGvvmZ+X75ZekLlOVfvTjc8FPJgaGiiIGKaiG5Py84vycVD1nCA1SyAABjCCFBQCV27OjYAAAAA==[0m[INFO] --- docker-maven-plugin:1.1.1:build (default) @ spring-petclinic-vets-service ---
[INFO] Using authentication suppliers: [ConfigFileRegistryAuthSupplier]
[INFO] Copying /var/jenkins_home/jobs/spring-petclinic-microservices-end-to-end-tests/workspace/spring-petclinic-vets-service/target/spring-petclinic-vets-service-2.0.6.jar -> /var/jenkins_home/jobs/spring-petclinic-microservices-end-to-end-tests/workspace/spring-petclinic-vets-service/target/docker/spring-petclinic-vets-service-2.0.6.jar
[INFO] Copying /var/jenkins_home/jobs/spring-petclinic-microservices-end-to-end-tests/workspace/spring-petclinic-vets-service/../docker/Dockerfile -> /var/jenkins_home/jobs/spring-petclinic-microservices-end-to-end-tests/workspace/spring-petclinic-vets-service/target/docker/Dockerfile
[INFO] Building image mszarlinski/spring-petclinic-vets-service
Step 1/13 : FROM openjdk:8-jre-alpine

 ---> 2e01f547f003
Step 2/13 : VOLUME /tmp

 ---> Using cache
 ---> 9fb156dda2d0
Step 3/13 : ARG DOCKERIZE_VERSION

 ---> Using cache
 ---> a71b0e5b8191
Step 4/13 : ARG ARTIFACT_NAME

 ---> Using cache
 ---> b5d9bee851d8
Step 5/13 : ARG EXPOSED_PORT

 ---> Using cache
 ---> a8aaa27cc23e
Step 6/13 : ENV SPRING_PROFILES_ACTIVE docker

 ---> Using cache
 ---> e4478287b9c3
Step 7/13 : ADD https://github.com/jwilder/dockerize/releases/download/${DOCKERIZE_VERSION}/dockerize-alpine-linux-amd64-${DOCKERIZE_VERSION}.tar.gz dockerize.tar.gz

null: Downloading [>                                                  ]  33.31kB/3.006MB
[1A[2Knull: Downloading [=>                                                 ]  68.12kB/3.006MB
[0B[1A[2Knull: Downloading [==>                                                ]  137.8kB/3.006MB
[0B[1A[2Knull: Downloading [====>                                              ]    277kB/3.006MB
[0B[1A[2Knull: Downloading [=========>                                         ]  555.5kB/3.006MB
[0B[1A[2Knull: Downloading [=============>                                     ]  834.1kB/3.006MB
[0B[1A[2Knull: Downloading [=======================>                           ]  1.426MB/3.006MB
[0B[1A[2Knull: Downloading [==================================>                ]  2.053MB/3.006MB
[0B[1A[2Knull: Downloading [=========================================>         ]   2.47MB/3.006MB
[0B[1A[2Knull: Downloading [=========================================>         ]  2.505MB/3.006MB
[0B[1A[2Knull: Downloading [==========================================>        ]   2.54MB/3.006MB
[0B[1A[2Knull: Downloading [==========================================>        ]  2.575MB/3.006MB
[0B[1A[2Knull: Downloading [===========================================>       ]  2.641MB/3.006MB
[0B[1A[2Knull: Downloading [============================================>      ]  2.674MB/3.006MB
[0B[1A[2Knull: Downloading [=============================================>     ]   2.74MB/3.006MB
[0B[1A[2Knull: Downloading [==============================================>    ]  2.805MB/3.006MB
[0B[1A[2Knull: Downloading [===============================================>   ]  2.871MB/3.006MB
[0B[1A[2Knull: Downloading [=================================================> ]  2.969MB/3.006MB
[0B[1A[2Knull: Downloading [==================================================>]  3.006MB/3.006MB
[0B
 ---> Using cache
 ---> 00cb40651172
Step 8/13 : RUN tar xzf dockerize.tar.gz

 ---> Using cache
 ---> 71f3abf49364
Step 9/13 : RUN chmod +x dockerize

 ---> Using cache
 ---> 37ff11ddb19d
Step 10/13 : ADD ${ARTIFACT_NAME}.jar /app.jar

 ---> b7226bc86a27
Step 11/13 : RUN touch /app.jar

 ---> Running in 160c5695129e
Removing intermediate container 160c5695129e
 ---> 16b97a03e2a8
Step 12/13 : EXPOSE ${EXPOSED_PORT}

 ---> Running in d0e1122941e9
Removing intermediate container d0e1122941e9
 ---> d53130ba77e9
Step 13/13 : RUN wget -O /qrebel-agent.jar https://hub.qrebel.com/getagent/qrebel-agent.jar

 ---> Running in a0532f8000e0
[91mConnecting to hub.qrebel.com (54.173.254.10:443)
[0m
[91mqrebel-agent.jar       0% |                               |    85k  0:01:57 ETA
[0m
[91mqrebel-agent.jar      24% |*******                        |  2421k  0:00:06 ETA
[0m
[91mqrebel-agent.jar      72% |**********************         |[0m
[91m  7269k[0m
[91m  0:00:01 ETA
[0m
[91mqrebel-agent.jar     100% |*******************************|[0m
[91m 10059k[0m
[91m  0:00:00 ETA[0m
[91m
[0m
[91m
[0m
Removing intermediate container a0532f8000e0
 ---> d8c698c2e5c3
ProgressMessage{id=null, status=null, stream=null, error=null, progress=null, progressDetail=null}
Successfully built d8c698c2e5c3
Successfully tagged mszarlinski/spring-petclinic-vets-service:latest
[INFO] Built mszarlinski/spring-petclinic-vets-service
[INFO]                                                                         
[INFO] ------------------------------------------------------------------------
[INFO] Building spring-petclinic-visits-service 2.0.6
[INFO] ------------------------------------------------------------------------
[INFO] 
[8mha:////4LY9qAbl0+xaq4stsC31wXaa51IICuI8DGD7yd5+vXM8AAAAYB+LCAAAAAAAAP9b85aBtbiIQSmjNKU4P0+vJLE4u1gvPjexLDVPzxdEGvvmZ+X75ZekLlOVfvTjc8FPJgaGiiIGKaiG5Py84vycVD1nCA1SyAABjCCFBQCV27OjYAAAAA==[0m[INFO] --- maven-clean-plugin:3.0.0:clean (default-clean) @ spring-petclinic-visits-service ---
[INFO] Deleting /var/jenkins_home/jobs/spring-petclinic-microservices-end-to-end-tests/workspace/spring-petclinic-visits-service/target
[INFO] 
[8mha:////4LY9qAbl0+xaq4stsC31wXaa51IICuI8DGD7yd5+vXM8AAAAYB+LCAAAAAAAAP9b85aBtbiIQSmjNKU4P0+vJLE4u1gvPjexLDVPzxdEGvvmZ+X75ZekLlOVfvTjc8FPJgaGiiIGKaiG5Py84vycVD1nCA1SyAABjCCFBQCV27OjYAAAAA==[0m[INFO] --- git-commit-id-plugin:2.2.5:revision (default) @ spring-petclinic-visits-service ---
[INFO] dotGitDirectory /var/jenkins_home/jobs/spring-petclinic-microservices-end-to-end-tests/workspace/.git
[INFO] git.build.user.name 
[INFO] git.build.user.email 
[INFO] Using environment variable based branch name. GIT_BRANCH = origin/master
[INFO] git.branch origin/master
[INFO] --always = true
[INFO] --dirty = -dirty
[INFO] --abbrev = 7
[INFO] Tag refs [[Ref[refs/tags/v1.5.9=387f824fd9f4ce6e1693b43eec9fc35867fc9f3e], Ref[refs/tags/v2.0.3=8fa041c08ec96e3079c0df4006b537f8c0b3ad85]]]
[INFO] Created map: [{}]
[INFO] evalCommit is [bc610d0b1e11eaac640f7d35819bce083a782191]
[INFO] git.commit.id.describe bc610d0
[INFO] git.commit.id bc610d0b1e11eaac640f7d35819bce083a782191
[INFO] git.commit.id.abbrev bc610d0
[INFO] git.dirty false
[INFO] git.commit.user.name Sten
[INFO] git.commit.user.email sten@Stens-MacBook.local
[INFO] git.commit.message.full Improve vet details loading
[INFO] git.commit.message.short Improve vet details loading
[INFO] git.commit.time 2018-12-11T15:51:17+0000
[INFO] git.remote.origin.url https://github.com/sten711/spring-petclinic-microservices
[INFO] git.tags 
[INFO] evalCommit is [bc610d0b1e11eaac640f7d35819bce083a782191]
[INFO] Tag refs [[Ref[refs/tags/v1.5.9=387f824fd9f4ce6e1693b43eec9fc35867fc9f3e], Ref[refs/tags/v2.0.3=8fa041c08ec96e3079c0df4006b537f8c0b3ad85]]]
[INFO] Created map: [{}]
[INFO] git.closest.tag.name 
[INFO] evalCommit is [bc610d0b1e11eaac640f7d35819bce083a782191]
[INFO] Tag refs [[Ref[refs/tags/v1.5.9=387f824fd9f4ce6e1693b43eec9fc35867fc9f3e], Ref[refs/tags/v2.0.3=8fa041c08ec96e3079c0df4006b537f8c0b3ad85]]]
[INFO] Created map: [{}]
[INFO] git.closest.tag.commit.count 
[INFO] git.total.commit.count 649
[INFO] git.build.time 2018-12-11T16:21:00+0000
[INFO] git.build.version 2.0.6
[INFO] git.build.host 27bd21f57c65
[INFO] git.build.number 113
[INFO] git.commit.id.describe-short bc610d0
[INFO] found property git.build.user.email
[INFO] found property git.build.host
[INFO] found property git.dirty
[INFO] found property git.remote.origin.url
[INFO] found property git.closest.tag.name
[INFO] found property git.total.commit.count
[INFO] found property git.commit.id.describe-short
[INFO] found property git.commit.user.email
[INFO] found property git.commit.time
[INFO] found property git.commit.message.full
[INFO] found property git.build.version
[INFO] found property git.commit.message.short
[INFO] found property git.commit.id.abbrev
[INFO] found property git.branch
[INFO] found property git.build.user.name
[INFO] found property git.build.number
[INFO] found property git.closest.tag.commit.count
[INFO] found property git.commit.id.describe
[INFO] found property git.commit.id
[INFO] found property git.tags
[INFO] found property git.build.time
[INFO] found property git.commit.user.name
[INFO] Writing properties file to [/var/jenkins_home/jobs/spring-petclinic-microservices-end-to-end-tests/workspace/spring-petclinic-visits-service/target/classes/git.properties] (for module spring-petclinic-visits-service)...
[INFO] 
[8mha:////4LY9qAbl0+xaq4stsC31wXaa51IICuI8DGD7yd5+vXM8AAAAYB+LCAAAAAAAAP9b85aBtbiIQSmjNKU4P0+vJLE4u1gvPjexLDVPzxdEGvvmZ+X75ZekLlOVfvTjc8FPJgaGiiIGKaiG5Py84vycVD1nCA1SyAABjCCFBQCV27OjYAAAAA==[0m[INFO] --- spring-boot-maven-plugin:2.0.6.RELEASE:build-info (default) @ spring-petclinic-visits-service ---
[INFO] 
[8mha:////4LY9qAbl0+xaq4stsC31wXaa51IICuI8DGD7yd5+vXM8AAAAYB+LCAAAAAAAAP9b85aBtbiIQSmjNKU4P0+vJLE4u1gvPjexLDVPzxdEGvvmZ+X75ZekLlOVfvTjc8FPJgaGiiIGKaiG5Py84vycVD1nCA1SyAABjCCFBQCV27OjYAAAAA==[0m[INFO] --- maven-resources-plugin:3.0.2:resources (default-resources) @ spring-petclinic-visits-service ---
[INFO] Using 'UTF-8' encoding to copy filtered resources.
[INFO] Copying 1 resource
[INFO] Copying 6 resources
[INFO] 
[8mha:////4LY9qAbl0+xaq4stsC31wXaa51IICuI8DGD7yd5+vXM8AAAAYB+LCAAAAAAAAP9b85aBtbiIQSmjNKU4P0+vJLE4u1gvPjexLDVPzxdEGvvmZ+X75ZekLlOVfvTjc8FPJgaGiiIGKaiG5Py84vycVD1nCA1SyAABjCCFBQCV27OjYAAAAA==[0m[INFO] --- maven-compiler-plugin:3.7.0:compile (default-compile) @ spring-petclinic-visits-service ---
[INFO] Changes detected - recompiling the module!
[INFO] Compiling 4 source files to /var/jenkins_home/jobs/spring-petclinic-microservices-end-to-end-tests/workspace/spring-petclinic-visits-service/target/classes
[INFO] 
[8mha:////4LY9qAbl0+xaq4stsC31wXaa51IICuI8DGD7yd5+vXM8AAAAYB+LCAAAAAAAAP9b85aBtbiIQSmjNKU4P0+vJLE4u1gvPjexLDVPzxdEGvvmZ+X75ZekLlOVfvTjc8FPJgaGiiIGKaiG5Py84vycVD1nCA1SyAABjCCFBQCV27OjYAAAAA==[0m[INFO] --- maven-resources-plugin:3.0.2:testResources (default-testResources) @ spring-petclinic-visits-service ---
[INFO] Not copying test resources
[INFO] 
[8mha:////4LY9qAbl0+xaq4stsC31wXaa51IICuI8DGD7yd5+vXM8AAAAYB+LCAAAAAAAAP9b85aBtbiIQSmjNKU4P0+vJLE4u1gvPjexLDVPzxdEGvvmZ+X75ZekLlOVfvTjc8FPJgaGiiIGKaiG5Py84vycVD1nCA1SyAABjCCFBQCV27OjYAAAAA==[0m[INFO] --- maven-compiler-plugin:3.7.0:testCompile (default-testCompile) @ spring-petclinic-visits-service ---
[INFO] Not compiling test sources
[INFO] 
[8mha:////4LY9qAbl0+xaq4stsC31wXaa51IICuI8DGD7yd5+vXM8AAAAYB+LCAAAAAAAAP9b85aBtbiIQSmjNKU4P0+vJLE4u1gvPjexLDVPzxdEGvvmZ+X75ZekLlOVfvTjc8FPJgaGiiIGKaiG5Py84vycVD1nCA1SyAABjCCFBQCV27OjYAAAAA==[0m[INFO] --- maven-surefire-plugin:2.22.0:test (default-test) @ spring-petclinic-visits-service ---
[INFO] Tests are skipped.
[INFO] 
[8mha:////4LY9qAbl0+xaq4stsC31wXaa51IICuI8DGD7yd5+vXM8AAAAYB+LCAAAAAAAAP9b85aBtbiIQSmjNKU4P0+vJLE4u1gvPjexLDVPzxdEGvvmZ+X75ZekLlOVfvTjc8FPJgaGiiIGKaiG5Py84vycVD1nCA1SyAABjCCFBQCV27OjYAAAAA==[0m[INFO] --- maven-jar-plugin:2.1:jar (default-jar) @ spring-petclinic-visits-service ---
[INFO] Building jar: /var/jenkins_home/jobs/spring-petclinic-microservices-end-to-end-tests/workspace/spring-petclinic-visits-service/target/spring-petclinic-visits-service-2.0.6.jar
[INFO] 
[8mha:////4LY9qAbl0+xaq4stsC31wXaa51IICuI8DGD7yd5+vXM8AAAAYB+LCAAAAAAAAP9b85aBtbiIQSmjNKU4P0+vJLE4u1gvPjexLDVPzxdEGvvmZ+X75ZekLlOVfvTjc8FPJgaGiiIGKaiG5Py84vycVD1nCA1SyAABjCCFBQCV27OjYAAAAA==[0m[INFO] --- spring-boot-maven-plugin:2.0.6.RELEASE:repackage (default) @ spring-petclinic-visits-service ---
[INFO] 
[8mha:////4LY9qAbl0+xaq4stsC31wXaa51IICuI8DGD7yd5+vXM8AAAAYB+LCAAAAAAAAP9b85aBtbiIQSmjNKU4P0+vJLE4u1gvPjexLDVPzxdEGvvmZ+X75ZekLlOVfvTjc8FPJgaGiiIGKaiG5Py84vycVD1nCA1SyAABjCCFBQCV27OjYAAAAA==[0m[INFO] --- maven-install-plugin:2.5.2:install (default-install) @ spring-petclinic-visits-service ---
[INFO] Installing /var/jenkins_home/jobs/spring-petclinic-microservices-end-to-end-tests/workspace/spring-petclinic-visits-service/target/spring-petclinic-visits-service-2.0.6.jar to /var/jenkins_home/.m2/repository/org/springframework/samples/petclinic/visits/spring-petclinic-visits-service/2.0.6/spring-petclinic-visits-service-2.0.6.jar
[INFO] Installing /var/jenkins_home/jobs/spring-petclinic-microservices-end-to-end-tests/workspace/spring-petclinic-visits-service/pom.xml to /var/jenkins_home/.m2/repository/org/springframework/samples/petclinic/visits/spring-petclinic-visits-service/2.0.6/spring-petclinic-visits-service-2.0.6.pom
[INFO] 
[8mha:////4LY9qAbl0+xaq4stsC31wXaa51IICuI8DGD7yd5+vXM8AAAAYB+LCAAAAAAAAP9b85aBtbiIQSmjNKU4P0+vJLE4u1gvPjexLDVPzxdEGvvmZ+X75ZekLlOVfvTjc8FPJgaGiiIGKaiG5Py84vycVD1nCA1SyAABjCCFBQCV27OjYAAAAA==[0m[INFO] --- docker-maven-plugin:1.1.1:build (default) @ spring-petclinic-visits-service ---
[INFO] Using authentication suppliers: [ConfigFileRegistryAuthSupplier]
[INFO] Copying /var/jenkins_home/jobs/spring-petclinic-microservices-end-to-end-tests/workspace/spring-petclinic-visits-service/target/spring-petclinic-visits-service-2.0.6.jar -> /var/jenkins_home/jobs/spring-petclinic-microservices-end-to-end-tests/workspace/spring-petclinic-visits-service/target/docker/spring-petclinic-visits-service-2.0.6.jar
[INFO] Copying /var/jenkins_home/jobs/spring-petclinic-microservices-end-to-end-tests/workspace/spring-petclinic-visits-service/../docker/Dockerfile -> /var/jenkins_home/jobs/spring-petclinic-microservices-end-to-end-tests/workspace/spring-petclinic-visits-service/target/docker/Dockerfile
[INFO] Building image mszarlinski/spring-petclinic-visits-service
Step 1/13 : FROM openjdk:8-jre-alpine

 ---> 2e01f547f003
Step 2/13 : VOLUME /tmp

 ---> Using cache
 ---> 9fb156dda2d0
Step 3/13 : ARG DOCKERIZE_VERSION

 ---> Using cache
 ---> a71b0e5b8191
Step 4/13 : ARG ARTIFACT_NAME

 ---> Using cache
 ---> b5d9bee851d8
Step 5/13 : ARG EXPOSED_PORT

 ---> Using cache
 ---> a8aaa27cc23e
Step 6/13 : ENV SPRING_PROFILES_ACTIVE docker

 ---> Using cache
 ---> e4478287b9c3
Step 7/13 : ADD https://github.com/jwilder/dockerize/releases/download/${DOCKERIZE_VERSION}/dockerize-alpine-linux-amd64-${DOCKERIZE_VERSION}.tar.gz dockerize.tar.gz

null: Downloading [>                                                  ]  33.31kB/3.006MB
[1A[2Knull: Downloading [=>                                                 ]  68.12kB/3.006MB
[0B[1A[2Knull: Downloading [==>                                                ]  172.6kB/3.006MB
[0B[1A[2Knull: Downloading [=====>                                             ]  311.8kB/3.006MB
[0B[1A[2Knull: Downloading [=========>                                         ]  590.4kB/3.006MB
[0B[1A[2Knull: Downloading [=============>                                     ]  834.1kB/3.006MB
[0B[1A[2Knull: Downloading [=========================>                         ]   1.53MB/3.006MB
[0B[1A[2Knull: Downloading [===============================>                   ]  1.913MB/3.006MB
[0B[1A[2Knull: Downloading [=================================>                 ]  2.018MB/3.006MB
[0B[1A[2Knull: Downloading [=======================================>           ]  2.401MB/3.006MB
[0B[1A[2Knull: Downloading [==================================================>]  3.006MB/3.006MB
[0B
 ---> Using cache
 ---> 00cb40651172
Step 8/13 : RUN tar xzf dockerize.tar.gz

 ---> Using cache
 ---> 50d75fd4a190
Step 9/13 : RUN chmod +x dockerize

 ---> Using cache
 ---> 03fe3e560807
Step 10/13 : ADD ${ARTIFACT_NAME}.jar /app.jar

 ---> fa02d3e2d5cf
Step 11/13 : RUN touch /app.jar

 ---> Running in 23f35327dbcf
Removing intermediate container 23f35327dbcf
 ---> 55db899c98b7
Step 12/13 : EXPOSE ${EXPOSED_PORT}

 ---> Running in 9ebae63490f7
Removing intermediate container 9ebae63490f7
 ---> 4c651c66b149
Step 13/13 : RUN wget -O /qrebel-agent.jar https://hub.qrebel.com/getagent/qrebel-agent.jar

 ---> Running in f7b64efa9def
[91mConnecting to hub.qrebel.com (54.173.254.10:443)
[0m
[91mqrebel-agent.jar       0% |                               |    85k  0:01:57 ETA
[0m
[91mqrebel-agent.jar      23% |*******                        |  2341k  0:00:06 ETA
[0m
[91mqrebel-agent.jar      62% |*******************            |  6309k  0:00:01 ETA
[0m
[91mqrebel-agent.jar      95% |*****************************  |  9621k  0:00:00 ETA
[0m
[91mqrebel-agent.jar     100% |*******************************| 10059k  0:00:00 ETA

[0m
Removing intermediate container f7b64efa9def
 ---> 8fa81dc512d0
ProgressMessage{id=null, status=null, stream=null, error=null, progress=null, progressDetail=null}
Successfully built 8fa81dc512d0
Successfully tagged mszarlinski/spring-petclinic-visits-service:latest
[INFO] Built mszarlinski/spring-petclinic-visits-service
[INFO]                                                                         
[INFO] ------------------------------------------------------------------------
[INFO] Building spring-petclinic-config-server 2.0.6
[INFO] ------------------------------------------------------------------------
[INFO] 
[8mha:////4LY9qAbl0+xaq4stsC31wXaa51IICuI8DGD7yd5+vXM8AAAAYB+LCAAAAAAAAP9b85aBtbiIQSmjNKU4P0+vJLE4u1gvPjexLDVPzxdEGvvmZ+X75ZekLlOVfvTjc8FPJgaGiiIGKaiG5Py84vycVD1nCA1SyAABjCCFBQCV27OjYAAAAA==[0m[INFO] --- maven-clean-plugin:3.0.0:clean (default-clean) @ spring-petclinic-config-server ---
[INFO] Deleting /var/jenkins_home/jobs/spring-petclinic-microservices-end-to-end-tests/workspace/spring-petclinic-config-server/target
[INFO] 
[8mha:////4LY9qAbl0+xaq4stsC31wXaa51IICuI8DGD7yd5+vXM8AAAAYB+LCAAAAAAAAP9b85aBtbiIQSmjNKU4P0+vJLE4u1gvPjexLDVPzxdEGvvmZ+X75ZekLlOVfvTjc8FPJgaGiiIGKaiG5Py84vycVD1nCA1SyAABjCCFBQCV27OjYAAAAA==[0m[INFO] --- git-commit-id-plugin:2.2.5:revision (default) @ spring-petclinic-config-server ---
[INFO] dotGitDirectory /var/jenkins_home/jobs/spring-petclinic-microservices-end-to-end-tests/workspace/.git
[INFO] git.build.user.name 
[INFO] git.build.user.email 
[INFO] Using environment variable based branch name. GIT_BRANCH = origin/master
[INFO] git.branch origin/master
[INFO] --always = true
[INFO] --dirty = -dirty
[INFO] --abbrev = 7
[INFO] Tag refs [[Ref[refs/tags/v1.5.9=387f824fd9f4ce6e1693b43eec9fc35867fc9f3e], Ref[refs/tags/v2.0.3=8fa041c08ec96e3079c0df4006b537f8c0b3ad85]]]
[INFO] Created map: [{}]
[INFO] evalCommit is [bc610d0b1e11eaac640f7d35819bce083a782191]
[INFO] git.commit.id.describe bc610d0
[INFO] git.commit.id bc610d0b1e11eaac640f7d35819bce083a782191
[INFO] git.commit.id.abbrev bc610d0
[INFO] git.dirty false
[INFO] git.commit.user.name Sten
[INFO] git.commit.user.email sten@Stens-MacBook.local
[INFO] git.commit.message.full Improve vet details loading
[INFO] git.commit.message.short Improve vet details loading
[INFO] git.commit.time 2018-12-11T15:51:17+0000
[INFO] git.remote.origin.url https://github.com/sten711/spring-petclinic-microservices
[INFO] git.tags 
[INFO] evalCommit is [bc610d0b1e11eaac640f7d35819bce083a782191]
[INFO] Tag refs [[Ref[refs/tags/v1.5.9=387f824fd9f4ce6e1693b43eec9fc35867fc9f3e], Ref[refs/tags/v2.0.3=8fa041c08ec96e3079c0df4006b537f8c0b3ad85]]]
[INFO] Created map: [{}]
[INFO] git.closest.tag.name 
[INFO] evalCommit is [bc610d0b1e11eaac640f7d35819bce083a782191]
[INFO] Tag refs [[Ref[refs/tags/v1.5.9=387f824fd9f4ce6e1693b43eec9fc35867fc9f3e], Ref[refs/tags/v2.0.3=8fa041c08ec96e3079c0df4006b537f8c0b3ad85]]]
[INFO] Created map: [{}]
[INFO] git.closest.tag.commit.count 
[INFO] git.total.commit.count 649
[INFO] git.build.time 2018-12-11T16:21:14+0000
[INFO] git.build.version 2.0.6
[INFO] git.build.host 27bd21f57c65
[INFO] git.build.number 113
[INFO] git.commit.id.describe-short bc610d0
[INFO] found property git.build.user.email
[INFO] found property git.build.host
[INFO] found property git.dirty
[INFO] found property git.remote.origin.url
[INFO] found property git.closest.tag.name
[INFO] found property git.total.commit.count
[INFO] found property git.commit.id.describe-short
[INFO] found property git.commit.user.email
[INFO] found property git.commit.time
[INFO] found property git.commit.message.full
[INFO] found property git.build.version
[INFO] found property git.commit.message.short
[INFO] found property git.commit.id.abbrev
[INFO] found property git.branch
[INFO] found property git.build.user.name
[INFO] found property git.build.number
[INFO] found property git.closest.tag.commit.count
[INFO] found property git.commit.id.describe
[INFO] found property git.commit.id
[INFO] found property git.tags
[INFO] found property git.build.time
[INFO] found property git.commit.user.name
[INFO] Writing properties file to [/var/jenkins_home/jobs/spring-petclinic-microservices-end-to-end-tests/workspace/spring-petclinic-config-server/target/classes/git.properties] (for module spring-petclinic-config-server)...
[INFO] 
[8mha:////4LY9qAbl0+xaq4stsC31wXaa51IICuI8DGD7yd5+vXM8AAAAYB+LCAAAAAAAAP9b85aBtbiIQSmjNKU4P0+vJLE4u1gvPjexLDVPzxdEGvvmZ+X75ZekLlOVfvTjc8FPJgaGiiIGKaiG5Py84vycVD1nCA1SyAABjCCFBQCV27OjYAAAAA==[0m[INFO] --- spring-boot-maven-plugin:2.0.6.RELEASE:build-info (default) @ spring-petclinic-config-server ---
[INFO] 
[8mha:////4LY9qAbl0+xaq4stsC31wXaa51IICuI8DGD7yd5+vXM8AAAAYB+LCAAAAAAAAP9b85aBtbiIQSmjNKU4P0+vJLE4u1gvPjexLDVPzxdEGvvmZ+X75ZekLlOVfvTjc8FPJgaGiiIGKaiG5Py84vycVD1nCA1SyAABjCCFBQCV27OjYAAAAA==[0m[INFO] --- maven-resources-plugin:3.0.2:resources (default-resources) @ spring-petclinic-config-server ---
[INFO] Using 'UTF-8' encoding to copy filtered resources.
[INFO] Copying 0 resource
[INFO] Copying 1 resource
[INFO] 
[8mha:////4LY9qAbl0+xaq4stsC31wXaa51IICuI8DGD7yd5+vXM8AAAAYB+LCAAAAAAAAP9b85aBtbiIQSmjNKU4P0+vJLE4u1gvPjexLDVPzxdEGvvmZ+X75ZekLlOVfvTjc8FPJgaGiiIGKaiG5Py84vycVD1nCA1SyAABjCCFBQCV27OjYAAAAA==[0m[INFO] --- maven-compiler-plugin:3.7.0:compile (default-compile) @ spring-petclinic-config-server ---
[INFO] Changes detected - recompiling the module!
[INFO] Compiling 1 source file to /var/jenkins_home/jobs/spring-petclinic-microservices-end-to-end-tests/workspace/spring-petclinic-config-server/target/classes
[INFO] 
[8mha:////4LY9qAbl0+xaq4stsC31wXaa51IICuI8DGD7yd5+vXM8AAAAYB+LCAAAAAAAAP9b85aBtbiIQSmjNKU4P0+vJLE4u1gvPjexLDVPzxdEGvvmZ+X75ZekLlOVfvTjc8FPJgaGiiIGKaiG5Py84vycVD1nCA1SyAABjCCFBQCV27OjYAAAAA==[0m[INFO] --- maven-resources-plugin:3.0.2:testResources (default-testResources) @ spring-petclinic-config-server ---
[INFO] Not copying test resources
[INFO] 
[8mha:////4LY9qAbl0+xaq4stsC31wXaa51IICuI8DGD7yd5+vXM8AAAAYB+LCAAAAAAAAP9b85aBtbiIQSmjNKU4P0+vJLE4u1gvPjexLDVPzxdEGvvmZ+X75ZekLlOVfvTjc8FPJgaGiiIGKaiG5Py84vycVD1nCA1SyAABjCCFBQCV27OjYAAAAA==[0m[INFO] --- maven-compiler-plugin:3.7.0:testCompile (default-testCompile) @ spring-petclinic-config-server ---
[INFO] Not compiling test sources
[INFO] 
[8mha:////4LY9qAbl0+xaq4stsC31wXaa51IICuI8DGD7yd5+vXM8AAAAYB+LCAAAAAAAAP9b85aBtbiIQSmjNKU4P0+vJLE4u1gvPjexLDVPzxdEGvvmZ+X75ZekLlOVfvTjc8FPJgaGiiIGKaiG5Py84vycVD1nCA1SyAABjCCFBQCV27OjYAAAAA==[0m[INFO] --- maven-surefire-plugin:2.22.0:test (default-test) @ spring-petclinic-config-server ---
[INFO] Tests are skipped.
[INFO] 
[8mha:////4LY9qAbl0+xaq4stsC31wXaa51IICuI8DGD7yd5+vXM8AAAAYB+LCAAAAAAAAP9b85aBtbiIQSmjNKU4P0+vJLE4u1gvPjexLDVPzxdEGvvmZ+X75ZekLlOVfvTjc8FPJgaGiiIGKaiG5Py84vycVD1nCA1SyAABjCCFBQCV27OjYAAAAA==[0m[INFO] --- maven-jar-plugin:2.1:jar (default-jar) @ spring-petclinic-config-server ---
[INFO] Building jar: /var/jenkins_home/jobs/spring-petclinic-microservices-end-to-end-tests/workspace/spring-petclinic-config-server/target/spring-petclinic-config-server-2.0.6.jar
[INFO] 
[8mha:////4LY9qAbl0+xaq4stsC31wXaa51IICuI8DGD7yd5+vXM8AAAAYB+LCAAAAAAAAP9b85aBtbiIQSmjNKU4P0+vJLE4u1gvPjexLDVPzxdEGvvmZ+X75ZekLlOVfvTjc8FPJgaGiiIGKaiG5Py84vycVD1nCA1SyAABjCCFBQCV27OjYAAAAA==[0m[INFO] --- spring-boot-maven-plugin:2.0.6.RELEASE:repackage (default) @ spring-petclinic-config-server ---
[INFO] 
[8mha:////4LY9qAbl0+xaq4stsC31wXaa51IICuI8DGD7yd5+vXM8AAAAYB+LCAAAAAAAAP9b85aBtbiIQSmjNKU4P0+vJLE4u1gvPjexLDVPzxdEGvvmZ+X75ZekLlOVfvTjc8FPJgaGiiIGKaiG5Py84vycVD1nCA1SyAABjCCFBQCV27OjYAAAAA==[0m[INFO] --- maven-install-plugin:2.5.2:install (default-install) @ spring-petclinic-config-server ---
[INFO] Installing /var/jenkins_home/jobs/spring-petclinic-microservices-end-to-end-tests/workspace/spring-petclinic-config-server/target/spring-petclinic-config-server-2.0.6.jar to /var/jenkins_home/.m2/repository/org/springframework/samples/petclinic/config/spring-petclinic-config-server/2.0.6/spring-petclinic-config-server-2.0.6.jar
[INFO] Installing /var/jenkins_home/jobs/spring-petclinic-microservices-end-to-end-tests/workspace/spring-petclinic-config-server/pom.xml to /var/jenkins_home/.m2/repository/org/springframework/samples/petclinic/config/spring-petclinic-config-server/2.0.6/spring-petclinic-config-server-2.0.6.pom
[INFO] 
[8mha:////4LY9qAbl0+xaq4stsC31wXaa51IICuI8DGD7yd5+vXM8AAAAYB+LCAAAAAAAAP9b85aBtbiIQSmjNKU4P0+vJLE4u1gvPjexLDVPzxdEGvvmZ+X75ZekLlOVfvTjc8FPJgaGiiIGKaiG5Py84vycVD1nCA1SyAABjCCFBQCV27OjYAAAAA==[0m[INFO] --- docker-maven-plugin:1.1.1:build (default) @ spring-petclinic-config-server ---
[INFO] Using authentication suppliers: [ConfigFileRegistryAuthSupplier]
[INFO] Copying /var/jenkins_home/jobs/spring-petclinic-microservices-end-to-end-tests/workspace/spring-petclinic-config-server/target/spring-petclinic-config-server-2.0.6.jar -> /var/jenkins_home/jobs/spring-petclinic-microservices-end-to-end-tests/workspace/spring-petclinic-config-server/target/docker/spring-petclinic-config-server-2.0.6.jar
[INFO] Copying /var/jenkins_home/jobs/spring-petclinic-microservices-end-to-end-tests/workspace/spring-petclinic-config-server/../docker/Dockerfile -> /var/jenkins_home/jobs/spring-petclinic-microservices-end-to-end-tests/workspace/spring-petclinic-config-server/target/docker/Dockerfile
[INFO] Building image mszarlinski/spring-petclinic-config-server
Step 1/13 : FROM openjdk:8-jre-alpine

 ---> 2e01f547f003
Step 2/13 : VOLUME /tmp

 ---> Using cache
 ---> 9fb156dda2d0
Step 3/13 : ARG DOCKERIZE_VERSION

 ---> Using cache
 ---> a71b0e5b8191
Step 4/13 : ARG ARTIFACT_NAME

 ---> Using cache
 ---> b5d9bee851d8
Step 5/13 : ARG EXPOSED_PORT

 ---> Using cache
 ---> a8aaa27cc23e
Step 6/13 : ENV SPRING_PROFILES_ACTIVE docker

 ---> Using cache
 ---> e4478287b9c3
Step 7/13 : ADD https://github.com/jwilder/dockerize/releases/download/${DOCKERIZE_VERSION}/dockerize-alpine-linux-amd64-${DOCKERIZE_VERSION}.tar.gz dockerize.tar.gz

null: Downloading [>                                                  ]  33.31kB/3.006MB
[1A[2Knull: Downloading [=>                                                 ]  68.12kB/3.006MB
[0B[1A[2Knull: Downloading [==>                                                ]  137.8kB/3.006MB
[0B[1A[2Knull: Downloading [====>                                              ]    277kB/3.006MB
[0B[1A[2Knull: Downloading [=========>                                         ]  555.5kB/3.006MB
[0B[1A[2Knull: Downloading [=============>                                     ]  799.3kB/3.006MB
[0B[1A[2Knull: Downloading [==================>                                ]  1.113MB/3.006MB
[0B[1A[2Knull: Downloading [=============================>                     ]  1.774MB/3.006MB
[0B[1A[2Knull: Downloading [==============================>                    ]  1.844MB/3.006MB
[0B[1A[2Knull: Downloading [======================================>            ]  2.285MB/3.006MB
[0B[1A[2Knull: Downloading [=======================================>           ]   2.35MB/3.006MB
[0B[1A[2Knull: Downloading [========================================>          ]  2.449MB/3.006MB
[0B[1A[2Knull: Downloading [============================================>      ]  2.678MB/3.006MB
[0B[1A[2Knull: Downloading [=================================================> ]  3.006MB/3.006MB
[0B[1A[2Knull: Downloading [==================================================>]  3.006MB/3.006MB
[0B
 ---> Using cache
 ---> 00cb40651172
Step 8/13 : RUN tar xzf dockerize.tar.gz

 ---> Using cache
 ---> 0f80cb1b4c0c
Step 9/13 : RUN chmod +x dockerize

 ---> Using cache
 ---> 30b3e95ec4f1
Step 10/13 : ADD ${ARTIFACT_NAME}.jar /app.jar

 ---> bc11fae2f57d
Step 11/13 : RUN touch /app.jar

 ---> Running in 0869500e834a
Removing intermediate container 0869500e834a
 ---> a3bc0a0072c5
Step 12/13 : EXPOSE ${EXPOSED_PORT}

 ---> Running in 3909dc4c78ff
Removing intermediate container 3909dc4c78ff
 ---> cb062e90cf52
Step 13/13 : RUN wget -O /qrebel-agent.jar https://hub.qrebel.com/getagent/qrebel-agent.jar

 ---> Running in f6979f70b5be
[91mConnecting to hub.qrebel.com (54.173.254.10:443)
[0m
[91mqrebel-agent.jar       7% |**                             |   773k  0:00:12 ETA
[0m
[91mqrebel-agent.jar      25% |********                       |  2613k  0:00:05 ETA
[0m
[91mqrebel-agent.jar      65% |********************           |  6581k  0:00:01 ETA
[0m
[91mqrebel-agent.jar      92% |****************************   |  9349k  0:00:00 ETA
[0m
[91mqrebel-agent.jar     100% |*******************************| 10059k  0:00:00 ETA

[0m
Removing intermediate container f6979f70b5be
 ---> 1fd98ea26d05
ProgressMessage{id=null, status=null, stream=null, error=null, progress=null, progressDetail=null}
Successfully built 1fd98ea26d05
Successfully tagged mszarlinski/spring-petclinic-config-server:latest
[INFO] Built mszarlinski/spring-petclinic-config-server
[INFO]                                                                         
[INFO] ------------------------------------------------------------------------
[INFO] Building spring-petclinic-discovery-server 2.0.6
[INFO] ------------------------------------------------------------------------
[INFO] 
[8mha:////4LY9qAbl0+xaq4stsC31wXaa51IICuI8DGD7yd5+vXM8AAAAYB+LCAAAAAAAAP9b85aBtbiIQSmjNKU4P0+vJLE4u1gvPjexLDVPzxdEGvvmZ+X75ZekLlOVfvTjc8FPJgaGiiIGKaiG5Py84vycVD1nCA1SyAABjCCFBQCV27OjYAAAAA==[0m[INFO] --- maven-clean-plugin:3.0.0:clean (default-clean) @ spring-petclinic-discovery-server ---
[INFO] Deleting /var/jenkins_home/jobs/spring-petclinic-microservices-end-to-end-tests/workspace/spring-petclinic-discovery-server/target
[INFO] 
[8mha:////4LY9qAbl0+xaq4stsC31wXaa51IICuI8DGD7yd5+vXM8AAAAYB+LCAAAAAAAAP9b85aBtbiIQSmjNKU4P0+vJLE4u1gvPjexLDVPzxdEGvvmZ+X75ZekLlOVfvTjc8FPJgaGiiIGKaiG5Py84vycVD1nCA1SyAABjCCFBQCV27OjYAAAAA==[0m[INFO] --- git-commit-id-plugin:2.2.5:revision (default) @ spring-petclinic-discovery-server ---
[INFO] dotGitDirectory /var/jenkins_home/jobs/spring-petclinic-microservices-end-to-end-tests/workspace/.git
[INFO] git.build.user.name 
[INFO] git.build.user.email 
[INFO] Using environment variable based branch name. GIT_BRANCH = origin/master
[INFO] git.branch origin/master
[INFO] --always = true
[INFO] --dirty = -dirty
[INFO] --abbrev = 7
[INFO] Tag refs [[Ref[refs/tags/v1.5.9=387f824fd9f4ce6e1693b43eec9fc35867fc9f3e], Ref[refs/tags/v2.0.3=8fa041c08ec96e3079c0df4006b537f8c0b3ad85]]]
[INFO] Created map: [{}]
[INFO] evalCommit is [bc610d0b1e11eaac640f7d35819bce083a782191]
[INFO] git.commit.id.describe bc610d0
[INFO] git.commit.id bc610d0b1e11eaac640f7d35819bce083a782191
[INFO] git.commit.id.abbrev bc610d0
[INFO] git.dirty false
[INFO] git.commit.user.name Sten
[INFO] git.commit.user.email sten@Stens-MacBook.local
[INFO] git.commit.message.full Improve vet details loading
[INFO] git.commit.message.short Improve vet details loading
[INFO] git.commit.time 2018-12-11T15:51:17+0000
[INFO] git.remote.origin.url https://github.com/sten711/spring-petclinic-microservices
[INFO] git.tags 
[INFO] evalCommit is [bc610d0b1e11eaac640f7d35819bce083a782191]
[INFO] Tag refs [[Ref[refs/tags/v1.5.9=387f824fd9f4ce6e1693b43eec9fc35867fc9f3e], Ref[refs/tags/v2.0.3=8fa041c08ec96e3079c0df4006b537f8c0b3ad85]]]
[INFO] Created map: [{}]
[INFO] git.closest.tag.name 
[INFO] evalCommit is [bc610d0b1e11eaac640f7d35819bce083a782191]
[INFO] Tag refs [[Ref[refs/tags/v1.5.9=387f824fd9f4ce6e1693b43eec9fc35867fc9f3e], Ref[refs/tags/v2.0.3=8fa041c08ec96e3079c0df4006b537f8c0b3ad85]]]
[INFO] Created map: [{}]
[INFO] git.closest.tag.commit.count 
[INFO] git.total.commit.count 649
[INFO] git.build.time 2018-12-11T16:21:27+0000
[INFO] git.build.version 2.0.6
[INFO] git.build.host 27bd21f57c65
[INFO] git.build.number 113
[INFO] git.commit.id.describe-short bc610d0
[INFO] found property git.build.user.email
[INFO] found property git.build.host
[INFO] found property git.dirty
[INFO] found property git.remote.origin.url
[INFO] found property git.closest.tag.name
[INFO] found property git.total.commit.count
[INFO] found property git.commit.id.describe-short
[INFO] found property git.commit.user.email
[INFO] found property git.commit.time
[INFO] found property git.commit.message.full
[INFO] found property git.build.version
[INFO] found property git.commit.message.short
[INFO] found property git.commit.id.abbrev
[INFO] found property git.branch
[INFO] found property git.build.user.name
[INFO] found property git.build.number
[INFO] found property git.closest.tag.commit.count
[INFO] found property git.commit.id.describe
[INFO] found property git.commit.id
[INFO] found property git.tags
[INFO] found property git.build.time
[INFO] found property git.commit.user.name
[INFO] Writing properties file to [/var/jenkins_home/jobs/spring-petclinic-microservices-end-to-end-tests/workspace/spring-petclinic-discovery-server/target/classes/git.properties] (for module spring-petclinic-discovery-server)...
[INFO] 
[8mha:////4LY9qAbl0+xaq4stsC31wXaa51IICuI8DGD7yd5+vXM8AAAAYB+LCAAAAAAAAP9b85aBtbiIQSmjNKU4P0+vJLE4u1gvPjexLDVPzxdEGvvmZ+X75ZekLlOVfvTjc8FPJgaGiiIGKaiG5Py84vycVD1nCA1SyAABjCCFBQCV27OjYAAAAA==[0m[INFO] --- spring-boot-maven-plugin:2.0.6.RELEASE:build-info (default) @ spring-petclinic-discovery-server ---
[INFO] 
[8mha:////4LY9qAbl0+xaq4stsC31wXaa51IICuI8DGD7yd5+vXM8AAAAYB+LCAAAAAAAAP9b85aBtbiIQSmjNKU4P0+vJLE4u1gvPjexLDVPzxdEGvvmZ+X75ZekLlOVfvTjc8FPJgaGiiIGKaiG5Py84vycVD1nCA1SyAABjCCFBQCV27OjYAAAAA==[0m[INFO] --- maven-resources-plugin:3.0.2:resources (default-resources) @ spring-petclinic-discovery-server ---
[INFO] Using 'UTF-8' encoding to copy filtered resources.
[INFO] Copying 0 resource
[INFO] Copying 1 resource
[INFO] 
[8mha:////4LY9qAbl0+xaq4stsC31wXaa51IICuI8DGD7yd5+vXM8AAAAYB+LCAAAAAAAAP9b85aBtbiIQSmjNKU4P0+vJLE4u1gvPjexLDVPzxdEGvvmZ+X75ZekLlOVfvTjc8FPJgaGiiIGKaiG5Py84vycVD1nCA1SyAABjCCFBQCV27OjYAAAAA==[0m[INFO] --- maven-compiler-plugin:3.7.0:compile (default-compile) @ spring-petclinic-discovery-server ---
[INFO] Changes detected - recompiling the module!
[INFO] Compiling 1 source file to /var/jenkins_home/jobs/spring-petclinic-microservices-end-to-end-tests/workspace/spring-petclinic-discovery-server/target/classes
[INFO] 
[8mha:////4LY9qAbl0+xaq4stsC31wXaa51IICuI8DGD7yd5+vXM8AAAAYB+LCAAAAAAAAP9b85aBtbiIQSmjNKU4P0+vJLE4u1gvPjexLDVPzxdEGvvmZ+X75ZekLlOVfvTjc8FPJgaGiiIGKaiG5Py84vycVD1nCA1SyAABjCCFBQCV27OjYAAAAA==[0m[INFO] --- maven-resources-plugin:3.0.2:testResources (default-testResources) @ spring-petclinic-discovery-server ---
[INFO] Not copying test resources
[INFO] 
[8mha:////4LY9qAbl0+xaq4stsC31wXaa51IICuI8DGD7yd5+vXM8AAAAYB+LCAAAAAAAAP9b85aBtbiIQSmjNKU4P0+vJLE4u1gvPjexLDVPzxdEGvvmZ+X75ZekLlOVfvTjc8FPJgaGiiIGKaiG5Py84vycVD1nCA1SyAABjCCFBQCV27OjYAAAAA==[0m[INFO] --- maven-compiler-plugin:3.7.0:testCompile (default-testCompile) @ spring-petclinic-discovery-server ---
[INFO] Not compiling test sources
[INFO] 
[8mha:////4LY9qAbl0+xaq4stsC31wXaa51IICuI8DGD7yd5+vXM8AAAAYB+LCAAAAAAAAP9b85aBtbiIQSmjNKU4P0+vJLE4u1gvPjexLDVPzxdEGvvmZ+X75ZekLlOVfvTjc8FPJgaGiiIGKaiG5Py84vycVD1nCA1SyAABjCCFBQCV27OjYAAAAA==[0m[INFO] --- maven-surefire-plugin:2.22.0:test (default-test) @ spring-petclinic-discovery-server ---
[INFO] Tests are skipped.
[INFO] 
[8mha:////4LY9qAbl0+xaq4stsC31wXaa51IICuI8DGD7yd5+vXM8AAAAYB+LCAAAAAAAAP9b85aBtbiIQSmjNKU4P0+vJLE4u1gvPjexLDVPzxdEGvvmZ+X75ZekLlOVfvTjc8FPJgaGiiIGKaiG5Py84vycVD1nCA1SyAABjCCFBQCV27OjYAAAAA==[0m[INFO] --- maven-jar-plugin:2.1:jar (default-jar) @ spring-petclinic-discovery-server ---
[INFO] Building jar: /var/jenkins_home/jobs/spring-petclinic-microservices-end-to-end-tests/workspace/spring-petclinic-discovery-server/target/spring-petclinic-discovery-server-2.0.6.jar
[INFO] 
[8mha:////4LY9qAbl0+xaq4stsC31wXaa51IICuI8DGD7yd5+vXM8AAAAYB+LCAAAAAAAAP9b85aBtbiIQSmjNKU4P0+vJLE4u1gvPjexLDVPzxdEGvvmZ+X75ZekLlOVfvTjc8FPJgaGiiIGKaiG5Py84vycVD1nCA1SyAABjCCFBQCV27OjYAAAAA==[0m[INFO] --- spring-boot-maven-plugin:2.0.6.RELEASE:repackage (default) @ spring-petclinic-discovery-server ---
[INFO] 
[8mha:////4LY9qAbl0+xaq4stsC31wXaa51IICuI8DGD7yd5+vXM8AAAAYB+LCAAAAAAAAP9b85aBtbiIQSmjNKU4P0+vJLE4u1gvPjexLDVPzxdEGvvmZ+X75ZekLlOVfvTjc8FPJgaGiiIGKaiG5Py84vycVD1nCA1SyAABjCCFBQCV27OjYAAAAA==[0m[INFO] --- maven-install-plugin:2.5.2:install (default-install) @ spring-petclinic-discovery-server ---
[INFO] Installing /var/jenkins_home/jobs/spring-petclinic-microservices-end-to-end-tests/workspace/spring-petclinic-discovery-server/target/spring-petclinic-discovery-server-2.0.6.jar to /var/jenkins_home/.m2/repository/org/springframework/samples/petclinic/discovery/spring-petclinic-discovery-server/2.0.6/spring-petclinic-discovery-server-2.0.6.jar
[INFO] Installing /var/jenkins_home/jobs/spring-petclinic-microservices-end-to-end-tests/workspace/spring-petclinic-discovery-server/pom.xml to /var/jenkins_home/.m2/repository/org/springframework/samples/petclinic/discovery/spring-petclinic-discovery-server/2.0.6/spring-petclinic-discovery-server-2.0.6.pom
[INFO] 
[8mha:////4LY9qAbl0+xaq4stsC31wXaa51IICuI8DGD7yd5+vXM8AAAAYB+LCAAAAAAAAP9b85aBtbiIQSmjNKU4P0+vJLE4u1gvPjexLDVPzxdEGvvmZ+X75ZekLlOVfvTjc8FPJgaGiiIGKaiG5Py84vycVD1nCA1SyAABjCCFBQCV27OjYAAAAA==[0m[INFO] --- docker-maven-plugin:1.1.1:build (default) @ spring-petclinic-discovery-server ---
[INFO] Using authentication suppliers: [ConfigFileRegistryAuthSupplier]
[INFO] Copying /var/jenkins_home/jobs/spring-petclinic-microservices-end-to-end-tests/workspace/spring-petclinic-discovery-server/target/spring-petclinic-discovery-server-2.0.6.jar -> /var/jenkins_home/jobs/spring-petclinic-microservices-end-to-end-tests/workspace/spring-petclinic-discovery-server/target/docker/spring-petclinic-discovery-server-2.0.6.jar
[INFO] Copying /var/jenkins_home/jobs/spring-petclinic-microservices-end-to-end-tests/workspace/spring-petclinic-discovery-server/../docker/Dockerfile -> /var/jenkins_home/jobs/spring-petclinic-microservices-end-to-end-tests/workspace/spring-petclinic-discovery-server/target/docker/Dockerfile
[INFO] Building image mszarlinski/spring-petclinic-discovery-server
Step 1/13 : FROM openjdk:8-jre-alpine

 ---> 2e01f547f003
Step 2/13 : VOLUME /tmp

 ---> Using cache
 ---> 9fb156dda2d0
Step 3/13 : ARG DOCKERIZE_VERSION

 ---> Using cache
 ---> a71b0e5b8191
Step 4/13 : ARG ARTIFACT_NAME

 ---> Using cache
 ---> b5d9bee851d8
Step 5/13 : ARG EXPOSED_PORT

 ---> Using cache
 ---> a8aaa27cc23e
Step 6/13 : ENV SPRING_PROFILES_ACTIVE docker

 ---> Using cache
 ---> e4478287b9c3
Step 7/13 : ADD https://github.com/jwilder/dockerize/releases/download/${DOCKERIZE_VERSION}/dockerize-alpine-linux-amd64-${DOCKERIZE_VERSION}.tar.gz dockerize.tar.gz

null: Downloading [>                                                  ]  33.31kB/3.006MB
[1A[2Knull: Downloading [=>                                                 ]  68.12kB/3.006MB
[0B[1A[2Knull: Downloading [==>                                                ]  137.8kB/3.006MB
[0B[1A[2Knull: Downloading [====>                                              ]  242.2kB/3.006MB
[0B[1A[2Knull: Downloading [=======>                                           ]  451.1kB/3.006MB
[0B[1A[2Knull: Downloading [=========>                                         ]  555.5kB/3.006MB
[0B[1A[2Knull: Downloading [==================>                                ]  1.113MB/3.006MB
[0B[1A[2Knull: Downloading [============================>                      ]  1.704MB/3.006MB
[0B[1A[2Knull: Downloading [==================================>                ]  2.053MB/3.006MB
[0B[1A[2Knull: Downloading [===========================================>       ]   2.61MB/3.006MB
[0B[1A[2Knull: Downloading [=============================================>     ]  2.714MB/3.006MB
[0B[1A[2Knull: Downloading [==================================================>]  3.006MB/3.006MB
[0B
 ---> Using cache
 ---> 00cb40651172
Step 8/13 : RUN tar xzf dockerize.tar.gz

 ---> Using cache
 ---> e8f144fc3403
Step 9/13 : RUN chmod +x dockerize

 ---> Using cache
 ---> adc95d44ec8c
Step 10/13 : ADD ${ARTIFACT_NAME}.jar /app.jar

 ---> ba43b19cd57f
Step 11/13 : RUN touch /app.jar

 ---> Running in 16f6bc179a2d
Removing intermediate container 16f6bc179a2d
 ---> 3a079395366b
Step 12/13 : EXPOSE ${EXPOSED_PORT}

 ---> Running in a0c6913656b7
Removing intermediate container a0c6913656b7
 ---> c7d401374e05
Step 13/13 : RUN wget -O /qrebel-agent.jar https://hub.qrebel.com/getagent/qrebel-agent.jar

 ---> Running in e719f5f1431c
[91mConnecting to hub.qrebel.com (54.173.254.10:443)
[0m
[91mqrebel-agent.jar       7% |**                             |   723k  0:00:12 ETA
[0m
[91mqrebel-agent.jar    [0m
[91m  43%[0m
[91m |*************                  |[0m
[91m  4355k[0m
[91m  0:00:02 ETA[0m
[91m
[0m
[91mqrebel-agent.jar    [0m
[91m  69% |*********************          |  6963k  0:00:01 ETA
[0m
[91mqrebel-agent.jar      92% |****************************   |  9267k  0:00:00 ETA
[0m
[91mqrebel-agent.jar     100% |*******************************| 10059k  0:00:00 ETA

[0m
Removing intermediate container e719f5f1431c
 ---> 4cff7d58e762
ProgressMessage{id=null, status=null, stream=null, error=null, progress=null, progressDetail=null}
Successfully built 4cff7d58e762
Successfully tagged mszarlinski/spring-petclinic-discovery-server:latest
[INFO] Built mszarlinski/spring-petclinic-discovery-server
[INFO]                                                                         
[INFO] ------------------------------------------------------------------------
[INFO] Building spring-petclinic-api-gateway 2.0.6
[INFO] ------------------------------------------------------------------------
[INFO] 
[8mha:////4LY9qAbl0+xaq4stsC31wXaa51IICuI8DGD7yd5+vXM8AAAAYB+LCAAAAAAAAP9b85aBtbiIQSmjNKU4P0+vJLE4u1gvPjexLDVPzxdEGvvmZ+X75ZekLlOVfvTjc8FPJgaGiiIGKaiG5Py84vycVD1nCA1SyAABjCCFBQCV27OjYAAAAA==[0m[INFO] --- maven-clean-plugin:3.0.0:clean (default-clean) @ spring-petclinic-api-gateway ---
[INFO] Deleting /var/jenkins_home/jobs/spring-petclinic-microservices-end-to-end-tests/workspace/spring-petclinic-api-gateway/target
[INFO] 
[8mha:////4LY9qAbl0+xaq4stsC31wXaa51IICuI8DGD7yd5+vXM8AAAAYB+LCAAAAAAAAP9b85aBtbiIQSmjNKU4P0+vJLE4u1gvPjexLDVPzxdEGvvmZ+X75ZekLlOVfvTjc8FPJgaGiiIGKaiG5Py84vycVD1nCA1SyAABjCCFBQCV27OjYAAAAA==[0m[INFO] --- git-commit-id-plugin:2.2.5:revision (default) @ spring-petclinic-api-gateway ---
[INFO] dotGitDirectory /var/jenkins_home/jobs/spring-petclinic-microservices-end-to-end-tests/workspace/.git
[INFO] git.build.user.name 
[INFO] git.build.user.email 
[INFO] Using environment variable based branch name. GIT_BRANCH = origin/master
[INFO] git.branch origin/master
[INFO] --always = true
[INFO] --dirty = -dirty
[INFO] --abbrev = 7
[INFO] Tag refs [[Ref[refs/tags/v1.5.9=387f824fd9f4ce6e1693b43eec9fc35867fc9f3e], Ref[refs/tags/v2.0.3=8fa041c08ec96e3079c0df4006b537f8c0b3ad85]]]
[INFO] Created map: [{}]
[INFO] evalCommit is [bc610d0b1e11eaac640f7d35819bce083a782191]
[INFO] git.commit.id.describe bc610d0
[INFO] git.commit.id bc610d0b1e11eaac640f7d35819bce083a782191
[INFO] git.commit.id.abbrev bc610d0
[INFO] git.dirty false
[INFO] git.commit.user.name Sten
[INFO] git.commit.user.email sten@Stens-MacBook.local
[INFO] git.commit.message.full Improve vet details loading
[INFO] git.commit.message.short Improve vet details loading
[INFO] git.commit.time 2018-12-11T15:51:17+0000
[INFO] git.remote.origin.url https://github.com/sten711/spring-petclinic-microservices
[INFO] git.tags 
[INFO] evalCommit is [bc610d0b1e11eaac640f7d35819bce083a782191]
[INFO] Tag refs [[Ref[refs/tags/v1.5.9=387f824fd9f4ce6e1693b43eec9fc35867fc9f3e], Ref[refs/tags/v2.0.3=8fa041c08ec96e3079c0df4006b537f8c0b3ad85]]]
[INFO] Created map: [{}]
[INFO] git.closest.tag.name 
[INFO] evalCommit is [bc610d0b1e11eaac640f7d35819bce083a782191]
[INFO] Tag refs [[Ref[refs/tags/v1.5.9=387f824fd9f4ce6e1693b43eec9fc35867fc9f3e], Ref[refs/tags/v2.0.3=8fa041c08ec96e3079c0df4006b537f8c0b3ad85]]]
[INFO] Created map: [{}]
[INFO] git.closest.tag.commit.count 
[INFO] git.total.commit.count 649
[INFO] git.build.time 2018-12-11T16:21:43+0000
[INFO] git.build.version 2.0.6
[INFO] git.build.host 27bd21f57c65
[INFO] git.build.number 113
[INFO] git.commit.id.describe-short bc610d0
[INFO] found property git.build.user.email
[INFO] found property git.build.host
[INFO] found property git.dirty
[INFO] found property git.remote.origin.url
[INFO] found property git.closest.tag.name
[INFO] found property git.total.commit.count
[INFO] found property git.commit.id.describe-short
[INFO] found property git.commit.user.email
[INFO] found property git.commit.time
[INFO] found property git.commit.message.full
[INFO] found property git.build.version
[INFO] found property git.commit.message.short
[INFO] found property git.commit.id.abbrev
[INFO] found property git.branch
[INFO] found property git.build.user.name
[INFO] found property git.build.number
[INFO] found property git.closest.tag.commit.count
[INFO] found property git.commit.id.describe
[INFO] found property git.commit.id
[INFO] found property git.tags
[INFO] found property git.build.time
[INFO] found property git.commit.user.name
[INFO] Writing properties file to [/var/jenkins_home/jobs/spring-petclinic-microservices-end-to-end-tests/workspace/spring-petclinic-api-gateway/target/classes/git.properties] (for module spring-petclinic-api-gateway)...
[INFO] 
[8mha:////4LY9qAbl0+xaq4stsC31wXaa51IICuI8DGD7yd5+vXM8AAAAYB+LCAAAAAAAAP9b85aBtbiIQSmjNKU4P0+vJLE4u1gvPjexLDVPzxdEGvvmZ+X75ZekLlOVfvTjc8FPJgaGiiIGKaiG5Py84vycVD1nCA1SyAABjCCFBQCV27OjYAAAAA==[0m[INFO] --- spring-boot-maven-plugin:2.0.6.RELEASE:build-info (default) @ spring-petclinic-api-gateway ---
[INFO] 
[8mha:////4LY9qAbl0+xaq4stsC31wXaa51IICuI8DGD7yd5+vXM8AAAAYB+LCAAAAAAAAP9b85aBtbiIQSmjNKU4P0+vJLE4u1gvPjexLDVPzxdEGvvmZ+X75ZekLlOVfvTjc8FPJgaGiiIGKaiG5Py84vycVD1nCA1SyAABjCCFBQCV27OjYAAAAA==[0m[INFO] --- wro4j-maven-plugin:1.8.0:run (default) @ spring-petclinic-api-gateway ---
[INFO] /var/jenkins_home/jobs/spring-petclinic-microservices-end-to-end-tests/workspace/spring-petclinic-api-gateway/src/main/less
[INFO] Executing the mojo: 
[INFO] Wro4j Model path: /var/jenkins_home/jobs/spring-petclinic-microservices-end-to-end-tests/workspace/spring-petclinic-api-gateway/src/main/wro/wro.xml
[INFO] targetGroups: null
[INFO] minimize: true
[INFO] ignoreMissingResources: null
[INFO] parallelProcessing: false
[INFO] buildDirectory: /var/jenkins_home/jobs/spring-petclinic-microservices-end-to-end-tests/workspace/spring-petclinic-api-gateway/target
[INFO] destinationFolder: /var/jenkins_home/jobs/spring-petclinic-microservices-end-to-end-tests/workspace/spring-petclinic-api-gateway/target
[INFO] cssDestinationFolder: /var/jenkins_home/jobs/spring-petclinic-microservices-end-to-end-tests/workspace/spring-petclinic-api-gateway/target/classes/static/css
[INFO] The following groups will be processed: [petclinic]
[INFO] folder: /var/jenkins_home/jobs/spring-petclinic-microservices-end-to-end-tests/workspace/spring-petclinic-api-gateway/target/classes/static/css
[INFO] processing group: petclinic.css
[8mha:////4OTdWSVPjwWOiesBxje+vCOSu4SSYFGfDIEbjHNcXIjfAAAAYx+LCAAAAAAAAP9b85aBtbiIQSWjNKU4P0+vJLE4u1gvPjexLDVPzxdEhicW5WXmpfvll6S2fNly5fzGzauYGBgqihikoFqS8/OK83NS9ZwhNEghAwQwghQWAACwxA+XYgAAAA==[0m[WARNING] Less warnings are:
[8mha:////4OTdWSVPjwWOiesBxje+vCOSu4SSYFGfDIEbjHNcXIjfAAAAYx+LCAAAAAAAAP9b85aBtbiIQSWjNKU4P0+vJLE4u1gvPjexLDVPzxdEhicW5WXmpfvll6S2fNly5fzGzauYGBgqihikoFqS8/OK83NS9ZwhNEghAwQwghQWAACwxA+XYgAAAA==[0m[WARNING] 10:1 Cannot link source map. Css result location is not know and could not be deduced from input less source..
[INFO] file size: petclinic.css -> 152551 bytes
[INFO] /var/jenkins_home/jobs/spring-petclinic-microservices-end-to-end-tests/workspace/spring-petclinic-api-gateway/target/classes/static/css/petclinic.css (152551 bytes)
[INFO] folder: /var/jenkins_home/jobs/spring-petclinic-microservices-end-to-end-tests/workspace/spring-petclinic-api-gateway/target
[INFO] processing group: petclinic.js
[INFO] 
[8mha:////4LY9qAbl0+xaq4stsC31wXaa51IICuI8DGD7yd5+vXM8AAAAYB+LCAAAAAAAAP9b85aBtbiIQSmjNKU4P0+vJLE4u1gvPjexLDVPzxdEGvvmZ+X75ZekLlOVfvTjc8FPJgaGiiIGKaiG5Py84vycVD1nCA1SyAABjCCFBQCV27OjYAAAAA==[0m[INFO] --- maven-resources-plugin:3.0.2:resources (default-resources) @ spring-petclinic-api-gateway ---
[INFO] Using 'UTF-8' encoding to copy filtered resources.
[INFO] Copying 1 resource
[INFO] Copying 56 resources
[INFO] 
[8mha:////4LY9qAbl0+xaq4stsC31wXaa51IICuI8DGD7yd5+vXM8AAAAYB+LCAAAAAAAAP9b85aBtbiIQSmjNKU4P0+vJLE4u1gvPjexLDVPzxdEGvvmZ+X75ZekLlOVfvTjc8FPJgaGiiIGKaiG5Py84vycVD1nCA1SyAABjCCFBQCV27OjYAAAAA==[0m[INFO] --- maven-compiler-plugin:3.7.0:compile (default-compile) @ spring-petclinic-api-gateway ---
[INFO] Changes detected - recompiling the module!
[INFO] Compiling 9 source files to /var/jenkins_home/jobs/spring-petclinic-microservices-end-to-end-tests/workspace/spring-petclinic-api-gateway/target/classes
[INFO] 
[8mha:////4LY9qAbl0+xaq4stsC31wXaa51IICuI8DGD7yd5+vXM8AAAAYB+LCAAAAAAAAP9b85aBtbiIQSmjNKU4P0+vJLE4u1gvPjexLDVPzxdEGvvmZ+X75ZekLlOVfvTjc8FPJgaGiiIGKaiG5Py84vycVD1nCA1SyAABjCCFBQCV27OjYAAAAA==[0m[INFO] --- maven-resources-plugin:3.0.2:testResources (default-testResources) @ spring-petclinic-api-gateway ---
[INFO] Not copying test resources
[INFO] 
[8mha:////4LY9qAbl0+xaq4stsC31wXaa51IICuI8DGD7yd5+vXM8AAAAYB+LCAAAAAAAAP9b85aBtbiIQSmjNKU4P0+vJLE4u1gvPjexLDVPzxdEGvvmZ+X75ZekLlOVfvTjc8FPJgaGiiIGKaiG5Py84vycVD1nCA1SyAABjCCFBQCV27OjYAAAAA==[0m[INFO] --- maven-compiler-plugin:3.7.0:testCompile (default-testCompile) @ spring-petclinic-api-gateway ---
[INFO] Not compiling test sources
[INFO] 
[8mha:////4LY9qAbl0+xaq4stsC31wXaa51IICuI8DGD7yd5+vXM8AAAAYB+LCAAAAAAAAP9b85aBtbiIQSmjNKU4P0+vJLE4u1gvPjexLDVPzxdEGvvmZ+X75ZekLlOVfvTjc8FPJgaGiiIGKaiG5Py84vycVD1nCA1SyAABjCCFBQCV27OjYAAAAA==[0m[INFO] --- maven-surefire-plugin:2.22.0:test (default-test) @ spring-petclinic-api-gateway ---
[INFO] Tests are skipped.
[INFO] 
[8mha:////4LY9qAbl0+xaq4stsC31wXaa51IICuI8DGD7yd5+vXM8AAAAYB+LCAAAAAAAAP9b85aBtbiIQSmjNKU4P0+vJLE4u1gvPjexLDVPzxdEGvvmZ+X75ZekLlOVfvTjc8FPJgaGiiIGKaiG5Py84vycVD1nCA1SyAABjCCFBQCV27OjYAAAAA==[0m[INFO] --- maven-jar-plugin:2.1:jar (default-jar) @ spring-petclinic-api-gateway ---
[INFO] Building jar: /var/jenkins_home/jobs/spring-petclinic-microservices-end-to-end-tests/workspace/spring-petclinic-api-gateway/target/spring-petclinic-api-gateway-2.0.6.jar
[INFO] 
[8mha:////4LY9qAbl0+xaq4stsC31wXaa51IICuI8DGD7yd5+vXM8AAAAYB+LCAAAAAAAAP9b85aBtbiIQSmjNKU4P0+vJLE4u1gvPjexLDVPzxdEGvvmZ+X75ZekLlOVfvTjc8FPJgaGiiIGKaiG5Py84vycVD1nCA1SyAABjCCFBQCV27OjYAAAAA==[0m[INFO] --- spring-boot-maven-plugin:2.0.6.RELEASE:repackage (default) @ spring-petclinic-api-gateway ---
[INFO] 
[8mha:////4LY9qAbl0+xaq4stsC31wXaa51IICuI8DGD7yd5+vXM8AAAAYB+LCAAAAAAAAP9b85aBtbiIQSmjNKU4P0+vJLE4u1gvPjexLDVPzxdEGvvmZ+X75ZekLlOVfvTjc8FPJgaGiiIGKaiG5Py84vycVD1nCA1SyAABjCCFBQCV27OjYAAAAA==[0m[INFO] --- maven-install-plugin:2.5.2:install (default-install) @ spring-petclinic-api-gateway ---
[INFO] Installing /var/jenkins_home/jobs/spring-petclinic-microservices-end-to-end-tests/workspace/spring-petclinic-api-gateway/target/spring-petclinic-api-gateway-2.0.6.jar to /var/jenkins_home/.m2/repository/org/springframework/samples/petclinic/api/spring-petclinic-api-gateway/2.0.6/spring-petclinic-api-gateway-2.0.6.jar
[INFO] Installing /var/jenkins_home/jobs/spring-petclinic-microservices-end-to-end-tests/workspace/spring-petclinic-api-gateway/pom.xml to /var/jenkins_home/.m2/repository/org/springframework/samples/petclinic/api/spring-petclinic-api-gateway/2.0.6/spring-petclinic-api-gateway-2.0.6.pom
[INFO] 
[8mha:////4LY9qAbl0+xaq4stsC31wXaa51IICuI8DGD7yd5+vXM8AAAAYB+LCAAAAAAAAP9b85aBtbiIQSmjNKU4P0+vJLE4u1gvPjexLDVPzxdEGvvmZ+X75ZekLlOVfvTjc8FPJgaGiiIGKaiG5Py84vycVD1nCA1SyAABjCCFBQCV27OjYAAAAA==[0m[INFO] --- docker-maven-plugin:1.1.1:build (default) @ spring-petclinic-api-gateway ---
[INFO] Using authentication suppliers: [ConfigFileRegistryAuthSupplier]
[INFO] Copying /var/jenkins_home/jobs/spring-petclinic-microservices-end-to-end-tests/workspace/spring-petclinic-api-gateway/target/spring-petclinic-api-gateway-2.0.6.jar -> /var/jenkins_home/jobs/spring-petclinic-microservices-end-to-end-tests/workspace/spring-petclinic-api-gateway/target/docker/spring-petclinic-api-gateway-2.0.6.jar
[INFO] Copying /var/jenkins_home/jobs/spring-petclinic-microservices-end-to-end-tests/workspace/spring-petclinic-api-gateway/../docker/Dockerfile -> /var/jenkins_home/jobs/spring-petclinic-microservices-end-to-end-tests/workspace/spring-petclinic-api-gateway/target/docker/Dockerfile
[INFO] Building image mszarlinski/spring-petclinic-api-gateway
Step 1/13 : FROM openjdk:8-jre-alpine

 ---> 2e01f547f003
Step 2/13 : VOLUME /tmp

 ---> Using cache
 ---> 9fb156dda2d0
Step 3/13 : ARG DOCKERIZE_VERSION

 ---> Using cache
 ---> a71b0e5b8191
Step 4/13 : ARG ARTIFACT_NAME

 ---> Using cache
 ---> b5d9bee851d8
Step 5/13 : ARG EXPOSED_PORT

 ---> Using cache
 ---> a8aaa27cc23e
Step 6/13 : ENV SPRING_PROFILES_ACTIVE docker

 ---> Using cache
 ---> e4478287b9c3
Step 7/13 : ADD https://github.com/jwilder/dockerize/releases/download/${DOCKERIZE_VERSION}/dockerize-alpine-linux-amd64-${DOCKERIZE_VERSION}.tar.gz dockerize.tar.gz

null: Downloading [>                                                  ]  33.31kB/3.006MB
[1A[2Knull: Downloading [=>                                                 ]  68.12kB/3.006MB
[0B[1A[2Knull: Downloading [==>                                                ]  137.8kB/3.006MB
[0B[1A[2Knull: Downloading [====>                                              ]  242.2kB/3.006MB
[0B[1A[2Knull: Downloading [========>                                          ]  485.9kB/3.006MB
[0B[1A[2Knull: Downloading [===============>                                   ]  938.5kB/3.006MB
[0B[1A[2Knull: Downloading [========================>                          ]  1.461MB/3.006MB
[0B[1A[2Knull: Downloading [===================================>               ]  2.122MB/3.006MB
[0B[1A[2Knull: Downloading [======================================>            ]  2.331MB/3.006MB
[0B[1A[2Knull: Downloading [==============================================>    ]  2.793MB/3.006MB
[0B[1A[2Knull: Downloading [==================================================>]  3.006MB/3.006MB
[0B
 ---> Using cache
 ---> 00cb40651172
Step 8/13 : RUN tar xzf dockerize.tar.gz

 ---> Using cache
 ---> 22eaebb73e47
Step 9/13 : RUN chmod +x dockerize

 ---> Using cache
 ---> 347dd64c4ba0
Step 10/13 : ADD ${ARTIFACT_NAME}.jar /app.jar

 ---> e5587b5207e0
Step 11/13 : RUN touch /app.jar

 ---> Running in 961a1282820f
Removing intermediate container 961a1282820f
 ---> 5a5ad33416c8
Step 12/13 : EXPOSE ${EXPOSED_PORT}

 ---> Running in d245ddf38862
Removing intermediate container d245ddf38862
 ---> 54237f2888d6
Step 13/13 : RUN wget -O /qrebel-agent.jar https://hub.qrebel.com/getagent/qrebel-agent.jar

 ---> Running in 15a025cc98e6
[91mConnecting to hub.qrebel.com (54.81.134.46:443)
[0m
[91mqrebel-agent.jar       5% |*                              |   542k  0:00:17 ETA
[0m
[91mqrebel-agent.jar      27% |********                       |  2798k  0:00:05 ETA
[0m
[91mqrebel-agent.jar      47% |**************                 |  4814k  0:00:03 ETA[0m
[91m
[0m
[91mqrebel-agent.jar      67% |********************           |  6814k  0:00:01 ETA
[0m
[91mqrebel-agent.jar      91% |****************************   |  9166k  0:00:00 ETA
[0m
[91mqrebel-agent.jar     100% |*******************************| 10059k  0:00:00 ETA

[0m
Removing intermediate container 15a025cc98e6
 ---> 30ba80441b92
ProgressMessage{id=null, status=null, stream=null, error=null, progress=null, progressDetail=null}
Successfully built 30ba80441b92
Successfully tagged mszarlinski/spring-petclinic-api-gateway:latest
[INFO] Built mszarlinski/spring-petclinic-api-gateway
[INFO] ------------------------------------------------------------------------
[INFO] Reactor Summary:
[INFO] 
[INFO] spring-petclinic-microservices ..................... SUCCESS [  0.533 s]
[INFO] spring-petclinic-admin-server ...................... SUCCESS [ 25.439 s]
[INFO] spring-petclinic-customers-service ................. SUCCESS [ 17.192 s]
[INFO] spring-petclinic-vets-service ...................... SUCCESS [ 15.985 s]
[INFO] spring-petclinic-visits-service .................... SUCCESS [ 14.305 s]
[INFO] spring-petclinic-config-server ..................... SUCCESS [ 13.226 s]
[INFO] spring-petclinic-discovery-server .................. SUCCESS [ 15.213 s]
[INFO] spring-petclinic-api-gateway ....................... SUCCESS [ 22.808 s]
[INFO] ------------------------------------------------------------------------
[INFO] BUILD SUCCESS
[INFO] ------------------------------------------------------------------------
[INFO] Total time: 02:05 min
[INFO] Finished at: 2018-12-11T16:22:05+00:00
[INFO] Final Memory: 128M/463M
[INFO] ------------------------------------------------------------------------
[workspace] $ /bin/sh -xe /tmp/jenkins6145253038477523759.sh
+ docker-compose rm -f
No stopped containers
+ docker-compose up --build -d
Creating tracing-server ... 
Creating config-server  ... 
[1A[2KCreating config-server  ... [32mdone[0m[1BCreating discovery-server ... 
[3A[2KCreating tracing-server   ... [32mdone[0m[3B[1A[2KCreating discovery-server ... [32mdone[0m[1BCreating vets-service     ... 
Creating customers-service ... 
Creating visits-service    ... 
Creating admin-server      ... 
Creating api-gateway       ... 
[4A[2KCreating customers-service ... [32mdone[0m[4B[5A[2KCreating vets-service      ... [32mdone[0m[5B[3A[2KCreating visits-service    ... [32mdone[0m[3B[2A[2KCreating admin-server      ... [32mdone[0m[2B[1A[2KCreating api-gateway       ... [32mdone[0m[1B+ wait-for-it api-gateway:8080 -t 1000
wait-for-it: waiting 1000 seconds for api-gateway:8080
wait-for-it: api-gateway:8080 is available after 164 seconds
+ wait-for-it customers-service:8081 -t 1000
wait-for-it: waiting 1000 seconds for customers-service:8081
wait-for-it: customers-service:8081 is available after 17 seconds
+ wait-for-it vets-service:8083 -t 1000
wait-for-it: waiting 1000 seconds for vets-service:8083
wait-for-it: vets-service:8083 is available after 0 seconds
+ wait-for-it visits-service:8082 -t 1000
wait-for-it: waiting 1000 seconds for visits-service:8082
wait-for-it: visits-service:8082 is available after 0 seconds
[workspace] $ mvn -f spring-petclinic-e2e-tests/pom.xml clean verify -P jenkins
[INFO] Scanning for projects...
[INFO]                                                                         
[INFO] ------------------------------------------------------------------------
[INFO] Building spring-petclinic-e2e-tests 2.0.6
[INFO] ------------------------------------------------------------------------
[INFO] 
[8mha:////4LY9qAbl0+xaq4stsC31wXaa51IICuI8DGD7yd5+vXM8AAAAYB+LCAAAAAAAAP9b85aBtbiIQSmjNKU4P0+vJLE4u1gvPjexLDVPzxdEGvvmZ+X75ZekLlOVfvTjc8FPJgaGiiIGKaiG5Py84vycVD1nCA1SyAABjCCFBQCV27OjYAAAAA==[0m[INFO] --- maven-clean-plugin:3.0.0:clean (default-clean) @ spring-petclinic-e2e-tests ---
[INFO] Deleting /var/jenkins_home/jobs/spring-petclinic-microservices-end-to-end-tests/workspace/spring-petclinic-e2e-tests/target
[INFO] 
[8mha:////4LY9qAbl0+xaq4stsC31wXaa51IICuI8DGD7yd5+vXM8AAAAYB+LCAAAAAAAAP9b85aBtbiIQSmjNKU4P0+vJLE4u1gvPjexLDVPzxdEGvvmZ+X75ZekLlOVfvTjc8FPJgaGiiIGKaiG5Py84vycVD1nCA1SyAABjCCFBQCV27OjYAAAAA==[0m[INFO] --- maven-resources-plugin:3.0.2:resources (default-resources) @ spring-petclinic-e2e-tests ---
[INFO] Using 'UTF-8' encoding to copy filtered resources.
[INFO] skip non existing resourceDirectory /var/jenkins_home/jobs/spring-petclinic-microservices-end-to-end-tests/workspace/spring-petclinic-e2e-tests/src/main/resources
[INFO] skip non existing resourceDirectory /var/jenkins_home/jobs/spring-petclinic-microservices-end-to-end-tests/workspace/spring-petclinic-e2e-tests/src/main/resources
[INFO] 
[8mha:////4LY9qAbl0+xaq4stsC31wXaa51IICuI8DGD7yd5+vXM8AAAAYB+LCAAAAAAAAP9b85aBtbiIQSmjNKU4P0+vJLE4u1gvPjexLDVPzxdEGvvmZ+X75ZekLlOVfvTjc8FPJgaGiiIGKaiG5Py84vycVD1nCA1SyAABjCCFBQCV27OjYAAAAA==[0m[INFO] --- maven-compiler-plugin:3.7.0:compile (default-compile) @ spring-petclinic-e2e-tests ---
[INFO] No sources to compile
[INFO] 
[8mha:////4LY9qAbl0+xaq4stsC31wXaa51IICuI8DGD7yd5+vXM8AAAAYB+LCAAAAAAAAP9b85aBtbiIQSmjNKU4P0+vJLE4u1gvPjexLDVPzxdEGvvmZ+X75ZekLlOVfvTjc8FPJgaGiiIGKaiG5Py84vycVD1nCA1SyAABjCCFBQCV27OjYAAAAA==[0m[INFO] --- maven-resources-plugin:3.0.2:testResources (default-testResources) @ spring-petclinic-e2e-tests ---
[INFO] Using 'UTF-8' encoding to copy filtered resources.
[INFO] Copying 2 resources
[INFO] 
[8mha:////4LY9qAbl0+xaq4stsC31wXaa51IICuI8DGD7yd5+vXM8AAAAYB+LCAAAAAAAAP9b85aBtbiIQSmjNKU4P0+vJLE4u1gvPjexLDVPzxdEGvvmZ+X75ZekLlOVfvTjc8FPJgaGiiIGKaiG5Py84vycVD1nCA1SyAABjCCFBQCV27OjYAAAAA==[0m[INFO] --- maven-compiler-plugin:3.7.0:testCompile (default-testCompile) @ spring-petclinic-e2e-tests ---
[INFO] Changes detected - recompiling the module!
[INFO] Compiling 2 source files to /var/jenkins_home/jobs/spring-petclinic-microservices-end-to-end-tests/workspace/spring-petclinic-e2e-tests/target/test-classes
[INFO] 
[8mha:////4LY9qAbl0+xaq4stsC31wXaa51IICuI8DGD7yd5+vXM8AAAAYB+LCAAAAAAAAP9b85aBtbiIQSmjNKU4P0+vJLE4u1gvPjexLDVPzxdEGvvmZ+X75ZekLlOVfvTjc8FPJgaGiiIGKaiG5Py84vycVD1nCA1SyAABjCCFBQCV27OjYAAAAA==[0m[INFO] --- maven-surefire-plugin:2.22.0:test (default-test) @ spring-petclinic-e2e-tests ---
[INFO] 
[INFO] -------------------------------------------------------
[INFO]  T E S T S
[INFO] -------------------------------------------------------
[INFO] Running com.roguewave.petclinic.vets.tests.VetResourcesITest
16:25:23.788 [main] DEBUG org.springframework.test.context.BootstrapUtils - Instantiating CacheAwareContextLoaderDelegate from class [org.springframework.test.context.cache.DefaultCacheAwareContextLoaderDelegate]
16:25:23.835 [main] DEBUG org.springframework.test.context.BootstrapUtils - Instantiating BootstrapContext using constructor [public org.springframework.test.context.support.DefaultBootstrapContext(java.lang.Class,org.springframework.test.context.CacheAwareContextLoaderDelegate)]
16:25:23.875 [main] DEBUG org.springframework.test.context.BootstrapUtils - Instantiating TestContextBootstrapper for test class [com.roguewave.petclinic.vets.tests.VetResourcesITest] from class [org.springframework.boot.test.context.SpringBootTestContextBootstrapper]
16:25:23.914 [main] INFO org.springframework.boot.test.context.SpringBootTestContextBootstrapper - Neither @ContextConfiguration nor @ContextHierarchy found for test class [com.roguewave.petclinic.vets.tests.VetResourcesITest], using SpringBootContextLoader
16:25:23.923 [main] DEBUG org.springframework.test.context.support.AbstractContextLoader - Did not detect default resource location for test class [com.roguewave.petclinic.vets.tests.VetResourcesITest]: class path resource [com/roguewave/petclinic/vets/tests/VetResourcesITest-context.xml] does not exist
16:25:23.923 [main] DEBUG org.springframework.test.context.support.AbstractContextLoader - Did not detect default resource location for test class [com.roguewave.petclinic.vets.tests.VetResourcesITest]: class path resource [com/roguewave/petclinic/vets/tests/VetResourcesITestContext.groovy] does not exist
16:25:23.925 [main] INFO org.springframework.test.context.support.AbstractContextLoader - Could not detect default resource locations for test class [com.roguewave.petclinic.vets.tests.VetResourcesITest]: no resource found for suffixes {-context.xml, Context.groovy}.
16:25:23.927 [main] INFO org.springframework.test.context.support.AnnotationConfigContextLoaderUtils - Could not detect default configuration classes for test class [com.roguewave.petclinic.vets.tests.VetResourcesITest]: VetResourcesITest does not declare any static, non-private, non-final, nested classes annotated with @Configuration.
16:25:24.017 [main] DEBUG org.springframework.test.context.support.ActiveProfilesUtils - Could not find an 'annotation declaring class' for annotation type [org.springframework.test.context.ActiveProfiles] and class [com.roguewave.petclinic.vets.tests.VetResourcesITest]
16:25:24.036 [main] DEBUG org.springframework.core.env.StandardEnvironment - Adding PropertySource 'systemProperties' with lowest search precedence
16:25:24.036 [main] DEBUG org.springframework.core.env.StandardEnvironment - Adding PropertySource 'systemEnvironment' with lowest search precedence
16:25:24.038 [main] DEBUG org.springframework.core.env.StandardEnvironment - Initialized StandardEnvironment with PropertySources [MapPropertySource@898557489 {name='systemProperties', properties={java.runtime.name=OpenJDK Runtime Environment, sun.boot.library.path=/usr/lib/jvm/java-8-openjdk-amd64/jre/lib/amd64, java.vm.version=25.181-b13, java.vm.vendor=Oracle Corporation, java.vendor.url=http://java.oracle.com/, path.separator=:, java.vm.name=OpenJDK 64-Bit Server VM, file.encoding.pkg=sun.io, sun.java.launcher=SUN_STANDARD, sun.os.patch.level=unknown, java.vm.specification.name=Java Virtual Machine Specification, user.dir=/var/jenkins_home/jobs/spring-petclinic-microservices-end-to-end-tests/workspace/spring-petclinic-e2e-tests, selenide.timeout=30000, java.runtime.version=1.8.0_181-8u181-b13-2~deb9u1-b13, basedir=/var/jenkins_home/jobs/spring-petclinic-microservices-end-to-end-tests/workspace/spring-petclinic-e2e-tests, java.awt.graphicsenv=sun.awt.X11GraphicsEnvironment, java.endorsed.dirs=/usr/lib/jvm/java-8-openjdk-amd64/jre/lib/endorsed, os.arch=amd64, spring.profiles.active=jenkins, java.io.tmpdir=/tmp, line.separator=
, java.vm.specification.vendor=Oracle Corporation, selenide.headless=true, os.name=Linux, sun.jnu.encoding=UTF-8, java.library.path=/usr/java/packages/lib/amd64:/usr/lib/x86_64-linux-gnu/jni:/lib/x86_64-linux-gnu:/usr/lib/x86_64-linux-gnu:/usr/lib/jni:/lib:/usr/lib, surefire.test.class.path=/var/jenkins_home/jobs/spring-petclinic-microservices-end-to-end-tests/workspace/spring-petclinic-e2e-tests/target/test-classes:/var/jenkins_home/jobs/spring-petclinic-microservices-end-to-end-tests/workspace/spring-petclinic-e2e-tests/target/classes:/var/jenkins_home/.m2/repository/org/junit/jupiter/junit-jupiter-api/5.1.1/junit-jupiter-api-5.1.1.jar:/var/jenkins_home/.m2/repository/org/apiguardian/apiguardian-api/1.0.0/apiguardian-api-1.0.0.jar:/var/jenkins_home/.m2/repository/org/opentest4j/opentest4j/1.0.0/opentest4j-1.0.0.jar:/var/jenkins_home/.m2/repository/org/junit/platform/junit-platform-commons/1.1.1/junit-platform-commons-1.1.1.jar:/var/jenkins_home/.m2/repository/org/junit/jupiter/junit-jupiter-engine/5.1.1/junit-jupiter-engine-5.1.1.jar:/var/jenkins_home/.m2/repository/org/junit/platform/junit-platform-engine/1.1.1/junit-platform-engine-1.1.1.jar:/var/jenkins_home/.m2/repository/org/junit/platform/junit-platform-runner/1.1.0/junit-platform-runner-1.1.0.jar:/var/jenkins_home/.m2/repository/org/junit/platform/junit-platform-launcher/1.1.0/junit-platform-launcher-1.1.0.jar:/var/jenkins_home/.m2/repository/org/junit/platform/junit-platform-suite-api/1.1.0/junit-platform-suite-api-1.1.0.jar:/var/jenkins_home/.m2/repository/junit/junit/4.12/junit-4.12.jar:/var/jenkins_home/.m2/repository/com/codeborne/selenide/5.0.1/selenide-5.0.1.jar:/var/jenkins_home/.m2/repository/org/seleniumhq/selenium/selenium-java/3.14.0/selenium-java-3.14.0.jar:/var/jenkins_home/.m2/repository/org/seleniumhq/selenium/selenium-api/3.14.0/selenium-api-3.14.0.jar:/var/jenkins_home/.m2/repository/org/seleniumhq/selenium/selenium-chrome-driver/3.14.0/selenium-chrome-driver-3.14.0.jar:/var/jenkins_home/.m2/repository/org/seleniumhq/selenium/selenium-edge-driver/3.14.0/selenium-edge-driver-3.14.0.jar:/var/jenkins_home/.m2/repository/org/seleniumhq/selenium/selenium-firefox-driver/3.14.0/selenium-firefox-driver-3.14.0.jar:/var/jenkins_home/.m2/repository/org/seleniumhq/selenium/selenium-ie-driver/3.14.0/selenium-ie-driver-3.14.0.jar:/var/jenkins_home/.m2/repository/org/seleniumhq/selenium/selenium-opera-driver/3.14.0/selenium-opera-driver-3.14.0.jar:/var/jenkins_home/.m2/repository/org/seleniumhq/selenium/selenium-remote-driver/3.14.0/selenium-remote-driver-3.14.0.jar:/var/jenkins_home/.m2/repository/org/seleniumhq/selenium/selenium-safari-driver/3.14.0/selenium-safari-driver-3.14.0.jar:/var/jenkins_home/.m2/repository/org/seleniumhq/selenium/selenium-support/3.14.0/selenium-support-3.14.0.jar:/var/jenkins_home/.m2/repository/net/bytebuddy/byte-buddy/1.7.11/byte-buddy-1.7.11.jar:/var/jenkins_home/.m2/repository/org/apache/commons/commons-exec/1.3/commons-exec-1.3.jar:/var/jenkins_home/.m2/repository/commons-codec/commons-codec/1.11/commons-codec-1.11.jar:/var/jenkins_home/.m2/repository/commons-logging/commons-logging/1.2/commons-logging-1.2.jar:/var/jenkins_home/.m2/repository/com/google/guava/guava/25.0-jre/guava-25.0-jre.jar:/var/jenkins_home/.m2/repository/com/google/code/findbugs/jsr305/1.3.9/jsr305-1.3.9.jar:/var/jenkins_home/.m2/repository/org/checkerframework/checker-compat-qual/2.0.0/checker-compat-qual-2.0.0.jar:/var/jenkins_home/.m2/repository/com/google/errorprone/error_prone_annotations/2.1.3/error_prone_annotations-2.1.3.jar:/var/jenkins_home/.m2/repository/com/google/j2objc/j2objc-annotations/1.1/j2objc-annotations-1.1.jar:/var/jenkins_home/.m2/repository/org/codehaus/mojo/animal-sniffer-annotations/1.14/animal-sniffer-annotations-1.14.jar:/var/jenkins_home/.m2/repository/org/apache/httpcomponents/httpclient/4.5.6/httpclient-4.5.6.jar:/var/jenkins_home/.m2/repository/org/apache/httpcomponents/httpcore/4.4.10/httpcore-4.4.10.jar:/var/jenkins_home/.m2/repository/com/squareup/okhttp3/okhttp/3.8.1/okhttp-3.8.1.jar:/var/jenkins_home/.m2/repository/com/squareup/okio/okio/1.14.1/okio-1.14.1.jar:/var/jenkins_home/.m2/repository/io/github/bonigarcia/webdrivermanager/3.0.0/webdrivermanager-3.0.0.jar:/var/jenkins_home/.m2/repository/org/slf4j/slf4j-api/1.7.25/slf4j-api-1.7.25.jar:/var/jenkins_home/.m2/repository/commons-io/commons-io/2.6/commons-io-2.6.jar:/var/jenkins_home/.m2/repository/com/google/code/gson/gson/2.8.5/gson-2.8.5.jar:/var/jenkins_home/.m2/repository/org/apache/commons/commons-lang3/3.7/commons-lang3-3.7.jar:/var/jenkins_home/.m2/repository/org/rauschig/jarchivelib/0.8.0/jarchivelib-0.8.0.jar:/var/jenkins_home/.m2/repository/org/apache/commons/commons-compress/1.14/commons-compress-1.14.jar:/var/jenkins_home/.m2/repository/org/jsoup/jsoup/1.11.3/jsoup-1.11.3.jar:/var/jenkins_home/.m2/repository/net/lightbody/bmp/browsermob-core/2.1.5/browsermob-core-2.1.5.jar:/var/jenkins_home/.m2/repository/net/lightbody/bmp/littleproxy/1.1.0-beta-bmp-17/littleproxy-1.1.0-beta-bmp-17.jar:/var/jenkins_home/.m2/repository/com/fasterxml/jackson/core/jackson-core/2.9.7/jackson-core-2.9.7.jar:/var/jenkins_home/.m2/repository/com/fasterxml/jackson/core/jackson-databind/2.9.7/jackson-databind-2.9.7.jar:/var/jenkins_home/.m2/repository/com/fasterxml/jackson/core/jackson-annotations/2.9.0/jackson-annotations-2.9.0.jar:/var/jenkins_home/.m2/repository/dnsjava/dnsjava/2.1.8/dnsjava-2.1.8.jar:/var/jenkins_home/.m2/repository/org/slf4j/jcl-over-slf4j/1.7.25/jcl-over-slf4j-1.7.25.jar:/var/jenkins_home/.m2/repository/com/jcraft/jzlib/1.1.3/jzlib-1.1.3.jar:/var/jenkins_home/.m2/repository/io/netty/netty-all/4.1.29.Final/netty-all-4.1.29.Final.jar:/var/jenkins_home/.m2/repository/org/bouncycastle/bcprov-jdk15on/1.58/bcprov-jdk15on-1.58.jar:/var/jenkins_home/.m2/repository/org/bouncycastle/bcpkix-jdk15on/1.58/bcpkix-jdk15on-1.58.jar:/var/jenkins_home/.m2/repository/net/lightbody/bmp/mitm/2.1.5/mitm-2.1.5.jar:/var/jenkins_home/.m2/repository/org/springframework/boot/spring-boot-starter/2.1.1.RELEASE/spring-boot-starter-2.1.1.RELEASE.jar:/var/jenkins_home/.m2/repository/org/springframework/boot/spring-boot/2.0.6.RELEASE/spring-boot-2.0.6.RELEASE.jar:/var/jenkins_home/.m2/repository/org/springframework/spring-context/5.0.10.RELEASE/spring-context-5.0.10.RELEASE.jar:/var/jenkins_home/.m2/repository/org/springframework/spring-aop/5.0.10.RELEASE/spring-aop-5.0.10.RELEASE.jar:/var/jenkins_home/.m2/repository/org/springframework/spring-beans/5.0.10.RELEASE/spring-beans-5.0.10.RELEASE.jar:/var/jenkins_home/.m2/repository/org/springframework/spring-expression/5.0.10.RELEASE/spring-expression-5.0.10.RELEASE.jar:/var/jenkins_home/.m2/repository/org/springframework/boot/spring-boot-autoconfigure/2.0.6.RELEASE/spring-boot-autoconfigure-2.0.6.RELEASE.jar:/var/jenkins_home/.m2/repository/org/springframework/boot/spring-boot-starter-logging/2.0.6.RELEASE/spring-boot-starter-logging-2.0.6.RELEASE.jar:/var/jenkins_home/.m2/repository/ch/qos/logback/logback-classic/1.2.3/logback-classic-1.2.3.jar:/var/jenkins_home/.m2/repository/ch/qos/logback/logback-core/1.2.3/logback-core-1.2.3.jar:/var/jenkins_home/.m2/repository/org/apache/logging/log4j/log4j-to-slf4j/2.10.0/log4j-to-slf4j-2.10.0.jar:/var/jenkins_home/.m2/repository/org/apache/logging/log4j/log4j-api/2.10.0/log4j-api-2.10.0.jar:/var/jenkins_home/.m2/repository/org/slf4j/jul-to-slf4j/1.7.25/jul-to-slf4j-1.7.25.jar:/var/jenkins_home/.m2/repository/javax/annotation/javax.annotation-api/1.3.2/javax.annotation-api-1.3.2.jar:/var/jenkins_home/.m2/repository/org/springframework/spring-core/5.0.10.RELEASE/spring-core-5.0.10.RELEASE.jar:/var/jenkins_home/.m2/repository/org/springframework/spring-jcl/5.0.10.RELEASE/spring-jcl-5.0.10.RELEASE.jar:/var/jenkins_home/.m2/repository/org/yaml/snakeyaml/1.19/snakeyaml-1.19.jar:/var/jenkins_home/.m2/repository/org/springframework/boot/spring-boot-starter-test/2.1.1.RELEASE/spring-boot-starter-test-2.1.1.RELEASE.jar:/var/jenkins_home/.m2/repository/org/springframework/boot/spring-boot-test/2.0.6.RELEASE/spring-boot-test-2.0.6.RELEASE.jar:/var/jenkins_home/.m2/repository/org/springframework/boot/spring-boot-test-autoconfigure/2.0.6.RELEASE/spring-boot-test-autoconfigure-2.0.6.RELEASE.jar:/var/jenkins_home/.m2/repository/com/jayway/jsonpath/json-path/2.4.0/json-path-2.4.0.jar:/var/jenkins_home/.m2/repository/net/minidev/json-smart/2.3/json-smart-2.3.jar:/var/jenkins_home/.m2/repository/net/minidev/accessors-smart/1.2/accessors-smart-1.2.jar:/var/jenkins_home/.m2/repository/org/ow2/asm/asm/5.0.4/asm-5.0.4.jar:/var/jenkins_home/.m2/repository/org/assertj/assertj-core/3.11.1/assertj-core-3.11.1.jar:/var/jenkins_home/.m2/repository/org/mockito/mockito-core/2.15.0/mockito-core-2.15.0.jar:/var/jenkins_home/.m2/repository/net/bytebuddy/byte-buddy-agent/1.7.11/byte-buddy-agent-1.7.11.jar:/var/jenkins_home/.m2/repository/org/objenesis/objenesis/2.6/objenesis-2.6.jar:/var/jenkins_home/.m2/repository/org/hamcrest/hamcrest-core/1.3/hamcrest-core-1.3.jar:/var/jenkins_home/.m2/repository/org/hamcrest/hamcrest-library/1.3/hamcrest-library-1.3.jar:/var/jenkins_home/.m2/repository/org/skyscreamer/jsonassert/1.5.0/jsonassert-1.5.0.jar:/var/jenkins_home/.m2/repository/com/vaadin/external/google/android-json/0.0.20131108.vaadin1/android-json-0.0.20131108.vaadin1.jar:/var/jenkins_home/.m2/repository/org/springframework/spring-test/5.0.10.RELEASE/spring-test-5.0.10.RELEASE.jar:/var/jenkins_home/.m2/repository/org/xmlunit/xmlunit-core/2.5.1/xmlunit-core-2.5.1.jar:, selenide.browser=chrome, java.specification.name=Java Platform API Specification, java.class.version=52.0, sun.management.compiler=HotSpot 64-Bit Tiered Compilers, os.version=4.9.93-linuxkit-aufs, user.home=/var/jenkins_home, user.timezone=Etc/UTC, java.awt.printerjob=sun.print.PSPrinterJob, file.encoding=UTF-8, java.specification.version=1.8, java.class.path=/var/jenkins_home/.m2/repository/org/apache/maven/surefire/surefire-booter/2.22.0/surefire-booter-2.22.0.jar:/var/jenkins_home/.m2/repository/org/apache/maven/surefire/surefire-api/2.22.0/surefire-api-2.22.0.jar:/var/jenkins_home/.m2/repository/org/apache/maven/surefire/surefire-logger-api/2.22.0/surefire-logger-api-2.22.0.jar:/var/jenkins_home/jobs/spring-petclinic-microservices-end-to-end-tests/workspace/spring-petclinic-e2e-tests/target/test-classes:/var/jenkins_home/jobs/spring-petclinic-microservices-end-to-end-tests/workspace/spring-petclinic-e2e-tests/target/classes:/var/jenkins_home/.m2/repository/org/junit/jupiter/junit-jupiter-api/5.1.1/junit-jupiter-api-5.1.1.jar:/var/jenkins_home/.m2/repository/org/apiguardian/apiguardian-api/1.0.0/apiguardian-api-1.0.0.jar:/var/jenkins_home/.m2/repository/org/opentest4j/opentest4j/1.0.0/opentest4j-1.0.0.jar:/var/jenkins_home/.m2/repository/org/junit/platform/junit-platform-commons/1.1.1/junit-platform-commons-1.1.1.jar:/var/jenkins_home/.m2/repository/org/junit/jupiter/junit-jupiter-engine/5.1.1/junit-jupiter-engine-5.1.1.jar:/var/jenkins_home/.m2/repository/org/junit/platform/junit-platform-engine/1.1.1/junit-platform-engine-1.1.1.jar:/var/jenkins_home/.m2/repository/org/junit/platform/junit-platform-runner/1.1.0/junit-platform-runner-1.1.0.jar:/var/jenkins_home/.m2/repository/org/junit/platform/junit-platform-launcher/1.1.0/junit-platform-launcher-1.1.0.jar:/var/jenkins_home/.m2/repository/org/junit/platform/junit-platform-suite-api/1.1.0/junit-platform-suite-api-1.1.0.jar:/var/jenkins_home/.m2/repository/junit/junit/4.12/junit-4.12.jar:/var/jenkins_home/.m2/repository/com/codeborne/selenide/5.0.1/selenide-5.0.1.jar:/var/jenkins_home/.m2/repository/org/seleniumhq/selenium/selenium-java/3.14.0/selenium-java-3.14.0.jar:/var/jenkins_home/.m2/repository/org/seleniumhq/selenium/selenium-api/3.14.0/selenium-api-3.14.0.jar:/var/jenkins_home/.m2/repository/org/seleniumhq/selenium/selenium-chrome-driver/3.14.0/selenium-chrome-driver-3.14.0.jar:/var/jenkins_home/.m2/repository/org/seleniumhq/selenium/selenium-edge-driver/3.14.0/selenium-edge-driver-3.14.0.jar:/var/jenkins_home/.m2/repository/org/seleniumhq/selenium/selenium-firefox-driver/3.14.0/selenium-firefox-driver-3.14.0.jar:/var/jenkins_home/.m2/repository/org/seleniumhq/selenium/selenium-ie-driver/3.14.0/selenium-ie-driver-3.14.0.jar:/var/jenkins_home/.m2/repository/org/seleniumhq/selenium/selenium-opera-driver/3.14.0/selenium-opera-driver-3.14.0.jar:/var/jenkins_home/.m2/repository/org/seleniumhq/selenium/selenium-remote-driver/3.14.0/selenium-remote-driver-3.14.0.jar:/var/jenkins_home/.m2/repository/org/seleniumhq/selenium/selenium-safari-driver/3.14.0/selenium-safari-driver-3.14.0.jar:/var/jenkins_home/.m2/repository/org/seleniumhq/selenium/selenium-support/3.14.0/selenium-support-3.14.0.jar:/var/jenkins_home/.m2/repository/net/bytebuddy/byte-buddy/1.7.11/byte-buddy-1.7.11.jar:/var/jenkins_home/.m2/repository/org/apache/commons/commons-exec/1.3/commons-exec-1.3.jar:/var/jenkins_home/.m2/repository/commons-codec/commons-codec/1.11/commons-codec-1.11.jar:/var/jenkins_home/.m2/repository/commons-logging/commons-logging/1.2/commons-logging-1.2.jar:/var/jenkins_home/.m2/repository/com/google/guava/guava/25.0-jre/guava-25.0-jre.jar:/var/jenkins_home/.m2/repository/com/google/code/findbugs/jsr305/1.3.9/jsr305-1.3.9.jar:/var/jenkins_home/.m2/repository/org/checkerframework/checker-compat-qual/2.0.0/checker-compat-qual-2.0.0.jar:/var/jenkins_home/.m2/repository/com/google/errorprone/error_prone_annotations/2.1.3/error_prone_annotations-2.1.3.jar:/var/jenkins_home/.m2/repository/com/google/j2objc/j2objc-annotations/1.1/j2objc-annotations-1.1.jar:/var/jenkins_home/.m2/repository/org/codehaus/mojo/animal-sniffer-annotations/1.14/animal-sniffer-annotations-1.14.jar:/var/jenkins_home/.m2/repository/org/apache/httpcomponents/httpclient/4.5.6/httpclient-4.5.6.jar:/var/jenkins_home/.m2/repository/org/apache/httpcomponents/httpcore/4.4.10/httpcore-4.4.10.jar:/var/jenkins_home/.m2/repository/com/squareup/okhttp3/okhttp/3.8.1/okhttp-3.8.1.jar:/var/jenkins_home/.m2/repository/com/squareup/okio/okio/1.14.1/okio-1.14.1.jar:/var/jenkins_home/.m2/repository/io/github/bonigarcia/webdrivermanager/3.0.0/webdrivermanager-3.0.0.jar:/var/jenkins_home/.m2/repository/org/slf4j/slf4j-api/1.7.25/slf4j-api-1.7.25.jar:/var/jenkins_home/.m2/repository/commons-io/commons-io/2.6/commons-io-2.6.jar:/var/jenkins_home/.m2/repository/com/google/code/gson/gson/2.8.5/gson-2.8.5.jar:/var/jenkins_home/.m2/repository/org/apache/commons/commons-lang3/3.7/commons-lang3-3.7.jar:/var/jenkins_home/.m2/repository/org/rauschig/jarchivelib/0.8.0/jarchivelib-0.8.0.jar:/var/jenkins_home/.m2/repository/org/apache/commons/commons-compress/1.14/commons-compress-1.14.jar:/var/jenkins_home/.m2/repository/org/jsoup/jsoup/1.11.3/jsoup-1.11.3.jar:/var/jenkins_home/.m2/repository/net/lightbody/bmp/browsermob-core/2.1.5/browsermob-core-2.1.5.jar:/var/jenkins_home/.m2/repository/net/lightbody/bmp/littleproxy/1.1.0-beta-bmp-17/littleproxy-1.1.0-beta-bmp-17.jar:/var/jenkins_home/.m2/repository/com/fasterxml/jackson/core/jackson-core/2.9.7/jackson-core-2.9.7.jar:/var/jenkins_home/.m2/repository/com/fasterxml/jackson/core/jackson-databind/2.9.7/jackson-databind-2.9.7.jar:/var/jenkins_home/.m2/repository/com/fasterxml/jackson/core/jackson-annotations/2.9.0/jackson-annotations-2.9.0.jar:/var/jenkins_home/.m2/repository/dnsjava/dnsjava/2.1.8/dnsjava-2.1.8.jar:/var/jenkins_home/.m2/repository/org/slf4j/jcl-over-slf4j/1.7.25/jcl-over-slf4j-1.7.25.jar:/var/jenkins_home/.m2/repository/com/jcraft/jzlib/1.1.3/jzlib-1.1.3.jar:/var/jenkins_home/.m2/repository/io/netty/netty-all/4.1.29.Final/netty-all-4.1.29.Final.jar:/var/jenkins_home/.m2/repository/org/bouncycastle/bcprov-jdk15on/1.58/bcprov-jdk15on-1.58.jar:/var/jenkins_home/.m2/repository/org/bouncycastle/bcpkix-jdk15on/1.58/bcpkix-jdk15on-1.58.jar:/var/jenkins_home/.m2/repository/net/lightbody/bmp/mitm/2.1.5/mitm-2.1.5.jar:/var/jenkins_home/.m2/repository/org/springframework/boot/spring-boot-starter/2.1.1.RELEASE/spring-boot-starter-2.1.1.RELEASE.jar:/var/jenkins_home/.m2/repository/org/springframework/boot/spring-boot/2.0.6.RELEASE/spring-boot-2.0.6.RELEASE.jar:/var/jenkins_home/.m2/repository/org/springframework/spring-context/5.0.10.RELEASE/spring-context-5.0.10.RELEASE.jar:/var/jenkins_home/.m2/repository/org/springframework/spring-aop/5.0.10.RELEASE/spring-aop-5.0.10.RELEASE.jar:/var/jenkins_home/.m2/repository/org/springframework/spring-beans/5.0.10.RELEASE/spring-beans-5.0.10.RELEASE.jar:/var/jenkins_home/.m2/repository/org/springframework/spring-expression/5.0.10.RELEASE/spring-expression-5.0.10.RELEASE.jar:/var/jenkins_home/.m2/repository/org/springframework/boot/spring-boot-autoconfigure/2.0.6.RELEASE/spring-boot-autoconfigure-2.0.6.RELEASE.jar:/var/jenkins_home/.m2/repository/org/springframework/boot/spring-boot-starter-logging/2.0.6.RELEASE/spring-boot-starter-logging-2.0.6.RELEASE.jar:/var/jenkins_home/.m2/repository/ch/qos/logback/logback-classic/1.2.3/logback-classic-1.2.3.jar:/var/jenkins_home/.m2/repository/ch/qos/logback/logback-core/1.2.3/logback-core-1.2.3.jar:/var/jenkins_home/.m2/repository/org/apache/logging/log4j/log4j-to-slf4j/2.10.0/log4j-to-slf4j-2.10.0.jar:/var/jenkins_home/.m2/repository/org/apache/logging/log4j/log4j-api/2.10.0/log4j-api-2.10.0.jar:/var/jenkins_home/.m2/repository/org/slf4j/jul-to-slf4j/1.7.25/jul-to-slf4j-1.7.25.jar:/var/jenkins_home/.m2/repository/javax/annotation/javax.annotation-api/1.3.2/javax.annotation-api-1.3.2.jar:/var/jenkins_home/.m2/repository/org/springframework/spring-core/5.0.10.RELEASE/spring-core-5.0.10.RELEASE.jar:/var/jenkins_home/.m2/repository/org/springframework/spring-jcl/5.0.10.RELEASE/spring-jcl-5.0.10.RELEASE.jar:/var/jenkins_home/.m2/repository/org/yaml/snakeyaml/1.19/snakeyaml-1.19.jar:/var/jenkins_home/.m2/repository/org/springframework/boot/spring-boot-starter-test/2.1.1.RELEASE/spring-boot-starter-test-2.1.1.RELEASE.jar:/var/jenkins_home/.m2/repository/org/springframework/boot/spring-boot-test/2.0.6.RELEASE/spring-boot-test-2.0.6.RELEASE.jar:/var/jenkins_home/.m2/repository/org/springframework/boot/spring-boot-test-autoconfigure/2.0.6.RELEASE/spring-boot-test-autoconfigure-2.0.6.RELEASE.jar:/var/jenkins_home/.m2/repository/com/jayway/jsonpath/json-path/2.4.0/json-path-2.4.0.jar:/var/jenkins_home/.m2/repository/net/minidev/json-smart/2.3/json-smart-2.3.jar:/var/jenkins_home/.m2/repository/net/minidev/accessors-smart/1.2/accessors-smart-1.2.jar:/var/jenkins_home/.m2/repository/org/ow2/asm/asm/5.0.4/asm-5.0.4.jar:/var/jenkins_home/.m2/repository/org/assertj/assertj-core/3.11.1/assertj-core-3.11.1.jar:/var/jenkins_home/.m2/repository/org/mockito/mockito-core/2.15.0/mockito-core-2.15.0.jar:/var/jenkins_home/.m2/repository/net/bytebuddy/byte-buddy-agent/1.7.11/byte-buddy-agent-1.7.11.jar:/var/jenkins_home/.m2/repository/org/objenesis/objenesis/2.6/objenesis-2.6.jar:/var/jenkins_home/.m2/repository/org/hamcrest/hamcrest-core/1.3/hamcrest-core-1.3.jar:/var/jenkins_home/.m2/repository/org/hamcrest/hamcrest-library/1.3/hamcrest-library-1.3.jar:/var/jenkins_home/.m2/repository/org/skyscreamer/jsonassert/1.5.0/jsonassert-1.5.0.jar:/var/jenkins_home/.m2/repository/com/vaadin/external/google/android-json/0.0.20131108.vaadin1/android-json-0.0.20131108.vaadin1.jar:/var/jenkins_home/.m2/repository/org/springframework/spring-test/5.0.10.RELEASE/spring-test-5.0.10.RELEASE.jar:/var/jenkins_home/.m2/repository/org/xmlunit/xmlunit-core/2.5.1/xmlunit-core-2.5.1.jar:/var/jenkins_home/.m2/repository/org/apache/maven/surefire/surefire-junit-platform/2.22.0/surefire-junit-platform-2.22.0.jar:/var/jenkins_home/.m2/repository/org/junit/platform/junit-platform-launcher/1.2.0/junit-platform-launcher-1.2.0.jar:/var/jenkins_home/.m2/repository/org/junit/platform/junit-platform-engine/1.2.0/junit-platform-engine-1.2.0.jar:/var/jenkins_home/.m2/repository/org/junit/platform/junit-platform-commons/1.2.0/junit-platform-commons-1.2.0.jar:/var/jenkins_home/.m2/repository/org/opentest4j/opentest4j/1.1.0/opentest4j-1.1.0.jar, user.name=jenkins, java.vm.specification.version=1.8, sun.java.command=org.apache.maven.surefire.booter.ForkedBooter /var/jenkins_home/jobs/spring-petclinic-microservices-end-to-end-tests/workspace/spring-petclinic-e2e-tests/target/surefire 2018-12-11T16-25-21_950-jvmRun1 surefire551887324055013987tmp surefire_07283273943088966365tmp, java.home=/usr/lib/jvm/java-8-openjdk-amd64/jre, sun.arch.data.model=64, user.language=en, java.specification.vendor=Oracle Corporation, awt.toolkit=sun.awt.X11.XToolkit, java.vm.info=mixed mode, java.version=1.8.0_181, java.ext.dirs=/usr/lib/jvm/java-8-openjdk-amd64/jre/lib/ext:/usr/java/packages/lib/ext, sun.boot.class.path=/usr/lib/jvm/java-8-openjdk-amd64/jre/lib/resources.jar:/usr/lib/jvm/java-8-openjdk-amd64/jre/lib/rt.jar:/usr/lib/jvm/java-8-openjdk-amd64/jre/lib/sunrsasign.jar:/usr/lib/jvm/java-8-openjdk-amd64/jre/lib/jsse.jar:/usr/lib/jvm/java-8-openjdk-amd64/jre/lib/jce.jar:/usr/lib/jvm/java-8-openjdk-amd64/jre/lib/charsets.jar:/usr/lib/jvm/java-8-openjdk-amd64/jre/lib/jfr.jar:/usr/lib/jvm/java-8-openjdk-amd64/jre/classes, java.vendor=Oracle Corporation, localRepository=/var/jenkins_home/.m2/repository, file.separator=/, java.vendor.url.bug=http://bugreport.sun.com/bugreport/, sun.io.unicode.encoding=UnicodeLittle, sun.cpu.endian=little, sun.cpu.isalist=}}, SystemEnvironmentPropertySource@247944893 {name='systemEnvironment', properties={PATH=/usr/local/sbin:/usr/local/bin:/usr/sbin:/usr/bin:/sbin:/bin, COPY_REFERENCE_FILE_LOG=/var/jenkins_home/copy_reference_file.log, RUN_DISPLAY_URL=http://unconfigured-jenkins-location/job/spring-petclinic-microservices-end-to-end-tests/113/display/redirect, HUDSON_HOME=/var/jenkins_home, APP_BUILD=2.0.7RC31, RUN_CHANGES_DISPLAY_URL=http://unconfigured-jenkins-location/job/spring-petclinic-microservices-end-to-end-tests/113/display/redirect?page=changes, HUDSON_COOKIE=ab373298-b91e-4861-8391-f4d51cd82936, JAVA_OPTS=-Djenkins.install.runSetupWizard=false, JENKINS_SERVER_COOKIE=b80d8f9b1c767ee8, PWD=/var/jenkins_home/jobs/spring-petclinic-microservices-end-to-end-tests/workspace/spring-petclinic-e2e-tests, BUILD_TAG=jenkins-spring-petclinic-microservices-end-to-end-tests-113, MAVEN_TERMINATE_CMD=on, OLDPWD=/var/jenkins_home/jobs/spring-petclinic-microservices-end-to-end-tests/workspace/spring-petclinic-e2e-tests, JENKINS_HOME=/var/jenkins_home, NODE_NAME=master, BUILD_DISPLAY_NAME=#113, JAVA_DEBIAN_VERSION=8u181-b13-2~deb9u1, JOB_DISPLAY_URL=http://unconfigured-jenkins-location/job/spring-petclinic-microservices-end-to-end-tests/display/redirect, GIT_BRANCH=origin/master, SHLVL=0, GIT_PREVIOUS_COMMIT=bc610d0b1e11eaac640f7d35819bce083a782191, QREBEL_AUTH_TOKEN=ae487773-386b-4508-8f1d-cac79497ed60, JAVA_HOME=/docker-java-home, CA_CERTIFICATES_JAVA_VERSION=20170531+nmu1, BUILD_ID=113, JENKINS_VERSION=2.138.3, APP_VERSION=2.0.7, LANG=C.UTF-8, JOB_NAME=spring-petclinic-microservices-end-to-end-tests, GIT_PREVIOUS_SUCCESSFUL_COMMIT=67a50730ad221afa540642b0b306b6132bb479a6, NODE_LABELS=master, WORKSPACE=/var/jenkins_home/jobs/spring-petclinic-microservices-end-to-end-tests/workspace, JENKINS_SLAVE_AGENT_PORT=50000, JAVA_VERSION=8u181, MAVEN_CMD_LINE_ARGS= -f spring-petclinic-e2e-tests/pom.xml clean verify -P jenkins, JENKINS_OPTS=--httpPort=8088, GIT_COMMIT=bc610d0b1e11eaac640f7d35819bce083a782191, EXECUTOR_NUMBER=1, HUDSON_SERVER_COOKIE=b80d8f9b1c767ee8, JENKINS_UC=https://updates.jenkins.io, MAVEN_PROJECTBASEDIR=/var/jenkins_home/jobs/spring-petclinic-microservices-end-to-end-tests/workspace, JOB_BASE_NAME=spring-petclinic-microservices-end-to-end-tests, CLASSPATH=/var/jenkins_home/.m2/repository/org/apache/maven/surefire/surefire-booter/2.22.0/surefire-booter-2.22.0.jar:/var/jenkins_home/.m2/repository/org/apache/maven/surefire/surefire-api/2.22.0/surefire-api-2.22.0.jar:/var/jenkins_home/.m2/repository/org/apache/maven/surefire/surefire-logger-api/2.22.0/surefire-logger-api-2.22.0.jar:/var/jenkins_home/jobs/spring-petclinic-microservices-end-to-end-tests/workspace/spring-petclinic-e2e-tests/target/test-classes:/var/jenkins_home/jobs/spring-petclinic-microservices-end-to-end-tests/workspace/spring-petclinic-e2e-tests/target/classes:/var/jenkins_home/.m2/repository/org/junit/jupiter/junit-jupiter-api/5.1.1/junit-jupiter-api-5.1.1.jar:/var/jenkins_home/.m2/repository/org/apiguardian/apiguardian-api/1.0.0/apiguardian-api-1.0.0.jar:/var/jenkins_home/.m2/repository/org/opentest4j/opentest4j/1.0.0/opentest4j-1.0.0.jar:/var/jenkins_home/.m2/repository/org/junit/platform/junit-platform-commons/1.1.1/junit-platform-commons-1.1.1.jar:/var/jenkins_home/.m2/repository/org/junit/jupiter/junit-jupiter-engine/5.1.1/junit-jupiter-engine-5.1.1.jar:/var/jenkins_home/.m2/repository/org/junit/platform/junit-platform-engine/1.1.1/junit-platform-engine-1.1.1.jar:/var/jenkins_home/.m2/repository/org/junit/platform/junit-platform-runner/1.1.0/junit-platform-runner-1.1.0.jar:/var/jenkins_home/.m2/repository/org/junit/platform/junit-platform-launcher/1.1.0/junit-platform-launcher-1.1.0.jar:/var/jenkins_home/.m2/repository/org/junit/platform/junit-platform-suite-api/1.1.0/junit-platform-suite-api-1.1.0.jar:/var/jenkins_home/.m2/repository/junit/junit/4.12/junit-4.12.jar:/var/jenkins_home/.m2/repository/com/codeborne/selenide/5.0.1/selenide-5.0.1.jar:/var/jenkins_home/.m2/repository/org/seleniumhq/selenium/selenium-java/3.14.0/selenium-java-3.14.0.jar:/var/jenkins_home/.m2/repository/org/seleniumhq/selenium/selenium-api/3.14.0/selenium-api-3.14.0.jar:/var/jenkins_home/.m2/repository/org/seleniumhq/selenium/selenium-chrome-driver/3.14.0/selenium-chrome-driver-3.14.0.jar:/var/jenkins_home/.m2/repository/org/seleniumhq/selenium/selenium-edge-driver/3.14.0/selenium-edge-driver-3.14.0.jar:/var/jenkins_home/.m2/repository/org/seleniumhq/selenium/selenium-firefox-driver/3.14.0/selenium-firefox-driver-3.14.0.jar:/var/jenkins_home/.m2/repository/org/seleniumhq/selenium/selenium-ie-driver/3.14.0/selenium-ie-driver-3.14.0.jar:/var/jenkins_home/.m2/repository/org/seleniumhq/selenium/selenium-opera-driver/3.14.0/selenium-opera-driver-3.14.0.jar:/var/jenkins_home/.m2/repository/org/seleniumhq/selenium/selenium-remote-driver/3.14.0/selenium-remote-driver-3.14.0.jar:/var/jenkins_home/.m2/repository/org/seleniumhq/selenium/selenium-safari-driver/3.14.0/selenium-safari-driver-3.14.0.jar:/var/jenkins_home/.m2/repository/org/seleniumhq/selenium/selenium-support/3.14.0/selenium-support-3.14.0.jar:/var/jenkins_home/.m2/repository/net/bytebuddy/byte-buddy/1.7.11/byte-buddy-1.7.11.jar:/var/jenkins_home/.m2/repository/org/apache/commons/commons-exec/1.3/commons-exec-1.3.jar:/var/jenkins_home/.m2/repository/commons-codec/commons-codec/1.11/commons-codec-1.11.jar:/var/jenkins_home/.m2/repository/commons-logging/commons-logging/1.2/commons-logging-1.2.jar:/var/jenkins_home/.m2/repository/com/google/guava/guava/25.0-jre/guava-25.0-jre.jar:/var/jenkins_home/.m2/repository/com/google/code/findbugs/jsr305/1.3.9/jsr305-1.3.9.jar:/var/jenkins_home/.m2/repository/org/checkerframework/checker-compat-qual/2.0.0/checker-compat-qual-2.0.0.jar:/var/jenkins_home/.m2/repository/com/google/errorprone/error_prone_annotations/2.1.3/error_prone_annotations-2.1.3.jar:/var/jenkins_home/.m2/repository/com/google/j2objc/j2objc-annotations/1.1/j2objc-annotations-1.1.jar:/var/jenkins_home/.m2/repository/org/codehaus/mojo/animal-sniffer-annotations/1.14/animal-sniffer-annotations-1.14.jar:/var/jenkins_home/.m2/repository/org/apache/httpcomponents/httpclient/4.5.6/httpclient-4.5.6.jar:/var/jenkins_home/.m2/repository/org/apache/httpcomponents/httpcore/4.4.10/httpcore-4.4.10.jar:/var/jenkins_home/.m2/repository/com/squareup/okhttp3/okhttp/3.8.1/okhttp-3.8.1.jar:/var/jenkins_home/.m2/repository/com/squareup/okio/okio/1.14.1/okio-1.14.1.jar:/var/jenkins_home/.m2/repository/io/github/bonigarcia/webdrivermanager/3.0.0/webdrivermanager-3.0.0.jar:/var/jenkins_home/.m2/repository/org/slf4j/slf4j-api/1.7.25/slf4j-api-1.7.25.jar:/var/jenkins_home/.m2/repository/commons-io/commons-io/2.6/commons-io-2.6.jar:/var/jenkins_home/.m2/repository/com/google/code/gson/gson/2.8.5/gson-2.8.5.jar:/var/jenkins_home/.m2/repository/org/apache/commons/commons-lang3/3.7/commons-lang3-3.7.jar:/var/jenkins_home/.m2/repository/org/rauschig/jarchivelib/0.8.0/jarchivelib-0.8.0.jar:/var/jenkins_home/.m2/repository/org/apache/commons/commons-compress/1.14/commons-compress-1.14.jar:/var/jenkins_home/.m2/repository/org/jsoup/jsoup/1.11.3/jsoup-1.11.3.jar:/var/jenkins_home/.m2/repository/net/lightbody/bmp/browsermob-core/2.1.5/browsermob-core-2.1.5.jar:/var/jenkins_home/.m2/repository/net/lightbody/bmp/littleproxy/1.1.0-beta-bmp-17/littleproxy-1.1.0-beta-bmp-17.jar:/var/jenkins_home/.m2/repository/com/fasterxml/jackson/core/jackson-core/2.9.7/jackson-core-2.9.7.jar:/var/jenkins_home/.m2/repository/com/fasterxml/jackson/core/jackson-databind/2.9.7/jackson-databind-2.9.7.jar:/var/jenkins_home/.m2/repository/com/fasterxml/jackson/core/jackson-annotations/2.9.0/jackson-annotations-2.9.0.jar:/var/jenkins_home/.m2/repository/dnsjava/dnsjava/2.1.8/dnsjava-2.1.8.jar:/var/jenkins_home/.m2/repository/org/slf4j/jcl-over-slf4j/1.7.25/jcl-over-slf4j-1.7.25.jar:/var/jenkins_home/.m2/repository/com/jcraft/jzlib/1.1.3/jzlib-1.1.3.jar:/var/jenkins_home/.m2/repository/io/netty/netty-all/4.1.29.Final/netty-all-4.1.29.Final.jar:/var/jenkins_home/.m2/repository/org/bouncycastle/bcprov-jdk15on/1.58/bcprov-jdk15on-1.58.jar:/var/jenkins_home/.m2/repository/org/bouncycastle/bcpkix-jdk15on/1.58/bcpkix-jdk15on-1.58.jar:/var/jenkins_home/.m2/repository/net/lightbody/bmp/mitm/2.1.5/mitm-2.1.5.jar:/var/jenkins_home/.m2/repository/org/springframework/boot/spring-boot-starter/2.1.1.RELEASE/spring-boot-starter-2.1.1.RELEASE.jar:/var/jenkins_home/.m2/repository/org/springframework/boot/spring-boot/2.0.6.RELEASE/spring-boot-2.0.6.RELEASE.jar:/var/jenkins_home/.m2/repository/org/springframework/spring-context/5.0.10.RELEASE/spring-context-5.0.10.RELEASE.jar:/var/jenkins_home/.m2/repository/org/springframework/spring-aop/5.0.10.RELEASE/spring-aop-5.0.10.RELEASE.jar:/var/jenkins_home/.m2/repository/org/springframework/spring-beans/5.0.10.RELEASE/spring-beans-5.0.10.RELEASE.jar:/var/jenkins_home/.m2/repository/org/springframework/spring-expression/5.0.10.RELEASE/spring-expression-5.0.10.RELEASE.jar:/var/jenkins_home/.m2/repository/org/springframework/boot/spring-boot-autoconfigure/2.0.6.RELEASE/spring-boot-autoconfigure-2.0.6.RELEASE.jar:/var/jenkins_home/.m2/repository/org/springframework/boot/spring-boot-starter-logging/2.0.6.RELEASE/spring-boot-starter-logging-2.0.6.RELEASE.jar:/var/jenkins_home/.m2/repository/ch/qos/logback/logback-classic/1.2.3/logback-classic-1.2.3.jar:/var/jenkins_home/.m2/repository/ch/qos/logback/logback-core/1.2.3/logback-core-1.2.3.jar:/var/jenkins_home/.m2/repository/org/apache/logging/log4j/log4j-to-slf4j/2.10.0/log4j-to-slf4j-2.10.0.jar:/var/jenkins_home/.m2/repository/org/apache/logging/log4j/log4j-api/2.10.0/log4j-api-2.10.0.jar:/var/jenkins_home/.m2/repository/org/slf4j/jul-to-slf4j/1.7.25/jul-to-slf4j-1.7.25.jar:/var/jenkins_home/.m2/repository/javax/annotation/javax.annotation-api/1.3.2/javax.annotation-api-1.3.2.jar:/var/jenkins_home/.m2/repository/org/springframework/spring-core/5.0.10.RELEASE/spring-core-5.0.10.RELEASE.jar:/var/jenkins_home/.m2/repository/org/springframework/spring-jcl/5.0.10.RELEASE/spring-jcl-5.0.10.RELEASE.jar:/var/jenkins_home/.m2/repository/org/yaml/snakeyaml/1.19/snakeyaml-1.19.jar:/var/jenkins_home/.m2/repository/org/springframework/boot/spring-boot-starter-test/2.1.1.RELEASE/spring-boot-starter-test-2.1.1.RELEASE.jar:/var/jenkins_home/.m2/repository/org/springframework/boot/spring-boot-test/2.0.6.RELEASE/spring-boot-test-2.0.6.RELEASE.jar:/var/jenkins_home/.m2/repository/org/springframework/boot/spring-boot-test-autoconfigure/2.0.6.RELEASE/spring-boot-test-autoconfigure-2.0.6.RELEASE.jar:/var/jenkins_home/.m2/repository/com/jayway/jsonpath/json-path/2.4.0/json-path-2.4.0.jar:/var/jenkins_home/.m2/repository/net/minidev/json-smart/2.3/json-smart-2.3.jar:/var/jenkins_home/.m2/repository/net/minidev/accessors-smart/1.2/accessors-smart-1.2.jar:/var/jenkins_home/.m2/repository/org/ow2/asm/asm/5.0.4/asm-5.0.4.jar:/var/jenkins_home/.m2/repository/org/assertj/assertj-core/3.11.1/assertj-core-3.11.1.jar:/var/jenkins_home/.m2/repository/org/mockito/mockito-core/2.15.0/mockito-core-2.15.0.jar:/var/jenkins_home/.m2/repository/net/bytebuddy/byte-buddy-agent/1.7.11/byte-buddy-agent-1.7.11.jar:/var/jenkins_home/.m2/repository/org/objenesis/objenesis/2.6/objenesis-2.6.jar:/var/jenkins_home/.m2/repository/org/hamcrest/hamcrest-core/1.3/hamcrest-core-1.3.jar:/var/jenkins_home/.m2/repository/org/hamcrest/hamcrest-library/1.3/hamcrest-library-1.3.jar:/var/jenkins_home/.m2/repository/org/skyscreamer/jsonassert/1.5.0/jsonassert-1.5.0.jar:/var/jenkins_home/.m2/repository/com/vaadin/external/google/android-json/0.0.20131108.vaadin1/android-json-0.0.20131108.vaadin1.jar:/var/jenkins_home/.m2/repository/org/springframework/spring-test/5.0.10.RELEASE/spring-test-5.0.10.RELEASE.jar:/var/jenkins_home/.m2/repository/org/xmlunit/xmlunit-core/2.5.1/xmlunit-core-2.5.1.jar:/var/jenkins_home/.m2/repository/org/apache/maven/surefire/surefire-junit-platform/2.22.0/surefire-junit-platform-2.22.0.jar:/var/jenkins_home/.m2/repository/org/junit/platform/junit-platform-launcher/1.2.0/junit-platform-launcher-1.2.0.jar:/var/jenkins_home/.m2/repository/org/junit/platform/junit-platform-engine/1.2.0/junit-platform-engine-1.2.0.jar:/var/jenkins_home/.m2/repository/org/junit/platform/junit-platform-commons/1.2.0/junit-platform-commons-1.2.0.jar:/var/jenkins_home/.m2/repository/org/opentest4j/opentest4j/1.1.0/opentest4j-1.1.0.jar, JENKINS_INCREMENTALS_REPO_MIRROR=https://repo.jenkins-ci.org/incrementals, BUILD_NUMBER=113, HOSTNAME=27bd21f57c65, GIT_URL=https://github.com/sten711/spring-petclinic-microservices, JENKINS_UC_EXPERIMENTAL=https://updates.jenkins.io/experimental, HOME=/var/jenkins_home}}]
16:25:24.066 [main] DEBUG org.springframework.core.io.support.PathMatchingResourcePatternResolver - Resolved classpath location [com/roguewave/petclinic/vets/tests/] to resources [URL [file:/var/jenkins_home/jobs/spring-petclinic-microservices-end-to-end-tests/workspace/spring-petclinic-e2e-tests/target/test-classes/com/roguewave/petclinic/vets/tests/]]
16:25:24.067 [main] DEBUG org.springframework.core.io.support.PathMatchingResourcePatternResolver - Looking for matching resources in directory tree [/var/jenkins_home/jobs/spring-petclinic-microservices-end-to-end-tests/workspace/spring-petclinic-e2e-tests/target/test-classes/com/roguewave/petclinic/vets/tests]
16:25:24.067 [main] DEBUG org.springframework.core.io.support.PathMatchingResourcePatternResolver - Searching directory [/var/jenkins_home/jobs/spring-petclinic-microservices-end-to-end-tests/workspace/spring-petclinic-e2e-tests/target/test-classes/com/roguewave/petclinic/vets/tests] for files matching pattern [/var/jenkins_home/jobs/spring-petclinic-microservices-end-to-end-tests/workspace/spring-petclinic-e2e-tests/target/test-classes/com/roguewave/petclinic/vets/tests/*.class]
16:25:24.073 [main] DEBUG org.springframework.core.io.support.PathMatchingResourcePatternResolver - Resolved location pattern [classpath*:com/roguewave/petclinic/vets/tests/*.class] to resources [file [/var/jenkins_home/jobs/spring-petclinic-microservices-end-to-end-tests/workspace/spring-petclinic-e2e-tests/target/test-classes/com/roguewave/petclinic/vets/tests/VetResourcesApp.class], file [/var/jenkins_home/jobs/spring-petclinic-microservices-end-to-end-tests/workspace/spring-petclinic-e2e-tests/target/test-classes/com/roguewave/petclinic/vets/tests/VetResourcesITest.class]]
16:25:24.182 [main] DEBUG org.springframework.context.annotation.ClassPathScanningCandidateComponentProvider - Identified candidate component class: file [/var/jenkins_home/jobs/spring-petclinic-microservices-end-to-end-tests/workspace/spring-petclinic-e2e-tests/target/test-classes/com/roguewave/petclinic/vets/tests/VetResourcesApp.class]
16:25:24.192 [main] INFO org.springframework.boot.test.context.SpringBootTestContextBootstrapper - Found @SpringBootConfiguration com.roguewave.petclinic.vets.tests.VetResourcesApp for test class com.roguewave.petclinic.vets.tests.VetResourcesITest
16:25:24.462 [main] DEBUG org.springframework.boot.test.context.SpringBootTestContextBootstrapper - @TestExecutionListeners is not present for class [com.roguewave.petclinic.vets.tests.VetResourcesITest]: using defaults.
16:25:24.463 [main] INFO org.springframework.boot.test.context.SpringBootTestContextBootstrapper - Loaded default TestExecutionListener class names from location [META-INF/spring.factories]: [org.springframework.boot.test.mock.mockito.MockitoTestExecutionListener, org.springframework.boot.test.mock.mockito.ResetMocksTestExecutionListener, org.springframework.boot.test.autoconfigure.restdocs.RestDocsTestExecutionListener, org.springframework.boot.test.autoconfigure.web.client.MockRestServiceServerResetTestExecutionListener, org.springframework.boot.test.autoconfigure.web.servlet.MockMvcPrintOnlyOnFailureTestExecutionListener, org.springframework.boot.test.autoconfigure.web.servlet.WebDriverTestExecutionListener, org.springframework.test.context.web.ServletTestExecutionListener, org.springframework.test.context.support.DirtiesContextBeforeModesTestExecutionListener, org.springframework.test.context.support.DependencyInjectionTestExecutionListener, org.springframework.test.context.support.DirtiesContextTestExecutionListener, org.springframework.test.context.transaction.TransactionalTestExecutionListener, org.springframework.test.context.jdbc.SqlScriptsTestExecutionListener]
16:25:24.482 [main] DEBUG org.springframework.boot.test.context.SpringBootTestContextBootstrapper - Skipping candidate TestExecutionListener [org.springframework.test.context.web.ServletTestExecutionListener] due to a missing dependency. Specify custom listener classes or make the default listener classes and their required dependencies available. Offending class: [javax/servlet/ServletContext]
16:25:24.485 [main] DEBUG org.springframework.boot.test.context.SpringBootTestContextBootstrapper - Skipping candidate TestExecutionListener [org.springframework.test.context.transaction.TransactionalTestExecutionListener] due to a missing dependency. Specify custom listener classes or make the default listener classes and their required dependencies available. Offending class: [org/springframework/transaction/TransactionDefinition]
16:25:24.486 [main] DEBUG org.springframework.boot.test.context.SpringBootTestContextBootstrapper - Skipping candidate TestExecutionListener [org.springframework.test.context.jdbc.SqlScriptsTestExecutionListener] due to a missing dependency. Specify custom listener classes or make the default listener classes and their required dependencies available. Offending class: [org/springframework/transaction/interceptor/TransactionAttribute]
16:25:24.487 [main] INFO org.springframework.boot.test.context.SpringBootTestContextBootstrapper - Using TestExecutionListeners: [org.springframework.test.context.support.DirtiesContextBeforeModesTestExecutionListener@306cf3ea, org.springframework.boot.test.mock.mockito.MockitoTestExecutionListener@2beee7ff, org.springframework.boot.test.autoconfigure.SpringBootDependencyInjectionTestExecutionListener@5136d012, org.springframework.test.context.support.DirtiesContextTestExecutionListener@5939a379, org.springframework.boot.test.mock.mockito.ResetMocksTestExecutionListener@e1de817, org.springframework.boot.test.autoconfigure.restdocs.RestDocsTestExecutionListener@52102734, org.springframework.boot.test.autoconfigure.web.client.MockRestServiceServerResetTestExecutionListener@3541cb24, org.springframework.boot.test.autoconfigure.web.servlet.MockMvcPrintOnlyOnFailureTestExecutionListener@2177849e, org.springframework.boot.test.autoconfigure.web.servlet.WebDriverTestExecutionListener@40cb8df7]
16:25:24.496 [main] DEBUG org.springframework.test.context.support.AbstractDirtiesContextTestExecutionListener - Before test class: context [DefaultTestContext@6a370f4 testClass = VetResourcesITest, testInstance = [null], testMethod = [null], testException = [null], mergedContextConfiguration = [MergedContextConfiguration@2abf4075 testClass = VetResourcesITest, locations = '{}', classes = '{class com.roguewave.petclinic.vets.tests.VetResourcesApp}', contextInitializerClasses = '[]', activeProfiles = '{}', propertySourceLocations = '{}', propertySourceProperties = '{org.springframework.boot.test.context.SpringBootTestContextBootstrapper=true}', contextCustomizers = set[org.springframework.boot.test.context.filter.ExcludeFilterContextCustomizer@16aa0a0a, org.springframework.boot.test.json.DuplicateJsonObjectContextCustomizerFactory$DuplicateJsonObjectContextCustomizer@50a7bc6e, org.springframework.boot.test.mock.mockito.MockitoContextCustomizer@0, org.springframework.boot.test.web.client.TestRestTemplateContextCustomizer@3a079870, org.springframework.boot.test.autoconfigure.properties.PropertyMappingContextCustomizer@0, org.springframework.boot.test.autoconfigure.web.servlet.WebDriverContextCustomizerFactory$Customizer@11dc3715], contextLoader = 'org.springframework.boot.test.context.SpringBootContextLoader', parent = [null]], attributes = map[[empty]]], class annotated with @DirtiesContext [false] with mode [null].
16:25:24.512 [main] DEBUG org.springframework.test.context.support.DependencyInjectionTestExecutionListener - Performing dependency injection for test context [[DefaultTestContext@6a370f4 testClass = VetResourcesITest, testInstance = com.roguewave.petclinic.vets.tests.VetResourcesITest@346d61be, testMethod = [null], testException = [null], mergedContextConfiguration = [MergedContextConfiguration@2abf4075 testClass = VetResourcesITest, locations = '{}', classes = '{class com.roguewave.petclinic.vets.tests.VetResourcesApp}', contextInitializerClasses = '[]', activeProfiles = '{}', propertySourceLocations = '{}', propertySourceProperties = '{org.springframework.boot.test.context.SpringBootTestContextBootstrapper=true}', contextCustomizers = set[org.springframework.boot.test.context.filter.ExcludeFilterContextCustomizer@16aa0a0a, org.springframework.boot.test.json.DuplicateJsonObjectContextCustomizerFactory$DuplicateJsonObjectContextCustomizer@50a7bc6e, org.springframework.boot.test.mock.mockito.MockitoContextCustomizer@0, org.springframework.boot.test.web.client.TestRestTemplateContextCustomizer@3a079870, org.springframework.boot.test.autoconfigure.properties.PropertyMappingContextCustomizer@0, org.springframework.boot.test.autoconfigure.web.servlet.WebDriverContextCustomizerFactory$Customizer@11dc3715], contextLoader = 'org.springframework.boot.test.context.SpringBootContextLoader', parent = [null]], attributes = map[[empty]]]].
16:25:24.556 [main] DEBUG org.springframework.core.env.StandardEnvironment - Adding PropertySource 'systemProperties' with lowest search precedence
16:25:24.556 [main] DEBUG org.springframework.core.env.StandardEnvironment - Adding PropertySource 'systemEnvironment' with lowest search precedence
16:25:24.557 [main] DEBUG org.springframework.core.env.StandardEnvironment - Initialized StandardEnvironment with PropertySources [MapPropertySource@1068586139 {name='systemProperties', properties={java.runtime.name=OpenJDK Runtime Environment, sun.boot.library.path=/usr/lib/jvm/java-8-openjdk-amd64/jre/lib/amd64, java.vm.version=25.181-b13, java.vm.vendor=Oracle Corporation, java.vendor.url=http://java.oracle.com/, path.separator=:, java.vm.name=OpenJDK 64-Bit Server VM, file.encoding.pkg=sun.io, sun.java.launcher=SUN_STANDARD, sun.os.patch.level=unknown, java.vm.specification.name=Java Virtual Machine Specification, user.dir=/var/jenkins_home/jobs/spring-petclinic-microservices-end-to-end-tests/workspace/spring-petclinic-e2e-tests, selenide.timeout=30000, java.runtime.version=1.8.0_181-8u181-b13-2~deb9u1-b13, basedir=/var/jenkins_home/jobs/spring-petclinic-microservices-end-to-end-tests/workspace/spring-petclinic-e2e-tests, java.awt.graphicsenv=sun.awt.X11GraphicsEnvironment, java.endorsed.dirs=/usr/lib/jvm/java-8-openjdk-amd64/jre/lib/endorsed, os.arch=amd64, spring.profiles.active=jenkins, java.io.tmpdir=/tmp, line.separator=
, java.vm.specification.vendor=Oracle Corporation, selenide.headless=true, os.name=Linux, sun.jnu.encoding=UTF-8, java.library.path=/usr/java/packages/lib/amd64:/usr/lib/x86_64-linux-gnu/jni:/lib/x86_64-linux-gnu:/usr/lib/x86_64-linux-gnu:/usr/lib/jni:/lib:/usr/lib, surefire.test.class.path=/var/jenkins_home/jobs/spring-petclinic-microservices-end-to-end-tests/workspace/spring-petclinic-e2e-tests/target/test-classes:/var/jenkins_home/jobs/spring-petclinic-microservices-end-to-end-tests/workspace/spring-petclinic-e2e-tests/target/classes:/var/jenkins_home/.m2/repository/org/junit/jupiter/junit-jupiter-api/5.1.1/junit-jupiter-api-5.1.1.jar:/var/jenkins_home/.m2/repository/org/apiguardian/apiguardian-api/1.0.0/apiguardian-api-1.0.0.jar:/var/jenkins_home/.m2/repository/org/opentest4j/opentest4j/1.0.0/opentest4j-1.0.0.jar:/var/jenkins_home/.m2/repository/org/junit/platform/junit-platform-commons/1.1.1/junit-platform-commons-1.1.1.jar:/var/jenkins_home/.m2/repository/org/junit/jupiter/junit-jupiter-engine/5.1.1/junit-jupiter-engine-5.1.1.jar:/var/jenkins_home/.m2/repository/org/junit/platform/junit-platform-engine/1.1.1/junit-platform-engine-1.1.1.jar:/var/jenkins_home/.m2/repository/org/junit/platform/junit-platform-runner/1.1.0/junit-platform-runner-1.1.0.jar:/var/jenkins_home/.m2/repository/org/junit/platform/junit-platform-launcher/1.1.0/junit-platform-launcher-1.1.0.jar:/var/jenkins_home/.m2/repository/org/junit/platform/junit-platform-suite-api/1.1.0/junit-platform-suite-api-1.1.0.jar:/var/jenkins_home/.m2/repository/junit/junit/4.12/junit-4.12.jar:/var/jenkins_home/.m2/repository/com/codeborne/selenide/5.0.1/selenide-5.0.1.jar:/var/jenkins_home/.m2/repository/org/seleniumhq/selenium/selenium-java/3.14.0/selenium-java-3.14.0.jar:/var/jenkins_home/.m2/repository/org/seleniumhq/selenium/selenium-api/3.14.0/selenium-api-3.14.0.jar:/var/jenkins_home/.m2/repository/org/seleniumhq/selenium/selenium-chrome-driver/3.14.0/selenium-chrome-driver-3.14.0.jar:/var/jenkins_home/.m2/repository/org/seleniumhq/selenium/selenium-edge-driver/3.14.0/selenium-edge-driver-3.14.0.jar:/var/jenkins_home/.m2/repository/org/seleniumhq/selenium/selenium-firefox-driver/3.14.0/selenium-firefox-driver-3.14.0.jar:/var/jenkins_home/.m2/repository/org/seleniumhq/selenium/selenium-ie-driver/3.14.0/selenium-ie-driver-3.14.0.jar:/var/jenkins_home/.m2/repository/org/seleniumhq/selenium/selenium-opera-driver/3.14.0/selenium-opera-driver-3.14.0.jar:/var/jenkins_home/.m2/repository/org/seleniumhq/selenium/selenium-remote-driver/3.14.0/selenium-remote-driver-3.14.0.jar:/var/jenkins_home/.m2/repository/org/seleniumhq/selenium/selenium-safari-driver/3.14.0/selenium-safari-driver-3.14.0.jar:/var/jenkins_home/.m2/repository/org/seleniumhq/selenium/selenium-support/3.14.0/selenium-support-3.14.0.jar:/var/jenkins_home/.m2/repository/net/bytebuddy/byte-buddy/1.7.11/byte-buddy-1.7.11.jar:/var/jenkins_home/.m2/repository/org/apache/commons/commons-exec/1.3/commons-exec-1.3.jar:/var/jenkins_home/.m2/repository/commons-codec/commons-codec/1.11/commons-codec-1.11.jar:/var/jenkins_home/.m2/repository/commons-logging/commons-logging/1.2/commons-logging-1.2.jar:/var/jenkins_home/.m2/repository/com/google/guava/guava/25.0-jre/guava-25.0-jre.jar:/var/jenkins_home/.m2/repository/com/google/code/findbugs/jsr305/1.3.9/jsr305-1.3.9.jar:/var/jenkins_home/.m2/repository/org/checkerframework/checker-compat-qual/2.0.0/checker-compat-qual-2.0.0.jar:/var/jenkins_home/.m2/repository/com/google/errorprone/error_prone_annotations/2.1.3/error_prone_annotations-2.1.3.jar:/var/jenkins_home/.m2/repository/com/google/j2objc/j2objc-annotations/1.1/j2objc-annotations-1.1.jar:/var/jenkins_home/.m2/repository/org/codehaus/mojo/animal-sniffer-annotations/1.14/animal-sniffer-annotations-1.14.jar:/var/jenkins_home/.m2/repository/org/apache/httpcomponents/httpclient/4.5.6/httpclient-4.5.6.jar:/var/jenkins_home/.m2/repository/org/apache/httpcomponents/httpcore/4.4.10/httpcore-4.4.10.jar:/var/jenkins_home/.m2/repository/com/squareup/okhttp3/okhttp/3.8.1/okhttp-3.8.1.jar:/var/jenkins_home/.m2/repository/com/squareup/okio/okio/1.14.1/okio-1.14.1.jar:/var/jenkins_home/.m2/repository/io/github/bonigarcia/webdrivermanager/3.0.0/webdrivermanager-3.0.0.jar:/var/jenkins_home/.m2/repository/org/slf4j/slf4j-api/1.7.25/slf4j-api-1.7.25.jar:/var/jenkins_home/.m2/repository/commons-io/commons-io/2.6/commons-io-2.6.jar:/var/jenkins_home/.m2/repository/com/google/code/gson/gson/2.8.5/gson-2.8.5.jar:/var/jenkins_home/.m2/repository/org/apache/commons/commons-lang3/3.7/commons-lang3-3.7.jar:/var/jenkins_home/.m2/repository/org/rauschig/jarchivelib/0.8.0/jarchivelib-0.8.0.jar:/var/jenkins_home/.m2/repository/org/apache/commons/commons-compress/1.14/commons-compress-1.14.jar:/var/jenkins_home/.m2/repository/org/jsoup/jsoup/1.11.3/jsoup-1.11.3.jar:/var/jenkins_home/.m2/repository/net/lightbody/bmp/browsermob-core/2.1.5/browsermob-core-2.1.5.jar:/var/jenkins_home/.m2/repository/net/lightbody/bmp/littleproxy/1.1.0-beta-bmp-17/littleproxy-1.1.0-beta-bmp-17.jar:/var/jenkins_home/.m2/repository/com/fasterxml/jackson/core/jackson-core/2.9.7/jackson-core-2.9.7.jar:/var/jenkins_home/.m2/repository/com/fasterxml/jackson/core/jackson-databind/2.9.7/jackson-databind-2.9.7.jar:/var/jenkins_home/.m2/repository/com/fasterxml/jackson/core/jackson-annotations/2.9.0/jackson-annotations-2.9.0.jar:/var/jenkins_home/.m2/repository/dnsjava/dnsjava/2.1.8/dnsjava-2.1.8.jar:/var/jenkins_home/.m2/repository/org/slf4j/jcl-over-slf4j/1.7.25/jcl-over-slf4j-1.7.25.jar:/var/jenkins_home/.m2/repository/com/jcraft/jzlib/1.1.3/jzlib-1.1.3.jar:/var/jenkins_home/.m2/repository/io/netty/netty-all/4.1.29.Final/netty-all-4.1.29.Final.jar:/var/jenkins_home/.m2/repository/org/bouncycastle/bcprov-jdk15on/1.58/bcprov-jdk15on-1.58.jar:/var/jenkins_home/.m2/repository/org/bouncycastle/bcpkix-jdk15on/1.58/bcpkix-jdk15on-1.58.jar:/var/jenkins_home/.m2/repository/net/lightbody/bmp/mitm/2.1.5/mitm-2.1.5.jar:/var/jenkins_home/.m2/repository/org/springframework/boot/spring-boot-starter/2.1.1.RELEASE/spring-boot-starter-2.1.1.RELEASE.jar:/var/jenkins_home/.m2/repository/org/springframework/boot/spring-boot/2.0.6.RELEASE/spring-boot-2.0.6.RELEASE.jar:/var/jenkins_home/.m2/repository/org/springframework/spring-context/5.0.10.RELEASE/spring-context-5.0.10.RELEASE.jar:/var/jenkins_home/.m2/repository/org/springframework/spring-aop/5.0.10.RELEASE/spring-aop-5.0.10.RELEASE.jar:/var/jenkins_home/.m2/repository/org/springframework/spring-beans/5.0.10.RELEASE/spring-beans-5.0.10.RELEASE.jar:/var/jenkins_home/.m2/repository/org/springframework/spring-expression/5.0.10.RELEASE/spring-expression-5.0.10.RELEASE.jar:/var/jenkins_home/.m2/repository/org/springframework/boot/spring-boot-autoconfigure/2.0.6.RELEASE/spring-boot-autoconfigure-2.0.6.RELEASE.jar:/var/jenkins_home/.m2/repository/org/springframework/boot/spring-boot-starter-logging/2.0.6.RELEASE/spring-boot-starter-logging-2.0.6.RELEASE.jar:/var/jenkins_home/.m2/repository/ch/qos/logback/logback-classic/1.2.3/logback-classic-1.2.3.jar:/var/jenkins_home/.m2/repository/ch/qos/logback/logback-core/1.2.3/logback-core-1.2.3.jar:/var/jenkins_home/.m2/repository/org/apache/logging/log4j/log4j-to-slf4j/2.10.0/log4j-to-slf4j-2.10.0.jar:/var/jenkins_home/.m2/repository/org/apache/logging/log4j/log4j-api/2.10.0/log4j-api-2.10.0.jar:/var/jenkins_home/.m2/repository/org/slf4j/jul-to-slf4j/1.7.25/jul-to-slf4j-1.7.25.jar:/var/jenkins_home/.m2/repository/javax/annotation/javax.annotation-api/1.3.2/javax.annotation-api-1.3.2.jar:/var/jenkins_home/.m2/repository/org/springframework/spring-core/5.0.10.RELEASE/spring-core-5.0.10.RELEASE.jar:/var/jenkins_home/.m2/repository/org/springframework/spring-jcl/5.0.10.RELEASE/spring-jcl-5.0.10.RELEASE.jar:/var/jenkins_home/.m2/repository/org/yaml/snakeyaml/1.19/snakeyaml-1.19.jar:/var/jenkins_home/.m2/repository/org/springframework/boot/spring-boot-starter-test/2.1.1.RELEASE/spring-boot-starter-test-2.1.1.RELEASE.jar:/var/jenkins_home/.m2/repository/org/springframework/boot/spring-boot-test/2.0.6.RELEASE/spring-boot-test-2.0.6.RELEASE.jar:/var/jenkins_home/.m2/repository/org/springframework/boot/spring-boot-test-autoconfigure/2.0.6.RELEASE/spring-boot-test-autoconfigure-2.0.6.RELEASE.jar:/var/jenkins_home/.m2/repository/com/jayway/jsonpath/json-path/2.4.0/json-path-2.4.0.jar:/var/jenkins_home/.m2/repository/net/minidev/json-smart/2.3/json-smart-2.3.jar:/var/jenkins_home/.m2/repository/net/minidev/accessors-smart/1.2/accessors-smart-1.2.jar:/var/jenkins_home/.m2/repository/org/ow2/asm/asm/5.0.4/asm-5.0.4.jar:/var/jenkins_home/.m2/repository/org/assertj/assertj-core/3.11.1/assertj-core-3.11.1.jar:/var/jenkins_home/.m2/repository/org/mockito/mockito-core/2.15.0/mockito-core-2.15.0.jar:/var/jenkins_home/.m2/repository/net/bytebuddy/byte-buddy-agent/1.7.11/byte-buddy-agent-1.7.11.jar:/var/jenkins_home/.m2/repository/org/objenesis/objenesis/2.6/objenesis-2.6.jar:/var/jenkins_home/.m2/repository/org/hamcrest/hamcrest-core/1.3/hamcrest-core-1.3.jar:/var/jenkins_home/.m2/repository/org/hamcrest/hamcrest-library/1.3/hamcrest-library-1.3.jar:/var/jenkins_home/.m2/repository/org/skyscreamer/jsonassert/1.5.0/jsonassert-1.5.0.jar:/var/jenkins_home/.m2/repository/com/vaadin/external/google/android-json/0.0.20131108.vaadin1/android-json-0.0.20131108.vaadin1.jar:/var/jenkins_home/.m2/repository/org/springframework/spring-test/5.0.10.RELEASE/spring-test-5.0.10.RELEASE.jar:/var/jenkins_home/.m2/repository/org/xmlunit/xmlunit-core/2.5.1/xmlunit-core-2.5.1.jar:, selenide.browser=chrome, java.specification.name=Java Platform API Specification, java.class.version=52.0, sun.management.compiler=HotSpot 64-Bit Tiered Compilers, os.version=4.9.93-linuxkit-aufs, user.home=/var/jenkins_home, user.timezone=Etc/UTC, java.awt.printerjob=sun.print.PSPrinterJob, file.encoding=UTF-8, java.specification.version=1.8, java.class.path=/var/jenkins_home/.m2/repository/org/apache/maven/surefire/surefire-booter/2.22.0/surefire-booter-2.22.0.jar:/var/jenkins_home/.m2/repository/org/apache/maven/surefire/surefire-api/2.22.0/surefire-api-2.22.0.jar:/var/jenkins_home/.m2/repository/org/apache/maven/surefire/surefire-logger-api/2.22.0/surefire-logger-api-2.22.0.jar:/var/jenkins_home/jobs/spring-petclinic-microservices-end-to-end-tests/workspace/spring-petclinic-e2e-tests/target/test-classes:/var/jenkins_home/jobs/spring-petclinic-microservices-end-to-end-tests/workspace/spring-petclinic-e2e-tests/target/classes:/var/jenkins_home/.m2/repository/org/junit/jupiter/junit-jupiter-api/5.1.1/junit-jupiter-api-5.1.1.jar:/var/jenkins_home/.m2/repository/org/apiguardian/apiguardian-api/1.0.0/apiguardian-api-1.0.0.jar:/var/jenkins_home/.m2/repository/org/opentest4j/opentest4j/1.0.0/opentest4j-1.0.0.jar:/var/jenkins_home/.m2/repository/org/junit/platform/junit-platform-commons/1.1.1/junit-platform-commons-1.1.1.jar:/var/jenkins_home/.m2/repository/org/junit/jupiter/junit-jupiter-engine/5.1.1/junit-jupiter-engine-5.1.1.jar:/var/jenkins_home/.m2/repository/org/junit/platform/junit-platform-engine/1.1.1/junit-platform-engine-1.1.1.jar:/var/jenkins_home/.m2/repository/org/junit/platform/junit-platform-runner/1.1.0/junit-platform-runner-1.1.0.jar:/var/jenkins_home/.m2/repository/org/junit/platform/junit-platform-launcher/1.1.0/junit-platform-launcher-1.1.0.jar:/var/jenkins_home/.m2/repository/org/junit/platform/junit-platform-suite-api/1.1.0/junit-platform-suite-api-1.1.0.jar:/var/jenkins_home/.m2/repository/junit/junit/4.12/junit-4.12.jar:/var/jenkins_home/.m2/repository/com/codeborne/selenide/5.0.1/selenide-5.0.1.jar:/var/jenkins_home/.m2/repository/org/seleniumhq/selenium/selenium-java/3.14.0/selenium-java-3.14.0.jar:/var/jenkins_home/.m2/repository/org/seleniumhq/selenium/selenium-api/3.14.0/selenium-api-3.14.0.jar:/var/jenkins_home/.m2/repository/org/seleniumhq/selenium/selenium-chrome-driver/3.14.0/selenium-chrome-driver-3.14.0.jar:/var/jenkins_home/.m2/repository/org/seleniumhq/selenium/selenium-edge-driver/3.14.0/selenium-edge-driver-3.14.0.jar:/var/jenkins_home/.m2/repository/org/seleniumhq/selenium/selenium-firefox-driver/3.14.0/selenium-firefox-driver-3.14.0.jar:/var/jenkins_home/.m2/repository/org/seleniumhq/selenium/selenium-ie-driver/3.14.0/selenium-ie-driver-3.14.0.jar:/var/jenkins_home/.m2/repository/org/seleniumhq/selenium/selenium-opera-driver/3.14.0/selenium-opera-driver-3.14.0.jar:/var/jenkins_home/.m2/repository/org/seleniumhq/selenium/selenium-remote-driver/3.14.0/selenium-remote-driver-3.14.0.jar:/var/jenkins_home/.m2/repository/org/seleniumhq/selenium/selenium-safari-driver/3.14.0/selenium-safari-driver-3.14.0.jar:/var/jenkins_home/.m2/repository/org/seleniumhq/selenium/selenium-support/3.14.0/selenium-support-3.14.0.jar:/var/jenkins_home/.m2/repository/net/bytebuddy/byte-buddy/1.7.11/byte-buddy-1.7.11.jar:/var/jenkins_home/.m2/repository/org/apache/commons/commons-exec/1.3/commons-exec-1.3.jar:/var/jenkins_home/.m2/repository/commons-codec/commons-codec/1.11/commons-codec-1.11.jar:/var/jenkins_home/.m2/repository/commons-logging/commons-logging/1.2/commons-logging-1.2.jar:/var/jenkins_home/.m2/repository/com/google/guava/guava/25.0-jre/guava-25.0-jre.jar:/var/jenkins_home/.m2/repository/com/google/code/findbugs/jsr305/1.3.9/jsr305-1.3.9.jar:/var/jenkins_home/.m2/repository/org/checkerframework/checker-compat-qual/2.0.0/checker-compat-qual-2.0.0.jar:/var/jenkins_home/.m2/repository/com/google/errorprone/error_prone_annotations/2.1.3/error_prone_annotations-2.1.3.jar:/var/jenkins_home/.m2/repository/com/google/j2objc/j2objc-annotations/1.1/j2objc-annotations-1.1.jar:/var/jenkins_home/.m2/repository/org/codehaus/mojo/animal-sniffer-annotations/1.14/animal-sniffer-annotations-1.14.jar:/var/jenkins_home/.m2/repository/org/apache/httpcomponents/httpclient/4.5.6/httpclient-4.5.6.jar:/var/jenkins_home/.m2/repository/org/apache/httpcomponents/httpcore/4.4.10/httpcore-4.4.10.jar:/var/jenkins_home/.m2/repository/com/squareup/okhttp3/okhttp/3.8.1/okhttp-3.8.1.jar:/var/jenkins_home/.m2/repository/com/squareup/okio/okio/1.14.1/okio-1.14.1.jar:/var/jenkins_home/.m2/repository/io/github/bonigarcia/webdrivermanager/3.0.0/webdrivermanager-3.0.0.jar:/var/jenkins_home/.m2/repository/org/slf4j/slf4j-api/1.7.25/slf4j-api-1.7.25.jar:/var/jenkins_home/.m2/repository/commons-io/commons-io/2.6/commons-io-2.6.jar:/var/jenkins_home/.m2/repository/com/google/code/gson/gson/2.8.5/gson-2.8.5.jar:/var/jenkins_home/.m2/repository/org/apache/commons/commons-lang3/3.7/commons-lang3-3.7.jar:/var/jenkins_home/.m2/repository/org/rauschig/jarchivelib/0.8.0/jarchivelib-0.8.0.jar:/var/jenkins_home/.m2/repository/org/apache/commons/commons-compress/1.14/commons-compress-1.14.jar:/var/jenkins_home/.m2/repository/org/jsoup/jsoup/1.11.3/jsoup-1.11.3.jar:/var/jenkins_home/.m2/repository/net/lightbody/bmp/browsermob-core/2.1.5/browsermob-core-2.1.5.jar:/var/jenkins_home/.m2/repository/net/lightbody/bmp/littleproxy/1.1.0-beta-bmp-17/littleproxy-1.1.0-beta-bmp-17.jar:/var/jenkins_home/.m2/repository/com/fasterxml/jackson/core/jackson-core/2.9.7/jackson-core-2.9.7.jar:/var/jenkins_home/.m2/repository/com/fasterxml/jackson/core/jackson-databind/2.9.7/jackson-databind-2.9.7.jar:/var/jenkins_home/.m2/repository/com/fasterxml/jackson/core/jackson-annotations/2.9.0/jackson-annotations-2.9.0.jar:/var/jenkins_home/.m2/repository/dnsjava/dnsjava/2.1.8/dnsjava-2.1.8.jar:/var/jenkins_home/.m2/repository/org/slf4j/jcl-over-slf4j/1.7.25/jcl-over-slf4j-1.7.25.jar:/var/jenkins_home/.m2/repository/com/jcraft/jzlib/1.1.3/jzlib-1.1.3.jar:/var/jenkins_home/.m2/repository/io/netty/netty-all/4.1.29.Final/netty-all-4.1.29.Final.jar:/var/jenkins_home/.m2/repository/org/bouncycastle/bcprov-jdk15on/1.58/bcprov-jdk15on-1.58.jar:/var/jenkins_home/.m2/repository/org/bouncycastle/bcpkix-jdk15on/1.58/bcpkix-jdk15on-1.58.jar:/var/jenkins_home/.m2/repository/net/lightbody/bmp/mitm/2.1.5/mitm-2.1.5.jar:/var/jenkins_home/.m2/repository/org/springframework/boot/spring-boot-starter/2.1.1.RELEASE/spring-boot-starter-2.1.1.RELEASE.jar:/var/jenkins_home/.m2/repository/org/springframework/boot/spring-boot/2.0.6.RELEASE/spring-boot-2.0.6.RELEASE.jar:/var/jenkins_home/.m2/repository/org/springframework/spring-context/5.0.10.RELEASE/spring-context-5.0.10.RELEASE.jar:/var/jenkins_home/.m2/repository/org/springframework/spring-aop/5.0.10.RELEASE/spring-aop-5.0.10.RELEASE.jar:/var/jenkins_home/.m2/repository/org/springframework/spring-beans/5.0.10.RELEASE/spring-beans-5.0.10.RELEASE.jar:/var/jenkins_home/.m2/repository/org/springframework/spring-expression/5.0.10.RELEASE/spring-expression-5.0.10.RELEASE.jar:/var/jenkins_home/.m2/repository/org/springframework/boot/spring-boot-autoconfigure/2.0.6.RELEASE/spring-boot-autoconfigure-2.0.6.RELEASE.jar:/var/jenkins_home/.m2/repository/org/springframework/boot/spring-boot-starter-logging/2.0.6.RELEASE/spring-boot-starter-logging-2.0.6.RELEASE.jar:/var/jenkins_home/.m2/repository/ch/qos/logback/logback-classic/1.2.3/logback-classic-1.2.3.jar:/var/jenkins_home/.m2/repository/ch/qos/logback/logback-core/1.2.3/logback-core-1.2.3.jar:/var/jenkins_home/.m2/repository/org/apache/logging/log4j/log4j-to-slf4j/2.10.0/log4j-to-slf4j-2.10.0.jar:/var/jenkins_home/.m2/repository/org/apache/logging/log4j/log4j-api/2.10.0/log4j-api-2.10.0.jar:/var/jenkins_home/.m2/repository/org/slf4j/jul-to-slf4j/1.7.25/jul-to-slf4j-1.7.25.jar:/var/jenkins_home/.m2/repository/javax/annotation/javax.annotation-api/1.3.2/javax.annotation-api-1.3.2.jar:/var/jenkins_home/.m2/repository/org/springframework/spring-core/5.0.10.RELEASE/spring-core-5.0.10.RELEASE.jar:/var/jenkins_home/.m2/repository/org/springframework/spring-jcl/5.0.10.RELEASE/spring-jcl-5.0.10.RELEASE.jar:/var/jenkins_home/.m2/repository/org/yaml/snakeyaml/1.19/snakeyaml-1.19.jar:/var/jenkins_home/.m2/repository/org/springframework/boot/spring-boot-starter-test/2.1.1.RELEASE/spring-boot-starter-test-2.1.1.RELEASE.jar:/var/jenkins_home/.m2/repository/org/springframework/boot/spring-boot-test/2.0.6.RELEASE/spring-boot-test-2.0.6.RELEASE.jar:/var/jenkins_home/.m2/repository/org/springframework/boot/spring-boot-test-autoconfigure/2.0.6.RELEASE/spring-boot-test-autoconfigure-2.0.6.RELEASE.jar:/var/jenkins_home/.m2/repository/com/jayway/jsonpath/json-path/2.4.0/json-path-2.4.0.jar:/var/jenkins_home/.m2/repository/net/minidev/json-smart/2.3/json-smart-2.3.jar:/var/jenkins_home/.m2/repository/net/minidev/accessors-smart/1.2/accessors-smart-1.2.jar:/var/jenkins_home/.m2/repository/org/ow2/asm/asm/5.0.4/asm-5.0.4.jar:/var/jenkins_home/.m2/repository/org/assertj/assertj-core/3.11.1/assertj-core-3.11.1.jar:/var/jenkins_home/.m2/repository/org/mockito/mockito-core/2.15.0/mockito-core-2.15.0.jar:/var/jenkins_home/.m2/repository/net/bytebuddy/byte-buddy-agent/1.7.11/byte-buddy-agent-1.7.11.jar:/var/jenkins_home/.m2/repository/org/objenesis/objenesis/2.6/objenesis-2.6.jar:/var/jenkins_home/.m2/repository/org/hamcrest/hamcrest-core/1.3/hamcrest-core-1.3.jar:/var/jenkins_home/.m2/repository/org/hamcrest/hamcrest-library/1.3/hamcrest-library-1.3.jar:/var/jenkins_home/.m2/repository/org/skyscreamer/jsonassert/1.5.0/jsonassert-1.5.0.jar:/var/jenkins_home/.m2/repository/com/vaadin/external/google/android-json/0.0.20131108.vaadin1/android-json-0.0.20131108.vaadin1.jar:/var/jenkins_home/.m2/repository/org/springframework/spring-test/5.0.10.RELEASE/spring-test-5.0.10.RELEASE.jar:/var/jenkins_home/.m2/repository/org/xmlunit/xmlunit-core/2.5.1/xmlunit-core-2.5.1.jar:/var/jenkins_home/.m2/repository/org/apache/maven/surefire/surefire-junit-platform/2.22.0/surefire-junit-platform-2.22.0.jar:/var/jenkins_home/.m2/repository/org/junit/platform/junit-platform-launcher/1.2.0/junit-platform-launcher-1.2.0.jar:/var/jenkins_home/.m2/repository/org/junit/platform/junit-platform-engine/1.2.0/junit-platform-engine-1.2.0.jar:/var/jenkins_home/.m2/repository/org/junit/platform/junit-platform-commons/1.2.0/junit-platform-commons-1.2.0.jar:/var/jenkins_home/.m2/repository/org/opentest4j/opentest4j/1.1.0/opentest4j-1.1.0.jar, user.name=jenkins, java.vm.specification.version=1.8, sun.java.command=org.apache.maven.surefire.booter.ForkedBooter /var/jenkins_home/jobs/spring-petclinic-microservices-end-to-end-tests/workspace/spring-petclinic-e2e-tests/target/surefire 2018-12-11T16-25-21_950-jvmRun1 surefire551887324055013987tmp surefire_07283273943088966365tmp, java.home=/usr/lib/jvm/java-8-openjdk-amd64/jre, sun.arch.data.model=64, user.language=en, java.specification.vendor=Oracle Corporation, awt.toolkit=sun.awt.X11.XToolkit, java.vm.info=mixed mode, java.version=1.8.0_181, java.ext.dirs=/usr/lib/jvm/java-8-openjdk-amd64/jre/lib/ext:/usr/java/packages/lib/ext, sun.boot.class.path=/usr/lib/jvm/java-8-openjdk-amd64/jre/lib/resources.jar:/usr/lib/jvm/java-8-openjdk-amd64/jre/lib/rt.jar:/usr/lib/jvm/java-8-openjdk-amd64/jre/lib/sunrsasign.jar:/usr/lib/jvm/java-8-openjdk-amd64/jre/lib/jsse.jar:/usr/lib/jvm/java-8-openjdk-amd64/jre/lib/jce.jar:/usr/lib/jvm/java-8-openjdk-amd64/jre/lib/charsets.jar:/usr/lib/jvm/java-8-openjdk-amd64/jre/lib/jfr.jar:/usr/lib/jvm/java-8-openjdk-amd64/jre/classes, java.vendor=Oracle Corporation, localRepository=/var/jenkins_home/.m2/repository, file.separator=/, java.vendor.url.bug=http://bugreport.sun.com/bugreport/, sun.io.unicode.encoding=UnicodeLittle, sun.cpu.endian=little, sun.cpu.isalist=}}, SystemEnvironmentPropertySource@245765246 {name='systemEnvironment', properties={PATH=/usr/local/sbin:/usr/local/bin:/usr/sbin:/usr/bin:/sbin:/bin, COPY_REFERENCE_FILE_LOG=/var/jenkins_home/copy_reference_file.log, RUN_DISPLAY_URL=http://unconfigured-jenkins-location/job/spring-petclinic-microservices-end-to-end-tests/113/display/redirect, HUDSON_HOME=/var/jenkins_home, APP_BUILD=2.0.7RC31, RUN_CHANGES_DISPLAY_URL=http://unconfigured-jenkins-location/job/spring-petclinic-microservices-end-to-end-tests/113/display/redirect?page=changes, HUDSON_COOKIE=ab373298-b91e-4861-8391-f4d51cd82936, JAVA_OPTS=-Djenkins.install.runSetupWizard=false, JENKINS_SERVER_COOKIE=b80d8f9b1c767ee8, PWD=/var/jenkins_home/jobs/spring-petclinic-microservices-end-to-end-tests/workspace/spring-petclinic-e2e-tests, BUILD_TAG=jenkins-spring-petclinic-microservices-end-to-end-tests-113, MAVEN_TERMINATE_CMD=on, OLDPWD=/var/jenkins_home/jobs/spring-petclinic-microservices-end-to-end-tests/workspace/spring-petclinic-e2e-tests, JENKINS_HOME=/var/jenkins_home, NODE_NAME=master, BUILD_DISPLAY_NAME=#113, JAVA_DEBIAN_VERSION=8u181-b13-2~deb9u1, JOB_DISPLAY_URL=http://unconfigured-jenkins-location/job/spring-petclinic-microservices-end-to-end-tests/display/redirect, GIT_BRANCH=origin/master, SHLVL=0, GIT_PREVIOUS_COMMIT=bc610d0b1e11eaac640f7d35819bce083a782191, QREBEL_AUTH_TOKEN=ae487773-386b-4508-8f1d-cac79497ed60, JAVA_HOME=/docker-java-home, CA_CERTIFICATES_JAVA_VERSION=20170531+nmu1, BUILD_ID=113, JENKINS_VERSION=2.138.3, APP_VERSION=2.0.7, LANG=C.UTF-8, JOB_NAME=spring-petclinic-microservices-end-to-end-tests, GIT_PREVIOUS_SUCCESSFUL_COMMIT=67a50730ad221afa540642b0b306b6132bb479a6, NODE_LABELS=master, WORKSPACE=/var/jenkins_home/jobs/spring-petclinic-microservices-end-to-end-tests/workspace, JENKINS_SLAVE_AGENT_PORT=50000, JAVA_VERSION=8u181, MAVEN_CMD_LINE_ARGS= -f spring-petclinic-e2e-tests/pom.xml clean verify -P jenkins, JENKINS_OPTS=--httpPort=8088, GIT_COMMIT=bc610d0b1e11eaac640f7d35819bce083a782191, EXECUTOR_NUMBER=1, HUDSON_SERVER_COOKIE=b80d8f9b1c767ee8, JENKINS_UC=https://updates.jenkins.io, MAVEN_PROJECTBASEDIR=/var/jenkins_home/jobs/spring-petclinic-microservices-end-to-end-tests/workspace, JOB_BASE_NAME=spring-petclinic-microservices-end-to-end-tests, CLASSPATH=/var/jenkins_home/.m2/repository/org/apache/maven/surefire/surefire-booter/2.22.0/surefire-booter-2.22.0.jar:/var/jenkins_home/.m2/repository/org/apache/maven/surefire/surefire-api/2.22.0/surefire-api-2.22.0.jar:/var/jenkins_home/.m2/repository/org/apache/maven/surefire/surefire-logger-api/2.22.0/surefire-logger-api-2.22.0.jar:/var/jenkins_home/jobs/spring-petclinic-microservices-end-to-end-tests/workspace/spring-petclinic-e2e-tests/target/test-classes:/var/jenkins_home/jobs/spring-petclinic-microservices-end-to-end-tests/workspace/spring-petclinic-e2e-tests/target/classes:/var/jenkins_home/.m2/repository/org/junit/jupiter/junit-jupiter-api/5.1.1/junit-jupiter-api-5.1.1.jar:/var/jenkins_home/.m2/repository/org/apiguardian/apiguardian-api/1.0.0/apiguardian-api-1.0.0.jar:/var/jenkins_home/.m2/repository/org/opentest4j/opentest4j/1.0.0/opentest4j-1.0.0.jar:/var/jenkins_home/.m2/repository/org/junit/platform/junit-platform-commons/1.1.1/junit-platform-commons-1.1.1.jar:/var/jenkins_home/.m2/repository/org/junit/jupiter/junit-jupiter-engine/5.1.1/junit-jupiter-engine-5.1.1.jar:/var/jenkins_home/.m2/repository/org/junit/platform/junit-platform-engine/1.1.1/junit-platform-engine-1.1.1.jar:/var/jenkins_home/.m2/repository/org/junit/platform/junit-platform-runner/1.1.0/junit-platform-runner-1.1.0.jar:/var/jenkins_home/.m2/repository/org/junit/platform/junit-platform-launcher/1.1.0/junit-platform-launcher-1.1.0.jar:/var/jenkins_home/.m2/repository/org/junit/platform/junit-platform-suite-api/1.1.0/junit-platform-suite-api-1.1.0.jar:/var/jenkins_home/.m2/repository/junit/junit/4.12/junit-4.12.jar:/var/jenkins_home/.m2/repository/com/codeborne/selenide/5.0.1/selenide-5.0.1.jar:/var/jenkins_home/.m2/repository/org/seleniumhq/selenium/selenium-java/3.14.0/selenium-java-3.14.0.jar:/var/jenkins_home/.m2/repository/org/seleniumhq/selenium/selenium-api/3.14.0/selenium-api-3.14.0.jar:/var/jenkins_home/.m2/repository/org/seleniumhq/selenium/selenium-chrome-driver/3.14.0/selenium-chrome-driver-3.14.0.jar:/var/jenkins_home/.m2/repository/org/seleniumhq/selenium/selenium-edge-driver/3.14.0/selenium-edge-driver-3.14.0.jar:/var/jenkins_home/.m2/repository/org/seleniumhq/selenium/selenium-firefox-driver/3.14.0/selenium-firefox-driver-3.14.0.jar:/var/jenkins_home/.m2/repository/org/seleniumhq/selenium/selenium-ie-driver/3.14.0/selenium-ie-driver-3.14.0.jar:/var/jenkins_home/.m2/repository/org/seleniumhq/selenium/selenium-opera-driver/3.14.0/selenium-opera-driver-3.14.0.jar:/var/jenkins_home/.m2/repository/org/seleniumhq/selenium/selenium-remote-driver/3.14.0/selenium-remote-driver-3.14.0.jar:/var/jenkins_home/.m2/repository/org/seleniumhq/selenium/selenium-safari-driver/3.14.0/selenium-safari-driver-3.14.0.jar:/var/jenkins_home/.m2/repository/org/seleniumhq/selenium/selenium-support/3.14.0/selenium-support-3.14.0.jar:/var/jenkins_home/.m2/repository/net/bytebuddy/byte-buddy/1.7.11/byte-buddy-1.7.11.jar:/var/jenkins_home/.m2/repository/org/apache/commons/commons-exec/1.3/commons-exec-1.3.jar:/var/jenkins_home/.m2/repository/commons-codec/commons-codec/1.11/commons-codec-1.11.jar:/var/jenkins_home/.m2/repository/commons-logging/commons-logging/1.2/commons-logging-1.2.jar:/var/jenkins_home/.m2/repository/com/google/guava/guava/25.0-jre/guava-25.0-jre.jar:/var/jenkins_home/.m2/repository/com/google/code/findbugs/jsr305/1.3.9/jsr305-1.3.9.jar:/var/jenkins_home/.m2/repository/org/checkerframework/checker-compat-qual/2.0.0/checker-compat-qual-2.0.0.jar:/var/jenkins_home/.m2/repository/com/google/errorprone/error_prone_annotations/2.1.3/error_prone_annotations-2.1.3.jar:/var/jenkins_home/.m2/repository/com/google/j2objc/j2objc-annotations/1.1/j2objc-annotations-1.1.jar:/var/jenkins_home/.m2/repository/org/codehaus/mojo/animal-sniffer-annotations/1.14/animal-sniffer-annotations-1.14.jar:/var/jenkins_home/.m2/repository/org/apache/httpcomponents/httpclient/4.5.6/httpclient-4.5.6.jar:/var/jenkins_home/.m2/repository/org/apache/httpcomponents/httpcore/4.4.10/httpcore-4.4.10.jar:/var/jenkins_home/.m2/repository/com/squareup/okhttp3/okhttp/3.8.1/okhttp-3.8.1.jar:/var/jenkins_home/.m2/repository/com/squareup/okio/okio/1.14.1/okio-1.14.1.jar:/var/jenkins_home/.m2/repository/io/github/bonigarcia/webdrivermanager/3.0.0/webdrivermanager-3.0.0.jar:/var/jenkins_home/.m2/repository/org/slf4j/slf4j-api/1.7.25/slf4j-api-1.7.25.jar:/var/jenkins_home/.m2/repository/commons-io/commons-io/2.6/commons-io-2.6.jar:/var/jenkins_home/.m2/repository/com/google/code/gson/gson/2.8.5/gson-2.8.5.jar:/var/jenkins_home/.m2/repository/org/apache/commons/commons-lang3/3.7/commons-lang3-3.7.jar:/var/jenkins_home/.m2/repository/org/rauschig/jarchivelib/0.8.0/jarchivelib-0.8.0.jar:/var/jenkins_home/.m2/repository/org/apache/commons/commons-compress/1.14/commons-compress-1.14.jar:/var/jenkins_home/.m2/repository/org/jsoup/jsoup/1.11.3/jsoup-1.11.3.jar:/var/jenkins_home/.m2/repository/net/lightbody/bmp/browsermob-core/2.1.5/browsermob-core-2.1.5.jar:/var/jenkins_home/.m2/repository/net/lightbody/bmp/littleproxy/1.1.0-beta-bmp-17/littleproxy-1.1.0-beta-bmp-17.jar:/var/jenkins_home/.m2/repository/com/fasterxml/jackson/core/jackson-core/2.9.7/jackson-core-2.9.7.jar:/var/jenkins_home/.m2/repository/com/fasterxml/jackson/core/jackson-databind/2.9.7/jackson-databind-2.9.7.jar:/var/jenkins_home/.m2/repository/com/fasterxml/jackson/core/jackson-annotations/2.9.0/jackson-annotations-2.9.0.jar:/var/jenkins_home/.m2/repository/dnsjava/dnsjava/2.1.8/dnsjava-2.1.8.jar:/var/jenkins_home/.m2/repository/org/slf4j/jcl-over-slf4j/1.7.25/jcl-over-slf4j-1.7.25.jar:/var/jenkins_home/.m2/repository/com/jcraft/jzlib/1.1.3/jzlib-1.1.3.jar:/var/jenkins_home/.m2/repository/io/netty/netty-all/4.1.29.Final/netty-all-4.1.29.Final.jar:/var/jenkins_home/.m2/repository/org/bouncycastle/bcprov-jdk15on/1.58/bcprov-jdk15on-1.58.jar:/var/jenkins_home/.m2/repository/org/bouncycastle/bcpkix-jdk15on/1.58/bcpkix-jdk15on-1.58.jar:/var/jenkins_home/.m2/repository/net/lightbody/bmp/mitm/2.1.5/mitm-2.1.5.jar:/var/jenkins_home/.m2/repository/org/springframework/boot/spring-boot-starter/2.1.1.RELEASE/spring-boot-starter-2.1.1.RELEASE.jar:/var/jenkins_home/.m2/repository/org/springframework/boot/spring-boot/2.0.6.RELEASE/spring-boot-2.0.6.RELEASE.jar:/var/jenkins_home/.m2/repository/org/springframework/spring-context/5.0.10.RELEASE/spring-context-5.0.10.RELEASE.jar:/var/jenkins_home/.m2/repository/org/springframework/spring-aop/5.0.10.RELEASE/spring-aop-5.0.10.RELEASE.jar:/var/jenkins_home/.m2/repository/org/springframework/spring-beans/5.0.10.RELEASE/spring-beans-5.0.10.RELEASE.jar:/var/jenkins_home/.m2/repository/org/springframework/spring-expression/5.0.10.RELEASE/spring-expression-5.0.10.RELEASE.jar:/var/jenkins_home/.m2/repository/org/springframework/boot/spring-boot-autoconfigure/2.0.6.RELEASE/spring-boot-autoconfigure-2.0.6.RELEASE.jar:/var/jenkins_home/.m2/repository/org/springframework/boot/spring-boot-starter-logging/2.0.6.RELEASE/spring-boot-starter-logging-2.0.6.RELEASE.jar:/var/jenkins_home/.m2/repository/ch/qos/logback/logback-classic/1.2.3/logback-classic-1.2.3.jar:/var/jenkins_home/.m2/repository/ch/qos/logback/logback-core/1.2.3/logback-core-1.2.3.jar:/var/jenkins_home/.m2/repository/org/apache/logging/log4j/log4j-to-slf4j/2.10.0/log4j-to-slf4j-2.10.0.jar:/var/jenkins_home/.m2/repository/org/apache/logging/log4j/log4j-api/2.10.0/log4j-api-2.10.0.jar:/var/jenkins_home/.m2/repository/org/slf4j/jul-to-slf4j/1.7.25/jul-to-slf4j-1.7.25.jar:/var/jenkins_home/.m2/repository/javax/annotation/javax.annotation-api/1.3.2/javax.annotation-api-1.3.2.jar:/var/jenkins_home/.m2/repository/org/springframework/spring-core/5.0.10.RELEASE/spring-core-5.0.10.RELEASE.jar:/var/jenkins_home/.m2/repository/org/springframework/spring-jcl/5.0.10.RELEASE/spring-jcl-5.0.10.RELEASE.jar:/var/jenkins_home/.m2/repository/org/yaml/snakeyaml/1.19/snakeyaml-1.19.jar:/var/jenkins_home/.m2/repository/org/springframework/boot/spring-boot-starter-test/2.1.1.RELEASE/spring-boot-starter-test-2.1.1.RELEASE.jar:/var/jenkins_home/.m2/repository/org/springframework/boot/spring-boot-test/2.0.6.RELEASE/spring-boot-test-2.0.6.RELEASE.jar:/var/jenkins_home/.m2/repository/org/springframework/boot/spring-boot-test-autoconfigure/2.0.6.RELEASE/spring-boot-test-autoconfigure-2.0.6.RELEASE.jar:/var/jenkins_home/.m2/repository/com/jayway/jsonpath/json-path/2.4.0/json-path-2.4.0.jar:/var/jenkins_home/.m2/repository/net/minidev/json-smart/2.3/json-smart-2.3.jar:/var/jenkins_home/.m2/repository/net/minidev/accessors-smart/1.2/accessors-smart-1.2.jar:/var/jenkins_home/.m2/repository/org/ow2/asm/asm/5.0.4/asm-5.0.4.jar:/var/jenkins_home/.m2/repository/org/assertj/assertj-core/3.11.1/assertj-core-3.11.1.jar:/var/jenkins_home/.m2/repository/org/mockito/mockito-core/2.15.0/mockito-core-2.15.0.jar:/var/jenkins_home/.m2/repository/net/bytebuddy/byte-buddy-agent/1.7.11/byte-buddy-agent-1.7.11.jar:/var/jenkins_home/.m2/repository/org/objenesis/objenesis/2.6/objenesis-2.6.jar:/var/jenkins_home/.m2/repository/org/hamcrest/hamcrest-core/1.3/hamcrest-core-1.3.jar:/var/jenkins_home/.m2/repository/org/hamcrest/hamcrest-library/1.3/hamcrest-library-1.3.jar:/var/jenkins_home/.m2/repository/org/skyscreamer/jsonassert/1.5.0/jsonassert-1.5.0.jar:/var/jenkins_home/.m2/repository/com/vaadin/external/google/android-json/0.0.20131108.vaadin1/android-json-0.0.20131108.vaadin1.jar:/var/jenkins_home/.m2/repository/org/springframework/spring-test/5.0.10.RELEASE/spring-test-5.0.10.RELEASE.jar:/var/jenkins_home/.m2/repository/org/xmlunit/xmlunit-core/2.5.1/xmlunit-core-2.5.1.jar:/var/jenkins_home/.m2/repository/org/apache/maven/surefire/surefire-junit-platform/2.22.0/surefire-junit-platform-2.22.0.jar:/var/jenkins_home/.m2/repository/org/junit/platform/junit-platform-launcher/1.2.0/junit-platform-launcher-1.2.0.jar:/var/jenkins_home/.m2/repository/org/junit/platform/junit-platform-engine/1.2.0/junit-platform-engine-1.2.0.jar:/var/jenkins_home/.m2/repository/org/junit/platform/junit-platform-commons/1.2.0/junit-platform-commons-1.2.0.jar:/var/jenkins_home/.m2/repository/org/opentest4j/opentest4j/1.1.0/opentest4j-1.1.0.jar, JENKINS_INCREMENTALS_REPO_MIRROR=https://repo.jenkins-ci.org/incrementals, BUILD_NUMBER=113, HOSTNAME=27bd21f57c65, GIT_URL=https://github.com/sten711/spring-petclinic-microservices, JENKINS_UC_EXPERIMENTAL=https://updates.jenkins.io/experimental, HOME=/var/jenkins_home}}]
16:25:24.561 [main] DEBUG org.springframework.test.context.support.TestPropertySourceUtils - Adding inlined properties to environment: {spring.jmx.enabled=false, org.springframework.boot.test.context.SpringBootTestContextBootstrapper=true, server.port=-1}
16:25:24.562 [main] DEBUG org.springframework.core.env.StandardEnvironment - Adding PropertySource 'Inlined Test Properties' with highest search precedence

  .   ____          _            __ _ _
 /\\ / ___'_ __ _ _(_)_ __  __ _ \ \ \ \
( ( )\___ | '_ | '_| | '_ \/ _` | \ \ \ \
 \\/  ___)| |_)| | | | | || (_| |  ) ) ) )
  '  |____| .__|_| |_|_| |_\__, | / / / /
 =========|_|==============|___/=/_/_/_/
 :: Spring Boot ::        (v2.0.6.RELEASE)

2018-12-11 16:25:25.039  INFO 23910 --- [           main] c.r.p.vets.tests.VetResourcesITest       : Starting VetResourcesITest on 27bd21f57c65 with PID 23910 (started by jenkins in /var/jenkins_home/jobs/spring-petclinic-microservices-end-to-end-tests/workspace/spring-petclinic-e2e-tests)
2018-12-11 16:25:25.041  INFO 23910 --- [           main] c.r.p.vets.tests.VetResourcesITest       : The following profiles are active: jenkins
2018-12-11 16:25:25.091  INFO 23910 --- [           main] s.c.a.AnnotationConfigApplicationContext : Refreshing org.springframework.context.annotation.AnnotationConfigApplicationContext@50f6ac94: startup date [Tue Dec 11 16:25:25 UTC 2018]; root of context hierarchy
2018-12-11 16:25:26.219  INFO 23910 --- [           main] c.r.p.vets.tests.VetResourcesITest       : Started VetResourcesITest in 1.654 seconds (JVM running for 3.714)
2018-12-11 16:25:26.562  INFO 23910 --- [           main] c.c.selenide.drivercommands.LazyDriver   : No webdriver is bound to current thread: 1 - let's create a new webdriver
2018-12-11 16:25:27.358  WARN 23910 --- [           main] i.g.bonigarcia.wdm.WebDriverManager      : The driver version for Google Chrome 71 is unknown ... trying with latest
2018-12-11 16:25:27.393  INFO 23910 --- [           main] i.g.bonigarcia.wdm.WebDriverManager      : Reading https://chromedriver.storage.googleapis.com/ to seek chromedriver
2018-12-11 16:25:28.599  INFO 23910 --- [           main] i.g.bonigarcia.wdm.WebDriverManager      : Latest version of chromedriver is 71.0.3578.33
2018-12-11 16:25:28.602  INFO 23910 --- [           main] io.github.bonigarcia.wdm.Downloader      : Using binary driver previously downloaded
2018-12-11 16:25:28.603  INFO 23910 --- [           main] i.g.bonigarcia.wdm.WebDriverManager      : Exporting webdriver.chrome.driver as /var/jenkins_home/.m2/repository/webdriver/chromedriver/linux64/71.0.3578.33/chromedriver
Starting ChromeDriver 71.0.3578.33 (269aa0e3f0db08097f0fe231c7e6be200b6939f7) on port 8811
Only local connections are allowed.
[1544545528.951][SEVERE]: bind() returned an error, errno=0: Cannot assign requested address (99)
2018-12-11 16:25:30.129  INFO 23910 --- [ null to remote] o.o.selenium.remote.ProtocolHandshake    : Detected dialect: OSS
2018-12-11 16:25:30.163  INFO 23910 --- [           main] c.c.selenide.webdriver.BrowserResizer    : Set browser size to 1366x768
2018-12-11 16:25:30.298  INFO 23910 --- [           main] c.c.selenide.webdriver.WebDriverFactory  : BrowserName=chrome Version=71.0.3578.80 Platform=LINUX
2018-12-11 16:25:30.299  INFO 23910 --- [           main] c.c.selenide.webdriver.WebDriverFactory  : Selenide v. 5.0.1
2018-12-11 16:25:30.300  INFO 23910 --- [           main] c.c.selenide.webdriver.WebDriverFactory  : Selenium WebDriver v. 3.14.0 build time: 2018-08-02T20:19:58.91Z
2018-12-11 16:25:30.301  INFO 23910 --- [           main] c.c.s.d.CreateDriverCommand              : Create webdriver in current thread 1: ChromeDriver -> ChromeDriver: chrome on LINUX (8d4d0192a7807042d7e4347332dc499e)

[8mha:////4LvaPO8NsRewfjQg5mk4puCcfxYp855QpVLqO2x4nZMAAAAAYB+LCAAAAAAAAP9b85aBtbiIQSmjNKU4P0+vJLE4u1gvPjexLDVPzxdEuhYV5Rf55ZekOlc7RKnPKH7IxMBQUcQgBdWQnJ9XnJ+TqucMoUEKGSCAEaSwAACsNFCqYAAAAA==[0m[ERROR] Tests run: 9, Failures: 3, Errors: 0, Skipped: 0, Time elapsed: 132.762 s <<< FAILURE! - in com.roguewave.petclinic.vets.tests.VetResourcesITest
[8mha:////4LvaPO8NsRewfjQg5mk4puCcfxYp855QpVLqO2x4nZMAAAAAYB+LCAAAAAAAAP9b85aBtbiIQSmjNKU4P0+vJLE4u1gvPjexLDVPzxdEuhYV5Rf55ZekOlc7RKnPKH7IxMBQUcQgBdWQnJ9XnJ+TqucMoUEKGSCAEaSwAACsNFCqYAAAAA==[0m[ERROR] testVetEditSpecialty  Time elapsed: 35.248 s  <<< FAILURE!
com.codeborne.selenide.ex.ElementNotFound: 
Element not found {by text: Henry Stevens}
Expected: exist
	at com.roguewave.petclinic.vets.tests.VetResourcesITest.findAndOpenVet(VetResourcesITest.java:256)
	at com.roguewave.petclinic.vets.tests.VetResourcesITest.testVetEditSpecialty(VetResourcesITest.java:175)
Caused by: org.openqa.selenium.NoSuchElementException: 
no such element: Unable to locate element: {"method":"xpath","selector":".//*/text()[normalize-space(translate(string(.), '	
 ', '    ')) = "Henry Stevens"]/parent::*"}
  (Session info: headless chrome=71.0.3578.80)
  (Driver info: chromedriver=71.0.3578.33 (269aa0e3f0db08097f0fe231c7e6be200b6939f7),platform=Linux 4.9.93-linuxkit-aufs x86_64) (WARNING: The server did not provide any stacktrace information)
Command duration or timeout: 0 milliseconds
For documentation on this error, please visit: http://seleniumhq.org/exceptions/no_such_element.html
Build info: version: '3.14.0', revision: 'aacccce0', time: '2018-08-02T20:19:58.91Z'
System info: host: '27bd21f57c65', ip: '172.18.0.2', os.name: 'Linux', os.arch: 'amd64', os.version: '4.9.93-linuxkit-aufs', java.version: '1.8.0_181'
Driver info: org.openqa.selenium.chrome.ChromeDriver
Capabilities {acceptInsecureCerts: false, acceptSslCerts: false, applicationCacheEnabled: false, browserConnectionEnabled: false, browserName: chrome, chrome: {chromedriverVersion: 71.0.3578.33 (269aa0e3f0db0..., userDataDir: /tmp/.com.google.Chrome.XM7kzX}, cssSelectorsEnabled: true, databaseEnabled: false, goog:chromeOptions: {debuggerAddress: localhost:45583}, handlesAlerts: true, hasTouchScreen: false, javascriptEnabled: true, locationContextEnabled: true, mobileEmulationEnabled: false, nativeEvents: true, networkConnectionEnabled: false, pageLoadStrategy: normal, platform: LINUX, platformName: LINUX, rotatable: false, setWindowRect: true, takesHeapSnapshot: true, takesScreenshot: true, unexpectedAlertBehaviour: , unhandledPromptBehavior: , version: 71.0.3578.80, webStorageEnabled: true}
Session ID: 8d4d0192a7807042d7e4347332dc499e
*** Element info: {Using=xpath, value=.//*/text()[normalize-space(translate(string(.), '	
 ', '    ')) = "Henry Stevens"]/parent::*}
	at com.roguewave.petclinic.vets.tests.VetResourcesITest.findAndOpenVet(VetResourcesITest.java:256)
	at com.roguewave.petclinic.vets.tests.VetResourcesITest.testVetEditSpecialty(VetResourcesITest.java:175)

[8mha:////4LvaPO8NsRewfjQg5mk4puCcfxYp855QpVLqO2x4nZMAAAAAYB+LCAAAAAAAAP9b85aBtbiIQSmjNKU4P0+vJLE4u1gvPjexLDVPzxdEuhYV5Rf55ZekOlc7RKnPKH7IxMBQUcQgBdWQnJ9XnJ+TqucMoUEKGSCAEaSwAACsNFCqYAAAAA==[0m[ERROR] testVetDetails  Time elapsed: 30.219 s  <<< FAILURE!
com.codeborne.selenide.ex.ElementNotFound: 
Element not found {by text: James Carter}
Expected: exist
	at com.roguewave.petclinic.vets.tests.VetResourcesITest.findAndOpenVet(VetResourcesITest.java:256)
	at com.roguewave.petclinic.vets.tests.VetResourcesITest.testVetDetails(VetResourcesITest.java:139)
Caused by: org.openqa.selenium.NoSuchElementException: 
no such element: Unable to locate element: {"method":"xpath","selector":".//*/text()[normalize-space(translate(string(.), '	
 ', '    ')) = "James Carter"]/parent::*"}
  (Session info: headless chrome=71.0.3578.80)
  (Driver info: chromedriver=71.0.3578.33 (269aa0e3f0db08097f0fe231c7e6be200b6939f7),platform=Linux 4.9.93-linuxkit-aufs x86_64) (WARNING: The server did not provide any stacktrace information)
Command duration or timeout: 0 milliseconds
For documentation on this error, please visit: http://seleniumhq.org/exceptions/no_such_element.html
Build info: version: '3.14.0', revision: 'aacccce0', time: '2018-08-02T20:19:58.91Z'
System info: host: '27bd21f57c65', ip: '172.18.0.2', os.name: 'Linux', os.arch: 'amd64', os.version: '4.9.93-linuxkit-aufs', java.version: '1.8.0_181'
Driver info: org.openqa.selenium.chrome.ChromeDriver
Capabilities {acceptInsecureCerts: false, acceptSslCerts: false, applicationCacheEnabled: false, browserConnectionEnabled: false, browserName: chrome, chrome: {chromedriverVersion: 71.0.3578.33 (269aa0e3f0db0..., userDataDir: /tmp/.com.google.Chrome.XM7kzX}, cssSelectorsEnabled: true, databaseEnabled: false, goog:chromeOptions: {debuggerAddress: localhost:45583}, handlesAlerts: true, hasTouchScreen: false, javascriptEnabled: true, locationContextEnabled: true, mobileEmulationEnabled: false, nativeEvents: true, networkConnectionEnabled: false, pageLoadStrategy: normal, platform: LINUX, platformName: LINUX, rotatable: false, setWindowRect: true, takesHeapSnapshot: true, takesScreenshot: true, unexpectedAlertBehaviour: , unhandledPromptBehavior: , version: 71.0.3578.80, webStorageEnabled: true}
Session ID: 8d4d0192a7807042d7e4347332dc499e
*** Element info: {Using=xpath, value=.//*/text()[normalize-space(translate(string(.), '	
 ', '    ')) = "James Carter"]/parent::*}
	at com.roguewave.petclinic.vets.tests.VetResourcesITest.findAndOpenVet(VetResourcesITest.java:256)
	at com.roguewave.petclinic.vets.tests.VetResourcesITest.testVetDetails(VetResourcesITest.java:139)

[8mha:////4LvaPO8NsRewfjQg5mk4puCcfxYp855QpVLqO2x4nZMAAAAAYB+LCAAAAAAAAP9b85aBtbiIQSmjNKU4P0+vJLE4u1gvPjexLDVPzxdEuhYV5Rf55ZekOlc7RKnPKH7IxMBQUcQgBdWQnJ9XnJ+TqucMoUEKGSCAEaSwAACsNFCqYAAAAA==[0m[ERROR] testVetEditAndAddMultipleSpecialty  Time elapsed: 30.198 s  <<< FAILURE!
com.codeborne.selenide.ex.ElementNotFound: 
Element not found {by text: Peter Svensson}
Expected: exist
	at com.roguewave.petclinic.vets.tests.VetResourcesITest.findAndOpenVet(VetResourcesITest.java:256)
	at com.roguewave.petclinic.vets.tests.VetResourcesITest.testVetEditAndAddMultipleSpecialty(VetResourcesITest.java:200)
Caused by: org.openqa.selenium.NoSuchElementException: 
no such element: Unable to locate element: {"method":"xpath","selector":".//*/text()[normalize-space(translate(string(.), '	
 ', '    ')) = "Peter Svensson"]/parent::*"}
  (Session info: headless chrome=71.0.3578.80)
  (Driver info: chromedriver=71.0.3578.33 (269aa0e3f0db08097f0fe231c7e6be200b6939f7),platform=Linux 4.9.93-linuxkit-aufs x86_64) (WARNING: The server did not provide any stacktrace information)
Command duration or timeout: 0 milliseconds
For documentation on this error, please visit: http://seleniumhq.org/exceptions/no_such_element.html
Build info: version: '3.14.0', revision: 'aacccce0', time: '2018-08-02T20:19:58.91Z'
System info: host: '27bd21f57c65', ip: '172.18.0.2', os.name: 'Linux', os.arch: 'amd64', os.version: '4.9.93-linuxkit-aufs', java.version: '1.8.0_181'
Driver info: org.openqa.selenium.chrome.ChromeDriver
Capabilities {acceptInsecureCerts: false, acceptSslCerts: false, applicationCacheEnabled: false, browserConnectionEnabled: false, browserName: chrome, chrome: {chromedriverVersion: 71.0.3578.33 (269aa0e3f0db0..., userDataDir: /tmp/.com.google.Chrome.XM7kzX}, cssSelectorsEnabled: true, databaseEnabled: false, goog:chromeOptions: {debuggerAddress: localhost:45583}, handlesAlerts: true, hasTouchScreen: false, javascriptEnabled: true, locationContextEnabled: true, mobileEmulationEnabled: false, nativeEvents: true, networkConnectionEnabled: false, pageLoadStrategy: normal, platform: LINUX, platformName: LINUX, rotatable: false, setWindowRect: true, takesHeapSnapshot: true, takesScreenshot: true, unexpectedAlertBehaviour: , unhandledPromptBehavior: , version: 71.0.3578.80, webStorageEnabled: true}
Session ID: 8d4d0192a7807042d7e4347332dc499e
*** Element info: {Using=xpath, value=.//*/text()[normalize-space(translate(string(.), '	
 ', '    ')) = "Peter Svensson"]/parent::*}
	at com.roguewave.petclinic.vets.tests.VetResourcesITest.findAndOpenVet(VetResourcesITest.java:256)
	at com.roguewave.petclinic.vets.tests.VetResourcesITest.testVetEditAndAddMultipleSpecialty(VetResourcesITest.java:200)

2018-12-11 16:27:36.672  INFO 23910 --- [       Thread-2] s.c.a.AnnotationConfigApplicationContext : Closing org.springframework.context.annotation.AnnotationConfigApplicationContext@50f6ac94: startup date [Tue Dec 11 16:25:25 UTC 2018]; root of context hierarchy
[INFO] 
[INFO] Results:
[INFO] 
[8mha:////4LvaPO8NsRewfjQg5mk4puCcfxYp855QpVLqO2x4nZMAAAAAYB+LCAAAAAAAAP9b85aBtbiIQSmjNKU4P0+vJLE4u1gvPjexLDVPzxdEuhYV5Rf55ZekOlc7RKnPKH7IxMBQUcQgBdWQnJ9XnJ+TqucMoUEKGSCAEaSwAACsNFCqYAAAAA==[0m[ERROR] Failures: 
[8mha:////4LvaPO8NsRewfjQg5mk4puCcfxYp855QpVLqO2x4nZMAAAAAYB+LCAAAAAAAAP9b85aBtbiIQSmjNKU4P0+vJLE4u1gvPjexLDVPzxdEuhYV5Rf55ZekOlc7RKnPKH7IxMBQUcQgBdWQnJ9XnJ+TqucMoUEKGSCAEaSwAACsNFCqYAAAAA==[0m[ERROR]   VetResourcesITest.testVetDetails:139->findAndOpenVet:256 Element not found {by text: James Carter}
Expected: exist
[8mha:////4LvaPO8NsRewfjQg5mk4puCcfxYp855QpVLqO2x4nZMAAAAAYB+LCAAAAAAAAP9b85aBtbiIQSmjNKU4P0+vJLE4u1gvPjexLDVPzxdEuhYV5Rf55ZekOlc7RKnPKH7IxMBQUcQgBdWQnJ9XnJ+TqucMoUEKGSCAEaSwAACsNFCqYAAAAA==[0m[ERROR]   VetResourcesITest.testVetEditAndAddMultipleSpecialty:200->findAndOpenVet:256 Element not found {by text: Peter Svensson}
Expected: exist
[8mha:////4LvaPO8NsRewfjQg5mk4puCcfxYp855QpVLqO2x4nZMAAAAAYB+LCAAAAAAAAP9b85aBtbiIQSmjNKU4P0+vJLE4u1gvPjexLDVPzxdEuhYV5Rf55ZekOlc7RKnPKH7IxMBQUcQgBdWQnJ9XnJ+TqucMoUEKGSCAEaSwAACsNFCqYAAAAA==[0m[ERROR]   VetResourcesITest.testVetEditSpecialty:175->findAndOpenVet:256 Element not found {by text: Henry Stevens}
Expected: exist
[INFO] 
[8mha:////4LvaPO8NsRewfjQg5mk4puCcfxYp855QpVLqO2x4nZMAAAAAYB+LCAAAAAAAAP9b85aBtbiIQSmjNKU4P0+vJLE4u1gvPjexLDVPzxdEuhYV5Rf55ZekOlc7RKnPKH7IxMBQUcQgBdWQnJ9XnJ+TqucMoUEKGSCAEaSwAACsNFCqYAAAAA==[0m[ERROR] Tests run: 9, Failures: 3, Errors: 0, Skipped: 0
[INFO] 
[INFO] ------------------------------------------------------------------------
[INFO] BUILD FAILURE
[INFO] ------------------------------------------------------------------------
[INFO] Total time: 02:19 min
[INFO] Finished at: 2018-12-11T16:27:37+00:00
[INFO] Final Memory: 33M/213M
[INFO] ------------------------------------------------------------------------
[8mha:////4LvaPO8NsRewfjQg5mk4puCcfxYp855QpVLqO2x4nZMAAAAAYB+LCAAAAAAAAP9b85aBtbiIQSmjNKU4P0+vJLE4u1gvPjexLDVPzxdEuhYV5Rf55ZekOlc7RKnPKH7IxMBQUcQgBdWQnJ9XnJ+TqucMoUEKGSCAEaSwAACsNFCqYAAAAA==[0m[ERROR] Failed to execute goal org.apache.maven.plugins:maven-surefire-plugin:2.22.0:test (default-test) on project spring-petclinic-e2e-tests: There are test failures.
[8mha:////4LvaPO8NsRewfjQg5mk4puCcfxYp855QpVLqO2x4nZMAAAAAYB+LCAAAAAAAAP9b85aBtbiIQSmjNKU4P0+vJLE4u1gvPjexLDVPzxdEuhYV5Rf55ZekOlc7RKnPKH7IxMBQUcQgBdWQnJ9XnJ+TqucMoUEKGSCAEaSwAACsNFCqYAAAAA==[0m[ERROR] 
[8mha:////4LvaPO8NsRewfjQg5mk4puCcfxYp855QpVLqO2x4nZMAAAAAYB+LCAAAAAAAAP9b85aBtbiIQSmjNKU4P0+vJLE4u1gvPjexLDVPzxdEuhYV5Rf55ZekOlc7RKnPKH7IxMBQUcQgBdWQnJ9XnJ+TqucMoUEKGSCAEaSwAACsNFCqYAAAAA==[0m[ERROR] Please refer to /var/jenkins_home/jobs/spring-petclinic-microservices-end-to-end-tests/workspace/spring-petclinic-e2e-tests/target/surefire-reports for the individual test results.
[8mha:////4LvaPO8NsRewfjQg5mk4puCcfxYp855QpVLqO2x4nZMAAAAAYB+LCAAAAAAAAP9b85aBtbiIQSmjNKU4P0+vJLE4u1gvPjexLDVPzxdEuhYV5Rf55ZekOlc7RKnPKH7IxMBQUcQgBdWQnJ9XnJ+TqucMoUEKGSCAEaSwAACsNFCqYAAAAA==[0m[ERROR] Please refer to dump files (if any exist) [date]-jvmRun[N].dump, [date].dumpstream and [date]-jvmRun[N].dumpstream.
[8mha:////4LvaPO8NsRewfjQg5mk4puCcfxYp855QpVLqO2x4nZMAAAAAYB+LCAAAAAAAAP9b85aBtbiIQSmjNKU4P0+vJLE4u1gvPjexLDVPzxdEuhYV5Rf55ZekOlc7RKnPKH7IxMBQUcQgBdWQnJ9XnJ+TqucMoUEKGSCAEaSwAACsNFCqYAAAAA==[0m[ERROR] -> [Help 1]
[8mha:////4LvaPO8NsRewfjQg5mk4puCcfxYp855QpVLqO2x4nZMAAAAAYB+LCAAAAAAAAP9b85aBtbiIQSmjNKU4P0+vJLE4u1gvPjexLDVPzxdEuhYV5Rf55ZekOlc7RKnPKH7IxMBQUcQgBdWQnJ9XnJ+TqucMoUEKGSCAEaSwAACsNFCqYAAAAA==[0m[ERROR] 
[8mha:////4LvaPO8NsRewfjQg5mk4puCcfxYp855QpVLqO2x4nZMAAAAAYB+LCAAAAAAAAP9b85aBtbiIQSmjNKU4P0+vJLE4u1gvPjexLDVPzxdEuhYV5Rf55ZekOlc7RKnPKH7IxMBQUcQgBdWQnJ9XnJ+TqucMoUEKGSCAEaSwAACsNFCqYAAAAA==[0m[ERROR] To see the full stack trace of the errors, re-run Maven with the -e switch.
[8mha:////4LvaPO8NsRewfjQg5mk4puCcfxYp855QpVLqO2x4nZMAAAAAYB+LCAAAAAAAAP9b85aBtbiIQSmjNKU4P0+vJLE4u1gvPjexLDVPzxdEuhYV5Rf55ZekOlc7RKnPKH7IxMBQUcQgBdWQnJ9XnJ+TqucMoUEKGSCAEaSwAACsNFCqYAAAAA==[0m[ERROR] Re-run Maven using the -X switch to enable full debug logging.
[8mha:////4LvaPO8NsRewfjQg5mk4puCcfxYp855QpVLqO2x4nZMAAAAAYB+LCAAAAAAAAP9b85aBtbiIQSmjNKU4P0+vJLE4u1gvPjexLDVPzxdEuhYV5Rf55ZekOlc7RKnPKH7IxMBQUcQgBdWQnJ9XnJ+TqucMoUEKGSCAEaSwAACsNFCqYAAAAA==[0m[ERROR] 
[8mha:////4LvaPO8NsRewfjQg5mk4puCcfxYp855QpVLqO2x4nZMAAAAAYB+LCAAAAAAAAP9b85aBtbiIQSmjNKU4P0+vJLE4u1gvPjexLDVPzxdEuhYV5Rf55ZekOlc7RKnPKH7IxMBQUcQgBdWQnJ9XnJ+TqucMoUEKGSCAEaSwAACsNFCqYAAAAA==[0m[ERROR] For more information about the errors and possible solutions, please read the following articles:
[8mha:////4LvaPO8NsRewfjQg5mk4puCcfxYp855QpVLqO2x4nZMAAAAAYB+LCAAAAAAAAP9b85aBtbiIQSmjNKU4P0+vJLE4u1gvPjexLDVPzxdEuhYV5Rf55ZekOlc7RKnPKH7IxMBQUcQgBdWQnJ9XnJ+TqucMoUEKGSCAEaSwAACsNFCqYAAAAA==[0m[ERROR] [Help 1] http://cwiki.apache.org/confluence/display/MAVEN/MojoFailureException
Build step 'Invoke top-level Maven targets' marked build as failure
Performing Post build task...
Match found for : : True
Logical operation result is TRUE
Running script  : docker-compose down
[workspace] $ /bin/sh -xe /tmp/jenkins1521032744183634584.sh
+ docker-compose down
Stopping api-gateway       ... 
Stopping admin-server      ... 
Stopping visits-service    ... 
Stopping customers-service ... 
Stopping vets-service      ... 
Stopping discovery-server  ... 
Stopping tracing-server    ... 
Stopping config-server     ... 
[2A[2KStopping tracing-server    ... [32mdone[0m[2B[6A[2KStopping visits-service    ... [32mdone[0m[6B[7A[2KStopping admin-server      ... [32mdone[0m[7B[5A[2KStopping customers-service ... [32mdone[0m[5B[4A[2KStopping vets-service      ... [32mdone[0m[4B[8A[2KStopping api-gateway       ... [32mdone[0m[8B[3A[2KStopping discovery-server  ... [32mdone[0m[3B[1A[2KStopping config-server     ... [32mdone[0m[1BRemoving api-gateway       ... 
Removing admin-server      ... 
Removing visits-service    ... 
Removing customers-service ... 
Removing vets-service      ... 
Removing discovery-server  ... 
Removing tracing-server    ... 
Removing config-server     ... 
[8A[2KRemoving api-gateway       ... [32mdone[0m[8B[7A[2KRemoving admin-server      ... [32mdone[0m[7B[4A[2KRemoving vets-service      ... [32mdone[0m[4B[6A[2KRemoving visits-service    ... [32mdone[0m[6B[5A[2KRemoving customers-service ... [32mdone[0m[5B[2A[2KRemoving tracing-server    ... [32mdone[0m[2B[1A[2KRemoving config-server     ... [32mdone[0m[1B[3A[2KRemoving discovery-server  ... [32mdone[0m[3BNetwork spring-petclinic-microservices_default is external, skipping
POST BUILD TASK : SUCCESS
END OF POST BUILD TASK : 0
Finished: FAILURE
