Started by user unknown or anonymous
ln builds/lastSuccessfulBuild /var/jenkins_home/jobs/spring-petclinic-microservices-end-to-end-tests/lastSuccessful failed
java.nio.file.DirectoryNotEmptyException: /var/jenkins_home/jobs/spring-petclinic-microservices-end-to-end-tests/lastSuccessful
	at sun.nio.fs.UnixFileSystemProvider.implDelete(UnixFileSystemProvider.java:242)
	at sun.nio.fs.AbstractFileSystemProvider.deleteIfExists(AbstractFileSystemProvider.java:108)
	at java.nio.file.Files.deleteIfExists(Files.java:1165)
	at hudson.Util.createSymlink(Util.java:1351)
	at hudson.model.Run.createSymlink(Run.java:1958)
	at hudson.model.Run.updateSymlinks(Run.java:1939)
	at hudson.model.Run.execute(Run.java:1817)
	at hudson.model.FreeStyleBuild.run(FreeStyleBuild.java:43)
	at hudson.model.ResourceController.execute(ResourceController.java:97)
	at hudson.model.Executor.run(Executor.java:429)
ln builds/lastStableBuild /var/jenkins_home/jobs/spring-petclinic-microservices-end-to-end-tests/lastStable failed
java.nio.file.DirectoryNotEmptyException: /var/jenkins_home/jobs/spring-petclinic-microservices-end-to-end-tests/lastStable
	at sun.nio.fs.UnixFileSystemProvider.implDelete(UnixFileSystemProvider.java:242)
	at sun.nio.fs.AbstractFileSystemProvider.deleteIfExists(AbstractFileSystemProvider.java:108)
	at java.nio.file.Files.deleteIfExists(Files.java:1165)
	at hudson.Util.createSymlink(Util.java:1351)
	at hudson.model.Run.createSymlink(Run.java:1958)
	at hudson.model.Run.updateSymlinks(Run.java:1940)
	at hudson.model.Run.execute(Run.java:1817)
	at hudson.model.FreeStyleBuild.run(FreeStyleBuild.java:43)
	at hudson.model.ResourceController.execute(ResourceController.java:97)
	at hudson.model.Executor.run(Executor.java:429)
Building in workspace /var/jenkins_home/jobs/spring-petclinic-microservices-end-to-end-tests/workspace
 > git rev-parse --is-inside-work-tree # timeout=10
Fetching changes from the remote Git repository
 > git config remote.origin.url https://github.com/sten711/spring-petclinic-microservices # timeout=10
Fetching upstream changes from https://github.com/sten711/spring-petclinic-microservices
 > git --version # timeout=10
 > git fetch --tags --progress https://github.com/sten711/spring-petclinic-microservices +refs/heads/*:refs/remotes/origin/*
 > git rev-parse origin/master^{commit} # timeout=10
Checking out Revision e65b3b69a79c114c9b2b9552c75b77ab4193ba18 (origin/master)
 > git config core.sparsecheckout # timeout=10
 > git checkout -f e65b3b69a79c114c9b2b9552c75b77ab4193ba18
Commit message: "VET-37 #Add test for vet specialty not saved"
 > git rev-list --no-walk a1fd7a3da612abf03af80a6a61370452f903f4f7 # timeout=10
Build environment variables will be made available to the next build: QREBEL_AUTH_TOKEN=ae487773-386b-4508-8f1d-cac79497ed60:APP_VERSION=2.0.7:APP_BUILD=2.0.7RC17
[workspace] $ mvn clean install -PbuildDocker
[INFO] Scanning for projects...
[INFO] ------------------------------------------------------------------------
[INFO] Reactor Build Order:
[INFO] 
[INFO] spring-petclinic-microservices
[INFO] spring-petclinic-admin-server
[INFO] spring-petclinic-customers-service
[INFO] spring-petclinic-vets-service
[INFO] spring-petclinic-visits-service
[INFO] spring-petclinic-config-server
[INFO] spring-petclinic-discovery-server
[INFO] spring-petclinic-api-gateway
[INFO]                                                                         
[INFO] ------------------------------------------------------------------------
[INFO] Building spring-petclinic-microservices 2.0.6
[INFO] ------------------------------------------------------------------------
[INFO] 
[8mha:////4LY9qAbl0+xaq4stsC31wXaa51IICuI8DGD7yd5+vXM8AAAAYB+LCAAAAAAAAP9b85aBtbiIQSmjNKU4P0+vJLE4u1gvPjexLDVPzxdEGvvmZ+X75ZekLlOVfvTjc8FPJgaGiiIGKaiG5Py84vycVD1nCA1SyAABjCCFBQCV27OjYAAAAA==[0m[INFO] --- maven-clean-plugin:3.0.0:clean (default-clean) @ spring-petclinic-microservices ---
[INFO] 
[8mha:////4LY9qAbl0+xaq4stsC31wXaa51IICuI8DGD7yd5+vXM8AAAAYB+LCAAAAAAAAP9b85aBtbiIQSmjNKU4P0+vJLE4u1gvPjexLDVPzxdEGvvmZ+X75ZekLlOVfvTjc8FPJgaGiiIGKaiG5Py84vycVD1nCA1SyAABjCCFBQCV27OjYAAAAA==[0m[INFO] --- maven-install-plugin:2.5.2:install (default-install) @ spring-petclinic-microservices ---
[INFO] Installing /var/jenkins_home/jobs/spring-petclinic-microservices-end-to-end-tests/workspace/pom.xml to /var/jenkins_home/.m2/repository/org/springframework/samples/spring-petclinic-microservices/2.0.6/spring-petclinic-microservices-2.0.6.pom
[INFO]                                                                         
[INFO] ------------------------------------------------------------------------
[INFO] Building spring-petclinic-admin-server 2.0.6
[INFO] ------------------------------------------------------------------------
[INFO] 
[8mha:////4LY9qAbl0+xaq4stsC31wXaa51IICuI8DGD7yd5+vXM8AAAAYB+LCAAAAAAAAP9b85aBtbiIQSmjNKU4P0+vJLE4u1gvPjexLDVPzxdEGvvmZ+X75ZekLlOVfvTjc8FPJgaGiiIGKaiG5Py84vycVD1nCA1SyAABjCCFBQCV27OjYAAAAA==[0m[INFO] --- maven-clean-plugin:3.0.0:clean (default-clean) @ spring-petclinic-admin-server ---
[INFO] Deleting /var/jenkins_home/jobs/spring-petclinic-microservices-end-to-end-tests/workspace/spring-petclinic-admin-server/target
[INFO] 
[8mha:////4LY9qAbl0+xaq4stsC31wXaa51IICuI8DGD7yd5+vXM8AAAAYB+LCAAAAAAAAP9b85aBtbiIQSmjNKU4P0+vJLE4u1gvPjexLDVPzxdEGvvmZ+X75ZekLlOVfvTjc8FPJgaGiiIGKaiG5Py84vycVD1nCA1SyAABjCCFBQCV27OjYAAAAA==[0m[INFO] --- git-commit-id-plugin:2.2.5:revision (default) @ spring-petclinic-admin-server ---
[INFO] dotGitDirectory /var/jenkins_home/jobs/spring-petclinic-microservices-end-to-end-tests/workspace/.git
[INFO] git.build.user.name 
[INFO] git.build.user.email 
[INFO] Using environment variable based branch name. GIT_BRANCH = origin/master
[INFO] git.branch origin/master
[INFO] --always = true
[INFO] --dirty = -dirty
[INFO] --abbrev = 7
[INFO] Tag refs [[Ref[refs/tags/v1.5.9=387f824fd9f4ce6e1693b43eec9fc35867fc9f3e], Ref[refs/tags/v2.0.3=8fa041c08ec96e3079c0df4006b537f8c0b3ad85]]]
[INFO] Created map: [{}]
[INFO] evalCommit is [e65b3b69a79c114c9b2b9552c75b77ab4193ba18]
[INFO] git.commit.id.describe e65b3b6
[INFO] git.commit.id e65b3b69a79c114c9b2b9552c75b77ab4193ba18
[INFO] git.commit.id.abbrev e65b3b6
[INFO] git.dirty false
[INFO] git.commit.user.name Sten
[INFO] git.commit.user.email sten@Stens-MacBook.local
[INFO] git.commit.message.full VET-37 #Add test for vet specialty not saved
[INFO] git.commit.message.short VET-37 #Add test for vet specialty not saved
[INFO] git.commit.time 2018-12-09T09:00:10+0000
[INFO] git.remote.origin.url https://github.com/sten711/spring-petclinic-microservices
[INFO] git.tags 
[INFO] evalCommit is [e65b3b69a79c114c9b2b9552c75b77ab4193ba18]
[INFO] Tag refs [[Ref[refs/tags/v1.5.9=387f824fd9f4ce6e1693b43eec9fc35867fc9f3e], Ref[refs/tags/v2.0.3=8fa041c08ec96e3079c0df4006b537f8c0b3ad85]]]
[INFO] Created map: [{}]
[INFO] git.closest.tag.name 
[INFO] evalCommit is [e65b3b69a79c114c9b2b9552c75b77ab4193ba18]
[INFO] Tag refs [[Ref[refs/tags/v1.5.9=387f824fd9f4ce6e1693b43eec9fc35867fc9f3e], Ref[refs/tags/v2.0.3=8fa041c08ec96e3079c0df4006b537f8c0b3ad85]]]
[INFO] Created map: [{}]
[INFO] git.closest.tag.commit.count 
[INFO] git.total.commit.count 636
[INFO] git.build.time 2018-12-09T09:06:41+0000
[INFO] git.build.version 2.0.6
[INFO] git.build.host 7328c9c8bcb8
[INFO] git.build.number 86
[INFO] git.commit.id.describe-short e65b3b6
[INFO] found property git.build.user.email
[INFO] found property git.build.host
[INFO] found property git.dirty
[INFO] found property git.remote.origin.url
[INFO] found property git.closest.tag.name
[INFO] found property git.total.commit.count
[INFO] found property git.commit.id.describe-short
[INFO] found property git.commit.user.email
[INFO] found property git.commit.time
[INFO] found property git.commit.message.full
[INFO] found property git.build.version
[INFO] found property git.commit.message.short
[INFO] found property git.commit.id.abbrev
[INFO] found property git.branch
[INFO] found property git.build.user.name
[INFO] found property git.build.number
[INFO] found property git.closest.tag.commit.count
[INFO] found property git.commit.id.describe
[INFO] found property git.commit.id
[INFO] found property git.tags
[INFO] found property git.build.time
[INFO] found property git.commit.user.name
[INFO] Writing properties file to [/var/jenkins_home/jobs/spring-petclinic-microservices-end-to-end-tests/workspace/spring-petclinic-admin-server/target/classes/git.properties] (for module spring-petclinic-admin-server)...
[INFO] 
[8mha:////4LY9qAbl0+xaq4stsC31wXaa51IICuI8DGD7yd5+vXM8AAAAYB+LCAAAAAAAAP9b85aBtbiIQSmjNKU4P0+vJLE4u1gvPjexLDVPzxdEGvvmZ+X75ZekLlOVfvTjc8FPJgaGiiIGKaiG5Py84vycVD1nCA1SyAABjCCFBQCV27OjYAAAAA==[0m[INFO] --- spring-boot-maven-plugin:2.0.6.RELEASE:build-info (default) @ spring-petclinic-admin-server ---
[INFO] 
[8mha:////4LY9qAbl0+xaq4stsC31wXaa51IICuI8DGD7yd5+vXM8AAAAYB+LCAAAAAAAAP9b85aBtbiIQSmjNKU4P0+vJLE4u1gvPjexLDVPzxdEGvvmZ+X75ZekLlOVfvTjc8FPJgaGiiIGKaiG5Py84vycVD1nCA1SyAABjCCFBQCV27OjYAAAAA==[0m[INFO] --- maven-resources-plugin:3.0.2:resources (default-resources) @ spring-petclinic-admin-server ---
[INFO] Using 'UTF-8' encoding to copy filtered resources.
[INFO] Copying 0 resource
[INFO] Copying 2 resources
[INFO] 
[8mha:////4LY9qAbl0+xaq4stsC31wXaa51IICuI8DGD7yd5+vXM8AAAAYB+LCAAAAAAAAP9b85aBtbiIQSmjNKU4P0+vJLE4u1gvPjexLDVPzxdEGvvmZ+X75ZekLlOVfvTjc8FPJgaGiiIGKaiG5Py84vycVD1nCA1SyAABjCCFBQCV27OjYAAAAA==[0m[INFO] --- maven-compiler-plugin:3.7.0:compile (default-compile) @ spring-petclinic-admin-server ---
[INFO] Changes detected - recompiling the module!
[INFO] Compiling 1 source file to /var/jenkins_home/jobs/spring-petclinic-microservices-end-to-end-tests/workspace/spring-petclinic-admin-server/target/classes
[INFO] 
[8mha:////4LY9qAbl0+xaq4stsC31wXaa51IICuI8DGD7yd5+vXM8AAAAYB+LCAAAAAAAAP9b85aBtbiIQSmjNKU4P0+vJLE4u1gvPjexLDVPzxdEGvvmZ+X75ZekLlOVfvTjc8FPJgaGiiIGKaiG5Py84vycVD1nCA1SyAABjCCFBQCV27OjYAAAAA==[0m[INFO] --- maven-resources-plugin:3.0.2:testResources (default-testResources) @ spring-petclinic-admin-server ---
[INFO] Not copying test resources
[INFO] 
[8mha:////4LY9qAbl0+xaq4stsC31wXaa51IICuI8DGD7yd5+vXM8AAAAYB+LCAAAAAAAAP9b85aBtbiIQSmjNKU4P0+vJLE4u1gvPjexLDVPzxdEGvvmZ+X75ZekLlOVfvTjc8FPJgaGiiIGKaiG5Py84vycVD1nCA1SyAABjCCFBQCV27OjYAAAAA==[0m[INFO] --- maven-compiler-plugin:3.7.0:testCompile (default-testCompile) @ spring-petclinic-admin-server ---
[INFO] Not compiling test sources
[INFO] 
[8mha:////4LY9qAbl0+xaq4stsC31wXaa51IICuI8DGD7yd5+vXM8AAAAYB+LCAAAAAAAAP9b85aBtbiIQSmjNKU4P0+vJLE4u1gvPjexLDVPzxdEGvvmZ+X75ZekLlOVfvTjc8FPJgaGiiIGKaiG5Py84vycVD1nCA1SyAABjCCFBQCV27OjYAAAAA==[0m[INFO] --- maven-surefire-plugin:2.22.0:test (default-test) @ spring-petclinic-admin-server ---
[INFO] Tests are skipped.
[INFO] 
[8mha:////4LY9qAbl0+xaq4stsC31wXaa51IICuI8DGD7yd5+vXM8AAAAYB+LCAAAAAAAAP9b85aBtbiIQSmjNKU4P0+vJLE4u1gvPjexLDVPzxdEGvvmZ+X75ZekLlOVfvTjc8FPJgaGiiIGKaiG5Py84vycVD1nCA1SyAABjCCFBQCV27OjYAAAAA==[0m[INFO] --- maven-jar-plugin:3.0.2:jar (default-jar) @ spring-petclinic-admin-server ---
[INFO] Building jar: /var/jenkins_home/jobs/spring-petclinic-microservices-end-to-end-tests/workspace/spring-petclinic-admin-server/target/spring-petclinic-admin-server-2.0.6.jar
[INFO] 
[8mha:////4LY9qAbl0+xaq4stsC31wXaa51IICuI8DGD7yd5+vXM8AAAAYB+LCAAAAAAAAP9b85aBtbiIQSmjNKU4P0+vJLE4u1gvPjexLDVPzxdEGvvmZ+X75ZekLlOVfvTjc8FPJgaGiiIGKaiG5Py84vycVD1nCA1SyAABjCCFBQCV27OjYAAAAA==[0m[INFO] --- spring-boot-maven-plugin:2.0.6.RELEASE:repackage (default) @ spring-petclinic-admin-server ---
[INFO] 
[8mha:////4LY9qAbl0+xaq4stsC31wXaa51IICuI8DGD7yd5+vXM8AAAAYB+LCAAAAAAAAP9b85aBtbiIQSmjNKU4P0+vJLE4u1gvPjexLDVPzxdEGvvmZ+X75ZekLlOVfvTjc8FPJgaGiiIGKaiG5Py84vycVD1nCA1SyAABjCCFBQCV27OjYAAAAA==[0m[INFO] --- maven-install-plugin:2.5.2:install (default-install) @ spring-petclinic-admin-server ---
[INFO] Installing /var/jenkins_home/jobs/spring-petclinic-microservices-end-to-end-tests/workspace/spring-petclinic-admin-server/target/spring-petclinic-admin-server-2.0.6.jar to /var/jenkins_home/.m2/repository/org/springframework/samples/petclinic/admin/spring-petclinic-admin-server/2.0.6/spring-petclinic-admin-server-2.0.6.jar
[INFO] Installing /var/jenkins_home/jobs/spring-petclinic-microservices-end-to-end-tests/workspace/spring-petclinic-admin-server/pom.xml to /var/jenkins_home/.m2/repository/org/springframework/samples/petclinic/admin/spring-petclinic-admin-server/2.0.6/spring-petclinic-admin-server-2.0.6.pom
[INFO] 
[8mha:////4LY9qAbl0+xaq4stsC31wXaa51IICuI8DGD7yd5+vXM8AAAAYB+LCAAAAAAAAP9b85aBtbiIQSmjNKU4P0+vJLE4u1gvPjexLDVPzxdEGvvmZ+X75ZekLlOVfvTjc8FPJgaGiiIGKaiG5Py84vycVD1nCA1SyAABjCCFBQCV27OjYAAAAA==[0m[INFO] --- docker-maven-plugin:1.1.1:build (default) @ spring-petclinic-admin-server ---
[INFO] Using authentication suppliers: [ConfigFileRegistryAuthSupplier]
[INFO] Copying /var/jenkins_home/jobs/spring-petclinic-microservices-end-to-end-tests/workspace/spring-petclinic-admin-server/target/spring-petclinic-admin-server-2.0.6.jar -> /var/jenkins_home/jobs/spring-petclinic-microservices-end-to-end-tests/workspace/spring-petclinic-admin-server/target/docker/spring-petclinic-admin-server-2.0.6.jar
[INFO] Copying /var/jenkins_home/jobs/spring-petclinic-microservices-end-to-end-tests/workspace/spring-petclinic-admin-server/../docker/Dockerfile -> /var/jenkins_home/jobs/spring-petclinic-microservices-end-to-end-tests/workspace/spring-petclinic-admin-server/target/docker/Dockerfile
[INFO] Building image mszarlinski/spring-petclinic-admin-server
Step 1/13 : FROM openjdk:8-jre-alpine

 ---> 2e01f547f003
Step 2/13 : VOLUME /tmp

 ---> Using cache
 ---> 6904023c293c
Step 3/13 : ARG DOCKERIZE_VERSION

 ---> Using cache
 ---> 608e773d8816
Step 4/13 : ARG ARTIFACT_NAME

 ---> Using cache
 ---> d19f1c993276
Step 5/13 : ARG EXPOSED_PORT

 ---> Using cache
 ---> c6ba086171e4
Step 6/13 : ENV SPRING_PROFILES_ACTIVE docker

 ---> Using cache
 ---> 22776da4e776
Step 7/13 : ADD https://github.com/jwilder/dockerize/releases/download/${DOCKERIZE_VERSION}/dockerize-alpine-linux-amd64-${DOCKERIZE_VERSION}.tar.gz dockerize.tar.gz

null: Downloading [>                                                  ]  33.31kB/3.006MB
[1A[2Knull: Downloading [=>                                                 ]  68.12kB/3.006MB
[0B[1A[2Knull: Downloading [==>                                                ]  137.8kB/3.006MB
[0B[1A[2Knull: Downloading [==>                                                ]  172.6kB/3.006MB
[0B[1A[2Knull: Downloading [====>                                              ]    277kB/3.006MB
[0B[1A[2Knull: Downloading [=======>                                           ]  451.1kB/3.006MB
[0B[1A[2Knull: Downloading [==========>                                        ]    660kB/3.006MB
[0B[1A[2Knull: Downloading [===============>                                   ]  903.7kB/3.006MB
[0B[1A[2Knull: Downloading [====================>                              ]  1.217MB/3.006MB
[0B[1A[2Knull: Downloading [============================>                      ]  1.704MB/3.006MB
[0B[1A[2Knull: Downloading [=======================================>           ]  2.401MB/3.006MB
[0B[1A[2Knull: Downloading [==================================================>]  3.006MB/3.006MB
[0B
 ---> Using cache
 ---> eb188b06f9ee
Step 8/13 : RUN tar xzf dockerize.tar.gz

 ---> Using cache
 ---> 3e60ab057724
Step 9/13 : RUN chmod +x dockerize

 ---> Using cache
 ---> 863bdcaaf5b5
Step 10/13 : ADD ${ARTIFACT_NAME}.jar /app.jar

 ---> 1560bbbaea8e
Step 11/13 : RUN touch /app.jar

 ---> Running in b5cec10eee68
Removing intermediate container b5cec10eee68
 ---> 818501fc9c7d
Step 12/13 : EXPOSE ${EXPOSED_PORT}

 ---> Running in 65058d60c5d3
Removing intermediate container 65058d60c5d3
 ---> 971eab51641f
Step 13/13 : RUN wget -O /qrebel-agent.jar https://hub.qrebel.com/getagent/qrebel-agent.jar

 ---> Running in 443649dd0e64
[91mConnecting to hub.qrebel.com (54.173.254.10:443)
[0m
[91mqrebel-agent.jar       6% |*                              |   531k  0:00:15 ETA
[0m
[91mqrebel-agent.jar      50% |***************                |  4323k  0:00:01 ETA
[0m
[91mqrebel-agent.jar     100% |*******************************|  8539k  0:00:00 ETA

[0m
Removing intermediate container 443649dd0e64
 ---> a134ff174e1b
ProgressMessage{id=null, status=null, stream=null, error=null, progress=null, progressDetail=null}
Successfully built a134ff174e1b
Successfully tagged mszarlinski/spring-petclinic-admin-server:latest
[INFO] Built mszarlinski/spring-petclinic-admin-server
[INFO]                                                                         
[INFO] ------------------------------------------------------------------------
[INFO] Building spring-petclinic-customers-service 2.0.6
[INFO] ------------------------------------------------------------------------
[INFO] 
[8mha:////4LY9qAbl0+xaq4stsC31wXaa51IICuI8DGD7yd5+vXM8AAAAYB+LCAAAAAAAAP9b85aBtbiIQSmjNKU4P0+vJLE4u1gvPjexLDVPzxdEGvvmZ+X75ZekLlOVfvTjc8FPJgaGiiIGKaiG5Py84vycVD1nCA1SyAABjCCFBQCV27OjYAAAAA==[0m[INFO] --- maven-clean-plugin:3.0.0:clean (default-clean) @ spring-petclinic-customers-service ---
[INFO] Deleting /var/jenkins_home/jobs/spring-petclinic-microservices-end-to-end-tests/workspace/spring-petclinic-customers-service/target
[INFO] 
[8mha:////4LY9qAbl0+xaq4stsC31wXaa51IICuI8DGD7yd5+vXM8AAAAYB+LCAAAAAAAAP9b85aBtbiIQSmjNKU4P0+vJLE4u1gvPjexLDVPzxdEGvvmZ+X75ZekLlOVfvTjc8FPJgaGiiIGKaiG5Py84vycVD1nCA1SyAABjCCFBQCV27OjYAAAAA==[0m[INFO] --- git-commit-id-plugin:2.2.5:revision (default) @ spring-petclinic-customers-service ---
[INFO] dotGitDirectory /var/jenkins_home/jobs/spring-petclinic-microservices-end-to-end-tests/workspace/.git
[INFO] git.build.user.name 
[INFO] git.build.user.email 
[INFO] Using environment variable based branch name. GIT_BRANCH = origin/master
[INFO] git.branch origin/master
[INFO] --always = true
[INFO] --dirty = -dirty
[INFO] --abbrev = 7
[INFO] Tag refs [[Ref[refs/tags/v1.5.9=387f824fd9f4ce6e1693b43eec9fc35867fc9f3e], Ref[refs/tags/v2.0.3=8fa041c08ec96e3079c0df4006b537f8c0b3ad85]]]
[INFO] Created map: [{}]
[INFO] evalCommit is [e65b3b69a79c114c9b2b9552c75b77ab4193ba18]
[INFO] git.commit.id.describe e65b3b6
[INFO] git.commit.id e65b3b69a79c114c9b2b9552c75b77ab4193ba18
[INFO] git.commit.id.abbrev e65b3b6
[INFO] git.dirty false
[INFO] git.commit.user.name Sten
[INFO] git.commit.user.email sten@Stens-MacBook.local
[INFO] git.commit.message.full VET-37 #Add test for vet specialty not saved
[INFO] git.commit.message.short VET-37 #Add test for vet specialty not saved
[INFO] git.commit.time 2018-12-09T09:00:10+0000
[INFO] git.remote.origin.url https://github.com/sten711/spring-petclinic-microservices
[INFO] git.tags 
[INFO] evalCommit is [e65b3b69a79c114c9b2b9552c75b77ab4193ba18]
[INFO] Tag refs [[Ref[refs/tags/v1.5.9=387f824fd9f4ce6e1693b43eec9fc35867fc9f3e], Ref[refs/tags/v2.0.3=8fa041c08ec96e3079c0df4006b537f8c0b3ad85]]]
[INFO] Created map: [{}]
[INFO] git.closest.tag.name 
[INFO] evalCommit is [e65b3b69a79c114c9b2b9552c75b77ab4193ba18]
[INFO] Tag refs [[Ref[refs/tags/v1.5.9=387f824fd9f4ce6e1693b43eec9fc35867fc9f3e], Ref[refs/tags/v2.0.3=8fa041c08ec96e3079c0df4006b537f8c0b3ad85]]]
[INFO] Created map: [{}]
[INFO] git.closest.tag.commit.count 
[INFO] git.total.commit.count 636
[INFO] git.build.time 2018-12-09T09:07:03+0000
[INFO] git.build.version 2.0.6
[INFO] git.build.host 7328c9c8bcb8
[INFO] git.build.number 86
[INFO] git.commit.id.describe-short e65b3b6
[INFO] found property git.build.user.email
[INFO] found property git.build.host
[INFO] found property git.dirty
[INFO] found property git.remote.origin.url
[INFO] found property git.closest.tag.name
[INFO] found property git.total.commit.count
[INFO] found property git.commit.id.describe-short
[INFO] found property git.commit.user.email
[INFO] found property git.commit.time
[INFO] found property git.commit.message.full
[INFO] found property git.build.version
[INFO] found property git.commit.message.short
[INFO] found property git.commit.id.abbrev
[INFO] found property git.branch
[INFO] found property git.build.user.name
[INFO] found property git.build.number
[INFO] found property git.closest.tag.commit.count
[INFO] found property git.commit.id.describe
[INFO] found property git.commit.id
[INFO] found property git.tags
[INFO] found property git.build.time
[INFO] found property git.commit.user.name
[INFO] Writing properties file to [/var/jenkins_home/jobs/spring-petclinic-microservices-end-to-end-tests/workspace/spring-petclinic-customers-service/target/classes/git.properties] (for module spring-petclinic-customers-service)...
[INFO] 
[8mha:////4LY9qAbl0+xaq4stsC31wXaa51IICuI8DGD7yd5+vXM8AAAAYB+LCAAAAAAAAP9b85aBtbiIQSmjNKU4P0+vJLE4u1gvPjexLDVPzxdEGvvmZ+X75ZekLlOVfvTjc8FPJgaGiiIGKaiG5Py84vycVD1nCA1SyAABjCCFBQCV27OjYAAAAA==[0m[INFO] --- spring-boot-maven-plugin:2.0.6.RELEASE:build-info (default) @ spring-petclinic-customers-service ---
[INFO] 
[8mha:////4LY9qAbl0+xaq4stsC31wXaa51IICuI8DGD7yd5+vXM8AAAAYB+LCAAAAAAAAP9b85aBtbiIQSmjNKU4P0+vJLE4u1gvPjexLDVPzxdEGvvmZ+X75ZekLlOVfvTjc8FPJgaGiiIGKaiG5Py84vycVD1nCA1SyAABjCCFBQCV27OjYAAAAA==[0m[INFO] --- maven-resources-plugin:3.0.2:resources (default-resources) @ spring-petclinic-customers-service ---
[INFO] Using 'UTF-8' encoding to copy filtered resources.
[INFO] Copying 1 resource
[INFO] Copying 6 resources
[INFO] 
[8mha:////4LY9qAbl0+xaq4stsC31wXaa51IICuI8DGD7yd5+vXM8AAAAYB+LCAAAAAAAAP9b85aBtbiIQSmjNKU4P0+vJLE4u1gvPjexLDVPzxdEGvvmZ+X75ZekLlOVfvTjc8FPJgaGiiIGKaiG5Py84vycVD1nCA1SyAABjCCFBQCV27OjYAAAAA==[0m[INFO] --- maven-compiler-plugin:3.7.0:compile (default-compile) @ spring-petclinic-customers-service ---
[INFO] Changes detected - recompiling the module!
[INFO] Compiling 11 source files to /var/jenkins_home/jobs/spring-petclinic-microservices-end-to-end-tests/workspace/spring-petclinic-customers-service/target/classes
[INFO] 
[8mha:////4LY9qAbl0+xaq4stsC31wXaa51IICuI8DGD7yd5+vXM8AAAAYB+LCAAAAAAAAP9b85aBtbiIQSmjNKU4P0+vJLE4u1gvPjexLDVPzxdEGvvmZ+X75ZekLlOVfvTjc8FPJgaGiiIGKaiG5Py84vycVD1nCA1SyAABjCCFBQCV27OjYAAAAA==[0m[INFO] --- maven-resources-plugin:3.0.2:testResources (default-testResources) @ spring-petclinic-customers-service ---
[INFO] Not copying test resources
[INFO] 
[8mha:////4LY9qAbl0+xaq4stsC31wXaa51IICuI8DGD7yd5+vXM8AAAAYB+LCAAAAAAAAP9b85aBtbiIQSmjNKU4P0+vJLE4u1gvPjexLDVPzxdEGvvmZ+X75ZekLlOVfvTjc8FPJgaGiiIGKaiG5Py84vycVD1nCA1SyAABjCCFBQCV27OjYAAAAA==[0m[INFO] --- maven-compiler-plugin:3.7.0:testCompile (default-testCompile) @ spring-petclinic-customers-service ---
[INFO] Not compiling test sources
[INFO] 
[8mha:////4LY9qAbl0+xaq4stsC31wXaa51IICuI8DGD7yd5+vXM8AAAAYB+LCAAAAAAAAP9b85aBtbiIQSmjNKU4P0+vJLE4u1gvPjexLDVPzxdEGvvmZ+X75ZekLlOVfvTjc8FPJgaGiiIGKaiG5Py84vycVD1nCA1SyAABjCCFBQCV27OjYAAAAA==[0m[INFO] --- maven-surefire-plugin:2.22.0:test (default-test) @ spring-petclinic-customers-service ---
[INFO] Tests are skipped.
[INFO] 
[8mha:////4LY9qAbl0+xaq4stsC31wXaa51IICuI8DGD7yd5+vXM8AAAAYB+LCAAAAAAAAP9b85aBtbiIQSmjNKU4P0+vJLE4u1gvPjexLDVPzxdEGvvmZ+X75ZekLlOVfvTjc8FPJgaGiiIGKaiG5Py84vycVD1nCA1SyAABjCCFBQCV27OjYAAAAA==[0m[INFO] --- maven-jar-plugin:2.1:jar (default-jar) @ spring-petclinic-customers-service ---
[INFO] Building jar: /var/jenkins_home/jobs/spring-petclinic-microservices-end-to-end-tests/workspace/spring-petclinic-customers-service/target/spring-petclinic-customers-service-2.0.6.jar
[INFO] 
[8mha:////4LY9qAbl0+xaq4stsC31wXaa51IICuI8DGD7yd5+vXM8AAAAYB+LCAAAAAAAAP9b85aBtbiIQSmjNKU4P0+vJLE4u1gvPjexLDVPzxdEGvvmZ+X75ZekLlOVfvTjc8FPJgaGiiIGKaiG5Py84vycVD1nCA1SyAABjCCFBQCV27OjYAAAAA==[0m[INFO] --- spring-boot-maven-plugin:2.0.6.RELEASE:repackage (default) @ spring-petclinic-customers-service ---
[INFO] 
[8mha:////4LY9qAbl0+xaq4stsC31wXaa51IICuI8DGD7yd5+vXM8AAAAYB+LCAAAAAAAAP9b85aBtbiIQSmjNKU4P0+vJLE4u1gvPjexLDVPzxdEGvvmZ+X75ZekLlOVfvTjc8FPJgaGiiIGKaiG5Py84vycVD1nCA1SyAABjCCFBQCV27OjYAAAAA==[0m[INFO] --- maven-install-plugin:2.5.2:install (default-install) @ spring-petclinic-customers-service ---
[INFO] Installing /var/jenkins_home/jobs/spring-petclinic-microservices-end-to-end-tests/workspace/spring-petclinic-customers-service/target/spring-petclinic-customers-service-2.0.6.jar to /var/jenkins_home/.m2/repository/org/springframework/samples/petclinic/client/spring-petclinic-customers-service/2.0.6/spring-petclinic-customers-service-2.0.6.jar
[INFO] Installing /var/jenkins_home/jobs/spring-petclinic-microservices-end-to-end-tests/workspace/spring-petclinic-customers-service/pom.xml to /var/jenkins_home/.m2/repository/org/springframework/samples/petclinic/client/spring-petclinic-customers-service/2.0.6/spring-petclinic-customers-service-2.0.6.pom
[INFO] 
[8mha:////4LY9qAbl0+xaq4stsC31wXaa51IICuI8DGD7yd5+vXM8AAAAYB+LCAAAAAAAAP9b85aBtbiIQSmjNKU4P0+vJLE4u1gvPjexLDVPzxdEGvvmZ+X75ZekLlOVfvTjc8FPJgaGiiIGKaiG5Py84vycVD1nCA1SyAABjCCFBQCV27OjYAAAAA==[0m[INFO] --- docker-maven-plugin:1.1.1:build (default) @ spring-petclinic-customers-service ---
[INFO] Using authentication suppliers: [ConfigFileRegistryAuthSupplier]
[INFO] Copying /var/jenkins_home/jobs/spring-petclinic-microservices-end-to-end-tests/workspace/spring-petclinic-customers-service/target/spring-petclinic-customers-service-2.0.6.jar -> /var/jenkins_home/jobs/spring-petclinic-microservices-end-to-end-tests/workspace/spring-petclinic-customers-service/target/docker/spring-petclinic-customers-service-2.0.6.jar
[INFO] Copying /var/jenkins_home/jobs/spring-petclinic-microservices-end-to-end-tests/workspace/spring-petclinic-customers-service/../docker/Dockerfile -> /var/jenkins_home/jobs/spring-petclinic-microservices-end-to-end-tests/workspace/spring-petclinic-customers-service/target/docker/Dockerfile
[INFO] Building image mszarlinski/spring-petclinic-customers-service
Step 1/13 : FROM openjdk:8-jre-alpine

 ---> 2e01f547f003
Step 2/13 : VOLUME /tmp

 ---> Using cache
 ---> 6904023c293c
Step 3/13 : ARG DOCKERIZE_VERSION

 ---> Using cache
 ---> 608e773d8816
Step 4/13 : ARG ARTIFACT_NAME

 ---> Using cache
 ---> d19f1c993276
Step 5/13 : ARG EXPOSED_PORT

 ---> Using cache
 ---> c6ba086171e4
Step 6/13 : ENV SPRING_PROFILES_ACTIVE docker

 ---> Using cache
 ---> 22776da4e776
Step 7/13 : ADD https://github.com/jwilder/dockerize/releases/download/${DOCKERIZE_VERSION}/dockerize-alpine-linux-amd64-${DOCKERIZE_VERSION}.tar.gz dockerize.tar.gz

null: Downloading [>                                                  ]  33.31kB/3.006MB
[1A[2Knull: Downloading [=>                                                 ]  68.12kB/3.006MB
[0B[1A[2Knull: Downloading [=>                                                 ]  102.9kB/3.006MB
[0B[1A[2Knull: Downloading [==>                                                ]  172.6kB/3.006MB
[0B[1A[2Knull: Downloading [====>                                              ]  242.2kB/3.006MB
[0B[1A[2Knull: Downloading [======>                                            ]  381.5kB/3.006MB
[0B[1A[2Knull: Downloading [=========>                                         ]  555.5kB/3.006MB
[0B[1A[2Knull: Downloading [=============>                                     ]  834.1kB/3.006MB
[0B[1A[2Knull: Downloading [=================>                                 ]  1.043MB/3.006MB
[0B[1A[2Knull: Downloading [=======================>                           ]  1.426MB/3.006MB
[0B[1A[2Knull: Downloading [================================>                  ]  1.983MB/3.006MB
[0B[1A[2Knull: Downloading [===========================================>       ]  2.634MB/3.006MB
[0B[1A[2Knull: Downloading [==================================================>]  3.006MB/3.006MB
[0B
 ---> Using cache
 ---> eb188b06f9ee
Step 8/13 : RUN tar xzf dockerize.tar.gz

 ---> Using cache
 ---> f2aa9e40a93b
Step 9/13 : RUN chmod +x dockerize

 ---> Using cache
 ---> 6186a4a4fbf4
Step 10/13 : ADD ${ARTIFACT_NAME}.jar /app.jar

 ---> c8f3ed0ff1ff
Step 11/13 : RUN touch /app.jar

 ---> Running in 4ccf4d9228aa
Removing intermediate container 4ccf4d9228aa
 ---> 6c135d92ffdc
Step 12/13 : EXPOSE ${EXPOSED_PORT}

 ---> Running in cc06873b7838
Removing intermediate container cc06873b7838
 ---> 8ed713d5b129
Step 13/13 : RUN wget -O /qrebel-agent.jar https://hub.qrebel.com/getagent/qrebel-agent.jar

 ---> Running in 5452ae714be8
[91mConnecting to hub.qrebel.com (54.173.254.10:443)
[0m
[91mqrebel-agent.jar       0% |                               |    83k  0:01:41 ETA
[0m
[91mqrebel-agent.jar      30% |*********                      |  2563k  0:00:04 ETA
[0m
[91mqrebel-agent.jar      88% |***************************    |  7571k  0:00:00 ETA
[0m
[91mqrebel-agent.jar     100% |*******************************|  8539k  0:00:00 ETA

[0m
Removing intermediate container 5452ae714be8
 ---> 0e455f5a3248
ProgressMessage{id=null, status=null, stream=null, error=null, progress=null, progressDetail=null}
Successfully built 0e455f5a3248
Successfully tagged mszarlinski/spring-petclinic-customers-service:latest
[INFO] Built mszarlinski/spring-petclinic-customers-service
[INFO]                                                                         
[INFO] ------------------------------------------------------------------------
[INFO] Building spring-petclinic-vets-service 2.0.6
[INFO] ------------------------------------------------------------------------
[INFO] 
[8mha:////4LY9qAbl0+xaq4stsC31wXaa51IICuI8DGD7yd5+vXM8AAAAYB+LCAAAAAAAAP9b85aBtbiIQSmjNKU4P0+vJLE4u1gvPjexLDVPzxdEGvvmZ+X75ZekLlOVfvTjc8FPJgaGiiIGKaiG5Py84vycVD1nCA1SyAABjCCFBQCV27OjYAAAAA==[0m[INFO] --- maven-clean-plugin:3.0.0:clean (default-clean) @ spring-petclinic-vets-service ---
[INFO] Deleting /var/jenkins_home/jobs/spring-petclinic-microservices-end-to-end-tests/workspace/spring-petclinic-vets-service/target
[INFO] 
[8mha:////4LY9qAbl0+xaq4stsC31wXaa51IICuI8DGD7yd5+vXM8AAAAYB+LCAAAAAAAAP9b85aBtbiIQSmjNKU4P0+vJLE4u1gvPjexLDVPzxdEGvvmZ+X75ZekLlOVfvTjc8FPJgaGiiIGKaiG5Py84vycVD1nCA1SyAABjCCFBQCV27OjYAAAAA==[0m[INFO] --- git-commit-id-plugin:2.2.5:revision (default) @ spring-petclinic-vets-service ---
[INFO] dotGitDirectory /var/jenkins_home/jobs/spring-petclinic-microservices-end-to-end-tests/workspace/.git
[INFO] git.build.user.name 
[INFO] git.build.user.email 
[INFO] Using environment variable based branch name. GIT_BRANCH = origin/master
[INFO] git.branch origin/master
[INFO] --always = true
[INFO] --dirty = -dirty
[INFO] --abbrev = 7
[INFO] Tag refs [[Ref[refs/tags/v1.5.9=387f824fd9f4ce6e1693b43eec9fc35867fc9f3e], Ref[refs/tags/v2.0.3=8fa041c08ec96e3079c0df4006b537f8c0b3ad85]]]
[INFO] Created map: [{}]
[INFO] evalCommit is [e65b3b69a79c114c9b2b9552c75b77ab4193ba18]
[INFO] git.commit.id.describe e65b3b6
[INFO] git.commit.id e65b3b69a79c114c9b2b9552c75b77ab4193ba18
[INFO] git.commit.id.abbrev e65b3b6
[INFO] git.dirty false
[INFO] git.commit.user.name Sten
[INFO] git.commit.user.email sten@Stens-MacBook.local
[INFO] git.commit.message.full VET-37 #Add test for vet specialty not saved
[INFO] git.commit.message.short VET-37 #Add test for vet specialty not saved
[INFO] git.commit.time 2018-12-09T09:00:10+0000
[INFO] git.remote.origin.url https://github.com/sten711/spring-petclinic-microservices
[INFO] git.tags 
[INFO] evalCommit is [e65b3b69a79c114c9b2b9552c75b77ab4193ba18]
[INFO] Tag refs [[Ref[refs/tags/v1.5.9=387f824fd9f4ce6e1693b43eec9fc35867fc9f3e], Ref[refs/tags/v2.0.3=8fa041c08ec96e3079c0df4006b537f8c0b3ad85]]]
[INFO] Created map: [{}]
[INFO] git.closest.tag.name 
[INFO] evalCommit is [e65b3b69a79c114c9b2b9552c75b77ab4193ba18]
[INFO] Tag refs [[Ref[refs/tags/v1.5.9=387f824fd9f4ce6e1693b43eec9fc35867fc9f3e], Ref[refs/tags/v2.0.3=8fa041c08ec96e3079c0df4006b537f8c0b3ad85]]]
[INFO] Created map: [{}]
[INFO] git.closest.tag.commit.count 
[INFO] git.total.commit.count 636
[INFO] git.build.time 2018-12-09T09:07:20+0000
[INFO] git.build.version 2.0.6
[INFO] git.build.host 7328c9c8bcb8
[INFO] git.build.number 86
[INFO] git.commit.id.describe-short e65b3b6
[INFO] found property git.build.user.email
[INFO] found property git.build.host
[INFO] found property git.dirty
[INFO] found property git.remote.origin.url
[INFO] found property git.closest.tag.name
[INFO] found property git.total.commit.count
[INFO] found property git.commit.id.describe-short
[INFO] found property git.commit.user.email
[INFO] found property git.commit.time
[INFO] found property git.commit.message.full
[INFO] found property git.build.version
[INFO] found property git.commit.message.short
[INFO] found property git.commit.id.abbrev
[INFO] found property git.branch
[INFO] found property git.build.user.name
[INFO] found property git.build.number
[INFO] found property git.closest.tag.commit.count
[INFO] found property git.commit.id.describe
[INFO] found property git.commit.id
[INFO] found property git.tags
[INFO] found property git.build.time
[INFO] found property git.commit.user.name
[INFO] Writing properties file to [/var/jenkins_home/jobs/spring-petclinic-microservices-end-to-end-tests/workspace/spring-petclinic-vets-service/target/classes/git.properties] (for module spring-petclinic-vets-service)...
[INFO] 
[8mha:////4LY9qAbl0+xaq4stsC31wXaa51IICuI8DGD7yd5+vXM8AAAAYB+LCAAAAAAAAP9b85aBtbiIQSmjNKU4P0+vJLE4u1gvPjexLDVPzxdEGvvmZ+X75ZekLlOVfvTjc8FPJgaGiiIGKaiG5Py84vycVD1nCA1SyAABjCCFBQCV27OjYAAAAA==[0m[INFO] --- spring-boot-maven-plugin:2.0.6.RELEASE:build-info (default) @ spring-petclinic-vets-service ---
[INFO] 
[8mha:////4LY9qAbl0+xaq4stsC31wXaa51IICuI8DGD7yd5+vXM8AAAAYB+LCAAAAAAAAP9b85aBtbiIQSmjNKU4P0+vJLE4u1gvPjexLDVPzxdEGvvmZ+X75ZekLlOVfvTjc8FPJgaGiiIGKaiG5Py84vycVD1nCA1SyAABjCCFBQCV27OjYAAAAA==[0m[INFO] --- maven-resources-plugin:3.0.2:resources (default-resources) @ spring-petclinic-vets-service ---
[INFO] Using 'UTF-8' encoding to copy filtered resources.
[INFO] Copying 1 resource
[INFO] Copying 6 resources
[INFO] 
[8mha:////4LY9qAbl0+xaq4stsC31wXaa51IICuI8DGD7yd5+vXM8AAAAYB+LCAAAAAAAAP9b85aBtbiIQSmjNKU4P0+vJLE4u1gvPjexLDVPzxdEGvvmZ+X75ZekLlOVfvTjc8FPJgaGiiIGKaiG5Py84vycVD1nCA1SyAABjCCFBQCV27OjYAAAAA==[0m[INFO] --- maven-compiler-plugin:3.7.0:compile (default-compile) @ spring-petclinic-vets-service ---
[INFO] Changes detected - recompiling the module!
[INFO] Compiling 8 source files to /var/jenkins_home/jobs/spring-petclinic-microservices-end-to-end-tests/workspace/spring-petclinic-vets-service/target/classes
[INFO] 
[8mha:////4LY9qAbl0+xaq4stsC31wXaa51IICuI8DGD7yd5+vXM8AAAAYB+LCAAAAAAAAP9b85aBtbiIQSmjNKU4P0+vJLE4u1gvPjexLDVPzxdEGvvmZ+X75ZekLlOVfvTjc8FPJgaGiiIGKaiG5Py84vycVD1nCA1SyAABjCCFBQCV27OjYAAAAA==[0m[INFO] --- maven-resources-plugin:3.0.2:testResources (default-testResources) @ spring-petclinic-vets-service ---
[INFO] Not copying test resources
[INFO] 
[8mha:////4LY9qAbl0+xaq4stsC31wXaa51IICuI8DGD7yd5+vXM8AAAAYB+LCAAAAAAAAP9b85aBtbiIQSmjNKU4P0+vJLE4u1gvPjexLDVPzxdEGvvmZ+X75ZekLlOVfvTjc8FPJgaGiiIGKaiG5Py84vycVD1nCA1SyAABjCCFBQCV27OjYAAAAA==[0m[INFO] --- maven-compiler-plugin:3.7.0:testCompile (default-testCompile) @ spring-petclinic-vets-service ---
[INFO] Not compiling test sources
[INFO] 
[8mha:////4LY9qAbl0+xaq4stsC31wXaa51IICuI8DGD7yd5+vXM8AAAAYB+LCAAAAAAAAP9b85aBtbiIQSmjNKU4P0+vJLE4u1gvPjexLDVPzxdEGvvmZ+X75ZekLlOVfvTjc8FPJgaGiiIGKaiG5Py84vycVD1nCA1SyAABjCCFBQCV27OjYAAAAA==[0m[INFO] --- maven-surefire-plugin:2.22.0:test (default-test) @ spring-petclinic-vets-service ---
[INFO] Tests are skipped.
[INFO] 
[8mha:////4LY9qAbl0+xaq4stsC31wXaa51IICuI8DGD7yd5+vXM8AAAAYB+LCAAAAAAAAP9b85aBtbiIQSmjNKU4P0+vJLE4u1gvPjexLDVPzxdEGvvmZ+X75ZekLlOVfvTjc8FPJgaGiiIGKaiG5Py84vycVD1nCA1SyAABjCCFBQCV27OjYAAAAA==[0m[INFO] --- maven-jar-plugin:2.1:jar (default-jar) @ spring-petclinic-vets-service ---
[INFO] Building jar: /var/jenkins_home/jobs/spring-petclinic-microservices-end-to-end-tests/workspace/spring-petclinic-vets-service/target/spring-petclinic-vets-service-2.0.6.jar
[INFO] 
[8mha:////4LY9qAbl0+xaq4stsC31wXaa51IICuI8DGD7yd5+vXM8AAAAYB+LCAAAAAAAAP9b85aBtbiIQSmjNKU4P0+vJLE4u1gvPjexLDVPzxdEGvvmZ+X75ZekLlOVfvTjc8FPJgaGiiIGKaiG5Py84vycVD1nCA1SyAABjCCFBQCV27OjYAAAAA==[0m[INFO] --- spring-boot-maven-plugin:2.0.6.RELEASE:repackage (default) @ spring-petclinic-vets-service ---
[INFO] 
[8mha:////4LY9qAbl0+xaq4stsC31wXaa51IICuI8DGD7yd5+vXM8AAAAYB+LCAAAAAAAAP9b85aBtbiIQSmjNKU4P0+vJLE4u1gvPjexLDVPzxdEGvvmZ+X75ZekLlOVfvTjc8FPJgaGiiIGKaiG5Py84vycVD1nCA1SyAABjCCFBQCV27OjYAAAAA==[0m[INFO] --- maven-install-plugin:2.5.2:install (default-install) @ spring-petclinic-vets-service ---
[INFO] Installing /var/jenkins_home/jobs/spring-petclinic-microservices-end-to-end-tests/workspace/spring-petclinic-vets-service/target/spring-petclinic-vets-service-2.0.6.jar to /var/jenkins_home/.m2/repository/org/springframework/samples/petclinic/vets/spring-petclinic-vets-service/2.0.6/spring-petclinic-vets-service-2.0.6.jar
[INFO] Installing /var/jenkins_home/jobs/spring-petclinic-microservices-end-to-end-tests/workspace/spring-petclinic-vets-service/pom.xml to /var/jenkins_home/.m2/repository/org/springframework/samples/petclinic/vets/spring-petclinic-vets-service/2.0.6/spring-petclinic-vets-service-2.0.6.pom
[INFO] 
[8mha:////4LY9qAbl0+xaq4stsC31wXaa51IICuI8DGD7yd5+vXM8AAAAYB+LCAAAAAAAAP9b85aBtbiIQSmjNKU4P0+vJLE4u1gvPjexLDVPzxdEGvvmZ+X75ZekLlOVfvTjc8FPJgaGiiIGKaiG5Py84vycVD1nCA1SyAABjCCFBQCV27OjYAAAAA==[0m[INFO] --- docker-maven-plugin:1.1.1:build (default) @ spring-petclinic-vets-service ---
[INFO] Using authentication suppliers: [ConfigFileRegistryAuthSupplier]
[INFO] Copying /var/jenkins_home/jobs/spring-petclinic-microservices-end-to-end-tests/workspace/spring-petclinic-vets-service/target/spring-petclinic-vets-service-2.0.6.jar -> /var/jenkins_home/jobs/spring-petclinic-microservices-end-to-end-tests/workspace/spring-petclinic-vets-service/target/docker/spring-petclinic-vets-service-2.0.6.jar
[INFO] Copying /var/jenkins_home/jobs/spring-petclinic-microservices-end-to-end-tests/workspace/spring-petclinic-vets-service/../docker/Dockerfile -> /var/jenkins_home/jobs/spring-petclinic-microservices-end-to-end-tests/workspace/spring-petclinic-vets-service/target/docker/Dockerfile
[INFO] Building image mszarlinski/spring-petclinic-vets-service
Step 1/13 : FROM openjdk:8-jre-alpine

 ---> 2e01f547f003
Step 2/13 : VOLUME /tmp

 ---> Using cache
 ---> 6904023c293c
Step 3/13 : ARG DOCKERIZE_VERSION

 ---> Using cache
 ---> 608e773d8816
Step 4/13 : ARG ARTIFACT_NAME

 ---> Using cache
 ---> d19f1c993276
Step 5/13 : ARG EXPOSED_PORT

 ---> Using cache
 ---> c6ba086171e4
Step 6/13 : ENV SPRING_PROFILES_ACTIVE docker

 ---> Using cache
 ---> 22776da4e776
Step 7/13 : ADD https://github.com/jwilder/dockerize/releases/download/${DOCKERIZE_VERSION}/dockerize-alpine-linux-amd64-${DOCKERIZE_VERSION}.tar.gz dockerize.tar.gz

null: Downloading [>                                                  ]  33.31kB/3.006MB
[1A[2Knull: Downloading [=>                                                 ]  68.12kB/3.006MB
[0B[1A[2Knull: Downloading [==>                                                ]  137.8kB/3.006MB
[0B[1A[2Knull: Downloading [===>                                               ]  207.4kB/3.006MB
[0B[1A[2Knull: Downloading [====>                                              ]    277kB/3.006MB
[0B[1A[2Knull: Downloading [======>                                            ]  416.3kB/3.006MB
[0B[1A[2Knull: Downloading [=========>                                         ]  590.4kB/3.006MB
[0B[1A[2Knull: Downloading [=============>                                     ]  834.1kB/3.006MB
[0B[1A[2Knull: Downloading [=================>                                 ]  1.043MB/3.006MB
[0B[1A[2Knull: Downloading [=======================>                           ]  1.391MB/3.006MB
[0B[1A[2Knull: Downloading [==============================>                    ]  1.809MB/3.006MB
[0B[1A[2Knull: Downloading [=====================================>             ]  2.227MB/3.006MB
[0B[1A[2Knull: Downloading [===========================================>       ]  2.645MB/3.006MB
[0B[1A[2Knull: Downloading [==================================================>]  3.006MB/3.006MB
[0B
 ---> Using cache
 ---> eb188b06f9ee
Step 8/13 : RUN tar xzf dockerize.tar.gz

 ---> Using cache
 ---> 28a1c5f5d9e1
Step 9/13 : RUN chmod +x dockerize

 ---> Using cache
 ---> 78e891028f02
Step 10/13 : ADD ${ARTIFACT_NAME}.jar /app.jar

 ---> 05b186bcde73
Step 11/13 : RUN touch /app.jar

 ---> Running in bc8804e19bc7
Removing intermediate container bc8804e19bc7
 ---> 1d9ae1db7b44
Step 12/13 : EXPOSE ${EXPOSED_PORT}

 ---> Running in 95a141d8dc4e
Removing intermediate container 95a141d8dc4e
 ---> 7c6a32db45c8
Step 13/13 : RUN wget -O /qrebel-agent.jar https://hub.qrebel.com/getagent/qrebel-agent.jar

 ---> Running in 2119be45785a
[91mConnecting to hub.qrebel.com (54.173.254.10:443)
[0m
[91mqrebel-agent.jar       8% |**                             |   693k  0:00:11 ETA
[0m
[91mqrebel-agent.jar      47% |**************                 |[0m
[91m  4085k  0:00:02 ETA
[0m
[91mqrebel-agent.jar      80% |************************       |  6869k  0:00:00 ETA
[0m
[91mqrebel-agent.jar     100% |*******************************|  8539k  0:00:00 ETA

[0m
Removing intermediate container 2119be45785a
 ---> f64c42d5179b
ProgressMessage{id=null, status=null, stream=null, error=null, progress=null, progressDetail=null}
Successfully built f64c42d5179b
Successfully tagged mszarlinski/spring-petclinic-vets-service:latest
[INFO] Built mszarlinski/spring-petclinic-vets-service
[INFO]                                                                         
[INFO] ------------------------------------------------------------------------
[INFO] Building spring-petclinic-visits-service 2.0.6
[INFO] ------------------------------------------------------------------------
[INFO] 
[8mha:////4LY9qAbl0+xaq4stsC31wXaa51IICuI8DGD7yd5+vXM8AAAAYB+LCAAAAAAAAP9b85aBtbiIQSmjNKU4P0+vJLE4u1gvPjexLDVPzxdEGvvmZ+X75ZekLlOVfvTjc8FPJgaGiiIGKaiG5Py84vycVD1nCA1SyAABjCCFBQCV27OjYAAAAA==[0m[INFO] --- maven-clean-plugin:3.0.0:clean (default-clean) @ spring-petclinic-visits-service ---
[INFO] Deleting /var/jenkins_home/jobs/spring-petclinic-microservices-end-to-end-tests/workspace/spring-petclinic-visits-service/target
[INFO] 
[8mha:////4LY9qAbl0+xaq4stsC31wXaa51IICuI8DGD7yd5+vXM8AAAAYB+LCAAAAAAAAP9b85aBtbiIQSmjNKU4P0+vJLE4u1gvPjexLDVPzxdEGvvmZ+X75ZekLlOVfvTjc8FPJgaGiiIGKaiG5Py84vycVD1nCA1SyAABjCCFBQCV27OjYAAAAA==[0m[INFO] --- git-commit-id-plugin:2.2.5:revision (default) @ spring-petclinic-visits-service ---
[INFO] dotGitDirectory /var/jenkins_home/jobs/spring-petclinic-microservices-end-to-end-tests/workspace/.git
[INFO] git.build.user.name 
[INFO] git.build.user.email 
[INFO] Using environment variable based branch name. GIT_BRANCH = origin/master
[INFO] git.branch origin/master
[INFO] --always = true
[INFO] --dirty = -dirty
[INFO] --abbrev = 7
[INFO] Tag refs [[Ref[refs/tags/v1.5.9=387f824fd9f4ce6e1693b43eec9fc35867fc9f3e], Ref[refs/tags/v2.0.3=8fa041c08ec96e3079c0df4006b537f8c0b3ad85]]]
[INFO] Created map: [{}]
[INFO] evalCommit is [e65b3b69a79c114c9b2b9552c75b77ab4193ba18]
[INFO] git.commit.id.describe e65b3b6
[INFO] git.commit.id e65b3b69a79c114c9b2b9552c75b77ab4193ba18
[INFO] git.commit.id.abbrev e65b3b6
[INFO] git.dirty false
[INFO] git.commit.user.name Sten
[INFO] git.commit.user.email sten@Stens-MacBook.local
[INFO] git.commit.message.full VET-37 #Add test for vet specialty not saved
[INFO] git.commit.message.short VET-37 #Add test for vet specialty not saved
[INFO] git.commit.time 2018-12-09T09:00:10+0000
[INFO] git.remote.origin.url https://github.com/sten711/spring-petclinic-microservices
[INFO] git.tags 
[INFO] evalCommit is [e65b3b69a79c114c9b2b9552c75b77ab4193ba18]
[INFO] Tag refs [[Ref[refs/tags/v1.5.9=387f824fd9f4ce6e1693b43eec9fc35867fc9f3e], Ref[refs/tags/v2.0.3=8fa041c08ec96e3079c0df4006b537f8c0b3ad85]]]
[INFO] Created map: [{}]
[INFO] git.closest.tag.name 
[INFO] evalCommit is [e65b3b69a79c114c9b2b9552c75b77ab4193ba18]
[INFO] Tag refs [[Ref[refs/tags/v1.5.9=387f824fd9f4ce6e1693b43eec9fc35867fc9f3e], Ref[refs/tags/v2.0.3=8fa041c08ec96e3079c0df4006b537f8c0b3ad85]]]
[INFO] Created map: [{}]
[INFO] git.closest.tag.commit.count 
[INFO] git.total.commit.count 636
[INFO] git.build.time 2018-12-09T09:07:40+0000
[INFO] git.build.version 2.0.6
[INFO] git.build.host 7328c9c8bcb8
[INFO] git.build.number 86
[INFO] git.commit.id.describe-short e65b3b6
[INFO] found property git.build.user.email
[INFO] found property git.build.host
[INFO] found property git.dirty
[INFO] found property git.remote.origin.url
[INFO] found property git.closest.tag.name
[INFO] found property git.total.commit.count
[INFO] found property git.commit.id.describe-short
[INFO] found property git.commit.user.email
[INFO] found property git.commit.time
[INFO] found property git.commit.message.full
[INFO] found property git.build.version
[INFO] found property git.commit.message.short
[INFO] found property git.commit.id.abbrev
[INFO] found property git.branch
[INFO] found property git.build.user.name
[INFO] found property git.build.number
[INFO] found property git.closest.tag.commit.count
[INFO] found property git.commit.id.describe
[INFO] found property git.commit.id
[INFO] found property git.tags
[INFO] found property git.build.time
[INFO] found property git.commit.user.name
[INFO] Writing properties file to [/var/jenkins_home/jobs/spring-petclinic-microservices-end-to-end-tests/workspace/spring-petclinic-visits-service/target/classes/git.properties] (for module spring-petclinic-visits-service)...
[INFO] 
[8mha:////4LY9qAbl0+xaq4stsC31wXaa51IICuI8DGD7yd5+vXM8AAAAYB+LCAAAAAAAAP9b85aBtbiIQSmjNKU4P0+vJLE4u1gvPjexLDVPzxdEGvvmZ+X75ZekLlOVfvTjc8FPJgaGiiIGKaiG5Py84vycVD1nCA1SyAABjCCFBQCV27OjYAAAAA==[0m[INFO] --- spring-boot-maven-plugin:2.0.6.RELEASE:build-info (default) @ spring-petclinic-visits-service ---
[INFO] 
[8mha:////4LY9qAbl0+xaq4stsC31wXaa51IICuI8DGD7yd5+vXM8AAAAYB+LCAAAAAAAAP9b85aBtbiIQSmjNKU4P0+vJLE4u1gvPjexLDVPzxdEGvvmZ+X75ZekLlOVfvTjc8FPJgaGiiIGKaiG5Py84vycVD1nCA1SyAABjCCFBQCV27OjYAAAAA==[0m[INFO] --- maven-resources-plugin:3.0.2:resources (default-resources) @ spring-petclinic-visits-service ---
[INFO] Using 'UTF-8' encoding to copy filtered resources.
[INFO] Copying 1 resource
[INFO] Copying 6 resources
[INFO] 
[8mha:////4LY9qAbl0+xaq4stsC31wXaa51IICuI8DGD7yd5+vXM8AAAAYB+LCAAAAAAAAP9b85aBtbiIQSmjNKU4P0+vJLE4u1gvPjexLDVPzxdEGvvmZ+X75ZekLlOVfvTjc8FPJgaGiiIGKaiG5Py84vycVD1nCA1SyAABjCCFBQCV27OjYAAAAA==[0m[INFO] --- maven-compiler-plugin:3.7.0:compile (default-compile) @ spring-petclinic-visits-service ---
[INFO] Changes detected - recompiling the module!
[INFO] Compiling 4 source files to /var/jenkins_home/jobs/spring-petclinic-microservices-end-to-end-tests/workspace/spring-petclinic-visits-service/target/classes
[INFO] 
[8mha:////4LY9qAbl0+xaq4stsC31wXaa51IICuI8DGD7yd5+vXM8AAAAYB+LCAAAAAAAAP9b85aBtbiIQSmjNKU4P0+vJLE4u1gvPjexLDVPzxdEGvvmZ+X75ZekLlOVfvTjc8FPJgaGiiIGKaiG5Py84vycVD1nCA1SyAABjCCFBQCV27OjYAAAAA==[0m[INFO] --- maven-resources-plugin:3.0.2:testResources (default-testResources) @ spring-petclinic-visits-service ---
[INFO] Not copying test resources
[INFO] 
[8mha:////4LY9qAbl0+xaq4stsC31wXaa51IICuI8DGD7yd5+vXM8AAAAYB+LCAAAAAAAAP9b85aBtbiIQSmjNKU4P0+vJLE4u1gvPjexLDVPzxdEGvvmZ+X75ZekLlOVfvTjc8FPJgaGiiIGKaiG5Py84vycVD1nCA1SyAABjCCFBQCV27OjYAAAAA==[0m[INFO] --- maven-compiler-plugin:3.7.0:testCompile (default-testCompile) @ spring-petclinic-visits-service ---
[INFO] Not compiling test sources
[INFO] 
[8mha:////4LY9qAbl0+xaq4stsC31wXaa51IICuI8DGD7yd5+vXM8AAAAYB+LCAAAAAAAAP9b85aBtbiIQSmjNKU4P0+vJLE4u1gvPjexLDVPzxdEGvvmZ+X75ZekLlOVfvTjc8FPJgaGiiIGKaiG5Py84vycVD1nCA1SyAABjCCFBQCV27OjYAAAAA==[0m[INFO] --- maven-surefire-plugin:2.22.0:test (default-test) @ spring-petclinic-visits-service ---
[INFO] Tests are skipped.
[INFO] 
[8mha:////4LY9qAbl0+xaq4stsC31wXaa51IICuI8DGD7yd5+vXM8AAAAYB+LCAAAAAAAAP9b85aBtbiIQSmjNKU4P0+vJLE4u1gvPjexLDVPzxdEGvvmZ+X75ZekLlOVfvTjc8FPJgaGiiIGKaiG5Py84vycVD1nCA1SyAABjCCFBQCV27OjYAAAAA==[0m[INFO] --- maven-jar-plugin:2.1:jar (default-jar) @ spring-petclinic-visits-service ---
[INFO] Building jar: /var/jenkins_home/jobs/spring-petclinic-microservices-end-to-end-tests/workspace/spring-petclinic-visits-service/target/spring-petclinic-visits-service-2.0.6.jar
[INFO] 
[8mha:////4LY9qAbl0+xaq4stsC31wXaa51IICuI8DGD7yd5+vXM8AAAAYB+LCAAAAAAAAP9b85aBtbiIQSmjNKU4P0+vJLE4u1gvPjexLDVPzxdEGvvmZ+X75ZekLlOVfvTjc8FPJgaGiiIGKaiG5Py84vycVD1nCA1SyAABjCCFBQCV27OjYAAAAA==[0m[INFO] --- spring-boot-maven-plugin:2.0.6.RELEASE:repackage (default) @ spring-petclinic-visits-service ---
[INFO] 
[8mha:////4LY9qAbl0+xaq4stsC31wXaa51IICuI8DGD7yd5+vXM8AAAAYB+LCAAAAAAAAP9b85aBtbiIQSmjNKU4P0+vJLE4u1gvPjexLDVPzxdEGvvmZ+X75ZekLlOVfvTjc8FPJgaGiiIGKaiG5Py84vycVD1nCA1SyAABjCCFBQCV27OjYAAAAA==[0m[INFO] --- maven-install-plugin:2.5.2:install (default-install) @ spring-petclinic-visits-service ---
[INFO] Installing /var/jenkins_home/jobs/spring-petclinic-microservices-end-to-end-tests/workspace/spring-petclinic-visits-service/target/spring-petclinic-visits-service-2.0.6.jar to /var/jenkins_home/.m2/repository/org/springframework/samples/petclinic/visits/spring-petclinic-visits-service/2.0.6/spring-petclinic-visits-service-2.0.6.jar
[INFO] Installing /var/jenkins_home/jobs/spring-petclinic-microservices-end-to-end-tests/workspace/spring-petclinic-visits-service/pom.xml to /var/jenkins_home/.m2/repository/org/springframework/samples/petclinic/visits/spring-petclinic-visits-service/2.0.6/spring-petclinic-visits-service-2.0.6.pom
[INFO] 
[8mha:////4LY9qAbl0+xaq4stsC31wXaa51IICuI8DGD7yd5+vXM8AAAAYB+LCAAAAAAAAP9b85aBtbiIQSmjNKU4P0+vJLE4u1gvPjexLDVPzxdEGvvmZ+X75ZekLlOVfvTjc8FPJgaGiiIGKaiG5Py84vycVD1nCA1SyAABjCCFBQCV27OjYAAAAA==[0m[INFO] --- docker-maven-plugin:1.1.1:build (default) @ spring-petclinic-visits-service ---
[INFO] Using authentication suppliers: [ConfigFileRegistryAuthSupplier]
[INFO] Copying /var/jenkins_home/jobs/spring-petclinic-microservices-end-to-end-tests/workspace/spring-petclinic-visits-service/target/spring-petclinic-visits-service-2.0.6.jar -> /var/jenkins_home/jobs/spring-petclinic-microservices-end-to-end-tests/workspace/spring-petclinic-visits-service/target/docker/spring-petclinic-visits-service-2.0.6.jar
[INFO] Copying /var/jenkins_home/jobs/spring-petclinic-microservices-end-to-end-tests/workspace/spring-petclinic-visits-service/../docker/Dockerfile -> /var/jenkins_home/jobs/spring-petclinic-microservices-end-to-end-tests/workspace/spring-petclinic-visits-service/target/docker/Dockerfile
[INFO] Building image mszarlinski/spring-petclinic-visits-service
Step 1/13 : FROM openjdk:8-jre-alpine

 ---> 2e01f547f003
Step 2/13 : VOLUME /tmp

 ---> Using cache
 ---> 6904023c293c
Step 3/13 : ARG DOCKERIZE_VERSION

 ---> Using cache
 ---> 608e773d8816
Step 4/13 : ARG ARTIFACT_NAME

 ---> Using cache
 ---> d19f1c993276
Step 5/13 : ARG EXPOSED_PORT

 ---> Using cache
 ---> c6ba086171e4
Step 6/13 : ENV SPRING_PROFILES_ACTIVE docker

 ---> Using cache
 ---> 22776da4e776
Step 7/13 : ADD https://github.com/jwilder/dockerize/releases/download/${DOCKERIZE_VERSION}/dockerize-alpine-linux-amd64-${DOCKERIZE_VERSION}.tar.gz dockerize.tar.gz

null: Downloading [>                                                  ]  33.31kB/3.006MB
[1A[2Knull: Downloading [=>                                                 ]  68.12kB/3.006MB
[0B[1A[2Knull: Downloading [==>                                                ]  137.8kB/3.006MB
[0B[1A[2Knull: Downloading [====>                                              ]  242.2kB/3.006MB
[0B[1A[2Knull: Downloading [======>                                            ]  416.3kB/3.006MB
[0B[1A[2Knull: Downloading [===========>                                       ]  694.8kB/3.006MB
[0B[1A[2Knull: Downloading [================>                                  ]  1.008MB/3.006MB
[0B[1A[2Knull: Downloading [======================>                            ]  1.356MB/3.006MB
[0B[1A[2Knull: Downloading [========================>                          ]  1.496MB/3.006MB
[0B[1A[2Knull: Downloading [================================>                  ]  1.983MB/3.006MB
[0B[1A[2Knull: Downloading [=====================================>             ]  2.227MB/3.006MB
[0B[1A[2Knull: Downloading [=================================================> ]  2.959MB/3.006MB
[0B[1A[2Knull: Downloading [==================================================>]  3.006MB/3.006MB
[0B
 ---> Using cache
 ---> eb188b06f9ee
Step 8/13 : RUN tar xzf dockerize.tar.gz

 ---> Using cache
 ---> 3b1fbfdbb159
Step 9/13 : RUN chmod +x dockerize

 ---> Using cache
 ---> f71e262c0c2c
Step 10/13 : ADD ${ARTIFACT_NAME}.jar /app.jar

 ---> 77f60cbfbd3c
Step 11/13 : RUN touch /app.jar

 ---> Running in ea8655fbef1f
Removing intermediate container ea8655fbef1f
 ---> fd6168712059
Step 12/13 : EXPOSE ${EXPOSED_PORT}

 ---> Running in ac86a8577492
Removing intermediate container ac86a8577492
 ---> 54870e6c7186
Step 13/13 : RUN wget -O /qrebel-agent.jar https://hub.qrebel.com/getagent/qrebel-agent.jar

 ---> Running in 50424e28b310
[91mConnecting to hub.qrebel.com (54.173.254.10:443)
[0m
[91mqrebel-agent.jar       3% |*                              |   315k  0:00:26 ETA
[0m
[91mqrebel-agent.jar    [0m
[91m  31% |*********                      |  2699k[0m
[91m  0:00:04 ETA[0m
[91m
[0m
[91mqrebel-agent.jar      62% |*******************            |  5323k  0:00:01 ETA
[0m
[91mqrebel-agent.jar      93% |*****************************  |  8011k  0:00:00 ETA[0m
[91m
[0m
[91mqrebel-agent.jar    [0m
[91m 100%[0m
[91m |*******************************|[0m
[91m  8539k  0:00:00 ETA
[0m
[91m
[0m
Removing intermediate container 50424e28b310
 ---> 9e04972d841d
ProgressMessage{id=null, status=null, stream=null, error=null, progress=null, progressDetail=null}
Successfully built 9e04972d841d
Successfully tagged mszarlinski/spring-petclinic-visits-service:latest
[INFO] Built mszarlinski/spring-petclinic-visits-service
[INFO]                                                                         
[INFO] ------------------------------------------------------------------------
[INFO] Building spring-petclinic-config-server 2.0.6
[INFO] ------------------------------------------------------------------------
[INFO] 
[8mha:////4LY9qAbl0+xaq4stsC31wXaa51IICuI8DGD7yd5+vXM8AAAAYB+LCAAAAAAAAP9b85aBtbiIQSmjNKU4P0+vJLE4u1gvPjexLDVPzxdEGvvmZ+X75ZekLlOVfvTjc8FPJgaGiiIGKaiG5Py84vycVD1nCA1SyAABjCCFBQCV27OjYAAAAA==[0m[INFO] --- maven-clean-plugin:3.0.0:clean (default-clean) @ spring-petclinic-config-server ---
[INFO] Deleting /var/jenkins_home/jobs/spring-petclinic-microservices-end-to-end-tests/workspace/spring-petclinic-config-server/target
[INFO] 
[8mha:////4LY9qAbl0+xaq4stsC31wXaa51IICuI8DGD7yd5+vXM8AAAAYB+LCAAAAAAAAP9b85aBtbiIQSmjNKU4P0+vJLE4u1gvPjexLDVPzxdEGvvmZ+X75ZekLlOVfvTjc8FPJgaGiiIGKaiG5Py84vycVD1nCA1SyAABjCCFBQCV27OjYAAAAA==[0m[INFO] --- git-commit-id-plugin:2.2.5:revision (default) @ spring-petclinic-config-server ---
[INFO] dotGitDirectory /var/jenkins_home/jobs/spring-petclinic-microservices-end-to-end-tests/workspace/.git
[INFO] git.build.user.name 
[INFO] git.build.user.email 
[INFO] Using environment variable based branch name. GIT_BRANCH = origin/master
[INFO] git.branch origin/master
[INFO] --always = true
[INFO] --dirty = -dirty
[INFO] --abbrev = 7
[INFO] Tag refs [[Ref[refs/tags/v1.5.9=387f824fd9f4ce6e1693b43eec9fc35867fc9f3e], Ref[refs/tags/v2.0.3=8fa041c08ec96e3079c0df4006b537f8c0b3ad85]]]
[INFO] Created map: [{}]
[INFO] evalCommit is [e65b3b69a79c114c9b2b9552c75b77ab4193ba18]
[INFO] git.commit.id.describe e65b3b6
[INFO] git.commit.id e65b3b69a79c114c9b2b9552c75b77ab4193ba18
[INFO] git.commit.id.abbrev e65b3b6
[INFO] git.dirty false
[INFO] git.commit.user.name Sten
[INFO] git.commit.user.email sten@Stens-MacBook.local
[INFO] git.commit.message.full VET-37 #Add test for vet specialty not saved
[INFO] git.commit.message.short VET-37 #Add test for vet specialty not saved
[INFO] git.commit.time 2018-12-09T09:00:10+0000
[INFO] git.remote.origin.url https://github.com/sten711/spring-petclinic-microservices
[INFO] git.tags 
[INFO] evalCommit is [e65b3b69a79c114c9b2b9552c75b77ab4193ba18]
[INFO] Tag refs [[Ref[refs/tags/v1.5.9=387f824fd9f4ce6e1693b43eec9fc35867fc9f3e], Ref[refs/tags/v2.0.3=8fa041c08ec96e3079c0df4006b537f8c0b3ad85]]]
[INFO] Created map: [{}]
[INFO] git.closest.tag.name 
[INFO] evalCommit is [e65b3b69a79c114c9b2b9552c75b77ab4193ba18]
[INFO] Tag refs [[Ref[refs/tags/v1.5.9=387f824fd9f4ce6e1693b43eec9fc35867fc9f3e], Ref[refs/tags/v2.0.3=8fa041c08ec96e3079c0df4006b537f8c0b3ad85]]]
[INFO] Created map: [{}]
[INFO] git.closest.tag.commit.count 
[INFO] git.total.commit.count 636
[INFO] git.build.time 2018-12-09T09:07:58+0000
[INFO] git.build.version 2.0.6
[INFO] git.build.host 7328c9c8bcb8
[INFO] git.build.number 86
[INFO] git.commit.id.describe-short e65b3b6
[INFO] found property git.build.user.email
[INFO] found property git.build.host
[INFO] found property git.dirty
[INFO] found property git.remote.origin.url
[INFO] found property git.closest.tag.name
[INFO] found property git.total.commit.count
[INFO] found property git.commit.id.describe-short
[INFO] found property git.commit.user.email
[INFO] found property git.commit.time
[INFO] found property git.commit.message.full
[INFO] found property git.build.version
[INFO] found property git.commit.message.short
[INFO] found property git.commit.id.abbrev
[INFO] found property git.branch
[INFO] found property git.build.user.name
[INFO] found property git.build.number
[INFO] found property git.closest.tag.commit.count
[INFO] found property git.commit.id.describe
[INFO] found property git.commit.id
[INFO] found property git.tags
[INFO] found property git.build.time
[INFO] found property git.commit.user.name
[INFO] Writing properties file to [/var/jenkins_home/jobs/spring-petclinic-microservices-end-to-end-tests/workspace/spring-petclinic-config-server/target/classes/git.properties] (for module spring-petclinic-config-server)...
[INFO] 
[8mha:////4LY9qAbl0+xaq4stsC31wXaa51IICuI8DGD7yd5+vXM8AAAAYB+LCAAAAAAAAP9b85aBtbiIQSmjNKU4P0+vJLE4u1gvPjexLDVPzxdEGvvmZ+X75ZekLlOVfvTjc8FPJgaGiiIGKaiG5Py84vycVD1nCA1SyAABjCCFBQCV27OjYAAAAA==[0m[INFO] --- spring-boot-maven-plugin:2.0.6.RELEASE:build-info (default) @ spring-petclinic-config-server ---
[INFO] 
[8mha:////4LY9qAbl0+xaq4stsC31wXaa51IICuI8DGD7yd5+vXM8AAAAYB+LCAAAAAAAAP9b85aBtbiIQSmjNKU4P0+vJLE4u1gvPjexLDVPzxdEGvvmZ+X75ZekLlOVfvTjc8FPJgaGiiIGKaiG5Py84vycVD1nCA1SyAABjCCFBQCV27OjYAAAAA==[0m[INFO] --- maven-resources-plugin:3.0.2:resources (default-resources) @ spring-petclinic-config-server ---
[INFO] Using 'UTF-8' encoding to copy filtered resources.
[INFO] Copying 0 resource
[INFO] Copying 1 resource
[INFO] 
[8mha:////4LY9qAbl0+xaq4stsC31wXaa51IICuI8DGD7yd5+vXM8AAAAYB+LCAAAAAAAAP9b85aBtbiIQSmjNKU4P0+vJLE4u1gvPjexLDVPzxdEGvvmZ+X75ZekLlOVfvTjc8FPJgaGiiIGKaiG5Py84vycVD1nCA1SyAABjCCFBQCV27OjYAAAAA==[0m[INFO] --- maven-compiler-plugin:3.7.0:compile (default-compile) @ spring-petclinic-config-server ---
[INFO] Changes detected - recompiling the module!
[INFO] Compiling 1 source file to /var/jenkins_home/jobs/spring-petclinic-microservices-end-to-end-tests/workspace/spring-petclinic-config-server/target/classes
[INFO] 
[8mha:////4LY9qAbl0+xaq4stsC31wXaa51IICuI8DGD7yd5+vXM8AAAAYB+LCAAAAAAAAP9b85aBtbiIQSmjNKU4P0+vJLE4u1gvPjexLDVPzxdEGvvmZ+X75ZekLlOVfvTjc8FPJgaGiiIGKaiG5Py84vycVD1nCA1SyAABjCCFBQCV27OjYAAAAA==[0m[INFO] --- maven-resources-plugin:3.0.2:testResources (default-testResources) @ spring-petclinic-config-server ---
[INFO] Not copying test resources
[INFO] 
[8mha:////4LY9qAbl0+xaq4stsC31wXaa51IICuI8DGD7yd5+vXM8AAAAYB+LCAAAAAAAAP9b85aBtbiIQSmjNKU4P0+vJLE4u1gvPjexLDVPzxdEGvvmZ+X75ZekLlOVfvTjc8FPJgaGiiIGKaiG5Py84vycVD1nCA1SyAABjCCFBQCV27OjYAAAAA==[0m[INFO] --- maven-compiler-plugin:3.7.0:testCompile (default-testCompile) @ spring-petclinic-config-server ---
[INFO] Not compiling test sources
[INFO] 
[8mha:////4LY9qAbl0+xaq4stsC31wXaa51IICuI8DGD7yd5+vXM8AAAAYB+LCAAAAAAAAP9b85aBtbiIQSmjNKU4P0+vJLE4u1gvPjexLDVPzxdEGvvmZ+X75ZekLlOVfvTjc8FPJgaGiiIGKaiG5Py84vycVD1nCA1SyAABjCCFBQCV27OjYAAAAA==[0m[INFO] --- maven-surefire-plugin:2.22.0:test (default-test) @ spring-petclinic-config-server ---
[INFO] Tests are skipped.
[INFO] 
[8mha:////4LY9qAbl0+xaq4stsC31wXaa51IICuI8DGD7yd5+vXM8AAAAYB+LCAAAAAAAAP9b85aBtbiIQSmjNKU4P0+vJLE4u1gvPjexLDVPzxdEGvvmZ+X75ZekLlOVfvTjc8FPJgaGiiIGKaiG5Py84vycVD1nCA1SyAABjCCFBQCV27OjYAAAAA==[0m[INFO] --- maven-jar-plugin:2.1:jar (default-jar) @ spring-petclinic-config-server ---
[INFO] Building jar: /var/jenkins_home/jobs/spring-petclinic-microservices-end-to-end-tests/workspace/spring-petclinic-config-server/target/spring-petclinic-config-server-2.0.6.jar
[INFO] 
[8mha:////4LY9qAbl0+xaq4stsC31wXaa51IICuI8DGD7yd5+vXM8AAAAYB+LCAAAAAAAAP9b85aBtbiIQSmjNKU4P0+vJLE4u1gvPjexLDVPzxdEGvvmZ+X75ZekLlOVfvTjc8FPJgaGiiIGKaiG5Py84vycVD1nCA1SyAABjCCFBQCV27OjYAAAAA==[0m[INFO] --- spring-boot-maven-plugin:2.0.6.RELEASE:repackage (default) @ spring-petclinic-config-server ---
[INFO] 
[8mha:////4LY9qAbl0+xaq4stsC31wXaa51IICuI8DGD7yd5+vXM8AAAAYB+LCAAAAAAAAP9b85aBtbiIQSmjNKU4P0+vJLE4u1gvPjexLDVPzxdEGvvmZ+X75ZekLlOVfvTjc8FPJgaGiiIGKaiG5Py84vycVD1nCA1SyAABjCCFBQCV27OjYAAAAA==[0m[INFO] --- maven-install-plugin:2.5.2:install (default-install) @ spring-petclinic-config-server ---
[INFO] Installing /var/jenkins_home/jobs/spring-petclinic-microservices-end-to-end-tests/workspace/spring-petclinic-config-server/target/spring-petclinic-config-server-2.0.6.jar to /var/jenkins_home/.m2/repository/org/springframework/samples/petclinic/config/spring-petclinic-config-server/2.0.6/spring-petclinic-config-server-2.0.6.jar
[INFO] Installing /var/jenkins_home/jobs/spring-petclinic-microservices-end-to-end-tests/workspace/spring-petclinic-config-server/pom.xml to /var/jenkins_home/.m2/repository/org/springframework/samples/petclinic/config/spring-petclinic-config-server/2.0.6/spring-petclinic-config-server-2.0.6.pom
[INFO] 
[8mha:////4LY9qAbl0+xaq4stsC31wXaa51IICuI8DGD7yd5+vXM8AAAAYB+LCAAAAAAAAP9b85aBtbiIQSmjNKU4P0+vJLE4u1gvPjexLDVPzxdEGvvmZ+X75ZekLlOVfvTjc8FPJgaGiiIGKaiG5Py84vycVD1nCA1SyAABjCCFBQCV27OjYAAAAA==[0m[INFO] --- docker-maven-plugin:1.1.1:build (default) @ spring-petclinic-config-server ---
[INFO] Using authentication suppliers: [ConfigFileRegistryAuthSupplier]
[INFO] Copying /var/jenkins_home/jobs/spring-petclinic-microservices-end-to-end-tests/workspace/spring-petclinic-config-server/target/spring-petclinic-config-server-2.0.6.jar -> /var/jenkins_home/jobs/spring-petclinic-microservices-end-to-end-tests/workspace/spring-petclinic-config-server/target/docker/spring-petclinic-config-server-2.0.6.jar
[INFO] Copying /var/jenkins_home/jobs/spring-petclinic-microservices-end-to-end-tests/workspace/spring-petclinic-config-server/../docker/Dockerfile -> /var/jenkins_home/jobs/spring-petclinic-microservices-end-to-end-tests/workspace/spring-petclinic-config-server/target/docker/Dockerfile
[INFO] Building image mszarlinski/spring-petclinic-config-server
Step 1/13 : FROM openjdk:8-jre-alpine

 ---> 2e01f547f003
Step 2/13 : VOLUME /tmp

 ---> Using cache
 ---> 6904023c293c
Step 3/13 : ARG DOCKERIZE_VERSION

 ---> Using cache
 ---> 608e773d8816
Step 4/13 : ARG ARTIFACT_NAME

 ---> Using cache
 ---> d19f1c993276
Step 5/13 : ARG EXPOSED_PORT

 ---> Using cache
 ---> c6ba086171e4
Step 6/13 : ENV SPRING_PROFILES_ACTIVE docker

 ---> Using cache
 ---> 22776da4e776
Step 7/13 : ADD https://github.com/jwilder/dockerize/releases/download/${DOCKERIZE_VERSION}/dockerize-alpine-linux-amd64-${DOCKERIZE_VERSION}.tar.gz dockerize.tar.gz

null: Downloading [>                                                  ]  33.31kB/3.006MB
[1A[2Knull: Downloading [=>                                                 ]  68.12kB/3.006MB
[0B[1A[2Knull: Downloading [==>                                                ]  137.8kB/3.006MB
[0B[1A[2Knull: Downloading [==>                                                ]  172.6kB/3.006MB
[0B[1A[2Knull: Downloading [===>                                               ]  207.4kB/3.006MB
[0B[1A[2Knull: Downloading [====>                                              ]  242.2kB/3.006MB
[0B[1A[2Knull: Downloading [=====>                                             ]  311.8kB/3.006MB
[0B[1A[2Knull: Downloading [=====>                                             ]  346.7kB/3.006MB
[0B[1A[2Knull: Downloading [======>                                            ]  381.5kB/3.006MB
[0B[1A[2Knull: Downloading [======>                                            ]  416.3kB/3.006MB
[0B[1A[2Knull: Downloading [=======>                                           ]  451.1kB/3.006MB
[0B[1A[2Knull: Downloading [========>                                          ]  485.9kB/3.006MB
[0B[1A[2Knull: Downloading [=========>                                         ]  555.5kB/3.006MB
[0B[1A[2Knull: Downloading [=========>                                         ]  590.4kB/3.006MB
[0B[1A[2Knull: Downloading [==========>                                        ]  625.2kB/3.006MB
[0B[1A[2Knull: Downloading [==========>                                        ]    660kB/3.006MB
[0B[1A[2Knull: Downloading [===========>                                       ]  694.8kB/3.006MB
[0B[1A[2Knull: Downloading [============>                                      ]  729.6kB/3.006MB
[0B[1A[2Knull: Downloading [============>                                      ]  764.4kB/3.006MB
[0B[1A[2Knull: Downloading [=============>                                     ]  834.1kB/3.006MB
[0B[1A[2Knull: Downloading [==============>                                    ]  868.9kB/3.006MB
[0B[1A[2Knull: Downloading [===============>                                   ]  903.7kB/3.006MB
[0B[1A[2Knull: Downloading [===============>                                   ]  938.5kB/3.006MB
[0B[1A[2Knull: Downloading [================>                                  ]  973.3kB/3.006MB
[0B[1A[2Knull: Downloading [================>                                  ]  1.008MB/3.006MB
[0B[1A[2Knull: Downloading [=================>                                 ]  1.078MB/3.006MB
[0B[1A[2Knull: Downloading [==================>                                ]  1.113MB/3.006MB
[0B[1A[2Knull: Downloading [===================>                               ]  1.147MB/3.006MB
[0B[1A[2Knull: Downloading [===================>                               ]  1.182MB/3.006MB
[0B[1A[2Knull: Downloading [====================>                              ]  1.252MB/3.006MB
[0B[1A[2Knull: Downloading [=====================>                             ]  1.287MB/3.006MB
[0B[1A[2Knull: Downloading [======================>                            ]  1.356MB/3.006MB
[0B[1A[2Knull: Downloading [=======================>                           ]  1.391MB/3.006MB
[0B[1A[2Knull: Downloading [========================>                          ]  1.461MB/3.006MB
[0B[1A[2Knull: Downloading [=========================>                         ]   1.53MB/3.006MB
[0B[1A[2Knull: Downloading [==========================>                        ]  1.565MB/3.006MB
[0B[1A[2Knull: Downloading [===========================>                       ]  1.635MB/3.006MB
[0B[1A[2Knull: Downloading [===========================>                       ]   1.67MB/3.006MB
[0B[1A[2Knull: Downloading [============================>                      ]  1.739MB/3.006MB
[0B[1A[2Knull: Downloading [==============================>                    ]  1.809MB/3.006MB
[0B[1A[2Knull: Downloading [===============================>                   ]  1.879MB/3.006MB
[0B[1A[2Knull: Downloading [================================>                  ]  1.948MB/3.006MB
[0B[1A[2Knull: Downloading [================================>                  ]  1.983MB/3.006MB
[0B[1A[2Knull: Downloading [==================================>                ]  2.053MB/3.006MB
[0B[1A[2Knull: Downloading [===================================>               ]  2.122MB/3.006MB
[0B[1A[2Knull: Downloading [====================================>              ]  2.192MB/3.006MB
[0B[1A[2Knull: Downloading [=====================================>             ]  2.262MB/3.006MB
[0B[1A[2Knull: Downloading [======================================>            ]  2.331MB/3.006MB
[0B[1A[2Knull: Downloading [========================================>          ]  2.436MB/3.006MB
[0B[1A[2Knull: Downloading [=========================================>         ]  2.505MB/3.006MB
[0B[1A[2Knull: Downloading [==========================================>        ]   2.54MB/3.006MB
[0B[1A[2Knull: Downloading [===========================================>       ]   2.61MB/3.006MB
[0B[1A[2Knull: Downloading [=============================================>     ]  2.749MB/3.006MB
[0B[1A[2Knull: Downloading [===============================================>   ]  2.853MB/3.006MB
[0B[1A[2Knull: Downloading [================================================>  ]  2.923MB/3.006MB
[0B[1A[2Knull: Downloading [==================================================>]  3.006MB/3.006MB
[0B
 ---> Using cache
 ---> eb188b06f9ee
Step 8/13 : RUN tar xzf dockerize.tar.gz

 ---> Using cache
 ---> 263859a11e3b
Step 9/13 : RUN chmod +x dockerize

 ---> Using cache
 ---> ff6889f1bb3b
Step 10/13 : ADD ${ARTIFACT_NAME}.jar /app.jar

 ---> a53129f7b5a3
Step 11/13 : RUN touch /app.jar

 ---> Running in 2f447dd8f385
Removing intermediate container 2f447dd8f385
 ---> 2a8664a26938
Step 12/13 : EXPOSE ${EXPOSED_PORT}

 ---> Running in 8d51c7229d7d
Removing intermediate container 8d51c7229d7d
 ---> 924a59cf4f59
Step 13/13 : RUN wget -O /qrebel-agent.jar https://hub.qrebel.com/getagent/qrebel-agent.jar

 ---> Running in 15c5023d4b7c
[91mConnecting to hub.qrebel.com (54.173.254.10:443)
[0m
[91mqrebel-agent.jar       8% |**                             |   759k  0:00:10 ETA
[0m
[91mqrebel-agent.jar      39% |************                   |  3367k  0:00:03 ETA
[0m
[91mqrebel-agent.jar      70% |*********************          |  6007k  0:00:01 ETA
[0m
[91mqrebel-agent.jar      96% |*****************************  |  8199k  0:00:00 ETA
[0m
[91mqrebel-agent.jar     100% |*******************************|  8539k  0:00:00 ETA

[0m
Removing intermediate container 15c5023d4b7c
 ---> 106f020a142c
ProgressMessage{id=null, status=null, stream=null, error=null, progress=null, progressDetail=null}
Successfully built 106f020a142c
Successfully tagged mszarlinski/spring-petclinic-config-server:latest
[INFO] Built mszarlinski/spring-petclinic-config-server
[INFO]                                                                         
[INFO] ------------------------------------------------------------------------
[INFO] Building spring-petclinic-discovery-server 2.0.6
[INFO] ------------------------------------------------------------------------
[INFO] 
[8mha:////4LY9qAbl0+xaq4stsC31wXaa51IICuI8DGD7yd5+vXM8AAAAYB+LCAAAAAAAAP9b85aBtbiIQSmjNKU4P0+vJLE4u1gvPjexLDVPzxdEGvvmZ+X75ZekLlOVfvTjc8FPJgaGiiIGKaiG5Py84vycVD1nCA1SyAABjCCFBQCV27OjYAAAAA==[0m[INFO] --- maven-clean-plugin:3.0.0:clean (default-clean) @ spring-petclinic-discovery-server ---
[INFO] Deleting /var/jenkins_home/jobs/spring-petclinic-microservices-end-to-end-tests/workspace/spring-petclinic-discovery-server/target
[INFO] 
[8mha:////4LY9qAbl0+xaq4stsC31wXaa51IICuI8DGD7yd5+vXM8AAAAYB+LCAAAAAAAAP9b85aBtbiIQSmjNKU4P0+vJLE4u1gvPjexLDVPzxdEGvvmZ+X75ZekLlOVfvTjc8FPJgaGiiIGKaiG5Py84vycVD1nCA1SyAABjCCFBQCV27OjYAAAAA==[0m[INFO] --- git-commit-id-plugin:2.2.5:revision (default) @ spring-petclinic-discovery-server ---
[INFO] dotGitDirectory /var/jenkins_home/jobs/spring-petclinic-microservices-end-to-end-tests/workspace/.git
[INFO] git.build.user.name 
[INFO] git.build.user.email 
[INFO] Using environment variable based branch name. GIT_BRANCH = origin/master
[INFO] git.branch origin/master
[INFO] --always = true
[INFO] --dirty = -dirty
[INFO] --abbrev = 7
[INFO] Tag refs [[Ref[refs/tags/v1.5.9=387f824fd9f4ce6e1693b43eec9fc35867fc9f3e], Ref[refs/tags/v2.0.3=8fa041c08ec96e3079c0df4006b537f8c0b3ad85]]]
[INFO] Created map: [{}]
[INFO] evalCommit is [e65b3b69a79c114c9b2b9552c75b77ab4193ba18]
[INFO] git.commit.id.describe e65b3b6
[INFO] git.commit.id e65b3b69a79c114c9b2b9552c75b77ab4193ba18
[INFO] git.commit.id.abbrev e65b3b6
[INFO] git.dirty false
[INFO] git.commit.user.name Sten
[INFO] git.commit.user.email sten@Stens-MacBook.local
[INFO] git.commit.message.full VET-37 #Add test for vet specialty not saved
[INFO] git.commit.message.short VET-37 #Add test for vet specialty not saved
[INFO] git.commit.time 2018-12-09T09:00:10+0000
[INFO] git.remote.origin.url https://github.com/sten711/spring-petclinic-microservices
[INFO] git.tags 
[INFO] evalCommit is [e65b3b69a79c114c9b2b9552c75b77ab4193ba18]
[INFO] Tag refs [[Ref[refs/tags/v1.5.9=387f824fd9f4ce6e1693b43eec9fc35867fc9f3e], Ref[refs/tags/v2.0.3=8fa041c08ec96e3079c0df4006b537f8c0b3ad85]]]
[INFO] Created map: [{}]
[INFO] git.closest.tag.name 
[INFO] evalCommit is [e65b3b69a79c114c9b2b9552c75b77ab4193ba18]
[INFO] Tag refs [[Ref[refs/tags/v1.5.9=387f824fd9f4ce6e1693b43eec9fc35867fc9f3e], Ref[refs/tags/v2.0.3=8fa041c08ec96e3079c0df4006b537f8c0b3ad85]]]
[INFO] Created map: [{}]
[INFO] git.closest.tag.commit.count 
[INFO] git.total.commit.count 636
[INFO] git.build.time 2018-12-09T09:08:22+0000
[INFO] git.build.version 2.0.6
[INFO] git.build.host 7328c9c8bcb8
[INFO] git.build.number 86
[INFO] git.commit.id.describe-short e65b3b6
[INFO] found property git.build.user.email
[INFO] found property git.build.host
[INFO] found property git.dirty
[INFO] found property git.remote.origin.url
[INFO] found property git.closest.tag.name
[INFO] found property git.total.commit.count
[INFO] found property git.commit.id.describe-short
[INFO] found property git.commit.user.email
[INFO] found property git.commit.time
[INFO] found property git.commit.message.full
[INFO] found property git.build.version
[INFO] found property git.commit.message.short
[INFO] found property git.commit.id.abbrev
[INFO] found property git.branch
[INFO] found property git.build.user.name
[INFO] found property git.build.number
[INFO] found property git.closest.tag.commit.count
[INFO] found property git.commit.id.describe
[INFO] found property git.commit.id
[INFO] found property git.tags
[INFO] found property git.build.time
[INFO] found property git.commit.user.name
[INFO] Writing properties file to [/var/jenkins_home/jobs/spring-petclinic-microservices-end-to-end-tests/workspace/spring-petclinic-discovery-server/target/classes/git.properties] (for module spring-petclinic-discovery-server)...
[INFO] 
[8mha:////4LY9qAbl0+xaq4stsC31wXaa51IICuI8DGD7yd5+vXM8AAAAYB+LCAAAAAAAAP9b85aBtbiIQSmjNKU4P0+vJLE4u1gvPjexLDVPzxdEGvvmZ+X75ZekLlOVfvTjc8FPJgaGiiIGKaiG5Py84vycVD1nCA1SyAABjCCFBQCV27OjYAAAAA==[0m[INFO] --- spring-boot-maven-plugin:2.0.6.RELEASE:build-info (default) @ spring-petclinic-discovery-server ---
[INFO] 
[8mha:////4LY9qAbl0+xaq4stsC31wXaa51IICuI8DGD7yd5+vXM8AAAAYB+LCAAAAAAAAP9b85aBtbiIQSmjNKU4P0+vJLE4u1gvPjexLDVPzxdEGvvmZ+X75ZekLlOVfvTjc8FPJgaGiiIGKaiG5Py84vycVD1nCA1SyAABjCCFBQCV27OjYAAAAA==[0m[INFO] --- maven-resources-plugin:3.0.2:resources (default-resources) @ spring-petclinic-discovery-server ---
[INFO] Using 'UTF-8' encoding to copy filtered resources.
[INFO] Copying 0 resource
[INFO] Copying 1 resource
[INFO] 
[8mha:////4LY9qAbl0+xaq4stsC31wXaa51IICuI8DGD7yd5+vXM8AAAAYB+LCAAAAAAAAP9b85aBtbiIQSmjNKU4P0+vJLE4u1gvPjexLDVPzxdEGvvmZ+X75ZekLlOVfvTjc8FPJgaGiiIGKaiG5Py84vycVD1nCA1SyAABjCCFBQCV27OjYAAAAA==[0m[INFO] --- maven-compiler-plugin:3.7.0:compile (default-compile) @ spring-petclinic-discovery-server ---
[INFO] Changes detected - recompiling the module!
[INFO] Compiling 1 source file to /var/jenkins_home/jobs/spring-petclinic-microservices-end-to-end-tests/workspace/spring-petclinic-discovery-server/target/classes
[INFO] 
[8mha:////4LY9qAbl0+xaq4stsC31wXaa51IICuI8DGD7yd5+vXM8AAAAYB+LCAAAAAAAAP9b85aBtbiIQSmjNKU4P0+vJLE4u1gvPjexLDVPzxdEGvvmZ+X75ZekLlOVfvTjc8FPJgaGiiIGKaiG5Py84vycVD1nCA1SyAABjCCFBQCV27OjYAAAAA==[0m[INFO] --- maven-resources-plugin:3.0.2:testResources (default-testResources) @ spring-petclinic-discovery-server ---
[INFO] Not copying test resources
[INFO] 
[8mha:////4LY9qAbl0+xaq4stsC31wXaa51IICuI8DGD7yd5+vXM8AAAAYB+LCAAAAAAAAP9b85aBtbiIQSmjNKU4P0+vJLE4u1gvPjexLDVPzxdEGvvmZ+X75ZekLlOVfvTjc8FPJgaGiiIGKaiG5Py84vycVD1nCA1SyAABjCCFBQCV27OjYAAAAA==[0m[INFO] --- maven-compiler-plugin:3.7.0:testCompile (default-testCompile) @ spring-petclinic-discovery-server ---
[INFO] Not compiling test sources
[INFO] 
[8mha:////4LY9qAbl0+xaq4stsC31wXaa51IICuI8DGD7yd5+vXM8AAAAYB+LCAAAAAAAAP9b85aBtbiIQSmjNKU4P0+vJLE4u1gvPjexLDVPzxdEGvvmZ+X75ZekLlOVfvTjc8FPJgaGiiIGKaiG5Py84vycVD1nCA1SyAABjCCFBQCV27OjYAAAAA==[0m[INFO] --- maven-surefire-plugin:2.22.0:test (default-test) @ spring-petclinic-discovery-server ---
[INFO] Tests are skipped.
[INFO] 
[8mha:////4LY9qAbl0+xaq4stsC31wXaa51IICuI8DGD7yd5+vXM8AAAAYB+LCAAAAAAAAP9b85aBtbiIQSmjNKU4P0+vJLE4u1gvPjexLDVPzxdEGvvmZ+X75ZekLlOVfvTjc8FPJgaGiiIGKaiG5Py84vycVD1nCA1SyAABjCCFBQCV27OjYAAAAA==[0m[INFO] --- maven-jar-plugin:2.1:jar (default-jar) @ spring-petclinic-discovery-server ---
[INFO] Building jar: /var/jenkins_home/jobs/spring-petclinic-microservices-end-to-end-tests/workspace/spring-petclinic-discovery-server/target/spring-petclinic-discovery-server-2.0.6.jar
[INFO] 
[8mha:////4LY9qAbl0+xaq4stsC31wXaa51IICuI8DGD7yd5+vXM8AAAAYB+LCAAAAAAAAP9b85aBtbiIQSmjNKU4P0+vJLE4u1gvPjexLDVPzxdEGvvmZ+X75ZekLlOVfvTjc8FPJgaGiiIGKaiG5Py84vycVD1nCA1SyAABjCCFBQCV27OjYAAAAA==[0m[INFO] --- spring-boot-maven-plugin:2.0.6.RELEASE:repackage (default) @ spring-petclinic-discovery-server ---
[INFO] 
[8mha:////4LY9qAbl0+xaq4stsC31wXaa51IICuI8DGD7yd5+vXM8AAAAYB+LCAAAAAAAAP9b85aBtbiIQSmjNKU4P0+vJLE4u1gvPjexLDVPzxdEGvvmZ+X75ZekLlOVfvTjc8FPJgaGiiIGKaiG5Py84vycVD1nCA1SyAABjCCFBQCV27OjYAAAAA==[0m[INFO] --- maven-install-plugin:2.5.2:install (default-install) @ spring-petclinic-discovery-server ---
[INFO] Installing /var/jenkins_home/jobs/spring-petclinic-microservices-end-to-end-tests/workspace/spring-petclinic-discovery-server/target/spring-petclinic-discovery-server-2.0.6.jar to /var/jenkins_home/.m2/repository/org/springframework/samples/petclinic/discovery/spring-petclinic-discovery-server/2.0.6/spring-petclinic-discovery-server-2.0.6.jar
[INFO] Installing /var/jenkins_home/jobs/spring-petclinic-microservices-end-to-end-tests/workspace/spring-petclinic-discovery-server/pom.xml to /var/jenkins_home/.m2/repository/org/springframework/samples/petclinic/discovery/spring-petclinic-discovery-server/2.0.6/spring-petclinic-discovery-server-2.0.6.pom
[INFO] 
[8mha:////4LY9qAbl0+xaq4stsC31wXaa51IICuI8DGD7yd5+vXM8AAAAYB+LCAAAAAAAAP9b85aBtbiIQSmjNKU4P0+vJLE4u1gvPjexLDVPzxdEGvvmZ+X75ZekLlOVfvTjc8FPJgaGiiIGKaiG5Py84vycVD1nCA1SyAABjCCFBQCV27OjYAAAAA==[0m[INFO] --- docker-maven-plugin:1.1.1:build (default) @ spring-petclinic-discovery-server ---
[INFO] Using authentication suppliers: [ConfigFileRegistryAuthSupplier]
[INFO] Copying /var/jenkins_home/jobs/spring-petclinic-microservices-end-to-end-tests/workspace/spring-petclinic-discovery-server/target/spring-petclinic-discovery-server-2.0.6.jar -> /var/jenkins_home/jobs/spring-petclinic-microservices-end-to-end-tests/workspace/spring-petclinic-discovery-server/target/docker/spring-petclinic-discovery-server-2.0.6.jar
[INFO] Copying /var/jenkins_home/jobs/spring-petclinic-microservices-end-to-end-tests/workspace/spring-petclinic-discovery-server/../docker/Dockerfile -> /var/jenkins_home/jobs/spring-petclinic-microservices-end-to-end-tests/workspace/spring-petclinic-discovery-server/target/docker/Dockerfile
[INFO] Building image mszarlinski/spring-petclinic-discovery-server
Step 1/13 : FROM openjdk:8-jre-alpine

 ---> 2e01f547f003
Step 2/13 : VOLUME /tmp

 ---> Using cache
 ---> 6904023c293c
Step 3/13 : ARG DOCKERIZE_VERSION

 ---> Using cache
 ---> 608e773d8816
Step 4/13 : ARG ARTIFACT_NAME

 ---> Using cache
 ---> d19f1c993276
Step 5/13 : ARG EXPOSED_PORT

 ---> Using cache
 ---> c6ba086171e4
Step 6/13 : ENV SPRING_PROFILES_ACTIVE docker

 ---> Using cache
 ---> 22776da4e776
Step 7/13 : ADD https://github.com/jwilder/dockerize/releases/download/${DOCKERIZE_VERSION}/dockerize-alpine-linux-amd64-${DOCKERIZE_VERSION}.tar.gz dockerize.tar.gz

null: Downloading [>                                                  ]  33.31kB/3.006MB
[1A[2Knull: Downloading [=>                                                 ]  68.12kB/3.006MB
[0B[1A[2Knull: Downloading [==>                                                ]  137.8kB/3.006MB
[0B[1A[2Knull: Downloading [===>                                               ]  207.4kB/3.006MB
[0B[1A[2Knull: Downloading [====>                                              ]    277kB/3.006MB
[0B[1A[2Knull: Downloading [=====>                                             ]  311.8kB/3.006MB
[0B[1A[2Knull: Downloading [======>                                            ]  381.5kB/3.006MB
[0B[1A[2Knull: Downloading [======>                                            ]  416.3kB/3.006MB
[0B[1A[2Knull: Downloading [========>                                          ]  485.9kB/3.006MB
[0B[1A[2Knull: Downloading [=========>                                         ]  555.5kB/3.006MB
[0B[1A[2Knull: Downloading [=========>                                         ]  590.4kB/3.006MB
[0B[1A[2Knull: Downloading [==========>                                        ]    660kB/3.006MB
[0B[1A[2Knull: Downloading [===========>                                       ]  694.8kB/3.006MB
[0B[1A[2Knull: Downloading [============>                                      ]  764.4kB/3.006MB
[0B[1A[2Knull: Downloading [=============>                                     ]  834.1kB/3.006MB
[0B[1A[2Knull: Downloading [==============>                                    ]  868.9kB/3.006MB
[0B[1A[2Knull: Downloading [===============>                                   ]  938.5kB/3.006MB
[0B[1A[2Knull: Downloading [================>                                  ]  973.3kB/3.006MB
[0B[1A[2Knull: Downloading [=================>                                 ]  1.043MB/3.006MB
[0B[1A[2Knull: Downloading [=================>                                 ]  1.078MB/3.006MB
[0B[1A[2Knull: Downloading [===================>                               ]  1.147MB/3.006MB
[0B[1A[2Knull: Downloading [====================>                              ]  1.217MB/3.006MB
[0B[1A[2Knull: Downloading [====================>                              ]  1.252MB/3.006MB
[0B[1A[2Knull: Downloading [=====================>                             ]  1.321MB/3.006MB
[0B[1A[2Knull: Downloading [=======================>                           ]  1.391MB/3.006MB
[0B[1A[2Knull: Downloading [=======================>                           ]  1.426MB/3.006MB
[0B[1A[2Knull: Downloading [========================>                          ]  1.496MB/3.006MB
[0B[1A[2Knull: Downloading [=========================>                         ]   1.53MB/3.006MB
[0B[1A[2Knull: Downloading [==========================>                        ]    1.6MB/3.006MB
[0B[1A[2Knull: Downloading [===========================>                       ]   1.67MB/3.006MB
[0B[1A[2Knull: Downloading [============================>                      ]  1.704MB/3.006MB
[0B[1A[2Knull: Downloading [=============================>                     ]  1.774MB/3.006MB
[0B[1A[2Knull: Downloading [==============================>                    ]  1.844MB/3.006MB
[0B[1A[2Knull: Downloading [===============================>                   ]  1.879MB/3.006MB
[0B[1A[2Knull: Downloading [================================>                  ]  1.948MB/3.006MB
[0B[1A[2Knull: Downloading [=================================>                 ]  2.018MB/3.006MB
[0B[1A[2Knull: Downloading [==================================>                ]  2.087MB/3.006MB
[0B[1A[2Knull: Downloading [===================================>               ]  2.122MB/3.006MB
[0B[1A[2Knull: Downloading [====================================>              ]  2.192MB/3.006MB
[0B[1A[2Knull: Downloading [=====================================>             ]  2.262MB/3.006MB
[0B[1A[2Knull: Downloading [======================================>            ]  2.331MB/3.006MB
[0B[1A[2Knull: Downloading [=======================================>           ]  2.401MB/3.006MB
[0B[1A[2Knull: Downloading [========================================>          ]  2.436MB/3.006MB
[0B[1A[2Knull: Downloading [=========================================>         ]  2.505MB/3.006MB
[0B[1A[2Knull: Downloading [==========================================>        ]  2.575MB/3.006MB
[0B[1A[2Knull: Downloading [===========================================>       ]  2.645MB/3.006MB
[0B[1A[2Knull: Downloading [=============================================>     ]  2.714MB/3.006MB
[0B[1A[2Knull: Downloading [==============================================>    ]  2.784MB/3.006MB
[0B[1A[2Knull: Downloading [===============================================>   ]  2.853MB/3.006MB
[0B[1A[2Knull: Downloading [=================================================> ]  2.958MB/3.006MB
[0B[1A[2Knull: Downloading [==================================================>]  3.006MB/3.006MB
[0B
 ---> Using cache
 ---> eb188b06f9ee
Step 8/13 : RUN tar xzf dockerize.tar.gz

 ---> Using cache
 ---> 084992950d89
Step 9/13 : RUN chmod +x dockerize

 ---> Using cache
 ---> 01507c9bca44
Step 10/13 : ADD ${ARTIFACT_NAME}.jar /app.jar

 ---> f422db46f945
Step 11/13 : RUN touch /app.jar

 ---> Running in d5f4a86b561a
Removing intermediate container d5f4a86b561a
 ---> c6b072c950e5
Step 12/13 : EXPOSE ${EXPOSED_PORT}

 ---> Running in 411b85f73ff6
Removing intermediate container 411b85f73ff6
 ---> fa92ff6ab73f
Step 13/13 : RUN wget -O /qrebel-agent.jar https://hub.qrebel.com/getagent/qrebel-agent.jar

 ---> Running in 9146c303176c
[91mConnecting to hub.qrebel.com (54.173.254.10:443)
[0m
[91mqrebel-agent.jar       6% |*                              |   534k  0:00:14 ETA
[0m
[91mqrebel-agent.jar      33% |**********                     |  2870k  0:00:03 ETA
[0m
[91mqrebel-agent.jar      71% |**********************         |  6134k  0:00:01 ETA
[0m
[91mqrebel-agent.jar     100% |*******************************|  8539k  0:00:00 ETA

[0m
Removing intermediate container 9146c303176c
 ---> 7055af5f207c
ProgressMessage{id=null, status=null, stream=null, error=null, progress=null, progressDetail=null}
Successfully built 7055af5f207c
Successfully tagged mszarlinski/spring-petclinic-discovery-server:latest
[INFO] Built mszarlinski/spring-petclinic-discovery-server
[INFO]                                                                         
[INFO] ------------------------------------------------------------------------
[INFO] Building spring-petclinic-api-gateway 2.0.6
[INFO] ------------------------------------------------------------------------
[INFO] 
[8mha:////4LY9qAbl0+xaq4stsC31wXaa51IICuI8DGD7yd5+vXM8AAAAYB+LCAAAAAAAAP9b85aBtbiIQSmjNKU4P0+vJLE4u1gvPjexLDVPzxdEGvvmZ+X75ZekLlOVfvTjc8FPJgaGiiIGKaiG5Py84vycVD1nCA1SyAABjCCFBQCV27OjYAAAAA==[0m[INFO] --- maven-clean-plugin:3.0.0:clean (default-clean) @ spring-petclinic-api-gateway ---
[INFO] Deleting /var/jenkins_home/jobs/spring-petclinic-microservices-end-to-end-tests/workspace/spring-petclinic-api-gateway/target
[INFO] 
[8mha:////4LY9qAbl0+xaq4stsC31wXaa51IICuI8DGD7yd5+vXM8AAAAYB+LCAAAAAAAAP9b85aBtbiIQSmjNKU4P0+vJLE4u1gvPjexLDVPzxdEGvvmZ+X75ZekLlOVfvTjc8FPJgaGiiIGKaiG5Py84vycVD1nCA1SyAABjCCFBQCV27OjYAAAAA==[0m[INFO] --- git-commit-id-plugin:2.2.5:revision (default) @ spring-petclinic-api-gateway ---
[INFO] dotGitDirectory /var/jenkins_home/jobs/spring-petclinic-microservices-end-to-end-tests/workspace/.git
[INFO] git.build.user.name 
[INFO] git.build.user.email 
[INFO] Using environment variable based branch name. GIT_BRANCH = origin/master
[INFO] git.branch origin/master
[INFO] --always = true
[INFO] --dirty = -dirty
[INFO] --abbrev = 7
[INFO] Tag refs [[Ref[refs/tags/v1.5.9=387f824fd9f4ce6e1693b43eec9fc35867fc9f3e], Ref[refs/tags/v2.0.3=8fa041c08ec96e3079c0df4006b537f8c0b3ad85]]]
[INFO] Created map: [{}]
[INFO] evalCommit is [e65b3b69a79c114c9b2b9552c75b77ab4193ba18]
[INFO] git.commit.id.describe e65b3b6
[INFO] git.commit.id e65b3b69a79c114c9b2b9552c75b77ab4193ba18
[INFO] git.commit.id.abbrev e65b3b6
[INFO] git.dirty false
[INFO] git.commit.user.name Sten
[INFO] git.commit.user.email sten@Stens-MacBook.local
[INFO] git.commit.message.full VET-37 #Add test for vet specialty not saved
[INFO] git.commit.message.short VET-37 #Add test for vet specialty not saved
[INFO] git.commit.time 2018-12-09T09:00:10+0000
[INFO] git.remote.origin.url https://github.com/sten711/spring-petclinic-microservices
[INFO] git.tags 
[INFO] evalCommit is [e65b3b69a79c114c9b2b9552c75b77ab4193ba18]
[INFO] Tag refs [[Ref[refs/tags/v1.5.9=387f824fd9f4ce6e1693b43eec9fc35867fc9f3e], Ref[refs/tags/v2.0.3=8fa041c08ec96e3079c0df4006b537f8c0b3ad85]]]
[INFO] Created map: [{}]
[INFO] git.closest.tag.name 
[INFO] evalCommit is [e65b3b69a79c114c9b2b9552c75b77ab4193ba18]
[INFO] Tag refs [[Ref[refs/tags/v1.5.9=387f824fd9f4ce6e1693b43eec9fc35867fc9f3e], Ref[refs/tags/v2.0.3=8fa041c08ec96e3079c0df4006b537f8c0b3ad85]]]
[INFO] Created map: [{}]
[INFO] git.closest.tag.commit.count 
[INFO] git.total.commit.count 636
[INFO] git.build.time 2018-12-09T09:08:42+0000
[INFO] git.build.version 2.0.6
[INFO] git.build.host 7328c9c8bcb8
[INFO] git.build.number 86
[INFO] git.commit.id.describe-short e65b3b6
[INFO] found property git.build.user.email
[INFO] found property git.build.host
[INFO] found property git.dirty
[INFO] found property git.remote.origin.url
[INFO] found property git.closest.tag.name
[INFO] found property git.total.commit.count
[INFO] found property git.commit.id.describe-short
[INFO] found property git.commit.user.email
[INFO] found property git.commit.time
[INFO] found property git.commit.message.full
[INFO] found property git.build.version
[INFO] found property git.commit.message.short
[INFO] found property git.commit.id.abbrev
[INFO] found property git.branch
[INFO] found property git.build.user.name
[INFO] found property git.build.number
[INFO] found property git.closest.tag.commit.count
[INFO] found property git.commit.id.describe
[INFO] found property git.commit.id
[INFO] found property git.tags
[INFO] found property git.build.time
[INFO] found property git.commit.user.name
[INFO] Writing properties file to [/var/jenkins_home/jobs/spring-petclinic-microservices-end-to-end-tests/workspace/spring-petclinic-api-gateway/target/classes/git.properties] (for module spring-petclinic-api-gateway)...
[INFO] 
[8mha:////4LY9qAbl0+xaq4stsC31wXaa51IICuI8DGD7yd5+vXM8AAAAYB+LCAAAAAAAAP9b85aBtbiIQSmjNKU4P0+vJLE4u1gvPjexLDVPzxdEGvvmZ+X75ZekLlOVfvTjc8FPJgaGiiIGKaiG5Py84vycVD1nCA1SyAABjCCFBQCV27OjYAAAAA==[0m[INFO] --- spring-boot-maven-plugin:2.0.6.RELEASE:build-info (default) @ spring-petclinic-api-gateway ---
[INFO] 
[8mha:////4LY9qAbl0+xaq4stsC31wXaa51IICuI8DGD7yd5+vXM8AAAAYB+LCAAAAAAAAP9b85aBtbiIQSmjNKU4P0+vJLE4u1gvPjexLDVPzxdEGvvmZ+X75ZekLlOVfvTjc8FPJgaGiiIGKaiG5Py84vycVD1nCA1SyAABjCCFBQCV27OjYAAAAA==[0m[INFO] --- wro4j-maven-plugin:1.8.0:run (default) @ spring-petclinic-api-gateway ---
[INFO] /var/jenkins_home/jobs/spring-petclinic-microservices-end-to-end-tests/workspace/spring-petclinic-api-gateway/src/main/less
[INFO] Executing the mojo: 
[INFO] Wro4j Model path: /var/jenkins_home/jobs/spring-petclinic-microservices-end-to-end-tests/workspace/spring-petclinic-api-gateway/src/main/wro/wro.xml
[INFO] targetGroups: null
[INFO] minimize: true
[INFO] ignoreMissingResources: null
[INFO] parallelProcessing: false
[INFO] buildDirectory: /var/jenkins_home/jobs/spring-petclinic-microservices-end-to-end-tests/workspace/spring-petclinic-api-gateway/target
[INFO] destinationFolder: /var/jenkins_home/jobs/spring-petclinic-microservices-end-to-end-tests/workspace/spring-petclinic-api-gateway/target
[INFO] cssDestinationFolder: /var/jenkins_home/jobs/spring-petclinic-microservices-end-to-end-tests/workspace/spring-petclinic-api-gateway/target/classes/static/css
[INFO] The following groups will be processed: [petclinic]
[INFO] folder: /var/jenkins_home/jobs/spring-petclinic-microservices-end-to-end-tests/workspace/spring-petclinic-api-gateway/target/classes/static/css
[INFO] processing group: petclinic.css
[8mha:////4OTdWSVPjwWOiesBxje+vCOSu4SSYFGfDIEbjHNcXIjfAAAAYx+LCAAAAAAAAP9b85aBtbiIQSWjNKU4P0+vJLE4u1gvPjexLDVPzxdEhicW5WXmpfvll6S2fNly5fzGzauYGBgqihikoFqS8/OK83NS9ZwhNEghAwQwghQWAACwxA+XYgAAAA==[0m[WARNING] Less warnings are:
[8mha:////4OTdWSVPjwWOiesBxje+vCOSu4SSYFGfDIEbjHNcXIjfAAAAYx+LCAAAAAAAAP9b85aBtbiIQSWjNKU4P0+vJLE4u1gvPjexLDVPzxdEhicW5WXmpfvll6S2fNly5fzGzauYGBgqihikoFqS8/OK83NS9ZwhNEghAwQwghQWAACwxA+XYgAAAA==[0m[WARNING] 10:1 Cannot link source map. Css result location is not know and could not be deduced from input less source..
[INFO] file size: petclinic.css -> 152551 bytes
[INFO] /var/jenkins_home/jobs/spring-petclinic-microservices-end-to-end-tests/workspace/spring-petclinic-api-gateway/target/classes/static/css/petclinic.css (152551 bytes)
[INFO] folder: /var/jenkins_home/jobs/spring-petclinic-microservices-end-to-end-tests/workspace/spring-petclinic-api-gateway/target
[INFO] processing group: petclinic.js
[INFO] 
[8mha:////4LY9qAbl0+xaq4stsC31wXaa51IICuI8DGD7yd5+vXM8AAAAYB+LCAAAAAAAAP9b85aBtbiIQSmjNKU4P0+vJLE4u1gvPjexLDVPzxdEGvvmZ+X75ZekLlOVfvTjc8FPJgaGiiIGKaiG5Py84vycVD1nCA1SyAABjCCFBQCV27OjYAAAAA==[0m[INFO] --- maven-resources-plugin:3.0.2:resources (default-resources) @ spring-petclinic-api-gateway ---
[INFO] Using 'UTF-8' encoding to copy filtered resources.
[INFO] Copying 1 resource
[INFO] Copying 56 resources
[INFO] 
[8mha:////4LY9qAbl0+xaq4stsC31wXaa51IICuI8DGD7yd5+vXM8AAAAYB+LCAAAAAAAAP9b85aBtbiIQSmjNKU4P0+vJLE4u1gvPjexLDVPzxdEGvvmZ+X75ZekLlOVfvTjc8FPJgaGiiIGKaiG5Py84vycVD1nCA1SyAABjCCFBQCV27OjYAAAAA==[0m[INFO] --- maven-compiler-plugin:3.7.0:compile (default-compile) @ spring-petclinic-api-gateway ---
[INFO] Changes detected - recompiling the module!
[INFO] Compiling 9 source files to /var/jenkins_home/jobs/spring-petclinic-microservices-end-to-end-tests/workspace/spring-petclinic-api-gateway/target/classes
[INFO] 
[8mha:////4LY9qAbl0+xaq4stsC31wXaa51IICuI8DGD7yd5+vXM8AAAAYB+LCAAAAAAAAP9b85aBtbiIQSmjNKU4P0+vJLE4u1gvPjexLDVPzxdEGvvmZ+X75ZekLlOVfvTjc8FPJgaGiiIGKaiG5Py84vycVD1nCA1SyAABjCCFBQCV27OjYAAAAA==[0m[INFO] --- maven-resources-plugin:3.0.2:testResources (default-testResources) @ spring-petclinic-api-gateway ---
[INFO] Not copying test resources
[INFO] 
[8mha:////4LY9qAbl0+xaq4stsC31wXaa51IICuI8DGD7yd5+vXM8AAAAYB+LCAAAAAAAAP9b85aBtbiIQSmjNKU4P0+vJLE4u1gvPjexLDVPzxdEGvvmZ+X75ZekLlOVfvTjc8FPJgaGiiIGKaiG5Py84vycVD1nCA1SyAABjCCFBQCV27OjYAAAAA==[0m[INFO] --- maven-compiler-plugin:3.7.0:testCompile (default-testCompile) @ spring-petclinic-api-gateway ---
[INFO] Not compiling test sources
[INFO] 
[8mha:////4LY9qAbl0+xaq4stsC31wXaa51IICuI8DGD7yd5+vXM8AAAAYB+LCAAAAAAAAP9b85aBtbiIQSmjNKU4P0+vJLE4u1gvPjexLDVPzxdEGvvmZ+X75ZekLlOVfvTjc8FPJgaGiiIGKaiG5Py84vycVD1nCA1SyAABjCCFBQCV27OjYAAAAA==[0m[INFO] --- maven-surefire-plugin:2.22.0:test (default-test) @ spring-petclinic-api-gateway ---
[INFO] Tests are skipped.
[INFO] 
[8mha:////4LY9qAbl0+xaq4stsC31wXaa51IICuI8DGD7yd5+vXM8AAAAYB+LCAAAAAAAAP9b85aBtbiIQSmjNKU4P0+vJLE4u1gvPjexLDVPzxdEGvvmZ+X75ZekLlOVfvTjc8FPJgaGiiIGKaiG5Py84vycVD1nCA1SyAABjCCFBQCV27OjYAAAAA==[0m[INFO] --- maven-jar-plugin:2.1:jar (default-jar) @ spring-petclinic-api-gateway ---
[INFO] Building jar: /var/jenkins_home/jobs/spring-petclinic-microservices-end-to-end-tests/workspace/spring-petclinic-api-gateway/target/spring-petclinic-api-gateway-2.0.6.jar
[INFO] 
[8mha:////4LY9qAbl0+xaq4stsC31wXaa51IICuI8DGD7yd5+vXM8AAAAYB+LCAAAAAAAAP9b85aBtbiIQSmjNKU4P0+vJLE4u1gvPjexLDVPzxdEGvvmZ+X75ZekLlOVfvTjc8FPJgaGiiIGKaiG5Py84vycVD1nCA1SyAABjCCFBQCV27OjYAAAAA==[0m[INFO] --- spring-boot-maven-plugin:2.0.6.RELEASE:repackage (default) @ spring-petclinic-api-gateway ---
[INFO] 
[8mha:////4LY9qAbl0+xaq4stsC31wXaa51IICuI8DGD7yd5+vXM8AAAAYB+LCAAAAAAAAP9b85aBtbiIQSmjNKU4P0+vJLE4u1gvPjexLDVPzxdEGvvmZ+X75ZekLlOVfvTjc8FPJgaGiiIGKaiG5Py84vycVD1nCA1SyAABjCCFBQCV27OjYAAAAA==[0m[INFO] --- maven-install-plugin:2.5.2:install (default-install) @ spring-petclinic-api-gateway ---
[INFO] Installing /var/jenkins_home/jobs/spring-petclinic-microservices-end-to-end-tests/workspace/spring-petclinic-api-gateway/target/spring-petclinic-api-gateway-2.0.6.jar to /var/jenkins_home/.m2/repository/org/springframework/samples/petclinic/api/spring-petclinic-api-gateway/2.0.6/spring-petclinic-api-gateway-2.0.6.jar
[INFO] Installing /var/jenkins_home/jobs/spring-petclinic-microservices-end-to-end-tests/workspace/spring-petclinic-api-gateway/pom.xml to /var/jenkins_home/.m2/repository/org/springframework/samples/petclinic/api/spring-petclinic-api-gateway/2.0.6/spring-petclinic-api-gateway-2.0.6.pom
[INFO] 
[8mha:////4LY9qAbl0+xaq4stsC31wXaa51IICuI8DGD7yd5+vXM8AAAAYB+LCAAAAAAAAP9b85aBtbiIQSmjNKU4P0+vJLE4u1gvPjexLDVPzxdEGvvmZ+X75ZekLlOVfvTjc8FPJgaGiiIGKaiG5Py84vycVD1nCA1SyAABjCCFBQCV27OjYAAAAA==[0m[INFO] --- docker-maven-plugin:1.1.1:build (default) @ spring-petclinic-api-gateway ---
[INFO] Using authentication suppliers: [ConfigFileRegistryAuthSupplier]
[INFO] Copying /var/jenkins_home/jobs/spring-petclinic-microservices-end-to-end-tests/workspace/spring-petclinic-api-gateway/target/spring-petclinic-api-gateway-2.0.6.jar -> /var/jenkins_home/jobs/spring-petclinic-microservices-end-to-end-tests/workspace/spring-petclinic-api-gateway/target/docker/spring-petclinic-api-gateway-2.0.6.jar
[INFO] Copying /var/jenkins_home/jobs/spring-petclinic-microservices-end-to-end-tests/workspace/spring-petclinic-api-gateway/../docker/Dockerfile -> /var/jenkins_home/jobs/spring-petclinic-microservices-end-to-end-tests/workspace/spring-petclinic-api-gateway/target/docker/Dockerfile
[INFO] Building image mszarlinski/spring-petclinic-api-gateway
Step 1/13 : FROM openjdk:8-jre-alpine

 ---> 2e01f547f003
Step 2/13 : VOLUME /tmp

 ---> Using cache
 ---> 6904023c293c
Step 3/13 : ARG DOCKERIZE_VERSION

 ---> Using cache
 ---> 608e773d8816
Step 4/13 : ARG ARTIFACT_NAME

 ---> Using cache
 ---> d19f1c993276
Step 5/13 : ARG EXPOSED_PORT

 ---> Using cache
 ---> c6ba086171e4
Step 6/13 : ENV SPRING_PROFILES_ACTIVE docker

 ---> Using cache
 ---> 22776da4e776
Step 7/13 : ADD https://github.com/jwilder/dockerize/releases/download/${DOCKERIZE_VERSION}/dockerize-alpine-linux-amd64-${DOCKERIZE_VERSION}.tar.gz dockerize.tar.gz

null: Downloading [>                                                  ]  33.31kB/3.006MB
[1A[2Knull: Downloading [=>                                                 ]  68.12kB/3.006MB
[0B[1A[2Knull: Downloading [==>                                                ]  137.8kB/3.006MB
[0B[1A[2Knull: Downloading [====>                                              ]    277kB/3.006MB
[0B[1A[2Knull: Downloading [=========>                                         ]  555.5kB/3.006MB
[0B[1A[2Knull: Downloading [=============>                                     ]  799.3kB/3.006MB
[0B[1A[2Knull: Downloading [=====================>                             ]  1.287MB/3.006MB
[0B[1A[2Knull: Downloading [=======================================>           ]  2.365MB/3.006MB
[0B[1A[2Knull: Downloading [==================================================>]  3.006MB/3.006MB
[0B
 ---> Using cache
 ---> eb188b06f9ee
Step 8/13 : RUN tar xzf dockerize.tar.gz

 ---> Using cache
 ---> 7fae45f3e07b
Step 9/13 : RUN chmod +x dockerize

 ---> Using cache
 ---> 7eb544a1e862
Step 10/13 : ADD ${ARTIFACT_NAME}.jar /app.jar

 ---> 260aa95e4a25
Step 11/13 : RUN touch /app.jar

 ---> Running in b9616d1385c7
Removing intermediate container b9616d1385c7
 ---> f900bee0b390
Step 12/13 : EXPOSE ${EXPOSED_PORT}

 ---> Running in cba35772c6ef
Removing intermediate container cba35772c6ef
 ---> 936b02e6eb4b
Step 13/13 : RUN wget -O /qrebel-agent.jar https://hub.qrebel.com/getagent/qrebel-agent.jar

 ---> Running in 86e3d9b883dd
[91mConnecting to hub.qrebel.com (54.173.254.10:443)
[0m
[91mqrebel-agent.jar       0% |                               |    35k  0:04:02 ETA
[0m
[91mqrebel-agent.jar      18% |*****                          |  1587k  0:00:08 ETA
[0m
[91mqrebel-agent.jar      57% |*****************              |  4883k  0:00:02 ETA
[0m
[91mqrebel-agent.jar     100% |*******************************|  8539k  0:00:00 ETA

[0m
Removing intermediate container 86e3d9b883dd
 ---> 9a7be1f31689
ProgressMessage{id=null, status=null, stream=null, error=null, progress=null, progressDetail=null}
Successfully built 9a7be1f31689
Successfully tagged mszarlinski/spring-petclinic-api-gateway:latest
[INFO] Built mszarlinski/spring-petclinic-api-gateway
[INFO] ------------------------------------------------------------------------
[INFO] Reactor Summary:
[INFO] 
[INFO] spring-petclinic-microservices ..................... SUCCESS [  0.897 s]
[INFO] spring-petclinic-admin-server ...................... SUCCESS [ 24.901 s]
[INFO] spring-petclinic-customers-service ................. SUCCESS [ 17.098 s]
[INFO] spring-petclinic-vets-service ...................... SUCCESS [ 19.770 s]
[INFO] spring-petclinic-visits-service .................... SUCCESS [ 18.328 s]
[INFO] spring-petclinic-config-server ..................... SUCCESS [ 23.277 s]
[INFO] spring-petclinic-discovery-server .................. SUCCESS [ 20.836 s]
[INFO] spring-petclinic-api-gateway ....................... SUCCESS [ 21.369 s]
[INFO] ------------------------------------------------------------------------
[INFO] BUILD SUCCESS
[INFO] ------------------------------------------------------------------------
[INFO] Total time: 02:28 min
[INFO] Finished at: 2018-12-09T09:09:03+00:00
[INFO] Final Memory: 127M/457M
[INFO] ------------------------------------------------------------------------
[workspace] $ /bin/sh -xe /tmp/jenkins603383686287962679.sh
+ docker-compose up -d
Creating tracing-server ... 
Creating config-server  ... 
[1A[2KCreating config-server  ... [32mdone[0m[1BCreating discovery-server ... 
[3A[2KCreating tracing-server   ... [32mdone[0m[3B[1A[2KCreating discovery-server ... [32mdone[0m[1BCreating visits-service   ... 
Creating vets-service     ... 
Creating api-gateway      ... 
Creating customers-service ... 
Creating admin-server      ... 
[5A[2KCreating visits-service    ... [32mdone[0m[5B[4A[2KCreating vets-service      ... [32mdone[0m[4B[3A[2KCreating api-gateway       ... [32mdone[0m[3B[1A[2KCreating admin-server      ... [32mdone[0m[1B[2A[2KCreating customers-service ... [32mdone[0m[2B+ wait-for-it api-gateway:8080 -t 1000
wait-for-it: waiting 1000 seconds for api-gateway:8080
wait-for-it: api-gateway:8080 is available after 168 seconds
+ wait-for-it customers-service:8081 -t 1000
wait-for-it: waiting 1000 seconds for customers-service:8081
wait-for-it: customers-service:8081 is available after 17 seconds
+ wait-for-it vets-service:8083 -t 1000
wait-for-it: waiting 1000 seconds for vets-service:8083
wait-for-it: vets-service:8083 is available after 1 seconds
+ wait-for-it visits-service:8082 -t 1000
wait-for-it: waiting 1000 seconds for visits-service:8082
wait-for-it: visits-service:8082 is available after 0 seconds
[workspace] $ mvn -f spring-petclinic-e2e-tests/pom.xml clean verify -P jenkins -Dmaven.test.failure.ignore=true
[INFO] Scanning for projects...
[INFO]                                                                         
[INFO] ------------------------------------------------------------------------
[INFO] Building spring-petclinic-e2e-tests 2.0.6
[INFO] ------------------------------------------------------------------------
Downloading: https://repo.maven.apache.org/maven2/org/springframework/boot/spring-boot-starter/maven-metadata.xml
Downloading: http://repo.spring.io/milestone/org/springframework/boot/spring-boot-starter/maven-metadata.xml
4/5 KB   5/5 KB            Downloaded: http://repo.spring.io/milestone/org/springframework/boot/spring-boot-starter/maven-metadata.xml (5 KB at 2.6 KB/sec)
3/4 KB   4/4 KB            Downloaded: https://repo.maven.apache.org/maven2/org/springframework/boot/spring-boot-starter/maven-metadata.xml (4 KB at 1.7 KB/sec)
Downloading: http://repo.spring.io/milestone/org/springframework/boot/spring-boot-starter-test/maven-metadata.xml
Downloading: https://repo.maven.apache.org/maven2/org/springframework/boot/spring-boot-starter-test/maven-metadata.xml
3/4 KB   4/4 KB            Downloaded: https://repo.maven.apache.org/maven2/org/springframework/boot/spring-boot-starter-test/maven-metadata.xml (4 KB at 67.7 KB/sec)
4/5 KB   5/5 KB            Downloaded: http://repo.spring.io/milestone/org/springframework/boot/spring-boot-starter-test/maven-metadata.xml (5 KB at 9.0 KB/sec)
[INFO] 
[8mha:////4LY9qAbl0+xaq4stsC31wXaa51IICuI8DGD7yd5+vXM8AAAAYB+LCAAAAAAAAP9b85aBtbiIQSmjNKU4P0+vJLE4u1gvPjexLDVPzxdEGvvmZ+X75ZekLlOVfvTjc8FPJgaGiiIGKaiG5Py84vycVD1nCA1SyAABjCCFBQCV27OjYAAAAA==[0m[INFO] --- maven-clean-plugin:3.0.0:clean (default-clean) @ spring-petclinic-e2e-tests ---
[INFO] Deleting /var/jenkins_home/jobs/spring-petclinic-microservices-end-to-end-tests/workspace/spring-petclinic-e2e-tests/target
[INFO] 
[8mha:////4LY9qAbl0+xaq4stsC31wXaa51IICuI8DGD7yd5+vXM8AAAAYB+LCAAAAAAAAP9b85aBtbiIQSmjNKU4P0+vJLE4u1gvPjexLDVPzxdEGvvmZ+X75ZekLlOVfvTjc8FPJgaGiiIGKaiG5Py84vycVD1nCA1SyAABjCCFBQCV27OjYAAAAA==[0m[INFO] --- maven-resources-plugin:3.0.2:resources (default-resources) @ spring-petclinic-e2e-tests ---
[INFO] Using 'UTF-8' encoding to copy filtered resources.
[INFO] skip non existing resourceDirectory /var/jenkins_home/jobs/spring-petclinic-microservices-end-to-end-tests/workspace/spring-petclinic-e2e-tests/src/main/resources
[INFO] skip non existing resourceDirectory /var/jenkins_home/jobs/spring-petclinic-microservices-end-to-end-tests/workspace/spring-petclinic-e2e-tests/src/main/resources
[INFO] 
[8mha:////4LY9qAbl0+xaq4stsC31wXaa51IICuI8DGD7yd5+vXM8AAAAYB+LCAAAAAAAAP9b85aBtbiIQSmjNKU4P0+vJLE4u1gvPjexLDVPzxdEGvvmZ+X75ZekLlOVfvTjc8FPJgaGiiIGKaiG5Py84vycVD1nCA1SyAABjCCFBQCV27OjYAAAAA==[0m[INFO] --- maven-compiler-plugin:3.7.0:compile (default-compile) @ spring-petclinic-e2e-tests ---
[INFO] No sources to compile
[INFO] 
[8mha:////4LY9qAbl0+xaq4stsC31wXaa51IICuI8DGD7yd5+vXM8AAAAYB+LCAAAAAAAAP9b85aBtbiIQSmjNKU4P0+vJLE4u1gvPjexLDVPzxdEGvvmZ+X75ZekLlOVfvTjc8FPJgaGiiIGKaiG5Py84vycVD1nCA1SyAABjCCFBQCV27OjYAAAAA==[0m[INFO] --- maven-resources-plugin:3.0.2:testResources (default-testResources) @ spring-petclinic-e2e-tests ---
[INFO] Using 'UTF-8' encoding to copy filtered resources.
[INFO] Copying 2 resources
[INFO] 
[8mha:////4LY9qAbl0+xaq4stsC31wXaa51IICuI8DGD7yd5+vXM8AAAAYB+LCAAAAAAAAP9b85aBtbiIQSmjNKU4P0+vJLE4u1gvPjexLDVPzxdEGvvmZ+X75ZekLlOVfvTjc8FPJgaGiiIGKaiG5Py84vycVD1nCA1SyAABjCCFBQCV27OjYAAAAA==[0m[INFO] --- maven-compiler-plugin:3.7.0:testCompile (default-testCompile) @ spring-petclinic-e2e-tests ---
[INFO] Changes detected - recompiling the module!
[INFO] Compiling 2 source files to /var/jenkins_home/jobs/spring-petclinic-microservices-end-to-end-tests/workspace/spring-petclinic-e2e-tests/target/test-classes
[INFO] 
[8mha:////4LY9qAbl0+xaq4stsC31wXaa51IICuI8DGD7yd5+vXM8AAAAYB+LCAAAAAAAAP9b85aBtbiIQSmjNKU4P0+vJLE4u1gvPjexLDVPzxdEGvvmZ+X75ZekLlOVfvTjc8FPJgaGiiIGKaiG5Py84vycVD1nCA1SyAABjCCFBQCV27OjYAAAAA==[0m[INFO] --- maven-surefire-plugin:2.22.0:test (default-test) @ spring-petclinic-e2e-tests ---
[INFO] 
[INFO] -------------------------------------------------------
[INFO]  T E S T S
[INFO] -------------------------------------------------------
[INFO] Running com.roguewave.petclinic.vets.tests.VetResourcesITest
09:12:27.981 [main] DEBUG org.springframework.test.context.BootstrapUtils - Instantiating CacheAwareContextLoaderDelegate from class [org.springframework.test.context.cache.DefaultCacheAwareContextLoaderDelegate]
09:12:28.026 [main] DEBUG org.springframework.test.context.BootstrapUtils - Instantiating BootstrapContext using constructor [public org.springframework.test.context.support.DefaultBootstrapContext(java.lang.Class,org.springframework.test.context.CacheAwareContextLoaderDelegate)]
09:12:28.063 [main] DEBUG org.springframework.test.context.BootstrapUtils - Instantiating TestContextBootstrapper for test class [com.roguewave.petclinic.vets.tests.VetResourcesITest] from class [org.springframework.boot.test.context.SpringBootTestContextBootstrapper]
09:12:28.124 [main] INFO org.springframework.boot.test.context.SpringBootTestContextBootstrapper - Neither @ContextConfiguration nor @ContextHierarchy found for test class [com.roguewave.petclinic.vets.tests.VetResourcesITest], using SpringBootContextLoader
09:12:28.133 [main] DEBUG org.springframework.test.context.support.AbstractContextLoader - Did not detect default resource location for test class [com.roguewave.petclinic.vets.tests.VetResourcesITest]: class path resource [com/roguewave/petclinic/vets/tests/VetResourcesITest-context.xml] does not exist
09:12:28.134 [main] DEBUG org.springframework.test.context.support.AbstractContextLoader - Did not detect default resource location for test class [com.roguewave.petclinic.vets.tests.VetResourcesITest]: class path resource [com/roguewave/petclinic/vets/tests/VetResourcesITestContext.groovy] does not exist
09:12:28.134 [main] INFO org.springframework.test.context.support.AbstractContextLoader - Could not detect default resource locations for test class [com.roguewave.petclinic.vets.tests.VetResourcesITest]: no resource found for suffixes {-context.xml, Context.groovy}.
09:12:28.135 [main] INFO org.springframework.test.context.support.AnnotationConfigContextLoaderUtils - Could not detect default configuration classes for test class [com.roguewave.petclinic.vets.tests.VetResourcesITest]: VetResourcesITest does not declare any static, non-private, non-final, nested classes annotated with @Configuration.
09:12:28.211 [main] DEBUG org.springframework.test.context.support.ActiveProfilesUtils - Could not find an 'annotation declaring class' for annotation type [org.springframework.test.context.ActiveProfiles] and class [com.roguewave.petclinic.vets.tests.VetResourcesITest]
09:12:28.231 [main] DEBUG org.springframework.core.env.StandardEnvironment - Adding PropertySource 'systemProperties' with lowest search precedence
09:12:28.232 [main] DEBUG org.springframework.core.env.StandardEnvironment - Adding PropertySource 'systemEnvironment' with lowest search precedence
09:12:28.233 [main] DEBUG org.springframework.core.env.StandardEnvironment - Initialized StandardEnvironment with PropertySources [MapPropertySource@6320204 {name='systemProperties', properties={java.runtime.name=OpenJDK Runtime Environment, sun.boot.library.path=/usr/lib/jvm/java-8-openjdk-amd64/jre/lib/amd64, java.vm.version=25.181-b13, java.vm.vendor=Oracle Corporation, java.vendor.url=http://java.oracle.com/, path.separator=:, java.vm.name=OpenJDK 64-Bit Server VM, file.encoding.pkg=sun.io, sun.java.launcher=SUN_STANDARD, sun.os.patch.level=unknown, java.vm.specification.name=Java Virtual Machine Specification, user.dir=/var/jenkins_home/jobs/spring-petclinic-microservices-end-to-end-tests/workspace/spring-petclinic-e2e-tests, java.runtime.version=1.8.0_181-8u181-b13-2~deb9u1-b13, basedir=/var/jenkins_home/jobs/spring-petclinic-microservices-end-to-end-tests/workspace/spring-petclinic-e2e-tests, java.awt.graphicsenv=sun.awt.X11GraphicsEnvironment, java.endorsed.dirs=/usr/lib/jvm/java-8-openjdk-amd64/jre/lib/endorsed, os.arch=amd64, spring.profiles.active=jenkins, java.io.tmpdir=/tmp, line.separator=
, java.vm.specification.vendor=Oracle Corporation, selenide.headless=true, os.name=Linux, sun.jnu.encoding=UTF-8, java.library.path=/usr/java/packages/lib/amd64:/usr/lib/x86_64-linux-gnu/jni:/lib/x86_64-linux-gnu:/usr/lib/x86_64-linux-gnu:/usr/lib/jni:/lib:/usr/lib, surefire.test.class.path=/var/jenkins_home/jobs/spring-petclinic-microservices-end-to-end-tests/workspace/spring-petclinic-e2e-tests/target/test-classes:/var/jenkins_home/jobs/spring-petclinic-microservices-end-to-end-tests/workspace/spring-petclinic-e2e-tests/target/classes:/var/jenkins_home/.m2/repository/org/junit/jupiter/junit-jupiter-api/5.1.1/junit-jupiter-api-5.1.1.jar:/var/jenkins_home/.m2/repository/org/apiguardian/apiguardian-api/1.0.0/apiguardian-api-1.0.0.jar:/var/jenkins_home/.m2/repository/org/opentest4j/opentest4j/1.0.0/opentest4j-1.0.0.jar:/var/jenkins_home/.m2/repository/org/junit/platform/junit-platform-commons/1.1.1/junit-platform-commons-1.1.1.jar:/var/jenkins_home/.m2/repository/org/junit/jupiter/junit-jupiter-engine/5.1.1/junit-jupiter-engine-5.1.1.jar:/var/jenkins_home/.m2/repository/org/junit/platform/junit-platform-engine/1.1.1/junit-platform-engine-1.1.1.jar:/var/jenkins_home/.m2/repository/org/junit/platform/junit-platform-runner/1.1.0/junit-platform-runner-1.1.0.jar:/var/jenkins_home/.m2/repository/org/junit/platform/junit-platform-launcher/1.1.0/junit-platform-launcher-1.1.0.jar:/var/jenkins_home/.m2/repository/org/junit/platform/junit-platform-suite-api/1.1.0/junit-platform-suite-api-1.1.0.jar:/var/jenkins_home/.m2/repository/junit/junit/4.12/junit-4.12.jar:/var/jenkins_home/.m2/repository/com/codeborne/selenide/5.0.1/selenide-5.0.1.jar:/var/jenkins_home/.m2/repository/org/seleniumhq/selenium/selenium-java/3.14.0/selenium-java-3.14.0.jar:/var/jenkins_home/.m2/repository/org/seleniumhq/selenium/selenium-api/3.14.0/selenium-api-3.14.0.jar:/var/jenkins_home/.m2/repository/org/seleniumhq/selenium/selenium-chrome-driver/3.14.0/selenium-chrome-driver-3.14.0.jar:/var/jenkins_home/.m2/repository/org/seleniumhq/selenium/selenium-edge-driver/3.14.0/selenium-edge-driver-3.14.0.jar:/var/jenkins_home/.m2/repository/org/seleniumhq/selenium/selenium-firefox-driver/3.14.0/selenium-firefox-driver-3.14.0.jar:/var/jenkins_home/.m2/repository/org/seleniumhq/selenium/selenium-ie-driver/3.14.0/selenium-ie-driver-3.14.0.jar:/var/jenkins_home/.m2/repository/org/seleniumhq/selenium/selenium-opera-driver/3.14.0/selenium-opera-driver-3.14.0.jar:/var/jenkins_home/.m2/repository/org/seleniumhq/selenium/selenium-remote-driver/3.14.0/selenium-remote-driver-3.14.0.jar:/var/jenkins_home/.m2/repository/org/seleniumhq/selenium/selenium-safari-driver/3.14.0/selenium-safari-driver-3.14.0.jar:/var/jenkins_home/.m2/repository/org/seleniumhq/selenium/selenium-support/3.14.0/selenium-support-3.14.0.jar:/var/jenkins_home/.m2/repository/net/bytebuddy/byte-buddy/1.7.11/byte-buddy-1.7.11.jar:/var/jenkins_home/.m2/repository/org/apache/commons/commons-exec/1.3/commons-exec-1.3.jar:/var/jenkins_home/.m2/repository/commons-codec/commons-codec/1.11/commons-codec-1.11.jar:/var/jenkins_home/.m2/repository/commons-logging/commons-logging/1.2/commons-logging-1.2.jar:/var/jenkins_home/.m2/repository/com/google/guava/guava/25.0-jre/guava-25.0-jre.jar:/var/jenkins_home/.m2/repository/com/google/code/findbugs/jsr305/1.3.9/jsr305-1.3.9.jar:/var/jenkins_home/.m2/repository/org/checkerframework/checker-compat-qual/2.0.0/checker-compat-qual-2.0.0.jar:/var/jenkins_home/.m2/repository/com/google/errorprone/error_prone_annotations/2.1.3/error_prone_annotations-2.1.3.jar:/var/jenkins_home/.m2/repository/com/google/j2objc/j2objc-annotations/1.1/j2objc-annotations-1.1.jar:/var/jenkins_home/.m2/repository/org/codehaus/mojo/animal-sniffer-annotations/1.14/animal-sniffer-annotations-1.14.jar:/var/jenkins_home/.m2/repository/org/apache/httpcomponents/httpclient/4.5.6/httpclient-4.5.6.jar:/var/jenkins_home/.m2/repository/org/apache/httpcomponents/httpcore/4.4.10/httpcore-4.4.10.jar:/var/jenkins_home/.m2/repository/com/squareup/okhttp3/okhttp/3.8.1/okhttp-3.8.1.jar:/var/jenkins_home/.m2/repository/com/squareup/okio/okio/1.14.1/okio-1.14.1.jar:/var/jenkins_home/.m2/repository/io/github/bonigarcia/webdrivermanager/3.0.0/webdrivermanager-3.0.0.jar:/var/jenkins_home/.m2/repository/org/slf4j/slf4j-api/1.7.25/slf4j-api-1.7.25.jar:/var/jenkins_home/.m2/repository/commons-io/commons-io/2.6/commons-io-2.6.jar:/var/jenkins_home/.m2/repository/com/google/code/gson/gson/2.8.5/gson-2.8.5.jar:/var/jenkins_home/.m2/repository/org/apache/commons/commons-lang3/3.7/commons-lang3-3.7.jar:/var/jenkins_home/.m2/repository/org/rauschig/jarchivelib/0.8.0/jarchivelib-0.8.0.jar:/var/jenkins_home/.m2/repository/org/apache/commons/commons-compress/1.14/commons-compress-1.14.jar:/var/jenkins_home/.m2/repository/org/jsoup/jsoup/1.11.3/jsoup-1.11.3.jar:/var/jenkins_home/.m2/repository/net/lightbody/bmp/browsermob-core/2.1.5/browsermob-core-2.1.5.jar:/var/jenkins_home/.m2/repository/net/lightbody/bmp/littleproxy/1.1.0-beta-bmp-17/littleproxy-1.1.0-beta-bmp-17.jar:/var/jenkins_home/.m2/repository/com/fasterxml/jackson/core/jackson-core/2.9.7/jackson-core-2.9.7.jar:/var/jenkins_home/.m2/repository/com/fasterxml/jackson/core/jackson-databind/2.9.7/jackson-databind-2.9.7.jar:/var/jenkins_home/.m2/repository/com/fasterxml/jackson/core/jackson-annotations/2.9.0/jackson-annotations-2.9.0.jar:/var/jenkins_home/.m2/repository/dnsjava/dnsjava/2.1.8/dnsjava-2.1.8.jar:/var/jenkins_home/.m2/repository/org/slf4j/jcl-over-slf4j/1.7.25/jcl-over-slf4j-1.7.25.jar:/var/jenkins_home/.m2/repository/com/jcraft/jzlib/1.1.3/jzlib-1.1.3.jar:/var/jenkins_home/.m2/repository/io/netty/netty-all/4.1.29.Final/netty-all-4.1.29.Final.jar:/var/jenkins_home/.m2/repository/org/bouncycastle/bcprov-jdk15on/1.58/bcprov-jdk15on-1.58.jar:/var/jenkins_home/.m2/repository/org/bouncycastle/bcpkix-jdk15on/1.58/bcpkix-jdk15on-1.58.jar:/var/jenkins_home/.m2/repository/net/lightbody/bmp/mitm/2.1.5/mitm-2.1.5.jar:/var/jenkins_home/.m2/repository/org/springframework/boot/spring-boot-starter/2.1.1.RELEASE/spring-boot-starter-2.1.1.RELEASE.jar:/var/jenkins_home/.m2/repository/org/springframework/boot/spring-boot/2.0.6.RELEASE/spring-boot-2.0.6.RELEASE.jar:/var/jenkins_home/.m2/repository/org/springframework/spring-context/5.0.10.RELEASE/spring-context-5.0.10.RELEASE.jar:/var/jenkins_home/.m2/repository/org/springframework/spring-aop/5.0.10.RELEASE/spring-aop-5.0.10.RELEASE.jar:/var/jenkins_home/.m2/repository/org/springframework/spring-beans/5.0.10.RELEASE/spring-beans-5.0.10.RELEASE.jar:/var/jenkins_home/.m2/repository/org/springframework/spring-expression/5.0.10.RELEASE/spring-expression-5.0.10.RELEASE.jar:/var/jenkins_home/.m2/repository/org/springframework/boot/spring-boot-autoconfigure/2.0.6.RELEASE/spring-boot-autoconfigure-2.0.6.RELEASE.jar:/var/jenkins_home/.m2/repository/org/springframework/boot/spring-boot-starter-logging/2.0.6.RELEASE/spring-boot-starter-logging-2.0.6.RELEASE.jar:/var/jenkins_home/.m2/repository/ch/qos/logback/logback-classic/1.2.3/logback-classic-1.2.3.jar:/var/jenkins_home/.m2/repository/ch/qos/logback/logback-core/1.2.3/logback-core-1.2.3.jar:/var/jenkins_home/.m2/repository/org/apache/logging/log4j/log4j-to-slf4j/2.10.0/log4j-to-slf4j-2.10.0.jar:/var/jenkins_home/.m2/repository/org/apache/logging/log4j/log4j-api/2.10.0/log4j-api-2.10.0.jar:/var/jenkins_home/.m2/repository/org/slf4j/jul-to-slf4j/1.7.25/jul-to-slf4j-1.7.25.jar:/var/jenkins_home/.m2/repository/javax/annotation/javax.annotation-api/1.3.2/javax.annotation-api-1.3.2.jar:/var/jenkins_home/.m2/repository/org/springframework/spring-core/5.0.10.RELEASE/spring-core-5.0.10.RELEASE.jar:/var/jenkins_home/.m2/repository/org/springframework/spring-jcl/5.0.10.RELEASE/spring-jcl-5.0.10.RELEASE.jar:/var/jenkins_home/.m2/repository/org/yaml/snakeyaml/1.19/snakeyaml-1.19.jar:/var/jenkins_home/.m2/repository/org/springframework/boot/spring-boot-starter-test/2.1.1.RELEASE/spring-boot-starter-test-2.1.1.RELEASE.jar:/var/jenkins_home/.m2/repository/org/springframework/boot/spring-boot-test/2.0.6.RELEASE/spring-boot-test-2.0.6.RELEASE.jar:/var/jenkins_home/.m2/repository/org/springframework/boot/spring-boot-test-autoconfigure/2.0.6.RELEASE/spring-boot-test-autoconfigure-2.0.6.RELEASE.jar:/var/jenkins_home/.m2/repository/com/jayway/jsonpath/json-path/2.4.0/json-path-2.4.0.jar:/var/jenkins_home/.m2/repository/net/minidev/json-smart/2.3/json-smart-2.3.jar:/var/jenkins_home/.m2/repository/net/minidev/accessors-smart/1.2/accessors-smart-1.2.jar:/var/jenkins_home/.m2/repository/org/ow2/asm/asm/5.0.4/asm-5.0.4.jar:/var/jenkins_home/.m2/repository/org/assertj/assertj-core/3.11.1/assertj-core-3.11.1.jar:/var/jenkins_home/.m2/repository/org/mockito/mockito-core/2.15.0/mockito-core-2.15.0.jar:/var/jenkins_home/.m2/repository/net/bytebuddy/byte-buddy-agent/1.7.11/byte-buddy-agent-1.7.11.jar:/var/jenkins_home/.m2/repository/org/objenesis/objenesis/2.6/objenesis-2.6.jar:/var/jenkins_home/.m2/repository/org/hamcrest/hamcrest-core/1.3/hamcrest-core-1.3.jar:/var/jenkins_home/.m2/repository/org/hamcrest/hamcrest-library/1.3/hamcrest-library-1.3.jar:/var/jenkins_home/.m2/repository/org/skyscreamer/jsonassert/1.5.0/jsonassert-1.5.0.jar:/var/jenkins_home/.m2/repository/com/vaadin/external/google/android-json/0.0.20131108.vaadin1/android-json-0.0.20131108.vaadin1.jar:/var/jenkins_home/.m2/repository/org/springframework/spring-test/5.0.10.RELEASE/spring-test-5.0.10.RELEASE.jar:/var/jenkins_home/.m2/repository/org/xmlunit/xmlunit-core/2.5.1/xmlunit-core-2.5.1.jar:, selenide.browser=chrome, java.specification.name=Java Platform API Specification, java.class.version=52.0, sun.management.compiler=HotSpot 64-Bit Tiered Compilers, maven.test.failure.ignore=true, os.version=4.9.93-linuxkit-aufs, user.home=/var/jenkins_home, user.timezone=Etc/UTC, java.awt.printerjob=sun.print.PSPrinterJob, file.encoding=UTF-8, java.specification.version=1.8, java.class.path=/var/jenkins_home/.m2/repository/org/apache/maven/surefire/surefire-booter/2.22.0/surefire-booter-2.22.0.jar:/var/jenkins_home/.m2/repository/org/apache/maven/surefire/surefire-api/2.22.0/surefire-api-2.22.0.jar:/var/jenkins_home/.m2/repository/org/apache/maven/surefire/surefire-logger-api/2.22.0/surefire-logger-api-2.22.0.jar:/var/jenkins_home/jobs/spring-petclinic-microservices-end-to-end-tests/workspace/spring-petclinic-e2e-tests/target/test-classes:/var/jenkins_home/jobs/spring-petclinic-microservices-end-to-end-tests/workspace/spring-petclinic-e2e-tests/target/classes:/var/jenkins_home/.m2/repository/org/junit/jupiter/junit-jupiter-api/5.1.1/junit-jupiter-api-5.1.1.jar:/var/jenkins_home/.m2/repository/org/apiguardian/apiguardian-api/1.0.0/apiguardian-api-1.0.0.jar:/var/jenkins_home/.m2/repository/org/opentest4j/opentest4j/1.0.0/opentest4j-1.0.0.jar:/var/jenkins_home/.m2/repository/org/junit/platform/junit-platform-commons/1.1.1/junit-platform-commons-1.1.1.jar:/var/jenkins_home/.m2/repository/org/junit/jupiter/junit-jupiter-engine/5.1.1/junit-jupiter-engine-5.1.1.jar:/var/jenkins_home/.m2/repository/org/junit/platform/junit-platform-engine/1.1.1/junit-platform-engine-1.1.1.jar:/var/jenkins_home/.m2/repository/org/junit/platform/junit-platform-runner/1.1.0/junit-platform-runner-1.1.0.jar:/var/jenkins_home/.m2/repository/org/junit/platform/junit-platform-launcher/1.1.0/junit-platform-launcher-1.1.0.jar:/var/jenkins_home/.m2/repository/org/junit/platform/junit-platform-suite-api/1.1.0/junit-platform-suite-api-1.1.0.jar:/var/jenkins_home/.m2/repository/junit/junit/4.12/junit-4.12.jar:/var/jenkins_home/.m2/repository/com/codeborne/selenide/5.0.1/selenide-5.0.1.jar:/var/jenkins_home/.m2/repository/org/seleniumhq/selenium/selenium-java/3.14.0/selenium-java-3.14.0.jar:/var/jenkins_home/.m2/repository/org/seleniumhq/selenium/selenium-api/3.14.0/selenium-api-3.14.0.jar:/var/jenkins_home/.m2/repository/org/seleniumhq/selenium/selenium-chrome-driver/3.14.0/selenium-chrome-driver-3.14.0.jar:/var/jenkins_home/.m2/repository/org/seleniumhq/selenium/selenium-edge-driver/3.14.0/selenium-edge-driver-3.14.0.jar:/var/jenkins_home/.m2/repository/org/seleniumhq/selenium/selenium-firefox-driver/3.14.0/selenium-firefox-driver-3.14.0.jar:/var/jenkins_home/.m2/repository/org/seleniumhq/selenium/selenium-ie-driver/3.14.0/selenium-ie-driver-3.14.0.jar:/var/jenkins_home/.m2/repository/org/seleniumhq/selenium/selenium-opera-driver/3.14.0/selenium-opera-driver-3.14.0.jar:/var/jenkins_home/.m2/repository/org/seleniumhq/selenium/selenium-remote-driver/3.14.0/selenium-remote-driver-3.14.0.jar:/var/jenkins_home/.m2/repository/org/seleniumhq/selenium/selenium-safari-driver/3.14.0/selenium-safari-driver-3.14.0.jar:/var/jenkins_home/.m2/repository/org/seleniumhq/selenium/selenium-support/3.14.0/selenium-support-3.14.0.jar:/var/jenkins_home/.m2/repository/net/bytebuddy/byte-buddy/1.7.11/byte-buddy-1.7.11.jar:/var/jenkins_home/.m2/repository/org/apache/commons/commons-exec/1.3/commons-exec-1.3.jar:/var/jenkins_home/.m2/repository/commons-codec/commons-codec/1.11/commons-codec-1.11.jar:/var/jenkins_home/.m2/repository/commons-logging/commons-logging/1.2/commons-logging-1.2.jar:/var/jenkins_home/.m2/repository/com/google/guava/guava/25.0-jre/guava-25.0-jre.jar:/var/jenkins_home/.m2/repository/com/google/code/findbugs/jsr305/1.3.9/jsr305-1.3.9.jar:/var/jenkins_home/.m2/repository/org/checkerframework/checker-compat-qual/2.0.0/checker-compat-qual-2.0.0.jar:/var/jenkins_home/.m2/repository/com/google/errorprone/error_prone_annotations/2.1.3/error_prone_annotations-2.1.3.jar:/var/jenkins_home/.m2/repository/com/google/j2objc/j2objc-annotations/1.1/j2objc-annotations-1.1.jar:/var/jenkins_home/.m2/repository/org/codehaus/mojo/animal-sniffer-annotations/1.14/animal-sniffer-annotations-1.14.jar:/var/jenkins_home/.m2/repository/org/apache/httpcomponents/httpclient/4.5.6/httpclient-4.5.6.jar:/var/jenkins_home/.m2/repository/org/apache/httpcomponents/httpcore/4.4.10/httpcore-4.4.10.jar:/var/jenkins_home/.m2/repository/com/squareup/okhttp3/okhttp/3.8.1/okhttp-3.8.1.jar:/var/jenkins_home/.m2/repository/com/squareup/okio/okio/1.14.1/okio-1.14.1.jar:/var/jenkins_home/.m2/repository/io/github/bonigarcia/webdrivermanager/3.0.0/webdrivermanager-3.0.0.jar:/var/jenkins_home/.m2/repository/org/slf4j/slf4j-api/1.7.25/slf4j-api-1.7.25.jar:/var/jenkins_home/.m2/repository/commons-io/commons-io/2.6/commons-io-2.6.jar:/var/jenkins_home/.m2/repository/com/google/code/gson/gson/2.8.5/gson-2.8.5.jar:/var/jenkins_home/.m2/repository/org/apache/commons/commons-lang3/3.7/commons-lang3-3.7.jar:/var/jenkins_home/.m2/repository/org/rauschig/jarchivelib/0.8.0/jarchivelib-0.8.0.jar:/var/jenkins_home/.m2/repository/org/apache/commons/commons-compress/1.14/commons-compress-1.14.jar:/var/jenkins_home/.m2/repository/org/jsoup/jsoup/1.11.3/jsoup-1.11.3.jar:/var/jenkins_home/.m2/repository/net/lightbody/bmp/browsermob-core/2.1.5/browsermob-core-2.1.5.jar:/var/jenkins_home/.m2/repository/net/lightbody/bmp/littleproxy/1.1.0-beta-bmp-17/littleproxy-1.1.0-beta-bmp-17.jar:/var/jenkins_home/.m2/repository/com/fasterxml/jackson/core/jackson-core/2.9.7/jackson-core-2.9.7.jar:/var/jenkins_home/.m2/repository/com/fasterxml/jackson/core/jackson-databind/2.9.7/jackson-databind-2.9.7.jar:/var/jenkins_home/.m2/repository/com/fasterxml/jackson/core/jackson-annotations/2.9.0/jackson-annotations-2.9.0.jar:/var/jenkins_home/.m2/repository/dnsjava/dnsjava/2.1.8/dnsjava-2.1.8.jar:/var/jenkins_home/.m2/repository/org/slf4j/jcl-over-slf4j/1.7.25/jcl-over-slf4j-1.7.25.jar:/var/jenkins_home/.m2/repository/com/jcraft/jzlib/1.1.3/jzlib-1.1.3.jar:/var/jenkins_home/.m2/repository/io/netty/netty-all/4.1.29.Final/netty-all-4.1.29.Final.jar:/var/jenkins_home/.m2/repository/org/bouncycastle/bcprov-jdk15on/1.58/bcprov-jdk15on-1.58.jar:/var/jenkins_home/.m2/repository/org/bouncycastle/bcpkix-jdk15on/1.58/bcpkix-jdk15on-1.58.jar:/var/jenkins_home/.m2/repository/net/lightbody/bmp/mitm/2.1.5/mitm-2.1.5.jar:/var/jenkins_home/.m2/repository/org/springframework/boot/spring-boot-starter/2.1.1.RELEASE/spring-boot-starter-2.1.1.RELEASE.jar:/var/jenkins_home/.m2/repository/org/springframework/boot/spring-boot/2.0.6.RELEASE/spring-boot-2.0.6.RELEASE.jar:/var/jenkins_home/.m2/repository/org/springframework/spring-context/5.0.10.RELEASE/spring-context-5.0.10.RELEASE.jar:/var/jenkins_home/.m2/repository/org/springframework/spring-aop/5.0.10.RELEASE/spring-aop-5.0.10.RELEASE.jar:/var/jenkins_home/.m2/repository/org/springframework/spring-beans/5.0.10.RELEASE/spring-beans-5.0.10.RELEASE.jar:/var/jenkins_home/.m2/repository/org/springframework/spring-expression/5.0.10.RELEASE/spring-expression-5.0.10.RELEASE.jar:/var/jenkins_home/.m2/repository/org/springframework/boot/spring-boot-autoconfigure/2.0.6.RELEASE/spring-boot-autoconfigure-2.0.6.RELEASE.jar:/var/jenkins_home/.m2/repository/org/springframework/boot/spring-boot-starter-logging/2.0.6.RELEASE/spring-boot-starter-logging-2.0.6.RELEASE.jar:/var/jenkins_home/.m2/repository/ch/qos/logback/logback-classic/1.2.3/logback-classic-1.2.3.jar:/var/jenkins_home/.m2/repository/ch/qos/logback/logback-core/1.2.3/logback-core-1.2.3.jar:/var/jenkins_home/.m2/repository/org/apache/logging/log4j/log4j-to-slf4j/2.10.0/log4j-to-slf4j-2.10.0.jar:/var/jenkins_home/.m2/repository/org/apache/logging/log4j/log4j-api/2.10.0/log4j-api-2.10.0.jar:/var/jenkins_home/.m2/repository/org/slf4j/jul-to-slf4j/1.7.25/jul-to-slf4j-1.7.25.jar:/var/jenkins_home/.m2/repository/javax/annotation/javax.annotation-api/1.3.2/javax.annotation-api-1.3.2.jar:/var/jenkins_home/.m2/repository/org/springframework/spring-core/5.0.10.RELEASE/spring-core-5.0.10.RELEASE.jar:/var/jenkins_home/.m2/repository/org/springframework/spring-jcl/5.0.10.RELEASE/spring-jcl-5.0.10.RELEASE.jar:/var/jenkins_home/.m2/repository/org/yaml/snakeyaml/1.19/snakeyaml-1.19.jar:/var/jenkins_home/.m2/repository/org/springframework/boot/spring-boot-starter-test/2.1.1.RELEASE/spring-boot-starter-test-2.1.1.RELEASE.jar:/var/jenkins_home/.m2/repository/org/springframework/boot/spring-boot-test/2.0.6.RELEASE/spring-boot-test-2.0.6.RELEASE.jar:/var/jenkins_home/.m2/repository/org/springframework/boot/spring-boot-test-autoconfigure/2.0.6.RELEASE/spring-boot-test-autoconfigure-2.0.6.RELEASE.jar:/var/jenkins_home/.m2/repository/com/jayway/jsonpath/json-path/2.4.0/json-path-2.4.0.jar:/var/jenkins_home/.m2/repository/net/minidev/json-smart/2.3/json-smart-2.3.jar:/var/jenkins_home/.m2/repository/net/minidev/accessors-smart/1.2/accessors-smart-1.2.jar:/var/jenkins_home/.m2/repository/org/ow2/asm/asm/5.0.4/asm-5.0.4.jar:/var/jenkins_home/.m2/repository/org/assertj/assertj-core/3.11.1/assertj-core-3.11.1.jar:/var/jenkins_home/.m2/repository/org/mockito/mockito-core/2.15.0/mockito-core-2.15.0.jar:/var/jenkins_home/.m2/repository/net/bytebuddy/byte-buddy-agent/1.7.11/byte-buddy-agent-1.7.11.jar:/var/jenkins_home/.m2/repository/org/objenesis/objenesis/2.6/objenesis-2.6.jar:/var/jenkins_home/.m2/repository/org/hamcrest/hamcrest-core/1.3/hamcrest-core-1.3.jar:/var/jenkins_home/.m2/repository/org/hamcrest/hamcrest-library/1.3/hamcrest-library-1.3.jar:/var/jenkins_home/.m2/repository/org/skyscreamer/jsonassert/1.5.0/jsonassert-1.5.0.jar:/var/jenkins_home/.m2/repository/com/vaadin/external/google/android-json/0.0.20131108.vaadin1/android-json-0.0.20131108.vaadin1.jar:/var/jenkins_home/.m2/repository/org/springframework/spring-test/5.0.10.RELEASE/spring-test-5.0.10.RELEASE.jar:/var/jenkins_home/.m2/repository/org/xmlunit/xmlunit-core/2.5.1/xmlunit-core-2.5.1.jar:/var/jenkins_home/.m2/repository/org/apache/maven/surefire/surefire-junit-platform/2.22.0/surefire-junit-platform-2.22.0.jar:/var/jenkins_home/.m2/repository/org/junit/platform/junit-platform-launcher/1.2.0/junit-platform-launcher-1.2.0.jar:/var/jenkins_home/.m2/repository/org/junit/platform/junit-platform-engine/1.2.0/junit-platform-engine-1.2.0.jar:/var/jenkins_home/.m2/repository/org/junit/platform/junit-platform-commons/1.2.0/junit-platform-commons-1.2.0.jar:/var/jenkins_home/.m2/repository/org/opentest4j/opentest4j/1.1.0/opentest4j-1.1.0.jar, user.name=jenkins, java.vm.specification.version=1.8, sun.java.command=org.apache.maven.surefire.booter.ForkedBooter /var/jenkins_home/jobs/spring-petclinic-microservices-end-to-end-tests/workspace/spring-petclinic-e2e-tests/target/surefire 2018-12-09T09-12-26_264-jvmRun1 surefire1672203914952642216tmp surefire_03452650208737710567tmp, java.home=/usr/lib/jvm/java-8-openjdk-amd64/jre, sun.arch.data.model=64, user.language=en, java.specification.vendor=Oracle Corporation, awt.toolkit=sun.awt.X11.XToolkit, java.vm.info=mixed mode, java.version=1.8.0_181, java.ext.dirs=/usr/lib/jvm/java-8-openjdk-amd64/jre/lib/ext:/usr/java/packages/lib/ext, sun.boot.class.path=/usr/lib/jvm/java-8-openjdk-amd64/jre/lib/resources.jar:/usr/lib/jvm/java-8-openjdk-amd64/jre/lib/rt.jar:/usr/lib/jvm/java-8-openjdk-amd64/jre/lib/sunrsasign.jar:/usr/lib/jvm/java-8-openjdk-amd64/jre/lib/jsse.jar:/usr/lib/jvm/java-8-openjdk-amd64/jre/lib/jce.jar:/usr/lib/jvm/java-8-openjdk-amd64/jre/lib/charsets.jar:/usr/lib/jvm/java-8-openjdk-amd64/jre/lib/jfr.jar:/usr/lib/jvm/java-8-openjdk-amd64/jre/classes, java.vendor=Oracle Corporation, localRepository=/var/jenkins_home/.m2/repository, file.separator=/, java.vendor.url.bug=http://bugreport.sun.com/bugreport/, sun.io.unicode.encoding=UnicodeLittle, sun.cpu.endian=little, sun.cpu.isalist=}}, SystemEnvironmentPropertySource@112302969 {name='systemEnvironment', properties={PATH=/usr/local/sbin:/usr/local/bin:/usr/sbin:/usr/bin:/sbin:/bin, COPY_REFERENCE_FILE_LOG=/var/jenkins_home/copy_reference_file.log, RUN_DISPLAY_URL=http://unconfigured-jenkins-location/job/spring-petclinic-microservices-end-to-end-tests/86/display/redirect, HUDSON_HOME=/var/jenkins_home, APP_BUILD=2.0.7RC17, RUN_CHANGES_DISPLAY_URL=http://unconfigured-jenkins-location/job/spring-petclinic-microservices-end-to-end-tests/86/display/redirect?page=changes, HUDSON_COOKIE=1dd9d1a7-b954-4590-94e0-d045dc825919, JAVA_OPTS=-Djenkins.install.runSetupWizard=false, JENKINS_SERVER_COOKIE=b80d8f9b1c767ee8, PWD=/var/jenkins_home/jobs/spring-petclinic-microservices-end-to-end-tests/workspace/spring-petclinic-e2e-tests, BUILD_TAG=jenkins-spring-petclinic-microservices-end-to-end-tests-86, MAVEN_TERMINATE_CMD=on, OLDPWD=/var/jenkins_home/jobs/spring-petclinic-microservices-end-to-end-tests/workspace/spring-petclinic-e2e-tests, JENKINS_HOME=/var/jenkins_home, NODE_NAME=master, BUILD_DISPLAY_NAME=#86, JAVA_DEBIAN_VERSION=8u181-b13-2~deb9u1, JOB_DISPLAY_URL=http://unconfigured-jenkins-location/job/spring-petclinic-microservices-end-to-end-tests/display/redirect, GIT_BRANCH=origin/master, SHLVL=0, GIT_PREVIOUS_COMMIT=a1fd7a3da612abf03af80a6a61370452f903f4f7, QREBEL_AUTH_TOKEN=ae487773-386b-4508-8f1d-cac79497ed60, JAVA_HOME=/docker-java-home, CA_CERTIFICATES_JAVA_VERSION=20170531+nmu1, BUILD_ID=86, JENKINS_VERSION=2.138.3, APP_VERSION=2.0.7, LANG=C.UTF-8, JOB_NAME=spring-petclinic-microservices-end-to-end-tests, GIT_PREVIOUS_SUCCESSFUL_COMMIT=e7b2c6d41664508ae936c716d6ffd00579b64b1e, NODE_LABELS=master, WORKSPACE=/var/jenkins_home/jobs/spring-petclinic-microservices-end-to-end-tests/workspace, JENKINS_SLAVE_AGENT_PORT=50000, JAVA_VERSION=8u181, MAVEN_CMD_LINE_ARGS= -f spring-petclinic-e2e-tests/pom.xml clean verify -P jenkins -Dmaven.test.failure.ignore=true, JENKINS_OPTS=--httpPort=8088, GIT_COMMIT=e65b3b69a79c114c9b2b9552c75b77ab4193ba18, EXECUTOR_NUMBER=0, HUDSON_SERVER_COOKIE=b80d8f9b1c767ee8, JENKINS_UC=https://updates.jenkins.io, MAVEN_PROJECTBASEDIR=/var/jenkins_home/jobs/spring-petclinic-microservices-end-to-end-tests/workspace, JOB_BASE_NAME=spring-petclinic-microservices-end-to-end-tests, CLASSPATH=/var/jenkins_home/.m2/repository/org/apache/maven/surefire/surefire-booter/2.22.0/surefire-booter-2.22.0.jar:/var/jenkins_home/.m2/repository/org/apache/maven/surefire/surefire-api/2.22.0/surefire-api-2.22.0.jar:/var/jenkins_home/.m2/repository/org/apache/maven/surefire/surefire-logger-api/2.22.0/surefire-logger-api-2.22.0.jar:/var/jenkins_home/jobs/spring-petclinic-microservices-end-to-end-tests/workspace/spring-petclinic-e2e-tests/target/test-classes:/var/jenkins_home/jobs/spring-petclinic-microservices-end-to-end-tests/workspace/spring-petclinic-e2e-tests/target/classes:/var/jenkins_home/.m2/repository/org/junit/jupiter/junit-jupiter-api/5.1.1/junit-jupiter-api-5.1.1.jar:/var/jenkins_home/.m2/repository/org/apiguardian/apiguardian-api/1.0.0/apiguardian-api-1.0.0.jar:/var/jenkins_home/.m2/repository/org/opentest4j/opentest4j/1.0.0/opentest4j-1.0.0.jar:/var/jenkins_home/.m2/repository/org/junit/platform/junit-platform-commons/1.1.1/junit-platform-commons-1.1.1.jar:/var/jenkins_home/.m2/repository/org/junit/jupiter/junit-jupiter-engine/5.1.1/junit-jupiter-engine-5.1.1.jar:/var/jenkins_home/.m2/repository/org/junit/platform/junit-platform-engine/1.1.1/junit-platform-engine-1.1.1.jar:/var/jenkins_home/.m2/repository/org/junit/platform/junit-platform-runner/1.1.0/junit-platform-runner-1.1.0.jar:/var/jenkins_home/.m2/repository/org/junit/platform/junit-platform-launcher/1.1.0/junit-platform-launcher-1.1.0.jar:/var/jenkins_home/.m2/repository/org/junit/platform/junit-platform-suite-api/1.1.0/junit-platform-suite-api-1.1.0.jar:/var/jenkins_home/.m2/repository/junit/junit/4.12/junit-4.12.jar:/var/jenkins_home/.m2/repository/com/codeborne/selenide/5.0.1/selenide-5.0.1.jar:/var/jenkins_home/.m2/repository/org/seleniumhq/selenium/selenium-java/3.14.0/selenium-java-3.14.0.jar:/var/jenkins_home/.m2/repository/org/seleniumhq/selenium/selenium-api/3.14.0/selenium-api-3.14.0.jar:/var/jenkins_home/.m2/repository/org/seleniumhq/selenium/selenium-chrome-driver/3.14.0/selenium-chrome-driver-3.14.0.jar:/var/jenkins_home/.m2/repository/org/seleniumhq/selenium/selenium-edge-driver/3.14.0/selenium-edge-driver-3.14.0.jar:/var/jenkins_home/.m2/repository/org/seleniumhq/selenium/selenium-firefox-driver/3.14.0/selenium-firefox-driver-3.14.0.jar:/var/jenkins_home/.m2/repository/org/seleniumhq/selenium/selenium-ie-driver/3.14.0/selenium-ie-driver-3.14.0.jar:/var/jenkins_home/.m2/repository/org/seleniumhq/selenium/selenium-opera-driver/3.14.0/selenium-opera-driver-3.14.0.jar:/var/jenkins_home/.m2/repository/org/seleniumhq/selenium/selenium-remote-driver/3.14.0/selenium-remote-driver-3.14.0.jar:/var/jenkins_home/.m2/repository/org/seleniumhq/selenium/selenium-safari-driver/3.14.0/selenium-safari-driver-3.14.0.jar:/var/jenkins_home/.m2/repository/org/seleniumhq/selenium/selenium-support/3.14.0/selenium-support-3.14.0.jar:/var/jenkins_home/.m2/repository/net/bytebuddy/byte-buddy/1.7.11/byte-buddy-1.7.11.jar:/var/jenkins_home/.m2/repository/org/apache/commons/commons-exec/1.3/commons-exec-1.3.jar:/var/jenkins_home/.m2/repository/commons-codec/commons-codec/1.11/commons-codec-1.11.jar:/var/jenkins_home/.m2/repository/commons-logging/commons-logging/1.2/commons-logging-1.2.jar:/var/jenkins_home/.m2/repository/com/google/guava/guava/25.0-jre/guava-25.0-jre.jar:/var/jenkins_home/.m2/repository/com/google/code/findbugs/jsr305/1.3.9/jsr305-1.3.9.jar:/var/jenkins_home/.m2/repository/org/checkerframework/checker-compat-qual/2.0.0/checker-compat-qual-2.0.0.jar:/var/jenkins_home/.m2/repository/com/google/errorprone/error_prone_annotations/2.1.3/error_prone_annotations-2.1.3.jar:/var/jenkins_home/.m2/repository/com/google/j2objc/j2objc-annotations/1.1/j2objc-annotations-1.1.jar:/var/jenkins_home/.m2/repository/org/codehaus/mojo/animal-sniffer-annotations/1.14/animal-sniffer-annotations-1.14.jar:/var/jenkins_home/.m2/repository/org/apache/httpcomponents/httpclient/4.5.6/httpclient-4.5.6.jar:/var/jenkins_home/.m2/repository/org/apache/httpcomponents/httpcore/4.4.10/httpcore-4.4.10.jar:/var/jenkins_home/.m2/repository/com/squareup/okhttp3/okhttp/3.8.1/okhttp-3.8.1.jar:/var/jenkins_home/.m2/repository/com/squareup/okio/okio/1.14.1/okio-1.14.1.jar:/var/jenkins_home/.m2/repository/io/github/bonigarcia/webdrivermanager/3.0.0/webdrivermanager-3.0.0.jar:/var/jenkins_home/.m2/repository/org/slf4j/slf4j-api/1.7.25/slf4j-api-1.7.25.jar:/var/jenkins_home/.m2/repository/commons-io/commons-io/2.6/commons-io-2.6.jar:/var/jenkins_home/.m2/repository/com/google/code/gson/gson/2.8.5/gson-2.8.5.jar:/var/jenkins_home/.m2/repository/org/apache/commons/commons-lang3/3.7/commons-lang3-3.7.jar:/var/jenkins_home/.m2/repository/org/rauschig/jarchivelib/0.8.0/jarchivelib-0.8.0.jar:/var/jenkins_home/.m2/repository/org/apache/commons/commons-compress/1.14/commons-compress-1.14.jar:/var/jenkins_home/.m2/repository/org/jsoup/jsoup/1.11.3/jsoup-1.11.3.jar:/var/jenkins_home/.m2/repository/net/lightbody/bmp/browsermob-core/2.1.5/browsermob-core-2.1.5.jar:/var/jenkins_home/.m2/repository/net/lightbody/bmp/littleproxy/1.1.0-beta-bmp-17/littleproxy-1.1.0-beta-bmp-17.jar:/var/jenkins_home/.m2/repository/com/fasterxml/jackson/core/jackson-core/2.9.7/jackson-core-2.9.7.jar:/var/jenkins_home/.m2/repository/com/fasterxml/jackson/core/jackson-databind/2.9.7/jackson-databind-2.9.7.jar:/var/jenkins_home/.m2/repository/com/fasterxml/jackson/core/jackson-annotations/2.9.0/jackson-annotations-2.9.0.jar:/var/jenkins_home/.m2/repository/dnsjava/dnsjava/2.1.8/dnsjava-2.1.8.jar:/var/jenkins_home/.m2/repository/org/slf4j/jcl-over-slf4j/1.7.25/jcl-over-slf4j-1.7.25.jar:/var/jenkins_home/.m2/repository/com/jcraft/jzlib/1.1.3/jzlib-1.1.3.jar:/var/jenkins_home/.m2/repository/io/netty/netty-all/4.1.29.Final/netty-all-4.1.29.Final.jar:/var/jenkins_home/.m2/repository/org/bouncycastle/bcprov-jdk15on/1.58/bcprov-jdk15on-1.58.jar:/var/jenkins_home/.m2/repository/org/bouncycastle/bcpkix-jdk15on/1.58/bcpkix-jdk15on-1.58.jar:/var/jenkins_home/.m2/repository/net/lightbody/bmp/mitm/2.1.5/mitm-2.1.5.jar:/var/jenkins_home/.m2/repository/org/springframework/boot/spring-boot-starter/2.1.1.RELEASE/spring-boot-starter-2.1.1.RELEASE.jar:/var/jenkins_home/.m2/repository/org/springframework/boot/spring-boot/2.0.6.RELEASE/spring-boot-2.0.6.RELEASE.jar:/var/jenkins_home/.m2/repository/org/springframework/spring-context/5.0.10.RELEASE/spring-context-5.0.10.RELEASE.jar:/var/jenkins_home/.m2/repository/org/springframework/spring-aop/5.0.10.RELEASE/spring-aop-5.0.10.RELEASE.jar:/var/jenkins_home/.m2/repository/org/springframework/spring-beans/5.0.10.RELEASE/spring-beans-5.0.10.RELEASE.jar:/var/jenkins_home/.m2/repository/org/springframework/spring-expression/5.0.10.RELEASE/spring-expression-5.0.10.RELEASE.jar:/var/jenkins_home/.m2/repository/org/springframework/boot/spring-boot-autoconfigure/2.0.6.RELEASE/spring-boot-autoconfigure-2.0.6.RELEASE.jar:/var/jenkins_home/.m2/repository/org/springframework/boot/spring-boot-starter-logging/2.0.6.RELEASE/spring-boot-starter-logging-2.0.6.RELEASE.jar:/var/jenkins_home/.m2/repository/ch/qos/logback/logback-classic/1.2.3/logback-classic-1.2.3.jar:/var/jenkins_home/.m2/repository/ch/qos/logback/logback-core/1.2.3/logback-core-1.2.3.jar:/var/jenkins_home/.m2/repository/org/apache/logging/log4j/log4j-to-slf4j/2.10.0/log4j-to-slf4j-2.10.0.jar:/var/jenkins_home/.m2/repository/org/apache/logging/log4j/log4j-api/2.10.0/log4j-api-2.10.0.jar:/var/jenkins_home/.m2/repository/org/slf4j/jul-to-slf4j/1.7.25/jul-to-slf4j-1.7.25.jar:/var/jenkins_home/.m2/repository/javax/annotation/javax.annotation-api/1.3.2/javax.annotation-api-1.3.2.jar:/var/jenkins_home/.m2/repository/org/springframework/spring-core/5.0.10.RELEASE/spring-core-5.0.10.RELEASE.jar:/var/jenkins_home/.m2/repository/org/springframework/spring-jcl/5.0.10.RELEASE/spring-jcl-5.0.10.RELEASE.jar:/var/jenkins_home/.m2/repository/org/yaml/snakeyaml/1.19/snakeyaml-1.19.jar:/var/jenkins_home/.m2/repository/org/springframework/boot/spring-boot-starter-test/2.1.1.RELEASE/spring-boot-starter-test-2.1.1.RELEASE.jar:/var/jenkins_home/.m2/repository/org/springframework/boot/spring-boot-test/2.0.6.RELEASE/spring-boot-test-2.0.6.RELEASE.jar:/var/jenkins_home/.m2/repository/org/springframework/boot/spring-boot-test-autoconfigure/2.0.6.RELEASE/spring-boot-test-autoconfigure-2.0.6.RELEASE.jar:/var/jenkins_home/.m2/repository/com/jayway/jsonpath/json-path/2.4.0/json-path-2.4.0.jar:/var/jenkins_home/.m2/repository/net/minidev/json-smart/2.3/json-smart-2.3.jar:/var/jenkins_home/.m2/repository/net/minidev/accessors-smart/1.2/accessors-smart-1.2.jar:/var/jenkins_home/.m2/repository/org/ow2/asm/asm/5.0.4/asm-5.0.4.jar:/var/jenkins_home/.m2/repository/org/assertj/assertj-core/3.11.1/assertj-core-3.11.1.jar:/var/jenkins_home/.m2/repository/org/mockito/mockito-core/2.15.0/mockito-core-2.15.0.jar:/var/jenkins_home/.m2/repository/net/bytebuddy/byte-buddy-agent/1.7.11/byte-buddy-agent-1.7.11.jar:/var/jenkins_home/.m2/repository/org/objenesis/objenesis/2.6/objenesis-2.6.jar:/var/jenkins_home/.m2/repository/org/hamcrest/hamcrest-core/1.3/hamcrest-core-1.3.jar:/var/jenkins_home/.m2/repository/org/hamcrest/hamcrest-library/1.3/hamcrest-library-1.3.jar:/var/jenkins_home/.m2/repository/org/skyscreamer/jsonassert/1.5.0/jsonassert-1.5.0.jar:/var/jenkins_home/.m2/repository/com/vaadin/external/google/android-json/0.0.20131108.vaadin1/android-json-0.0.20131108.vaadin1.jar:/var/jenkins_home/.m2/repository/org/springframework/spring-test/5.0.10.RELEASE/spring-test-5.0.10.RELEASE.jar:/var/jenkins_home/.m2/repository/org/xmlunit/xmlunit-core/2.5.1/xmlunit-core-2.5.1.jar:/var/jenkins_home/.m2/repository/org/apache/maven/surefire/surefire-junit-platform/2.22.0/surefire-junit-platform-2.22.0.jar:/var/jenkins_home/.m2/repository/org/junit/platform/junit-platform-launcher/1.2.0/junit-platform-launcher-1.2.0.jar:/var/jenkins_home/.m2/repository/org/junit/platform/junit-platform-engine/1.2.0/junit-platform-engine-1.2.0.jar:/var/jenkins_home/.m2/repository/org/junit/platform/junit-platform-commons/1.2.0/junit-platform-commons-1.2.0.jar:/var/jenkins_home/.m2/repository/org/opentest4j/opentest4j/1.1.0/opentest4j-1.1.0.jar, JENKINS_INCREMENTALS_REPO_MIRROR=https://repo.jenkins-ci.org/incrementals, BUILD_NUMBER=86, HOSTNAME=7328c9c8bcb8, GIT_URL=https://github.com/sten711/spring-petclinic-microservices, JENKINS_UC_EXPERIMENTAL=https://updates.jenkins.io/experimental, HOME=/var/jenkins_home}}]
09:12:28.260 [main] DEBUG org.springframework.core.io.support.PathMatchingResourcePatternResolver - Resolved classpath location [com/roguewave/petclinic/vets/tests/] to resources [URL [file:/var/jenkins_home/jobs/spring-petclinic-microservices-end-to-end-tests/workspace/spring-petclinic-e2e-tests/target/test-classes/com/roguewave/petclinic/vets/tests/]]
09:12:28.261 [main] DEBUG org.springframework.core.io.support.PathMatchingResourcePatternResolver - Looking for matching resources in directory tree [/var/jenkins_home/jobs/spring-petclinic-microservices-end-to-end-tests/workspace/spring-petclinic-e2e-tests/target/test-classes/com/roguewave/petclinic/vets/tests]
09:12:28.261 [main] DEBUG org.springframework.core.io.support.PathMatchingResourcePatternResolver - Searching directory [/var/jenkins_home/jobs/spring-petclinic-microservices-end-to-end-tests/workspace/spring-petclinic-e2e-tests/target/test-classes/com/roguewave/petclinic/vets/tests] for files matching pattern [/var/jenkins_home/jobs/spring-petclinic-microservices-end-to-end-tests/workspace/spring-petclinic-e2e-tests/target/test-classes/com/roguewave/petclinic/vets/tests/*.class]
09:12:28.267 [main] DEBUG org.springframework.core.io.support.PathMatchingResourcePatternResolver - Resolved location pattern [classpath*:com/roguewave/petclinic/vets/tests/*.class] to resources [file [/var/jenkins_home/jobs/spring-petclinic-microservices-end-to-end-tests/workspace/spring-petclinic-e2e-tests/target/test-classes/com/roguewave/petclinic/vets/tests/VetResourcesApp.class], file [/var/jenkins_home/jobs/spring-petclinic-microservices-end-to-end-tests/workspace/spring-petclinic-e2e-tests/target/test-classes/com/roguewave/petclinic/vets/tests/VetResourcesITest.class]]
09:12:28.382 [main] DEBUG org.springframework.context.annotation.ClassPathScanningCandidateComponentProvider - Identified candidate component class: file [/var/jenkins_home/jobs/spring-petclinic-microservices-end-to-end-tests/workspace/spring-petclinic-e2e-tests/target/test-classes/com/roguewave/petclinic/vets/tests/VetResourcesApp.class]
09:12:28.389 [main] INFO org.springframework.boot.test.context.SpringBootTestContextBootstrapper - Found @SpringBootConfiguration com.roguewave.petclinic.vets.tests.VetResourcesApp for test class com.roguewave.petclinic.vets.tests.VetResourcesITest
09:12:28.686 [main] DEBUG org.springframework.boot.test.context.SpringBootTestContextBootstrapper - @TestExecutionListeners is not present for class [com.roguewave.petclinic.vets.tests.VetResourcesITest]: using defaults.
09:12:28.687 [main] INFO org.springframework.boot.test.context.SpringBootTestContextBootstrapper - Loaded default TestExecutionListener class names from location [META-INF/spring.factories]: [org.springframework.boot.test.mock.mockito.MockitoTestExecutionListener, org.springframework.boot.test.mock.mockito.ResetMocksTestExecutionListener, org.springframework.boot.test.autoconfigure.restdocs.RestDocsTestExecutionListener, org.springframework.boot.test.autoconfigure.web.client.MockRestServiceServerResetTestExecutionListener, org.springframework.boot.test.autoconfigure.web.servlet.MockMvcPrintOnlyOnFailureTestExecutionListener, org.springframework.boot.test.autoconfigure.web.servlet.WebDriverTestExecutionListener, org.springframework.test.context.web.ServletTestExecutionListener, org.springframework.test.context.support.DirtiesContextBeforeModesTestExecutionListener, org.springframework.test.context.support.DependencyInjectionTestExecutionListener, org.springframework.test.context.support.DirtiesContextTestExecutionListener, org.springframework.test.context.transaction.TransactionalTestExecutionListener, org.springframework.test.context.jdbc.SqlScriptsTestExecutionListener]
09:12:28.712 [main] DEBUG org.springframework.boot.test.context.SpringBootTestContextBootstrapper - Skipping candidate TestExecutionListener [org.springframework.test.context.web.ServletTestExecutionListener] due to a missing dependency. Specify custom listener classes or make the default listener classes and their required dependencies available. Offending class: [javax/servlet/ServletContext]
09:12:28.716 [main] DEBUG org.springframework.boot.test.context.SpringBootTestContextBootstrapper - Skipping candidate TestExecutionListener [org.springframework.test.context.transaction.TransactionalTestExecutionListener] due to a missing dependency. Specify custom listener classes or make the default listener classes and their required dependencies available. Offending class: [org/springframework/transaction/TransactionDefinition]
09:12:28.717 [main] DEBUG org.springframework.boot.test.context.SpringBootTestContextBootstrapper - Skipping candidate TestExecutionListener [org.springframework.test.context.jdbc.SqlScriptsTestExecutionListener] due to a missing dependency. Specify custom listener classes or make the default listener classes and their required dependencies available. Offending class: [org/springframework/transaction/interceptor/TransactionAttribute]
09:12:28.717 [main] INFO org.springframework.boot.test.context.SpringBootTestContextBootstrapper - Using TestExecutionListeners: [org.springframework.test.context.support.DirtiesContextBeforeModesTestExecutionListener@8317c52, org.springframework.boot.test.mock.mockito.MockitoTestExecutionListener@76f2bbc1, org.springframework.boot.test.autoconfigure.SpringBootDependencyInjectionTestExecutionListener@68e965f5, org.springframework.test.context.support.DirtiesContextTestExecutionListener@6f27a732, org.springframework.boot.test.mock.mockito.ResetMocksTestExecutionListener@6c779568, org.springframework.boot.test.autoconfigure.restdocs.RestDocsTestExecutionListener@f381794, org.springframework.boot.test.autoconfigure.web.client.MockRestServiceServerResetTestExecutionListener@2cdd0d4b, org.springframework.boot.test.autoconfigure.web.servlet.MockMvcPrintOnlyOnFailureTestExecutionListener@7e9131d5, org.springframework.boot.test.autoconfigure.web.servlet.WebDriverTestExecutionListener@2e1d27ba]
09:12:28.724 [main] DEBUG org.springframework.test.context.support.AbstractDirtiesContextTestExecutionListener - Before test class: context [DefaultTestContext@2177849e testClass = VetResourcesITest, testInstance = [null], testMethod = [null], testException = [null], mergedContextConfiguration = [MergedContextConfiguration@40cb8df7 testClass = VetResourcesITest, locations = '{}', classes = '{class com.roguewave.petclinic.vets.tests.VetResourcesApp}', contextInitializerClasses = '[]', activeProfiles = '{}', propertySourceLocations = '{}', propertySourceProperties = '{org.springframework.boot.test.context.SpringBootTestContextBootstrapper=true}', contextCustomizers = set[org.springframework.boot.test.context.filter.ExcludeFilterContextCustomizer@214b199c, org.springframework.boot.test.json.DuplicateJsonObjectContextCustomizerFactory$DuplicateJsonObjectContextCustomizer@55ca8de8, org.springframework.boot.test.mock.mockito.MockitoContextCustomizer@0, org.springframework.boot.test.web.client.TestRestTemplateContextCustomizer@23282c25, org.springframework.boot.test.autoconfigure.properties.PropertyMappingContextCustomizer@0, org.springframework.boot.test.autoconfigure.web.servlet.WebDriverContextCustomizerFactory$Customizer@37e547da], contextLoader = 'org.springframework.boot.test.context.SpringBootContextLoader', parent = [null]], attributes = map[[empty]]], class annotated with @DirtiesContext [false] with mode [null].
09:12:28.739 [main] DEBUG org.springframework.test.context.support.DependencyInjectionTestExecutionListener - Performing dependency injection for test context [[DefaultTestContext@2177849e testClass = VetResourcesITest, testInstance = com.roguewave.petclinic.vets.tests.VetResourcesITest@140c9f39, testMethod = [null], testException = [null], mergedContextConfiguration = [MergedContextConfiguration@40cb8df7 testClass = VetResourcesITest, locations = '{}', classes = '{class com.roguewave.petclinic.vets.tests.VetResourcesApp}', contextInitializerClasses = '[]', activeProfiles = '{}', propertySourceLocations = '{}', propertySourceProperties = '{org.springframework.boot.test.context.SpringBootTestContextBootstrapper=true}', contextCustomizers = set[org.springframework.boot.test.context.filter.ExcludeFilterContextCustomizer@214b199c, org.springframework.boot.test.json.DuplicateJsonObjectContextCustomizerFactory$DuplicateJsonObjectContextCustomizer@55ca8de8, org.springframework.boot.test.mock.mockito.MockitoContextCustomizer@0, org.springframework.boot.test.web.client.TestRestTemplateContextCustomizer@23282c25, org.springframework.boot.test.autoconfigure.properties.PropertyMappingContextCustomizer@0, org.springframework.boot.test.autoconfigure.web.servlet.WebDriverContextCustomizerFactory$Customizer@37e547da], contextLoader = 'org.springframework.boot.test.context.SpringBootContextLoader', parent = [null]], attributes = map[[empty]]]].
09:12:28.786 [main] DEBUG org.springframework.core.env.StandardEnvironment - Adding PropertySource 'systemProperties' with lowest search precedence
09:12:28.786 [main] DEBUG org.springframework.core.env.StandardEnvironment - Adding PropertySource 'systemEnvironment' with lowest search precedence
09:12:28.787 [main] DEBUG org.springframework.core.env.StandardEnvironment - Initialized StandardEnvironment with PropertySources [MapPropertySource@802243390 {name='systemProperties', properties={java.runtime.name=OpenJDK Runtime Environment, sun.boot.library.path=/usr/lib/jvm/java-8-openjdk-amd64/jre/lib/amd64, java.vm.version=25.181-b13, java.vm.vendor=Oracle Corporation, java.vendor.url=http://java.oracle.com/, path.separator=:, java.vm.name=OpenJDK 64-Bit Server VM, file.encoding.pkg=sun.io, sun.java.launcher=SUN_STANDARD, sun.os.patch.level=unknown, java.vm.specification.name=Java Virtual Machine Specification, user.dir=/var/jenkins_home/jobs/spring-petclinic-microservices-end-to-end-tests/workspace/spring-petclinic-e2e-tests, java.runtime.version=1.8.0_181-8u181-b13-2~deb9u1-b13, basedir=/var/jenkins_home/jobs/spring-petclinic-microservices-end-to-end-tests/workspace/spring-petclinic-e2e-tests, java.awt.graphicsenv=sun.awt.X11GraphicsEnvironment, java.endorsed.dirs=/usr/lib/jvm/java-8-openjdk-amd64/jre/lib/endorsed, os.arch=amd64, spring.profiles.active=jenkins, java.io.tmpdir=/tmp, line.separator=
, java.vm.specification.vendor=Oracle Corporation, selenide.headless=true, os.name=Linux, sun.jnu.encoding=UTF-8, java.library.path=/usr/java/packages/lib/amd64:/usr/lib/x86_64-linux-gnu/jni:/lib/x86_64-linux-gnu:/usr/lib/x86_64-linux-gnu:/usr/lib/jni:/lib:/usr/lib, surefire.test.class.path=/var/jenkins_home/jobs/spring-petclinic-microservices-end-to-end-tests/workspace/spring-petclinic-e2e-tests/target/test-classes:/var/jenkins_home/jobs/spring-petclinic-microservices-end-to-end-tests/workspace/spring-petclinic-e2e-tests/target/classes:/var/jenkins_home/.m2/repository/org/junit/jupiter/junit-jupiter-api/5.1.1/junit-jupiter-api-5.1.1.jar:/var/jenkins_home/.m2/repository/org/apiguardian/apiguardian-api/1.0.0/apiguardian-api-1.0.0.jar:/var/jenkins_home/.m2/repository/org/opentest4j/opentest4j/1.0.0/opentest4j-1.0.0.jar:/var/jenkins_home/.m2/repository/org/junit/platform/junit-platform-commons/1.1.1/junit-platform-commons-1.1.1.jar:/var/jenkins_home/.m2/repository/org/junit/jupiter/junit-jupiter-engine/5.1.1/junit-jupiter-engine-5.1.1.jar:/var/jenkins_home/.m2/repository/org/junit/platform/junit-platform-engine/1.1.1/junit-platform-engine-1.1.1.jar:/var/jenkins_home/.m2/repository/org/junit/platform/junit-platform-runner/1.1.0/junit-platform-runner-1.1.0.jar:/var/jenkins_home/.m2/repository/org/junit/platform/junit-platform-launcher/1.1.0/junit-platform-launcher-1.1.0.jar:/var/jenkins_home/.m2/repository/org/junit/platform/junit-platform-suite-api/1.1.0/junit-platform-suite-api-1.1.0.jar:/var/jenkins_home/.m2/repository/junit/junit/4.12/junit-4.12.jar:/var/jenkins_home/.m2/repository/com/codeborne/selenide/5.0.1/selenide-5.0.1.jar:/var/jenkins_home/.m2/repository/org/seleniumhq/selenium/selenium-java/3.14.0/selenium-java-3.14.0.jar:/var/jenkins_home/.m2/repository/org/seleniumhq/selenium/selenium-api/3.14.0/selenium-api-3.14.0.jar:/var/jenkins_home/.m2/repository/org/seleniumhq/selenium/selenium-chrome-driver/3.14.0/selenium-chrome-driver-3.14.0.jar:/var/jenkins_home/.m2/repository/org/seleniumhq/selenium/selenium-edge-driver/3.14.0/selenium-edge-driver-3.14.0.jar:/var/jenkins_home/.m2/repository/org/seleniumhq/selenium/selenium-firefox-driver/3.14.0/selenium-firefox-driver-3.14.0.jar:/var/jenkins_home/.m2/repository/org/seleniumhq/selenium/selenium-ie-driver/3.14.0/selenium-ie-driver-3.14.0.jar:/var/jenkins_home/.m2/repository/org/seleniumhq/selenium/selenium-opera-driver/3.14.0/selenium-opera-driver-3.14.0.jar:/var/jenkins_home/.m2/repository/org/seleniumhq/selenium/selenium-remote-driver/3.14.0/selenium-remote-driver-3.14.0.jar:/var/jenkins_home/.m2/repository/org/seleniumhq/selenium/selenium-safari-driver/3.14.0/selenium-safari-driver-3.14.0.jar:/var/jenkins_home/.m2/repository/org/seleniumhq/selenium/selenium-support/3.14.0/selenium-support-3.14.0.jar:/var/jenkins_home/.m2/repository/net/bytebuddy/byte-buddy/1.7.11/byte-buddy-1.7.11.jar:/var/jenkins_home/.m2/repository/org/apache/commons/commons-exec/1.3/commons-exec-1.3.jar:/var/jenkins_home/.m2/repository/commons-codec/commons-codec/1.11/commons-codec-1.11.jar:/var/jenkins_home/.m2/repository/commons-logging/commons-logging/1.2/commons-logging-1.2.jar:/var/jenkins_home/.m2/repository/com/google/guava/guava/25.0-jre/guava-25.0-jre.jar:/var/jenkins_home/.m2/repository/com/google/code/findbugs/jsr305/1.3.9/jsr305-1.3.9.jar:/var/jenkins_home/.m2/repository/org/checkerframework/checker-compat-qual/2.0.0/checker-compat-qual-2.0.0.jar:/var/jenkins_home/.m2/repository/com/google/errorprone/error_prone_annotations/2.1.3/error_prone_annotations-2.1.3.jar:/var/jenkins_home/.m2/repository/com/google/j2objc/j2objc-annotations/1.1/j2objc-annotations-1.1.jar:/var/jenkins_home/.m2/repository/org/codehaus/mojo/animal-sniffer-annotations/1.14/animal-sniffer-annotations-1.14.jar:/var/jenkins_home/.m2/repository/org/apache/httpcomponents/httpclient/4.5.6/httpclient-4.5.6.jar:/var/jenkins_home/.m2/repository/org/apache/httpcomponents/httpcore/4.4.10/httpcore-4.4.10.jar:/var/jenkins_home/.m2/repository/com/squareup/okhttp3/okhttp/3.8.1/okhttp-3.8.1.jar:/var/jenkins_home/.m2/repository/com/squareup/okio/okio/1.14.1/okio-1.14.1.jar:/var/jenkins_home/.m2/repository/io/github/bonigarcia/webdrivermanager/3.0.0/webdrivermanager-3.0.0.jar:/var/jenkins_home/.m2/repository/org/slf4j/slf4j-api/1.7.25/slf4j-api-1.7.25.jar:/var/jenkins_home/.m2/repository/commons-io/commons-io/2.6/commons-io-2.6.jar:/var/jenkins_home/.m2/repository/com/google/code/gson/gson/2.8.5/gson-2.8.5.jar:/var/jenkins_home/.m2/repository/org/apache/commons/commons-lang3/3.7/commons-lang3-3.7.jar:/var/jenkins_home/.m2/repository/org/rauschig/jarchivelib/0.8.0/jarchivelib-0.8.0.jar:/var/jenkins_home/.m2/repository/org/apache/commons/commons-compress/1.14/commons-compress-1.14.jar:/var/jenkins_home/.m2/repository/org/jsoup/jsoup/1.11.3/jsoup-1.11.3.jar:/var/jenkins_home/.m2/repository/net/lightbody/bmp/browsermob-core/2.1.5/browsermob-core-2.1.5.jar:/var/jenkins_home/.m2/repository/net/lightbody/bmp/littleproxy/1.1.0-beta-bmp-17/littleproxy-1.1.0-beta-bmp-17.jar:/var/jenkins_home/.m2/repository/com/fasterxml/jackson/core/jackson-core/2.9.7/jackson-core-2.9.7.jar:/var/jenkins_home/.m2/repository/com/fasterxml/jackson/core/jackson-databind/2.9.7/jackson-databind-2.9.7.jar:/var/jenkins_home/.m2/repository/com/fasterxml/jackson/core/jackson-annotations/2.9.0/jackson-annotations-2.9.0.jar:/var/jenkins_home/.m2/repository/dnsjava/dnsjava/2.1.8/dnsjava-2.1.8.jar:/var/jenkins_home/.m2/repository/org/slf4j/jcl-over-slf4j/1.7.25/jcl-over-slf4j-1.7.25.jar:/var/jenkins_home/.m2/repository/com/jcraft/jzlib/1.1.3/jzlib-1.1.3.jar:/var/jenkins_home/.m2/repository/io/netty/netty-all/4.1.29.Final/netty-all-4.1.29.Final.jar:/var/jenkins_home/.m2/repository/org/bouncycastle/bcprov-jdk15on/1.58/bcprov-jdk15on-1.58.jar:/var/jenkins_home/.m2/repository/org/bouncycastle/bcpkix-jdk15on/1.58/bcpkix-jdk15on-1.58.jar:/var/jenkins_home/.m2/repository/net/lightbody/bmp/mitm/2.1.5/mitm-2.1.5.jar:/var/jenkins_home/.m2/repository/org/springframework/boot/spring-boot-starter/2.1.1.RELEASE/spring-boot-starter-2.1.1.RELEASE.jar:/var/jenkins_home/.m2/repository/org/springframework/boot/spring-boot/2.0.6.RELEASE/spring-boot-2.0.6.RELEASE.jar:/var/jenkins_home/.m2/repository/org/springframework/spring-context/5.0.10.RELEASE/spring-context-5.0.10.RELEASE.jar:/var/jenkins_home/.m2/repository/org/springframework/spring-aop/5.0.10.RELEASE/spring-aop-5.0.10.RELEASE.jar:/var/jenkins_home/.m2/repository/org/springframework/spring-beans/5.0.10.RELEASE/spring-beans-5.0.10.RELEASE.jar:/var/jenkins_home/.m2/repository/org/springframework/spring-expression/5.0.10.RELEASE/spring-expression-5.0.10.RELEASE.jar:/var/jenkins_home/.m2/repository/org/springframework/boot/spring-boot-autoconfigure/2.0.6.RELEASE/spring-boot-autoconfigure-2.0.6.RELEASE.jar:/var/jenkins_home/.m2/repository/org/springframework/boot/spring-boot-starter-logging/2.0.6.RELEASE/spring-boot-starter-logging-2.0.6.RELEASE.jar:/var/jenkins_home/.m2/repository/ch/qos/logback/logback-classic/1.2.3/logback-classic-1.2.3.jar:/var/jenkins_home/.m2/repository/ch/qos/logback/logback-core/1.2.3/logback-core-1.2.3.jar:/var/jenkins_home/.m2/repository/org/apache/logging/log4j/log4j-to-slf4j/2.10.0/log4j-to-slf4j-2.10.0.jar:/var/jenkins_home/.m2/repository/org/apache/logging/log4j/log4j-api/2.10.0/log4j-api-2.10.0.jar:/var/jenkins_home/.m2/repository/org/slf4j/jul-to-slf4j/1.7.25/jul-to-slf4j-1.7.25.jar:/var/jenkins_home/.m2/repository/javax/annotation/javax.annotation-api/1.3.2/javax.annotation-api-1.3.2.jar:/var/jenkins_home/.m2/repository/org/springframework/spring-core/5.0.10.RELEASE/spring-core-5.0.10.RELEASE.jar:/var/jenkins_home/.m2/repository/org/springframework/spring-jcl/5.0.10.RELEASE/spring-jcl-5.0.10.RELEASE.jar:/var/jenkins_home/.m2/repository/org/yaml/snakeyaml/1.19/snakeyaml-1.19.jar:/var/jenkins_home/.m2/repository/org/springframework/boot/spring-boot-starter-test/2.1.1.RELEASE/spring-boot-starter-test-2.1.1.RELEASE.jar:/var/jenkins_home/.m2/repository/org/springframework/boot/spring-boot-test/2.0.6.RELEASE/spring-boot-test-2.0.6.RELEASE.jar:/var/jenkins_home/.m2/repository/org/springframework/boot/spring-boot-test-autoconfigure/2.0.6.RELEASE/spring-boot-test-autoconfigure-2.0.6.RELEASE.jar:/var/jenkins_home/.m2/repository/com/jayway/jsonpath/json-path/2.4.0/json-path-2.4.0.jar:/var/jenkins_home/.m2/repository/net/minidev/json-smart/2.3/json-smart-2.3.jar:/var/jenkins_home/.m2/repository/net/minidev/accessors-smart/1.2/accessors-smart-1.2.jar:/var/jenkins_home/.m2/repository/org/ow2/asm/asm/5.0.4/asm-5.0.4.jar:/var/jenkins_home/.m2/repository/org/assertj/assertj-core/3.11.1/assertj-core-3.11.1.jar:/var/jenkins_home/.m2/repository/org/mockito/mockito-core/2.15.0/mockito-core-2.15.0.jar:/var/jenkins_home/.m2/repository/net/bytebuddy/byte-buddy-agent/1.7.11/byte-buddy-agent-1.7.11.jar:/var/jenkins_home/.m2/repository/org/objenesis/objenesis/2.6/objenesis-2.6.jar:/var/jenkins_home/.m2/repository/org/hamcrest/hamcrest-core/1.3/hamcrest-core-1.3.jar:/var/jenkins_home/.m2/repository/org/hamcrest/hamcrest-library/1.3/hamcrest-library-1.3.jar:/var/jenkins_home/.m2/repository/org/skyscreamer/jsonassert/1.5.0/jsonassert-1.5.0.jar:/var/jenkins_home/.m2/repository/com/vaadin/external/google/android-json/0.0.20131108.vaadin1/android-json-0.0.20131108.vaadin1.jar:/var/jenkins_home/.m2/repository/org/springframework/spring-test/5.0.10.RELEASE/spring-test-5.0.10.RELEASE.jar:/var/jenkins_home/.m2/repository/org/xmlunit/xmlunit-core/2.5.1/xmlunit-core-2.5.1.jar:, selenide.browser=chrome, java.specification.name=Java Platform API Specification, java.class.version=52.0, sun.management.compiler=HotSpot 64-Bit Tiered Compilers, maven.test.failure.ignore=true, os.version=4.9.93-linuxkit-aufs, user.home=/var/jenkins_home, user.timezone=Etc/UTC, java.awt.printerjob=sun.print.PSPrinterJob, file.encoding=UTF-8, java.specification.version=1.8, java.class.path=/var/jenkins_home/.m2/repository/org/apache/maven/surefire/surefire-booter/2.22.0/surefire-booter-2.22.0.jar:/var/jenkins_home/.m2/repository/org/apache/maven/surefire/surefire-api/2.22.0/surefire-api-2.22.0.jar:/var/jenkins_home/.m2/repository/org/apache/maven/surefire/surefire-logger-api/2.22.0/surefire-logger-api-2.22.0.jar:/var/jenkins_home/jobs/spring-petclinic-microservices-end-to-end-tests/workspace/spring-petclinic-e2e-tests/target/test-classes:/var/jenkins_home/jobs/spring-petclinic-microservices-end-to-end-tests/workspace/spring-petclinic-e2e-tests/target/classes:/var/jenkins_home/.m2/repository/org/junit/jupiter/junit-jupiter-api/5.1.1/junit-jupiter-api-5.1.1.jar:/var/jenkins_home/.m2/repository/org/apiguardian/apiguardian-api/1.0.0/apiguardian-api-1.0.0.jar:/var/jenkins_home/.m2/repository/org/opentest4j/opentest4j/1.0.0/opentest4j-1.0.0.jar:/var/jenkins_home/.m2/repository/org/junit/platform/junit-platform-commons/1.1.1/junit-platform-commons-1.1.1.jar:/var/jenkins_home/.m2/repository/org/junit/jupiter/junit-jupiter-engine/5.1.1/junit-jupiter-engine-5.1.1.jar:/var/jenkins_home/.m2/repository/org/junit/platform/junit-platform-engine/1.1.1/junit-platform-engine-1.1.1.jar:/var/jenkins_home/.m2/repository/org/junit/platform/junit-platform-runner/1.1.0/junit-platform-runner-1.1.0.jar:/var/jenkins_home/.m2/repository/org/junit/platform/junit-platform-launcher/1.1.0/junit-platform-launcher-1.1.0.jar:/var/jenkins_home/.m2/repository/org/junit/platform/junit-platform-suite-api/1.1.0/junit-platform-suite-api-1.1.0.jar:/var/jenkins_home/.m2/repository/junit/junit/4.12/junit-4.12.jar:/var/jenkins_home/.m2/repository/com/codeborne/selenide/5.0.1/selenide-5.0.1.jar:/var/jenkins_home/.m2/repository/org/seleniumhq/selenium/selenium-java/3.14.0/selenium-java-3.14.0.jar:/var/jenkins_home/.m2/repository/org/seleniumhq/selenium/selenium-api/3.14.0/selenium-api-3.14.0.jar:/var/jenkins_home/.m2/repository/org/seleniumhq/selenium/selenium-chrome-driver/3.14.0/selenium-chrome-driver-3.14.0.jar:/var/jenkins_home/.m2/repository/org/seleniumhq/selenium/selenium-edge-driver/3.14.0/selenium-edge-driver-3.14.0.jar:/var/jenkins_home/.m2/repository/org/seleniumhq/selenium/selenium-firefox-driver/3.14.0/selenium-firefox-driver-3.14.0.jar:/var/jenkins_home/.m2/repository/org/seleniumhq/selenium/selenium-ie-driver/3.14.0/selenium-ie-driver-3.14.0.jar:/var/jenkins_home/.m2/repository/org/seleniumhq/selenium/selenium-opera-driver/3.14.0/selenium-opera-driver-3.14.0.jar:/var/jenkins_home/.m2/repository/org/seleniumhq/selenium/selenium-remote-driver/3.14.0/selenium-remote-driver-3.14.0.jar:/var/jenkins_home/.m2/repository/org/seleniumhq/selenium/selenium-safari-driver/3.14.0/selenium-safari-driver-3.14.0.jar:/var/jenkins_home/.m2/repository/org/seleniumhq/selenium/selenium-support/3.14.0/selenium-support-3.14.0.jar:/var/jenkins_home/.m2/repository/net/bytebuddy/byte-buddy/1.7.11/byte-buddy-1.7.11.jar:/var/jenkins_home/.m2/repository/org/apache/commons/commons-exec/1.3/commons-exec-1.3.jar:/var/jenkins_home/.m2/repository/commons-codec/commons-codec/1.11/commons-codec-1.11.jar:/var/jenkins_home/.m2/repository/commons-logging/commons-logging/1.2/commons-logging-1.2.jar:/var/jenkins_home/.m2/repository/com/google/guava/guava/25.0-jre/guava-25.0-jre.jar:/var/jenkins_home/.m2/repository/com/google/code/findbugs/jsr305/1.3.9/jsr305-1.3.9.jar:/var/jenkins_home/.m2/repository/org/checkerframework/checker-compat-qual/2.0.0/checker-compat-qual-2.0.0.jar:/var/jenkins_home/.m2/repository/com/google/errorprone/error_prone_annotations/2.1.3/error_prone_annotations-2.1.3.jar:/var/jenkins_home/.m2/repository/com/google/j2objc/j2objc-annotations/1.1/j2objc-annotations-1.1.jar:/var/jenkins_home/.m2/repository/org/codehaus/mojo/animal-sniffer-annotations/1.14/animal-sniffer-annotations-1.14.jar:/var/jenkins_home/.m2/repository/org/apache/httpcomponents/httpclient/4.5.6/httpclient-4.5.6.jar:/var/jenkins_home/.m2/repository/org/apache/httpcomponents/httpcore/4.4.10/httpcore-4.4.10.jar:/var/jenkins_home/.m2/repository/com/squareup/okhttp3/okhttp/3.8.1/okhttp-3.8.1.jar:/var/jenkins_home/.m2/repository/com/squareup/okio/okio/1.14.1/okio-1.14.1.jar:/var/jenkins_home/.m2/repository/io/github/bonigarcia/webdrivermanager/3.0.0/webdrivermanager-3.0.0.jar:/var/jenkins_home/.m2/repository/org/slf4j/slf4j-api/1.7.25/slf4j-api-1.7.25.jar:/var/jenkins_home/.m2/repository/commons-io/commons-io/2.6/commons-io-2.6.jar:/var/jenkins_home/.m2/repository/com/google/code/gson/gson/2.8.5/gson-2.8.5.jar:/var/jenkins_home/.m2/repository/org/apache/commons/commons-lang3/3.7/commons-lang3-3.7.jar:/var/jenkins_home/.m2/repository/org/rauschig/jarchivelib/0.8.0/jarchivelib-0.8.0.jar:/var/jenkins_home/.m2/repository/org/apache/commons/commons-compress/1.14/commons-compress-1.14.jar:/var/jenkins_home/.m2/repository/org/jsoup/jsoup/1.11.3/jsoup-1.11.3.jar:/var/jenkins_home/.m2/repository/net/lightbody/bmp/browsermob-core/2.1.5/browsermob-core-2.1.5.jar:/var/jenkins_home/.m2/repository/net/lightbody/bmp/littleproxy/1.1.0-beta-bmp-17/littleproxy-1.1.0-beta-bmp-17.jar:/var/jenkins_home/.m2/repository/com/fasterxml/jackson/core/jackson-core/2.9.7/jackson-core-2.9.7.jar:/var/jenkins_home/.m2/repository/com/fasterxml/jackson/core/jackson-databind/2.9.7/jackson-databind-2.9.7.jar:/var/jenkins_home/.m2/repository/com/fasterxml/jackson/core/jackson-annotations/2.9.0/jackson-annotations-2.9.0.jar:/var/jenkins_home/.m2/repository/dnsjava/dnsjava/2.1.8/dnsjava-2.1.8.jar:/var/jenkins_home/.m2/repository/org/slf4j/jcl-over-slf4j/1.7.25/jcl-over-slf4j-1.7.25.jar:/var/jenkins_home/.m2/repository/com/jcraft/jzlib/1.1.3/jzlib-1.1.3.jar:/var/jenkins_home/.m2/repository/io/netty/netty-all/4.1.29.Final/netty-all-4.1.29.Final.jar:/var/jenkins_home/.m2/repository/org/bouncycastle/bcprov-jdk15on/1.58/bcprov-jdk15on-1.58.jar:/var/jenkins_home/.m2/repository/org/bouncycastle/bcpkix-jdk15on/1.58/bcpkix-jdk15on-1.58.jar:/var/jenkins_home/.m2/repository/net/lightbody/bmp/mitm/2.1.5/mitm-2.1.5.jar:/var/jenkins_home/.m2/repository/org/springframework/boot/spring-boot-starter/2.1.1.RELEASE/spring-boot-starter-2.1.1.RELEASE.jar:/var/jenkins_home/.m2/repository/org/springframework/boot/spring-boot/2.0.6.RELEASE/spring-boot-2.0.6.RELEASE.jar:/var/jenkins_home/.m2/repository/org/springframework/spring-context/5.0.10.RELEASE/spring-context-5.0.10.RELEASE.jar:/var/jenkins_home/.m2/repository/org/springframework/spring-aop/5.0.10.RELEASE/spring-aop-5.0.10.RELEASE.jar:/var/jenkins_home/.m2/repository/org/springframework/spring-beans/5.0.10.RELEASE/spring-beans-5.0.10.RELEASE.jar:/var/jenkins_home/.m2/repository/org/springframework/spring-expression/5.0.10.RELEASE/spring-expression-5.0.10.RELEASE.jar:/var/jenkins_home/.m2/repository/org/springframework/boot/spring-boot-autoconfigure/2.0.6.RELEASE/spring-boot-autoconfigure-2.0.6.RELEASE.jar:/var/jenkins_home/.m2/repository/org/springframework/boot/spring-boot-starter-logging/2.0.6.RELEASE/spring-boot-starter-logging-2.0.6.RELEASE.jar:/var/jenkins_home/.m2/repository/ch/qos/logback/logback-classic/1.2.3/logback-classic-1.2.3.jar:/var/jenkins_home/.m2/repository/ch/qos/logback/logback-core/1.2.3/logback-core-1.2.3.jar:/var/jenkins_home/.m2/repository/org/apache/logging/log4j/log4j-to-slf4j/2.10.0/log4j-to-slf4j-2.10.0.jar:/var/jenkins_home/.m2/repository/org/apache/logging/log4j/log4j-api/2.10.0/log4j-api-2.10.0.jar:/var/jenkins_home/.m2/repository/org/slf4j/jul-to-slf4j/1.7.25/jul-to-slf4j-1.7.25.jar:/var/jenkins_home/.m2/repository/javax/annotation/javax.annotation-api/1.3.2/javax.annotation-api-1.3.2.jar:/var/jenkins_home/.m2/repository/org/springframework/spring-core/5.0.10.RELEASE/spring-core-5.0.10.RELEASE.jar:/var/jenkins_home/.m2/repository/org/springframework/spring-jcl/5.0.10.RELEASE/spring-jcl-5.0.10.RELEASE.jar:/var/jenkins_home/.m2/repository/org/yaml/snakeyaml/1.19/snakeyaml-1.19.jar:/var/jenkins_home/.m2/repository/org/springframework/boot/spring-boot-starter-test/2.1.1.RELEASE/spring-boot-starter-test-2.1.1.RELEASE.jar:/var/jenkins_home/.m2/repository/org/springframework/boot/spring-boot-test/2.0.6.RELEASE/spring-boot-test-2.0.6.RELEASE.jar:/var/jenkins_home/.m2/repository/org/springframework/boot/spring-boot-test-autoconfigure/2.0.6.RELEASE/spring-boot-test-autoconfigure-2.0.6.RELEASE.jar:/var/jenkins_home/.m2/repository/com/jayway/jsonpath/json-path/2.4.0/json-path-2.4.0.jar:/var/jenkins_home/.m2/repository/net/minidev/json-smart/2.3/json-smart-2.3.jar:/var/jenkins_home/.m2/repository/net/minidev/accessors-smart/1.2/accessors-smart-1.2.jar:/var/jenkins_home/.m2/repository/org/ow2/asm/asm/5.0.4/asm-5.0.4.jar:/var/jenkins_home/.m2/repository/org/assertj/assertj-core/3.11.1/assertj-core-3.11.1.jar:/var/jenkins_home/.m2/repository/org/mockito/mockito-core/2.15.0/mockito-core-2.15.0.jar:/var/jenkins_home/.m2/repository/net/bytebuddy/byte-buddy-agent/1.7.11/byte-buddy-agent-1.7.11.jar:/var/jenkins_home/.m2/repository/org/objenesis/objenesis/2.6/objenesis-2.6.jar:/var/jenkins_home/.m2/repository/org/hamcrest/hamcrest-core/1.3/hamcrest-core-1.3.jar:/var/jenkins_home/.m2/repository/org/hamcrest/hamcrest-library/1.3/hamcrest-library-1.3.jar:/var/jenkins_home/.m2/repository/org/skyscreamer/jsonassert/1.5.0/jsonassert-1.5.0.jar:/var/jenkins_home/.m2/repository/com/vaadin/external/google/android-json/0.0.20131108.vaadin1/android-json-0.0.20131108.vaadin1.jar:/var/jenkins_home/.m2/repository/org/springframework/spring-test/5.0.10.RELEASE/spring-test-5.0.10.RELEASE.jar:/var/jenkins_home/.m2/repository/org/xmlunit/xmlunit-core/2.5.1/xmlunit-core-2.5.1.jar:/var/jenkins_home/.m2/repository/org/apache/maven/surefire/surefire-junit-platform/2.22.0/surefire-junit-platform-2.22.0.jar:/var/jenkins_home/.m2/repository/org/junit/platform/junit-platform-launcher/1.2.0/junit-platform-launcher-1.2.0.jar:/var/jenkins_home/.m2/repository/org/junit/platform/junit-platform-engine/1.2.0/junit-platform-engine-1.2.0.jar:/var/jenkins_home/.m2/repository/org/junit/platform/junit-platform-commons/1.2.0/junit-platform-commons-1.2.0.jar:/var/jenkins_home/.m2/repository/org/opentest4j/opentest4j/1.1.0/opentest4j-1.1.0.jar, user.name=jenkins, java.vm.specification.version=1.8, sun.java.command=org.apache.maven.surefire.booter.ForkedBooter /var/jenkins_home/jobs/spring-petclinic-microservices-end-to-end-tests/workspace/spring-petclinic-e2e-tests/target/surefire 2018-12-09T09-12-26_264-jvmRun1 surefire1672203914952642216tmp surefire_03452650208737710567tmp, java.home=/usr/lib/jvm/java-8-openjdk-amd64/jre, sun.arch.data.model=64, user.language=en, java.specification.vendor=Oracle Corporation, awt.toolkit=sun.awt.X11.XToolkit, java.vm.info=mixed mode, java.version=1.8.0_181, java.ext.dirs=/usr/lib/jvm/java-8-openjdk-amd64/jre/lib/ext:/usr/java/packages/lib/ext, sun.boot.class.path=/usr/lib/jvm/java-8-openjdk-amd64/jre/lib/resources.jar:/usr/lib/jvm/java-8-openjdk-amd64/jre/lib/rt.jar:/usr/lib/jvm/java-8-openjdk-amd64/jre/lib/sunrsasign.jar:/usr/lib/jvm/java-8-openjdk-amd64/jre/lib/jsse.jar:/usr/lib/jvm/java-8-openjdk-amd64/jre/lib/jce.jar:/usr/lib/jvm/java-8-openjdk-amd64/jre/lib/charsets.jar:/usr/lib/jvm/java-8-openjdk-amd64/jre/lib/jfr.jar:/usr/lib/jvm/java-8-openjdk-amd64/jre/classes, java.vendor=Oracle Corporation, localRepository=/var/jenkins_home/.m2/repository, file.separator=/, java.vendor.url.bug=http://bugreport.sun.com/bugreport/, sun.io.unicode.encoding=UnicodeLittle, sun.cpu.endian=little, sun.cpu.isalist=}}, SystemEnvironmentPropertySource@702061917 {name='systemEnvironment', properties={PATH=/usr/local/sbin:/usr/local/bin:/usr/sbin:/usr/bin:/sbin:/bin, COPY_REFERENCE_FILE_LOG=/var/jenkins_home/copy_reference_file.log, RUN_DISPLAY_URL=http://unconfigured-jenkins-location/job/spring-petclinic-microservices-end-to-end-tests/86/display/redirect, HUDSON_HOME=/var/jenkins_home, APP_BUILD=2.0.7RC17, RUN_CHANGES_DISPLAY_URL=http://unconfigured-jenkins-location/job/spring-petclinic-microservices-end-to-end-tests/86/display/redirect?page=changes, HUDSON_COOKIE=1dd9d1a7-b954-4590-94e0-d045dc825919, JAVA_OPTS=-Djenkins.install.runSetupWizard=false, JENKINS_SERVER_COOKIE=b80d8f9b1c767ee8, PWD=/var/jenkins_home/jobs/spring-petclinic-microservices-end-to-end-tests/workspace/spring-petclinic-e2e-tests, BUILD_TAG=jenkins-spring-petclinic-microservices-end-to-end-tests-86, MAVEN_TERMINATE_CMD=on, OLDPWD=/var/jenkins_home/jobs/spring-petclinic-microservices-end-to-end-tests/workspace/spring-petclinic-e2e-tests, JENKINS_HOME=/var/jenkins_home, NODE_NAME=master, BUILD_DISPLAY_NAME=#86, JAVA_DEBIAN_VERSION=8u181-b13-2~deb9u1, JOB_DISPLAY_URL=http://unconfigured-jenkins-location/job/spring-petclinic-microservices-end-to-end-tests/display/redirect, GIT_BRANCH=origin/master, SHLVL=0, GIT_PREVIOUS_COMMIT=a1fd7a3da612abf03af80a6a61370452f903f4f7, QREBEL_AUTH_TOKEN=ae487773-386b-4508-8f1d-cac79497ed60, JAVA_HOME=/docker-java-home, CA_CERTIFICATES_JAVA_VERSION=20170531+nmu1, BUILD_ID=86, JENKINS_VERSION=2.138.3, APP_VERSION=2.0.7, LANG=C.UTF-8, JOB_NAME=spring-petclinic-microservices-end-to-end-tests, GIT_PREVIOUS_SUCCESSFUL_COMMIT=e7b2c6d41664508ae936c716d6ffd00579b64b1e, NODE_LABELS=master, WORKSPACE=/var/jenkins_home/jobs/spring-petclinic-microservices-end-to-end-tests/workspace, JENKINS_SLAVE_AGENT_PORT=50000, JAVA_VERSION=8u181, MAVEN_CMD_LINE_ARGS= -f spring-petclinic-e2e-tests/pom.xml clean verify -P jenkins -Dmaven.test.failure.ignore=true, JENKINS_OPTS=--httpPort=8088, GIT_COMMIT=e65b3b69a79c114c9b2b9552c75b77ab4193ba18, EXECUTOR_NUMBER=0, HUDSON_SERVER_COOKIE=b80d8f9b1c767ee8, JENKINS_UC=https://updates.jenkins.io, MAVEN_PROJECTBASEDIR=/var/jenkins_home/jobs/spring-petclinic-microservices-end-to-end-tests/workspace, JOB_BASE_NAME=spring-petclinic-microservices-end-to-end-tests, CLASSPATH=/var/jenkins_home/.m2/repository/org/apache/maven/surefire/surefire-booter/2.22.0/surefire-booter-2.22.0.jar:/var/jenkins_home/.m2/repository/org/apache/maven/surefire/surefire-api/2.22.0/surefire-api-2.22.0.jar:/var/jenkins_home/.m2/repository/org/apache/maven/surefire/surefire-logger-api/2.22.0/surefire-logger-api-2.22.0.jar:/var/jenkins_home/jobs/spring-petclinic-microservices-end-to-end-tests/workspace/spring-petclinic-e2e-tests/target/test-classes:/var/jenkins_home/jobs/spring-petclinic-microservices-end-to-end-tests/workspace/spring-petclinic-e2e-tests/target/classes:/var/jenkins_home/.m2/repository/org/junit/jupiter/junit-jupiter-api/5.1.1/junit-jupiter-api-5.1.1.jar:/var/jenkins_home/.m2/repository/org/apiguardian/apiguardian-api/1.0.0/apiguardian-api-1.0.0.jar:/var/jenkins_home/.m2/repository/org/opentest4j/opentest4j/1.0.0/opentest4j-1.0.0.jar:/var/jenkins_home/.m2/repository/org/junit/platform/junit-platform-commons/1.1.1/junit-platform-commons-1.1.1.jar:/var/jenkins_home/.m2/repository/org/junit/jupiter/junit-jupiter-engine/5.1.1/junit-jupiter-engine-5.1.1.jar:/var/jenkins_home/.m2/repository/org/junit/platform/junit-platform-engine/1.1.1/junit-platform-engine-1.1.1.jar:/var/jenkins_home/.m2/repository/org/junit/platform/junit-platform-runner/1.1.0/junit-platform-runner-1.1.0.jar:/var/jenkins_home/.m2/repository/org/junit/platform/junit-platform-launcher/1.1.0/junit-platform-launcher-1.1.0.jar:/var/jenkins_home/.m2/repository/org/junit/platform/junit-platform-suite-api/1.1.0/junit-platform-suite-api-1.1.0.jar:/var/jenkins_home/.m2/repository/junit/junit/4.12/junit-4.12.jar:/var/jenkins_home/.m2/repository/com/codeborne/selenide/5.0.1/selenide-5.0.1.jar:/var/jenkins_home/.m2/repository/org/seleniumhq/selenium/selenium-java/3.14.0/selenium-java-3.14.0.jar:/var/jenkins_home/.m2/repository/org/seleniumhq/selenium/selenium-api/3.14.0/selenium-api-3.14.0.jar:/var/jenkins_home/.m2/repository/org/seleniumhq/selenium/selenium-chrome-driver/3.14.0/selenium-chrome-driver-3.14.0.jar:/var/jenkins_home/.m2/repository/org/seleniumhq/selenium/selenium-edge-driver/3.14.0/selenium-edge-driver-3.14.0.jar:/var/jenkins_home/.m2/repository/org/seleniumhq/selenium/selenium-firefox-driver/3.14.0/selenium-firefox-driver-3.14.0.jar:/var/jenkins_home/.m2/repository/org/seleniumhq/selenium/selenium-ie-driver/3.14.0/selenium-ie-driver-3.14.0.jar:/var/jenkins_home/.m2/repository/org/seleniumhq/selenium/selenium-opera-driver/3.14.0/selenium-opera-driver-3.14.0.jar:/var/jenkins_home/.m2/repository/org/seleniumhq/selenium/selenium-remote-driver/3.14.0/selenium-remote-driver-3.14.0.jar:/var/jenkins_home/.m2/repository/org/seleniumhq/selenium/selenium-safari-driver/3.14.0/selenium-safari-driver-3.14.0.jar:/var/jenkins_home/.m2/repository/org/seleniumhq/selenium/selenium-support/3.14.0/selenium-support-3.14.0.jar:/var/jenkins_home/.m2/repository/net/bytebuddy/byte-buddy/1.7.11/byte-buddy-1.7.11.jar:/var/jenkins_home/.m2/repository/org/apache/commons/commons-exec/1.3/commons-exec-1.3.jar:/var/jenkins_home/.m2/repository/commons-codec/commons-codec/1.11/commons-codec-1.11.jar:/var/jenkins_home/.m2/repository/commons-logging/commons-logging/1.2/commons-logging-1.2.jar:/var/jenkins_home/.m2/repository/com/google/guava/guava/25.0-jre/guava-25.0-jre.jar:/var/jenkins_home/.m2/repository/com/google/code/findbugs/jsr305/1.3.9/jsr305-1.3.9.jar:/var/jenkins_home/.m2/repository/org/checkerframework/checker-compat-qual/2.0.0/checker-compat-qual-2.0.0.jar:/var/jenkins_home/.m2/repository/com/google/errorprone/error_prone_annotations/2.1.3/error_prone_annotations-2.1.3.jar:/var/jenkins_home/.m2/repository/com/google/j2objc/j2objc-annotations/1.1/j2objc-annotations-1.1.jar:/var/jenkins_home/.m2/repository/org/codehaus/mojo/animal-sniffer-annotations/1.14/animal-sniffer-annotations-1.14.jar:/var/jenkins_home/.m2/repository/org/apache/httpcomponents/httpclient/4.5.6/httpclient-4.5.6.jar:/var/jenkins_home/.m2/repository/org/apache/httpcomponents/httpcore/4.4.10/httpcore-4.4.10.jar:/var/jenkins_home/.m2/repository/com/squareup/okhttp3/okhttp/3.8.1/okhttp-3.8.1.jar:/var/jenkins_home/.m2/repository/com/squareup/okio/okio/1.14.1/okio-1.14.1.jar:/var/jenkins_home/.m2/repository/io/github/bonigarcia/webdrivermanager/3.0.0/webdrivermanager-3.0.0.jar:/var/jenkins_home/.m2/repository/org/slf4j/slf4j-api/1.7.25/slf4j-api-1.7.25.jar:/var/jenkins_home/.m2/repository/commons-io/commons-io/2.6/commons-io-2.6.jar:/var/jenkins_home/.m2/repository/com/google/code/gson/gson/2.8.5/gson-2.8.5.jar:/var/jenkins_home/.m2/repository/org/apache/commons/commons-lang3/3.7/commons-lang3-3.7.jar:/var/jenkins_home/.m2/repository/org/rauschig/jarchivelib/0.8.0/jarchivelib-0.8.0.jar:/var/jenkins_home/.m2/repository/org/apache/commons/commons-compress/1.14/commons-compress-1.14.jar:/var/jenkins_home/.m2/repository/org/jsoup/jsoup/1.11.3/jsoup-1.11.3.jar:/var/jenkins_home/.m2/repository/net/lightbody/bmp/browsermob-core/2.1.5/browsermob-core-2.1.5.jar:/var/jenkins_home/.m2/repository/net/lightbody/bmp/littleproxy/1.1.0-beta-bmp-17/littleproxy-1.1.0-beta-bmp-17.jar:/var/jenkins_home/.m2/repository/com/fasterxml/jackson/core/jackson-core/2.9.7/jackson-core-2.9.7.jar:/var/jenkins_home/.m2/repository/com/fasterxml/jackson/core/jackson-databind/2.9.7/jackson-databind-2.9.7.jar:/var/jenkins_home/.m2/repository/com/fasterxml/jackson/core/jackson-annotations/2.9.0/jackson-annotations-2.9.0.jar:/var/jenkins_home/.m2/repository/dnsjava/dnsjava/2.1.8/dnsjava-2.1.8.jar:/var/jenkins_home/.m2/repository/org/slf4j/jcl-over-slf4j/1.7.25/jcl-over-slf4j-1.7.25.jar:/var/jenkins_home/.m2/repository/com/jcraft/jzlib/1.1.3/jzlib-1.1.3.jar:/var/jenkins_home/.m2/repository/io/netty/netty-all/4.1.29.Final/netty-all-4.1.29.Final.jar:/var/jenkins_home/.m2/repository/org/bouncycastle/bcprov-jdk15on/1.58/bcprov-jdk15on-1.58.jar:/var/jenkins_home/.m2/repository/org/bouncycastle/bcpkix-jdk15on/1.58/bcpkix-jdk15on-1.58.jar:/var/jenkins_home/.m2/repository/net/lightbody/bmp/mitm/2.1.5/mitm-2.1.5.jar:/var/jenkins_home/.m2/repository/org/springframework/boot/spring-boot-starter/2.1.1.RELEASE/spring-boot-starter-2.1.1.RELEASE.jar:/var/jenkins_home/.m2/repository/org/springframework/boot/spring-boot/2.0.6.RELEASE/spring-boot-2.0.6.RELEASE.jar:/var/jenkins_home/.m2/repository/org/springframework/spring-context/5.0.10.RELEASE/spring-context-5.0.10.RELEASE.jar:/var/jenkins_home/.m2/repository/org/springframework/spring-aop/5.0.10.RELEASE/spring-aop-5.0.10.RELEASE.jar:/var/jenkins_home/.m2/repository/org/springframework/spring-beans/5.0.10.RELEASE/spring-beans-5.0.10.RELEASE.jar:/var/jenkins_home/.m2/repository/org/springframework/spring-expression/5.0.10.RELEASE/spring-expression-5.0.10.RELEASE.jar:/var/jenkins_home/.m2/repository/org/springframework/boot/spring-boot-autoconfigure/2.0.6.RELEASE/spring-boot-autoconfigure-2.0.6.RELEASE.jar:/var/jenkins_home/.m2/repository/org/springframework/boot/spring-boot-starter-logging/2.0.6.RELEASE/spring-boot-starter-logging-2.0.6.RELEASE.jar:/var/jenkins_home/.m2/repository/ch/qos/logback/logback-classic/1.2.3/logback-classic-1.2.3.jar:/var/jenkins_home/.m2/repository/ch/qos/logback/logback-core/1.2.3/logback-core-1.2.3.jar:/var/jenkins_home/.m2/repository/org/apache/logging/log4j/log4j-to-slf4j/2.10.0/log4j-to-slf4j-2.10.0.jar:/var/jenkins_home/.m2/repository/org/apache/logging/log4j/log4j-api/2.10.0/log4j-api-2.10.0.jar:/var/jenkins_home/.m2/repository/org/slf4j/jul-to-slf4j/1.7.25/jul-to-slf4j-1.7.25.jar:/var/jenkins_home/.m2/repository/javax/annotation/javax.annotation-api/1.3.2/javax.annotation-api-1.3.2.jar:/var/jenkins_home/.m2/repository/org/springframework/spring-core/5.0.10.RELEASE/spring-core-5.0.10.RELEASE.jar:/var/jenkins_home/.m2/repository/org/springframework/spring-jcl/5.0.10.RELEASE/spring-jcl-5.0.10.RELEASE.jar:/var/jenkins_home/.m2/repository/org/yaml/snakeyaml/1.19/snakeyaml-1.19.jar:/var/jenkins_home/.m2/repository/org/springframework/boot/spring-boot-starter-test/2.1.1.RELEASE/spring-boot-starter-test-2.1.1.RELEASE.jar:/var/jenkins_home/.m2/repository/org/springframework/boot/spring-boot-test/2.0.6.RELEASE/spring-boot-test-2.0.6.RELEASE.jar:/var/jenkins_home/.m2/repository/org/springframework/boot/spring-boot-test-autoconfigure/2.0.6.RELEASE/spring-boot-test-autoconfigure-2.0.6.RELEASE.jar:/var/jenkins_home/.m2/repository/com/jayway/jsonpath/json-path/2.4.0/json-path-2.4.0.jar:/var/jenkins_home/.m2/repository/net/minidev/json-smart/2.3/json-smart-2.3.jar:/var/jenkins_home/.m2/repository/net/minidev/accessors-smart/1.2/accessors-smart-1.2.jar:/var/jenkins_home/.m2/repository/org/ow2/asm/asm/5.0.4/asm-5.0.4.jar:/var/jenkins_home/.m2/repository/org/assertj/assertj-core/3.11.1/assertj-core-3.11.1.jar:/var/jenkins_home/.m2/repository/org/mockito/mockito-core/2.15.0/mockito-core-2.15.0.jar:/var/jenkins_home/.m2/repository/net/bytebuddy/byte-buddy-agent/1.7.11/byte-buddy-agent-1.7.11.jar:/var/jenkins_home/.m2/repository/org/objenesis/objenesis/2.6/objenesis-2.6.jar:/var/jenkins_home/.m2/repository/org/hamcrest/hamcrest-core/1.3/hamcrest-core-1.3.jar:/var/jenkins_home/.m2/repository/org/hamcrest/hamcrest-library/1.3/hamcrest-library-1.3.jar:/var/jenkins_home/.m2/repository/org/skyscreamer/jsonassert/1.5.0/jsonassert-1.5.0.jar:/var/jenkins_home/.m2/repository/com/vaadin/external/google/android-json/0.0.20131108.vaadin1/android-json-0.0.20131108.vaadin1.jar:/var/jenkins_home/.m2/repository/org/springframework/spring-test/5.0.10.RELEASE/spring-test-5.0.10.RELEASE.jar:/var/jenkins_home/.m2/repository/org/xmlunit/xmlunit-core/2.5.1/xmlunit-core-2.5.1.jar:/var/jenkins_home/.m2/repository/org/apache/maven/surefire/surefire-junit-platform/2.22.0/surefire-junit-platform-2.22.0.jar:/var/jenkins_home/.m2/repository/org/junit/platform/junit-platform-launcher/1.2.0/junit-platform-launcher-1.2.0.jar:/var/jenkins_home/.m2/repository/org/junit/platform/junit-platform-engine/1.2.0/junit-platform-engine-1.2.0.jar:/var/jenkins_home/.m2/repository/org/junit/platform/junit-platform-commons/1.2.0/junit-platform-commons-1.2.0.jar:/var/jenkins_home/.m2/repository/org/opentest4j/opentest4j/1.1.0/opentest4j-1.1.0.jar, JENKINS_INCREMENTALS_REPO_MIRROR=https://repo.jenkins-ci.org/incrementals, BUILD_NUMBER=86, HOSTNAME=7328c9c8bcb8, GIT_URL=https://github.com/sten711/spring-petclinic-microservices, JENKINS_UC_EXPERIMENTAL=https://updates.jenkins.io/experimental, HOME=/var/jenkins_home}}]
09:12:28.795 [main] DEBUG org.springframework.test.context.support.TestPropertySourceUtils - Adding inlined properties to environment: {spring.jmx.enabled=false, org.springframework.boot.test.context.SpringBootTestContextBootstrapper=true, server.port=-1}
09:12:28.795 [main] DEBUG org.springframework.core.env.StandardEnvironment - Adding PropertySource 'Inlined Test Properties' with highest search precedence

  .   ____          _            __ _ _
 /\\ / ___'_ __ _ _(_)_ __  __ _ \ \ \ \
( ( )\___ | '_ | '_| | '_ \/ _` | \ \ \ \
 \\/  ___)| |_)| | | | | || (_| |  ) ) ) )
  '  |____| .__|_| |_|_| |_\__, | / / / /
 =========|_|==============|___/=/_/_/_/
 :: Spring Boot ::        (v2.0.6.RELEASE)

2018-12-09 09:12:29.269  INFO 66703 --- [           main] c.r.p.vets.tests.VetResourcesITest       : Starting VetResourcesITest on 7328c9c8bcb8 with PID 66703 (started by jenkins in /var/jenkins_home/jobs/spring-petclinic-microservices-end-to-end-tests/workspace/spring-petclinic-e2e-tests)
2018-12-09 09:12:29.271  INFO 66703 --- [           main] c.r.p.vets.tests.VetResourcesITest       : The following profiles are active: jenkins
2018-12-09 09:12:29.320  INFO 66703 --- [           main] s.c.a.AnnotationConfigApplicationContext : Refreshing org.springframework.context.annotation.AnnotationConfigApplicationContext@10289886: startup date [Sun Dec 09 09:12:29 UTC 2018]; root of context hierarchy
2018-12-09 09:12:30.575  INFO 66703 --- [           main] c.r.p.vets.tests.VetResourcesITest       : Started VetResourcesITest in 1.777 seconds (JVM running for 3.901)
2018-12-09 09:12:30.918  INFO 66703 --- [           main] c.c.selenide.drivercommands.LazyDriver   : No webdriver is bound to current thread: 1 - let's create a new webdriver
2018-12-09 09:12:32.208  INFO 66703 --- [           main] i.g.bonigarcia.wdm.WebDriverManager      : Using chromedriver 2.42 (since Google Chrome 70 is installed in your machine)
2018-12-09 09:12:32.244  INFO 66703 --- [           main] i.g.bonigarcia.wdm.WebDriverManager      : Exporting webdriver.chrome.driver as /var/jenkins_home/.m2/repository/webdriver/chromedriver/linux64/2.42/chromedriver
Starting ChromeDriver 2.42.591071 (0b695ff80972cc1a65a5cd643186d2ae582cd4ac) on port 5890
Only local connections are allowed.
[1544346752.615][SEVERE]: bind() returned an error, errno=99: Cannot assign requested address (99)
2018-12-09 09:12:34.661  INFO 66703 --- [ null to remote] o.o.selenium.remote.ProtocolHandshake    : Detected dialect: OSS
2018-12-09 09:12:34.707  INFO 66703 --- [           main] c.c.selenide.webdriver.BrowserResizer    : Set browser size to 1366x768
2018-12-09 09:12:34.862  INFO 66703 --- [           main] c.c.selenide.webdriver.WebDriverFactory  : BrowserName=chrome Version=70.0.3538.110 Platform=LINUX
2018-12-09 09:12:34.863  INFO 66703 --- [           main] c.c.selenide.webdriver.WebDriverFactory  : Selenide v. 5.0.1
2018-12-09 09:12:34.863  INFO 66703 --- [           main] c.c.selenide.webdriver.WebDriverFactory  : Selenium WebDriver v. 3.14.0 build time: 2018-08-02T20:19:58.91Z
2018-12-09 09:12:34.863  INFO 66703 --- [           main] c.c.s.d.CreateDriverCommand              : Create webdriver in current thread 1: ChromeDriver -> ChromeDriver: chrome on LINUX (f6a0e8b8324ffbac3866f7cddee319c9)

[8mha:////4LvaPO8NsRewfjQg5mk4puCcfxYp855QpVLqO2x4nZMAAAAAYB+LCAAAAAAAAP9b85aBtbiIQSmjNKU4P0+vJLE4u1gvPjexLDVPzxdEuhYV5Rf55ZekOlc7RKnPKH7IxMBQUcQgBdWQnJ9XnJ+TqucMoUEKGSCAEaSwAACsNFCqYAAAAA==[0m[ERROR] Tests run: 9, Failures: 6, Errors: 0, Skipped: 0, Time elapsed: 48.735 s <<< FAILURE! - in com.roguewave.petclinic.vets.tests.VetResourcesITest
[8mha:////4LvaPO8NsRewfjQg5mk4puCcfxYp855QpVLqO2x4nZMAAAAAYB+LCAAAAAAAAP9b85aBtbiIQSmjNKU4P0+vJLE4u1gvPjexLDVPzxdEuhYV5Rf55ZekOlc7RKnPKH7IxMBQUcQgBdWQnJ9XnJ+TqucMoUEKGSCAEaSwAACsNFCqYAAAAA==[0m[ERROR] testVetEditSpecialty  Time elapsed: 9.693 s  <<< FAILURE!
com.codeborne.selenide.ex.ElementNotFound: 
Element not found {by text: Henry Stevens}
Expected: exist
	at com.roguewave.petclinic.vets.tests.VetResourcesITest.findAndOpenVet(VetResourcesITest.java:228)
	at com.roguewave.petclinic.vets.tests.VetResourcesITest.testVetEditSpecialty(VetResourcesITest.java:160)
Caused by: org.openqa.selenium.NoSuchElementException: 
no such element: Unable to locate element: {"method":"xpath","selector":".//*/text()[normalize-space(translate(string(.), '	
 ', '    ')) = "Henry Stevens"]/parent::*"}
  (Session info: headless chrome=70.0.3538.110)
  (Driver info: chromedriver=2.42.591071 (0b695ff80972cc1a65a5cd643186d2ae582cd4ac),platform=Linux 4.9.93-linuxkit-aufs x86_64) (WARNING: The server did not provide any stacktrace information)
Command duration or timeout: 0 milliseconds
For documentation on this error, please visit: http://seleniumhq.org/exceptions/no_such_element.html
Build info: version: '3.14.0', revision: 'aacccce0', time: '2018-08-02T20:19:58.91Z'
System info: host: '7328c9c8bcb8', ip: '172.18.0.2', os.name: 'Linux', os.arch: 'amd64', os.version: '4.9.93-linuxkit-aufs', java.version: '1.8.0_181'
Driver info: org.openqa.selenium.chrome.ChromeDriver
Capabilities {acceptInsecureCerts: false, acceptSslCerts: false, applicationCacheEnabled: false, browserConnectionEnabled: false, browserName: chrome, chrome: {chromedriverVersion: 2.42.591071 (0b695ff80972cc..., userDataDir: /tmp/.org.chromium.Chromium...}, cssSelectorsEnabled: true, databaseEnabled: false, goog:chromeOptions: {debuggerAddress: localhost:37467}, handlesAlerts: true, hasTouchScreen: false, javascriptEnabled: true, locationContextEnabled: true, mobileEmulationEnabled: false, nativeEvents: true, networkConnectionEnabled: false, pageLoadStrategy: normal, platform: LINUX, platformName: LINUX, rotatable: false, setWindowRect: true, takesHeapSnapshot: true, takesScreenshot: true, unexpectedAlertBehaviour: , unhandledPromptBehavior: , version: 70.0.3538.110, webStorageEnabled: true}
Session ID: f6a0e8b8324ffbac3866f7cddee319c9
*** Element info: {Using=xpath, value=.//*/text()[normalize-space(translate(string(.), '	
 ', '    ')) = "Henry Stevens"]/parent::*}
	at com.roguewave.petclinic.vets.tests.VetResourcesITest.findAndOpenVet(VetResourcesITest.java:228)
	at com.roguewave.petclinic.vets.tests.VetResourcesITest.testVetEditSpecialty(VetResourcesITest.java:160)

[8mha:////4LvaPO8NsRewfjQg5mk4puCcfxYp855QpVLqO2x4nZMAAAAAYB+LCAAAAAAAAP9b85aBtbiIQSmjNKU4P0+vJLE4u1gvPjexLDVPzxdEuhYV5Rf55ZekOlc7RKnPKH7IxMBQUcQgBdWQnJ9XnJ+TqucMoUEKGSCAEaSwAACsNFCqYAAAAA==[0m[ERROR] testVetDetails  Time elapsed: 4.215 s  <<< FAILURE!
com.codeborne.selenide.ex.ElementNotFound: 
Element not found {by text: James Carter}
Expected: exist
	at com.roguewave.petclinic.vets.tests.VetResourcesITest.findAndOpenVet(VetResourcesITest.java:228)
	at com.roguewave.petclinic.vets.tests.VetResourcesITest.testVetDetails(VetResourcesITest.java:130)
Caused by: org.openqa.selenium.NoSuchElementException: 
no such element: Unable to locate element: {"method":"xpath","selector":".//*/text()[normalize-space(translate(string(.), '	
 ', '    ')) = "James Carter"]/parent::*"}
  (Session info: headless chrome=70.0.3538.110)
  (Driver info: chromedriver=2.42.591071 (0b695ff80972cc1a65a5cd643186d2ae582cd4ac),platform=Linux 4.9.93-linuxkit-aufs x86_64) (WARNING: The server did not provide any stacktrace information)
Command duration or timeout: 0 milliseconds
For documentation on this error, please visit: http://seleniumhq.org/exceptions/no_such_element.html
Build info: version: '3.14.0', revision: 'aacccce0', time: '2018-08-02T20:19:58.91Z'
System info: host: '7328c9c8bcb8', ip: '172.18.0.2', os.name: 'Linux', os.arch: 'amd64', os.version: '4.9.93-linuxkit-aufs', java.version: '1.8.0_181'
Driver info: org.openqa.selenium.chrome.ChromeDriver
Capabilities {acceptInsecureCerts: false, acceptSslCerts: false, applicationCacheEnabled: false, browserConnectionEnabled: false, browserName: chrome, chrome: {chromedriverVersion: 2.42.591071 (0b695ff80972cc..., userDataDir: /tmp/.org.chromium.Chromium...}, cssSelectorsEnabled: true, databaseEnabled: false, goog:chromeOptions: {debuggerAddress: localhost:37467}, handlesAlerts: true, hasTouchScreen: false, javascriptEnabled: true, locationContextEnabled: true, mobileEmulationEnabled: false, nativeEvents: true, networkConnectionEnabled: false, pageLoadStrategy: normal, platform: LINUX, platformName: LINUX, rotatable: false, setWindowRect: true, takesHeapSnapshot: true, takesScreenshot: true, unexpectedAlertBehaviour: , unhandledPromptBehavior: , version: 70.0.3538.110, webStorageEnabled: true}
Session ID: f6a0e8b8324ffbac3866f7cddee319c9
*** Element info: {Using=xpath, value=.//*/text()[normalize-space(translate(string(.), '	
 ', '    ')) = "James Carter"]/parent::*}
	at com.roguewave.petclinic.vets.tests.VetResourcesITest.findAndOpenVet(VetResourcesITest.java:228)
	at com.roguewave.petclinic.vets.tests.VetResourcesITest.testVetDetails(VetResourcesITest.java:130)

[8mha:////4LvaPO8NsRewfjQg5mk4puCcfxYp855QpVLqO2x4nZMAAAAAYB+LCAAAAAAAAP9b85aBtbiIQSmjNKU4P0+vJLE4u1gvPjexLDVPzxdEuhYV5Rf55ZekOlc7RKnPKH7IxMBQUcQgBdWQnJ9XnJ+TqucMoUEKGSCAEaSwAACsNFCqYAAAAA==[0m[ERROR] testVetEditAndAddMultipleSpecialty  Time elapsed: 4.351 s  <<< FAILURE!
com.codeborne.selenide.ex.ElementNotFound: 
Element not found {by text: Peter Svensson}
Expected: exist
	at com.roguewave.petclinic.vets.tests.VetResourcesITest.findAndOpenVet(VetResourcesITest.java:228)
	at com.roguewave.petclinic.vets.tests.VetResourcesITest.testVetEditAndAddMultipleSpecialty(VetResourcesITest.java:179)
Caused by: org.openqa.selenium.NoSuchElementException: 
no such element: Unable to locate element: {"method":"xpath","selector":".//*/text()[normalize-space(translate(string(.), '	
 ', '    ')) = "Peter Svensson"]/parent::*"}
  (Session info: headless chrome=70.0.3538.110)
  (Driver info: chromedriver=2.42.591071 (0b695ff80972cc1a65a5cd643186d2ae582cd4ac),platform=Linux 4.9.93-linuxkit-aufs x86_64) (WARNING: The server did not provide any stacktrace information)
Command duration or timeout: 0 milliseconds
For documentation on this error, please visit: http://seleniumhq.org/exceptions/no_such_element.html
Build info: version: '3.14.0', revision: 'aacccce0', time: '2018-08-02T20:19:58.91Z'
System info: host: '7328c9c8bcb8', ip: '172.18.0.2', os.name: 'Linux', os.arch: 'amd64', os.version: '4.9.93-linuxkit-aufs', java.version: '1.8.0_181'
Driver info: org.openqa.selenium.chrome.ChromeDriver
Capabilities {acceptInsecureCerts: false, acceptSslCerts: false, applicationCacheEnabled: false, browserConnectionEnabled: false, browserName: chrome, chrome: {chromedriverVersion: 2.42.591071 (0b695ff80972cc..., userDataDir: /tmp/.org.chromium.Chromium...}, cssSelectorsEnabled: true, databaseEnabled: false, goog:chromeOptions: {debuggerAddress: localhost:37467}, handlesAlerts: true, hasTouchScreen: false, javascriptEnabled: true, locationContextEnabled: true, mobileEmulationEnabled: false, nativeEvents: true, networkConnectionEnabled: false, pageLoadStrategy: normal, platform: LINUX, platformName: LINUX, rotatable: false, setWindowRect: true, takesHeapSnapshot: true, takesScreenshot: true, unexpectedAlertBehaviour: , unhandledPromptBehavior: , version: 70.0.3538.110, webStorageEnabled: true}
Session ID: f6a0e8b8324ffbac3866f7cddee319c9
*** Element info: {Using=xpath, value=.//*/text()[normalize-space(translate(string(.), '	
 ', '    ')) = "Peter Svensson"]/parent::*}
	at com.roguewave.petclinic.vets.tests.VetResourcesITest.findAndOpenVet(VetResourcesITest.java:228)
	at com.roguewave.petclinic.vets.tests.VetResourcesITest.testVetEditAndAddMultipleSpecialty(VetResourcesITest.java:179)

[8mha:////4LvaPO8NsRewfjQg5mk4puCcfxYp855QpVLqO2x4nZMAAAAAYB+LCAAAAAAAAP9b85aBtbiIQSmjNKU4P0+vJLE4u1gvPjexLDVPzxdEuhYV5Rf55ZekOlc7RKnPKH7IxMBQUcQgBdWQnJ9XnJ+TqucMoUEKGSCAEaSwAACsNFCqYAAAAA==[0m[ERROR] testVetsAreLoaded  Time elapsed: 7.563 s  <<< FAILURE!
java.lang.AssertionError: expected:<24> but was:<0>
	at com.roguewave.petclinic.vets.tests.VetResourcesITest.testVetsAreLoaded(VetResourcesITest.java:56)

[8mha:////4LvaPO8NsRewfjQg5mk4puCcfxYp855QpVLqO2x4nZMAAAAAYB+LCAAAAAAAAP9b85aBtbiIQSmjNKU4P0+vJLE4u1gvPjexLDVPzxdEuhYV5Rf55ZekOlc7RKnPKH7IxMBQUcQgBdWQnJ9XnJ+TqucMoUEKGSCAEaSwAACsNFCqYAAAAA==[0m[ERROR] testOwnersEdit  Time elapsed: 6.569 s  <<< FAILURE!
com.codeborne.selenide.ex.ElementNotFound: 
Element not found {by text: George Franklin}
Expected: exist
	at com.roguewave.petclinic.vets.tests.VetResourcesITest.testOwnersEdit(VetResourcesITest.java:100)
Caused by: org.openqa.selenium.NoSuchElementException: 
no such element: Unable to locate element: {"method":"xpath","selector":".//*/text()[normalize-space(translate(string(.), '	
 ', '    ')) = "George Franklin"]/parent::*"}
  (Session info: headless chrome=70.0.3538.110)
  (Driver info: chromedriver=2.42.591071 (0b695ff80972cc1a65a5cd643186d2ae582cd4ac),platform=Linux 4.9.93-linuxkit-aufs x86_64) (WARNING: The server did not provide any stacktrace information)
Command duration or timeout: 0 milliseconds
For documentation on this error, please visit: http://seleniumhq.org/exceptions/no_such_element.html
Build info: version: '3.14.0', revision: 'aacccce0', time: '2018-08-02T20:19:58.91Z'
System info: host: '7328c9c8bcb8', ip: '172.18.0.2', os.name: 'Linux', os.arch: 'amd64', os.version: '4.9.93-linuxkit-aufs', java.version: '1.8.0_181'
Driver info: org.openqa.selenium.chrome.ChromeDriver
Capabilities {acceptInsecureCerts: false, acceptSslCerts: false, applicationCacheEnabled: false, browserConnectionEnabled: false, browserName: chrome, chrome: {chromedriverVersion: 2.42.591071 (0b695ff80972cc..., userDataDir: /tmp/.org.chromium.Chromium...}, cssSelectorsEnabled: true, databaseEnabled: false, goog:chromeOptions: {debuggerAddress: localhost:37467}, handlesAlerts: true, hasTouchScreen: false, javascriptEnabled: true, locationContextEnabled: true, mobileEmulationEnabled: false, nativeEvents: true, networkConnectionEnabled: false, pageLoadStrategy: normal, platform: LINUX, platformName: LINUX, rotatable: false, setWindowRect: true, takesHeapSnapshot: true, takesScreenshot: true, unexpectedAlertBehaviour: , unhandledPromptBehavior: , version: 70.0.3538.110, webStorageEnabled: true}
Session ID: f6a0e8b8324ffbac3866f7cddee319c9
*** Element info: {Using=xpath, value=.//*/text()[normalize-space(translate(string(.), '	
 ', '    ')) = "George Franklin"]/parent::*}
	at com.roguewave.petclinic.vets.tests.VetResourcesITest.testOwnersEdit(VetResourcesITest.java:100)

[8mha:////4LvaPO8NsRewfjQg5mk4puCcfxYp855QpVLqO2x4nZMAAAAAYB+LCAAAAAAAAP9b85aBtbiIQSmjNKU4P0+vJLE4u1gvPjexLDVPzxdEuhYV5Rf55ZekOlc7RKnPKH7IxMBQUcQgBdWQnJ9XnJ+TqucMoUEKGSCAEaSwAACsNFCqYAAAAA==[0m[ERROR] testVetEditAndAddSpecialty  Time elapsed: 4.364 s  <<< FAILURE!
com.codeborne.selenide.ex.ElementNotFound: 
Element not found {by text: Henry Stevens}
Expected: exist
	at com.roguewave.petclinic.vets.tests.VetResourcesITest.findAndOpenVet(VetResourcesITest.java:228)
	at com.roguewave.petclinic.vets.tests.VetResourcesITest.testVetEditAndAddSpecialty(VetResourcesITest.java:210)
Caused by: org.openqa.selenium.NoSuchElementException: 
no such element: Unable to locate element: {"method":"xpath","selector":".//*/text()[normalize-space(translate(string(.), '	
 ', '    ')) = "Henry Stevens"]/parent::*"}
  (Session info: headless chrome=70.0.3538.110)
  (Driver info: chromedriver=2.42.591071 (0b695ff80972cc1a65a5cd643186d2ae582cd4ac),platform=Linux 4.9.93-linuxkit-aufs x86_64) (WARNING: The server did not provide any stacktrace information)
Command duration or timeout: 0 milliseconds
For documentation on this error, please visit: http://seleniumhq.org/exceptions/no_such_element.html
Build info: version: '3.14.0', revision: 'aacccce0', time: '2018-08-02T20:19:58.91Z'
System info: host: '7328c9c8bcb8', ip: '172.18.0.2', os.name: 'Linux', os.arch: 'amd64', os.version: '4.9.93-linuxkit-aufs', java.version: '1.8.0_181'
Driver info: org.openqa.selenium.chrome.ChromeDriver
Capabilities {acceptInsecureCerts: false, acceptSslCerts: false, applicationCacheEnabled: false, browserConnectionEnabled: false, browserName: chrome, chrome: {chromedriverVersion: 2.42.591071 (0b695ff80972cc..., userDataDir: /tmp/.org.chromium.Chromium...}, cssSelectorsEnabled: true, databaseEnabled: false, goog:chromeOptions: {debuggerAddress: localhost:37467}, handlesAlerts: true, hasTouchScreen: false, javascriptEnabled: true, locationContextEnabled: true, mobileEmulationEnabled: false, nativeEvents: true, networkConnectionEnabled: false, pageLoadStrategy: normal, platform: LINUX, platformName: LINUX, rotatable: false, setWindowRect: true, takesHeapSnapshot: true, takesScreenshot: true, unexpectedAlertBehaviour: , unhandledPromptBehavior: , version: 70.0.3538.110, webStorageEnabled: true}
Session ID: f6a0e8b8324ffbac3866f7cddee319c9
*** Element info: {Using=xpath, value=.//*/text()[normalize-space(translate(string(.), '	
 ', '    ')) = "Henry Stevens"]/parent::*}
	at com.roguewave.petclinic.vets.tests.VetResourcesITest.findAndOpenVet(VetResourcesITest.java:228)
	at com.roguewave.petclinic.vets.tests.VetResourcesITest.testVetEditAndAddSpecialty(VetResourcesITest.java:210)

2018-12-09 09:13:16.706  INFO 66703 --- [       Thread-2] s.c.a.AnnotationConfigApplicationContext : Closing org.springframework.context.annotation.AnnotationConfigApplicationContext@10289886: startup date [Sun Dec 09 09:12:29 UTC 2018]; root of context hierarchy
2018-12-09 09:13:16.733  INFO 66703 --- [       Thread-4] c.c.s.drivercommands.CloseDriverCommand  : Close webdriver: 28 -> ChromeDriver: chrome on LINUX (f6a0e8b8324ffbac3866f7cddee319c9)
[INFO] 
[INFO] Results:
[INFO] 
[8mha:////4LvaPO8NsRewfjQg5mk4puCcfxYp855QpVLqO2x4nZMAAAAAYB+LCAAAAAAAAP9b85aBtbiIQSmjNKU4P0+vJLE4u1gvPjexLDVPzxdEuhYV5Rf55ZekOlc7RKnPKH7IxMBQUcQgBdWQnJ9XnJ+TqucMoUEKGSCAEaSwAACsNFCqYAAAAA==[0m[ERROR] Failures: 
[8mha:////4LvaPO8NsRewfjQg5mk4puCcfxYp855QpVLqO2x4nZMAAAAAYB+LCAAAAAAAAP9b85aBtbiIQSmjNKU4P0+vJLE4u1gvPjexLDVPzxdEuhYV5Rf55ZekOlc7RKnPKH7IxMBQUcQgBdWQnJ9XnJ+TqucMoUEKGSCAEaSwAACsNFCqYAAAAA==[0m[ERROR]   VetResourcesITest.testOwnersEdit:100 Element not found {by text: George Franklin}
Expected: exist
[8mha:////4LvaPO8NsRewfjQg5mk4puCcfxYp855QpVLqO2x4nZMAAAAAYB+LCAAAAAAAAP9b85aBtbiIQSmjNKU4P0+vJLE4u1gvPjexLDVPzxdEuhYV5Rf55ZekOlc7RKnPKH7IxMBQUcQgBdWQnJ9XnJ+TqucMoUEKGSCAEaSwAACsNFCqYAAAAA==[0m[ERROR]   VetResourcesITest.testVetDetails:130->findAndOpenVet:228 Element not found {by text: James Carter}
Expected: exist
[8mha:////4LvaPO8NsRewfjQg5mk4puCcfxYp855QpVLqO2x4nZMAAAAAYB+LCAAAAAAAAP9b85aBtbiIQSmjNKU4P0+vJLE4u1gvPjexLDVPzxdEuhYV5Rf55ZekOlc7RKnPKH7IxMBQUcQgBdWQnJ9XnJ+TqucMoUEKGSCAEaSwAACsNFCqYAAAAA==[0m[ERROR]   VetResourcesITest.testVetEditAndAddMultipleSpecialty:179->findAndOpenVet:228 Element not found {by text: Peter Svensson}
Expected: exist
[8mha:////4LvaPO8NsRewfjQg5mk4puCcfxYp855QpVLqO2x4nZMAAAAAYB+LCAAAAAAAAP9b85aBtbiIQSmjNKU4P0+vJLE4u1gvPjexLDVPzxdEuhYV5Rf55ZekOlc7RKnPKH7IxMBQUcQgBdWQnJ9XnJ+TqucMoUEKGSCAEaSwAACsNFCqYAAAAA==[0m[ERROR]   VetResourcesITest.testVetEditAndAddSpecialty:210->findAndOpenVet:228 Element not found {by text: Henry Stevens}
Expected: exist
[8mha:////4LvaPO8NsRewfjQg5mk4puCcfxYp855QpVLqO2x4nZMAAAAAYB+LCAAAAAAAAP9b85aBtbiIQSmjNKU4P0+vJLE4u1gvPjexLDVPzxdEuhYV5Rf55ZekOlc7RKnPKH7IxMBQUcQgBdWQnJ9XnJ+TqucMoUEKGSCAEaSwAACsNFCqYAAAAA==[0m[ERROR]   VetResourcesITest.testVetEditSpecialty:160->findAndOpenVet:228 Element not found {by text: Henry Stevens}
Expected: exist
[8mha:////4LvaPO8NsRewfjQg5mk4puCcfxYp855QpVLqO2x4nZMAAAAAYB+LCAAAAAAAAP9b85aBtbiIQSmjNKU4P0+vJLE4u1gvPjexLDVPzxdEuhYV5Rf55ZekOlc7RKnPKH7IxMBQUcQgBdWQnJ9XnJ+TqucMoUEKGSCAEaSwAACsNFCqYAAAAA==[0m[ERROR]   VetResourcesITest.testVetsAreLoaded:56 expected:<24> but was:<0>
[INFO] 
[8mha:////4LvaPO8NsRewfjQg5mk4puCcfxYp855QpVLqO2x4nZMAAAAAYB+LCAAAAAAAAP9b85aBtbiIQSmjNKU4P0+vJLE4u1gvPjexLDVPzxdEuhYV5Rf55ZekOlc7RKnPKH7IxMBQUcQgBdWQnJ9XnJ+TqucMoUEKGSCAEaSwAACsNFCqYAAAAA==[0m[ERROR] Tests run: 9, Failures: 6, Errors: 0, Skipped: 0
[INFO] 
[8mha:////4LvaPO8NsRewfjQg5mk4puCcfxYp855QpVLqO2x4nZMAAAAAYB+LCAAAAAAAAP9b85aBtbiIQSmjNKU4P0+vJLE4u1gvPjexLDVPzxdEuhYV5Rf55ZekOlc7RKnPKH7IxMBQUcQgBdWQnJ9XnJ+TqucMoUEKGSCAEaSwAACsNFCqYAAAAA==[0m[ERROR] There are test failures.

Please refer to /var/jenkins_home/jobs/spring-petclinic-microservices-end-to-end-tests/workspace/spring-petclinic-e2e-tests/target/surefire-reports for the individual test results.
Please refer to dump files (if any exist) [date]-jvmRun[N].dump, [date].dumpstream and [date]-jvmRun[N].dumpstream.
[INFO] 
[8mha:////4LY9qAbl0+xaq4stsC31wXaa51IICuI8DGD7yd5+vXM8AAAAYB+LCAAAAAAAAP9b85aBtbiIQSmjNKU4P0+vJLE4u1gvPjexLDVPzxdEGvvmZ+X75ZekLlOVfvTjc8FPJgaGiiIGKaiG5Py84vycVD1nCA1SyAABjCCFBQCV27OjYAAAAA==[0m[INFO] --- maven-jar-plugin:3.0.2:jar (default-jar) @ spring-petclinic-e2e-tests ---
[8mha:////4OTdWSVPjwWOiesBxje+vCOSu4SSYFGfDIEbjHNcXIjfAAAAYx+LCAAAAAAAAP9b85aBtbiIQSWjNKU4P0+vJLE4u1gvPjexLDVPzxdEhicW5WXmpfvll6S2fNly5fzGzauYGBgqihikoFqS8/OK83NS9ZwhNEghAwQwghQWAACwxA+XYgAAAA==[0m[WARNING] JAR will be empty - no content was marked for inclusion!
[INFO] Building jar: /var/jenkins_home/jobs/spring-petclinic-microservices-end-to-end-tests/workspace/spring-petclinic-e2e-tests/target/spring-petclinic-e2e-tests-2.0.6.jar
[INFO] ------------------------------------------------------------------------
[INFO] BUILD SUCCESS
[INFO] ------------------------------------------------------------------------
[INFO] Total time: 58.939 s
[INFO] Finished at: 2018-12-09T09:13:17+00:00
[INFO] Final Memory: 37M/223M
[INFO] ------------------------------------------------------------------------
AppNamespring-petclinic-api-gateway resolveAppName spring-petclinic-api-gateway
Baseline Build: 2.0.7RC3
Target Build: 2.0.7RC17 resolved: 2.0.7RC17
Going to perform QRebel API call..
Calling URL - https://hub.qrebel.com/api/applications/spring-petclinic-api-gateway/issues/?targetBuild=2.0.7RC17&defaultBaseline
AppNamespring-petclinic-config-server resolveAppName spring-petclinic-config-server
Baseline Build: 2.0.7RC3
Target Build: 2.0.7RC17 resolved: 2.0.7RC17
Going to perform QRebel API call..
Calling URL - https://hub.qrebel.com/api/applications/spring-petclinic-config-server/issues/?targetBuild=2.0.7RC17&defaultBaseline
AppNamespring-petclinic-customers-service resolveAppName spring-petclinic-customers-service
Baseline Build: 2.0.7RC3
Target Build: 2.0.7RC17 resolved: 2.0.7RC17
Going to perform QRebel API call..
Calling URL - https://hub.qrebel.com/api/applications/spring-petclinic-customers-service/issues/?targetBuild=2.0.7RC17&defaultBaseline
AppNamespring-petclinic-visits-service resolveAppName spring-petclinic-visits-service
Baseline Build: 2.0.7RC3
Target Build: 2.0.7RC17 resolved: 2.0.7RC17
Going to perform QRebel API call..
Calling URL - https://hub.qrebel.com/api/applications/spring-petclinic-visits-service/issues/?targetBuild=2.0.7RC17&defaultBaseline
AppNamespring-petclinic-vets-service resolveAppName spring-petclinic-vets-service
Baseline Build: 2.0.7RC3
Target Build: 2.0.7RC17 resolved: 2.0.7RC17
Going to perform QRebel API call..
Calling URL - https://hub.qrebel.com/api/applications/spring-petclinic-vets-service/issues/?targetBuild=2.0.7RC17&defaultBaseline
AppNamespring-petclinic-discovery-server resolveAppName spring-petclinic-discovery-server
Baseline Build: 2.0.7RC3
Target Build: 2.0.7RC17 resolved: 2.0.7RC17
Going to perform QRebel API call..
Calling URL - https://hub.qrebel.com/api/applications/spring-petclinic-discovery-server/issues/?targetBuild=2.0.7RC17&defaultBaseline
Performing Post build task...
Match found for : : True
Logical operation result is TRUE
Running script  : docker-compose down
[workspace] $ /bin/sh -xe /tmp/jenkins2960084285114513159.sh
+ docker-compose down
Stopping customers-service ... 
Stopping admin-server      ... 
Stopping api-gateway       ... 
Stopping vets-service      ... 
Stopping visits-service    ... 
Stopping discovery-server  ... 
Stopping tracing-server    ... 
Stopping config-server     ... 
[2A[2KStopping tracing-server    ... [32mdone[0m[2B[7A[2KStopping admin-server      ... [32mdone[0m[7B[5A[2KStopping vets-service      ... [32mdone[0m[5B[4A[2KStopping visits-service    ... [32mdone[0m[4B[8A[2KStopping customers-service ... [32mdone[0m[8B[6A[2KStopping api-gateway       ... [32mdone[0m[6B[3A[2KStopping discovery-server  ... [32mdone[0m[3B[1A[2KStopping config-server     ... [32mdone[0m[1BRemoving customers-service ... 
Removing admin-server      ... 
Removing api-gateway       ... 
Removing vets-service      ... 
Removing visits-service    ... 
Removing discovery-server  ... 
Removing tracing-server    ... 
Removing config-server     ... 
[5A[2KRemoving vets-service      ... [32mdone[0m[5B[7A[2KRemoving admin-server      ... [32mdone[0m[7B[3A[2KRemoving discovery-server  ... [32mdone[0m[3B[8A[2KRemoving customers-service ... [32mdone[0m[8B[1A[2KRemoving config-server     ... [32mdone[0m[1B[6A[2KRemoving api-gateway       ... [32mdone[0m[6B[4A[2KRemoving visits-service    ... [32mdone[0m[4B[2A[2KRemoving tracing-server    ... [32mdone[0m[2BNetwork spring-petclinic-microservices_default is external, skipping
POST BUILD TASK : SUCCESS
END OF POST BUILD TASK : 0
Finished: SUCCESS
